5000000,Contact Form 7
5000000,Yoast SEO
5000000,Elementor Website Builder
5000000,Classic Editor
5000000,WooCommerce
5000000,Akismet Anti-Spam: Spam Protection
5000000,Contact Form by WPForms &#8211; Drag &amp; Drop Form Builder for WordPress
5000000,Really Simple SSL
5000000,All-in-One WP Migration
5000000,Jetpack &#8211; WP Security, Backup, Speed, &amp; Growth
4000000,Wordfence Security &#8211; Firewall, Malware Scan, and Login Security
4000000,Yoast Duplicate Post
4000000,LiteSpeed Cache
3000000,WordPress Importer
3000000,UpdraftPlus WordPress Backup Plugin
3000000,MonsterInsights &#8211; Google Analytics Dashboard for WordPress (Website Stats Made Easy)
3000000,Site Kit by Google &#8211; Analytics, Search Console, AdSense, Speed
3000000,All in One SEO – Best WordPress SEO Plugin – Easily Improve SEO Rankings &amp; Increase Traffic
3000000,WP Mail SMTP by WPForms &#8211; The Most Popular SMTP and Email Log Plugin
2000000,Duplicate Page
2000000,Advanced Editor Tools
2000000,Redirection
2000000,Limit Login Attempts Reloaded
2000000,MC4WP: Mailchimp for WordPress
2000000,Advanced Custom Fields (ACF)
2000000,Classic Widgets
2000000,WP Super Cache
1000000,Rank Math SEO
1000000,WPCode &#8211; Insert Headers and Footers + Custom Code Snippets &#8211; WordPress Code Manager
1000000,Essential Addons for Elementor
1000000,Duplicator &#8211; WordPress Migration &amp; Backup Plugin
1000000,Loco Translate
1000000,XML Sitemap Generator for Google
1000000,Starter Templates — Elementor, WordPress &amp; Beaver Builder Templates
1000000,SiteGround Optimizer
1000000,Smush &#8211; Lazy Load Images, Optimize &amp; Compress Images
1000000,Elementor Header &amp; Footer Builder
1000000,Disable Comments &#8211; Remove Comments &amp; Stop Spam [Multi-Site Support]
1000000,Popup Builder by OptinMonster &#8211; WordPress Popups for Optins, Email Newsletters and Lead Generation
1000000,WP Fastest Cache
1000000,Regenerate Thumbnails
1000000,CookieYes | GDPR Cookie Consent &amp; Compliance Notice (CCPA Ready)
1000000,WPS Hide Login
1000000,Better Search Replace
1000000,Loginizer
1000000,ManageWP Worker
1000000,Autoptimize
1000000,Cookie Notice &amp; Compliance for GDPR / CCPA
1000000,Smash Balloon Social Photo Feed
1000000,Custom Post Type UI
1000000,W3 Total Cache
1000000,One Click Demo Import
1000000,WP-Optimize &#8211; Cache, Clean, Compress.
1000000,SVG Support
1000000,Redux Framework
1000000,WP Multibyte Patch
1000000,File Manager
1000000,All-In-One Security (AIOS) – Security and Firewall
1000000,EWWW Image Optimizer
1000000,Website Builder by SeedProd — Theme Builder, Landing Page Builder, Coming Soon Page, Maintenance Mode
1000000,ElementsKit Elementor addons
1000000,iThemes Security
900000,Breadcrumb NavXT
900000,Envato Elements &#8211; Photos &amp; Elementor Templates
900000,WooCommerce Shipping &amp; Tax
900000,Ninja Forms Contact Form &#8211; The Drag and Drop Form Builder for WordPress
900000,Smart Slider 3
900000,WooCommerce Stripe Payment Gateway
800000,YITH WooCommerce Wishlist
800000,Facebook for WooCommerce
800000,Sucuri Security &#8211; Auditing, Malware Scanner and Security Hardening
800000,SiteGround Security
800000,LightStart &#8211; Maintenance Mode, Coming Soon and Landing Page Builder
800000,Page Builder by SiteOrigin
800000,TablePress
800000,Hello Dolly
800000,Maintenance
800000,The Events Calendar
800000,Safe SVG
800000,Code Snippets
800000,Antispam Bee
700000,Flamingo
700000,Creative Mail – Easier WordPress &amp; WooCommerce Email Marketing
700000,Imagify – Optimize Images &amp; Convert WebP | Compress Images Easily
700000,Ocean Extra
700000,Popup Maker &#8211; Popup for opt-ins, lead gen, &amp; more
700000,User Role Editor
700000,Broken Link Checker
700000,SiteOrigin Widgets Bundle
700000,Polylang
700000,Meta Box &#8211; WordPress Custom Fields Framework
700000,ExactMetrics &#8211; Google Analytics Dashboard for WordPress (Website Stats Plugin)
700000,BackWPup &#8211; WordPress Backup Plugin
700000,Disable Gutenberg
700000,WordPress Shortcodes Plugin — Shortcodes Ultimate
700000,Slider, Gallery, and Carousel by MetaSlider &#8211; Responsive WordPress Slideshows
600000,Easy WP SMTP by SendLayer &#8211; WordPress SMTP and Email Log Plugin
600000,GTM4WP
600000,Post Types Order
600000,Premium Addons for Elementor
600000,WP-PageNavi
600000,MailPoet &#8211; emails and newsletters in WordPress
600000,Under Construction
600000,Complianz &#8211; GDPR/CCPA Cookie Consent
600000,Kirki Customizer Framework
600000,GA Google Analytics &#8211; Connect Google Analytics to WordPress
600000,MainWP Child &#8211; Securely Connects Sites to the MainWP WordPress Manager Dashboard
600000,Limit Login Attempts
600000,Enable Media Replace
600000,WP Statistics
600000,WordPress Gallery Plugin &#8211; NextGEN Gallery
600000,Google Listings &amp; Ads
600000,WooCommerce Payments &#8211; Fully Integrated Solution Built and Supported by Woo
600000,WooCommerce PayPal Payments
600000,Joinchat
500000,Contact Form 7 Database Addon &#8211; CFDB7
500000,Really Simple CAPTCHA
500000,Category Order and Taxonomy Terms Order
500000,Mailchimp for WooCommerce
500000,Simple Custom CSS and JS
500000,Meta pixel for WordPress
500000,SiteGuard WP Plugin
500000,Page Builder Gutenberg Blocks – CoBlocks
500000,Spectra &#8211; WordPress Gutenberg Blocks
400000,Click to Chat &#8211; HoliThemes
400000,AddToAny Share Buttons
400000,AMP
400000,Checkout Field Editor (Checkout Manager) for WooCommerce
400000,Translate WordPress with GTranslate
400000,Max Mega Menu
400000,Header Footer Code Manager
400000,Black Studio TinyMCE Widget
400000,WP Go Maps (formerly WP Google Maps)
400000,Forminator &#8211; Contact Form, Payment Form &amp; Custom Form Builder
400000,Force Regenerate Thumbnails
400000,Honeypot for Contact Form 7
400000,Easy Table of Contents
400000,Intuitive Custom Post Order
400000,PixelYourSite &#8211; Your smart PIXEL (TAG) Manager
400000,Font Awesome
400000,Head, Footer and Post Injections
400000,Admin Menu Editor
400000,WP Reset &#8211; Most Advanced WordPress Reset Tool
300000,POST SMTP Mailer &#8211; Email log, Delivery Failure Notifications and Best Mail SMTP for WordPress
300000,Formidable Forms &#8211; Contact Form, Survey, Quiz, Calculator &amp; Custom Form Builder
300000,PDF Invoices &amp; Packing Slips for WooCommerce
300000,Newsletter &#8211; Send awesome emails from WordPress
300000,Table of Contents Plus
300000,Child Theme Configurator
300000,CMB2
300000,PDF Embedder
300000,Gutenberg Blocks by Kadence Blocks – Page Builder Features
300000,WooCommerce PayPal Checkout Payment Gateway
300000,Health Check &amp; Troubleshooting
300000,ShortPixel Image Optimizer &#8211; Optimize Images, Convert WebP &amp; AVIF
300000,Happy Addons for Elementor
300000,MalCare WordPress Security Plugin &#8211; Malware Scanner, Cleaner, Security Firewall
300000,Custom Fonts
300000,Widget Importer &amp; Exporter
300000,Velvet Blues Update URLs
300000,Gutenberg
300000,Astra Widgets
300000,Easy Updates Manager
300000,Variation Swatches for WooCommerce
300000,Password Protected
300000,Contact Form Plugin &#8211; Fastest Contact Form Builder Plugin for WordPress by Fluent Forms
300000,HubSpot &#8211; CRM, Email Marketing, Live Chat, Forms &amp; Analytics
300000,Converter for Media &#8211; Optimize images | Convert WebP &amp; AVIF
300000,WP Migrate Lite &#8211; WordPress Migration Made Easy
300000,Ad Inserter &#8211; Ad Manager &amp; AdSense Ads
300000,Nextend Social Login and Register
300000,Otter &#8211; Gutenberg Blocks – Page Builder for Gutenberg Editor &amp; FSE
300000,Imsanity
300000,Paid Membership Plugin, Ecommerce, Registration Form, Login Form, User Profile &amp; Restrict Content – ProfilePress
300000,WP Sitemap Page
300000,InfiniteWP Client
300000,Orbit Fox by ThemeIsle
300000,Redirection for Contact Form 7
300000,ReCaptcha v2 for Contact Form 7
300000,Easy FancyBox
300000,Pretty Links &#8211; Affiliate Links, Link Branding, Link Tracking &amp; Marketing Plugin
300000,Migration, Backup, Staging &#8211; WPvivid
300000,Popup Builder &#8211; Create highly converting, mobile friendly marketing popups.
